1.8231 	WARNING 	Import Error: No module named 'psychtoolbox'. Using event module for keyboard component.
4.0873 	EXP 	Created window1 = Window(allowGUI=False, allowStencil=False, args=UNKNOWN, autoLog=True, bitsMode=UNKNOWN, blendMode='avg', color=array([-1., -1., -1.]), colorSpace='rgb', fullscr=<method-wrapper '__getattribute__' of attributeSetter object at 0x000001E95B0F4888>, gamma=None, gammaErrorPolicy='raise', kwargs=UNKNOWN, lms=UNKNOWN, monitor=<psychopy.monitors.calibTools.Monitor object at 0x000001E95B165848>, multiSample=False, name='window1', numSamples=2, pos=[0.0, 0.0], screen=0, size=array([1920, 1080]), stereo=False, units='height', useFBO=True, useRetina=False, viewOri=0.0, viewPos=None, viewScale=None, waitBlanking=True, winType='pyglet')
4.0873 	EXP 	window1: recordFrameIntervals = False
4.2532 	EXP 	window1: recordFrameIntervals = True
4.4367 	EXP 	window1: recordFrameIntervals = False
4.5683 	EXP 	Created text = TextStim(__class__=<class 'psychopy.visual.text.TextStim'>, alignHoriz='center', alignVert='center', antialias=True, autoLog=True, bold=False, color='white', colorSpace='named', contrast=1.0, depth=0.0, flipHoriz=False, flipVert=False, font='Arial', fontFiles=[], height=0.05, italic=False, languageStyle='LTR', name='text', opacity=1.0, ori=0, pos=array([0., 0.]), rgb=array([255., 255., 255.]), text='脑机接口\n\n视觉刺激实验\n\n按"空格"继续', units='height', win=Window(...), wrapWidth=1)
4.5723 	EXP 	Created polygon_3 = Rect(__class__=<class 'psychopy.visual.rect.Rect'>, autoDraw=False, autoLog=True, closeShape=True, color=method-wrapper(...), colorSpace=None, contrast=1.0, depth=0.0, fillColor=array([1., 1., 1.]), fillColorSpace='rgb', fillRGB=array([1., 1., 1.]), interpolate=True, lineColor=array([1., 1., 1.]), lineColorSpace='rgb', lineRGB=array([1., 1., 1.]), lineWidth=1, name='polygon_3', opacity=1.0, ori=array(0.), pos=array([-0.3,  0. ]), size=array([1., 1.]), units='height', vertices=ndarray(...), win=Window(...))
4.5750 	EXP 	Created polygon_4 = Rect(__class__=<class 'psychopy.visual.rect.Rect'>, autoDraw=False, autoLog=True, closeShape=True, color=method-wrapper(...), colorSpace=None, contrast=1.0, depth=-1.0, fillColor=array([1., 1., 1.]), fillColorSpace='rgb', fillRGB=array([1., 1., 1.]), interpolate=True, lineColor=array([1., 1., 1.]), lineColorSpace='rgb', lineRGB=array([1., 1., 1.]), lineWidth=1, name='polygon_4', opacity=1.0, ori=array(0.), pos=array([0.3, 0. ]), size=array([1., 1.]), units='height', vertices=ndarray(...), win=Window(...))
4.5778 	EXP 	Created polygon = Rect(__class__=<class 'psychopy.visual.rect.Rect'>, autoDraw=False, autoLog=True, closeShape=True, color=method-wrapper(...), colorSpace=None, contrast=1.0, depth=0.0, fillColor=array([1., 1., 1.]), fillColorSpace='rgb', fillRGB=array([1., 1., 1.]), interpolate=True, lineColor=array([1., 1., 1.]), lineColorSpace='rgb', lineRGB=array([1., 1., 1.]), lineWidth=1, name='polygon', opacity=1.0, ori=array(0.), pos=array([-0.3,  0. ]), size=array([1., 1.]), units='height', vertices=ndarray(...), win=Window(...))
4.5807 	EXP 	Created polygon_2 = Rect(__class__=<class 'psychopy.visual.rect.Rect'>, autoDraw=False, autoLog=True, closeShape=True, color=method-wrapper(...), colorSpace=None, contrast=1.0, depth=-1.0, fillColor=array([1., 1., 1.]), fillColorSpace='rgb', fillRGB=array([1., 1., 1.]), interpolate=True, lineColor=array([1., 1., 1.]), lineColorSpace='rgb', lineRGB=array([1., 1., 1.]), lineWidth=1, name='polygon_2', opacity=1.0, ori=array(0.), pos=array([0.3, 0. ]), size=array([1., 1.]), units='height', vertices=ndarray(...), win=Window(...))
4.5922 	EXP 	text: autoDraw = True
5.5234 	DATA 	Keypress: space
5.5371 	EXP 	text: autoDraw = False
5.5371 	EXP 	polygon: fillColor = '[1. 0. 0.] (rgb)'
5.5371 	EXP 	polygon_3: autoDraw = True
5.5371 	EXP 	polygon_4: autoDraw = True
6.5517 	EXP 	polygon_3: autoDraw = False
6.5517 	EXP 	polygon_4: autoDraw = False
6.5517 	EXP 	polygon: autoDraw = True
6.5517 	EXP 	polygon_2: autoDraw = True
6.5517 	EXP 	polygon: fillColor = '[-1. -1. -1.] (rgb)'
6.5517 	EXP 	polygon_2: fillColor = '[-1. -1. -1.] (rgb)'
6.5682 	EXP 	polygon: fillColor = '[-1.11022302e-16 -1.11022302e-16 -1.11022302e-16] (rgb)'
6.5682 	EXP 	polygon_2: fillColor = '[0.73205081 0.73205081 0.73205081] (rgb)'
6.5850 	EXP 	polygon: fillColor = '[0.73205081 0.73205081 0.73205081] (rgb)'
6.5850 	EXP 	polygon_2: fillColor = '[-2.73205081 -2.73205081 -2.73205081] (rgb)'
6.6012 	EXP 	polygon: fillColor = '[1. 1. 1.] (rgb)'
6.6012 	EXP 	polygon_2: fillColor = '[-1. -1. -1.] (rgb)'
6.6179 	EXP 	polygon: fillColor = '[0.73205081 0.73205081 0.73205081] (rgb)'
6.6179 	EXP 	polygon_2: fillColor = '[0.73205081 0.73205081 0.73205081] (rgb)'
6.6346 	EXP 	polygon: fillColor = '[-1.11022302e-16 -1.11022302e-16 -1.11022302e-16] (rgb)'
6.6346 	EXP 	polygon_2: fillColor = '[-2.73205081 -2.73205081 -2.73205081] (rgb)'
6.6512 	EXP 	polygon: fillColor = '[-1. -1. -1.] (rgb)'
6.6512 	EXP 	polygon_2: fillColor = '[-1. -1. -1.] (rgb)'
6.6674 	EXP 	polygon: fillColor = '[-2. -2. -2.] (rgb)'
6.6674 	EXP 	polygon_2: fillColor = '[0.73205081 0.73205081 0.73205081] (rgb)'
6.6847 	EXP 	polygon: fillColor = '[-2.73205081 -2.73205081 -2.73205081] (rgb)'
6.6847 	EXP 	polygon_2: fillColor = '[-2.73205081 -2.73205081 -2.73205081] (rgb)'
6.7015 	EXP 	polygon: fillColor = '[-3. -3. -3.] (rgb)'
6.7015 	EXP 	polygon_2: fillColor = '[-1. -1. -1.] (rgb)'
6.7182 	EXP 	polygon: fillColor = '[-2.73205081 -2.73205081 -2.73205081] (rgb)'
6.7182 	EXP 	polygon_2: fillColor = '[0.73205081 0.73205081 0.73205081] (rgb)'
6.7350 	EXP 	polygon: fillColor = '[-2. -2. -2.] (rgb)'
6.7350 	EXP 	polygon_2: fillColor = '[-2.73205081 -2.73205081 -2.73205081] (rgb)'
6.7517 	EXP 	polygon: fillColor = '[-1. -1. -1.] (rgb)'
6.7517 	EXP 	polygon_2: fillColor = '[-1. -1. -1.] (rgb)'
6.7689 	EXP 	polygon: fillColor = '[-1.44328993e-15 -1.44328993e-15 -1.44328993e-15] (rgb)'
6.7689 	EXP 	polygon_2: fillColor = '[0.73205081 0.73205081 0.73205081] (rgb)'
6.7851 	EXP 	polygon: fillColor = '[0.73205081 0.73205081 0.73205081] (rgb)'
6.7851 	EXP 	polygon_2: fillColor = '[-2.73205081 -2.73205081 -2.73205081] (rgb)'
6.8024 	EXP 	polygon: fillColor = '[1. 1. 1.] (rgb)'
6.8024 	EXP 	polygon_2: fillColor = '[-1. -1. -1.] (rgb)'
6.8184 	EXP 	polygon: fillColor = '[0.73205081 0.73205081 0.73205081] (rgb)'
6.8184 	EXP 	polygon_2: fillColor = '[0.73205081 0.73205081 0.73205081] (rgb)'
6.8349 	EXP 	polygon: fillColor = '[-4.4408921e-16 -4.4408921e-16 -4.4408921e-16] (rgb)'
6.8349 	EXP 	polygon_2: fillColor = '[-2.73205081 -2.73205081 -2.73205081] (rgb)'
6.8522 	EXP 	polygon: fillColor = '[-1. -1. -1.] (rgb)'
6.8522 	EXP 	polygon_2: fillColor = '[-1. -1. -1.] (rgb)'
6.8683 	EXP 	polygon: fillColor = '[-2. -2. -2.] (rgb)'
6.8683 	EXP 	polygon_2: fillColor = '[0.73205081 0.73205081 0.73205081] (rgb)'
6.8848 	EXP 	polygon: fillColor = '[-2.73205081 -2.73205081 -2.73205081] (rgb)'
6.8848 	EXP 	polygon_2: fillColor = '[-2.73205081 -2.73205081 -2.73205081] (rgb)'
6.9018 	EXP 	polygon: fillColor = '[-3. -3. -3.] (rgb)'
6.9018 	EXP 	polygon_2: fillColor = '[-1. -1. -1.] (rgb)'
6.9180 	EXP 	polygon: fillColor = '[-2.73205081 -2.73205081 -2.73205081] (rgb)'
6.9180 	EXP 	polygon_2: fillColor = '[0.73205081 0.73205081 0.73205081] (rgb)'
6.9348 	EXP 	polygon: fillColor = '[-2. -2. -2.] (rgb)'
6.9348 	EXP 	polygon_2: fillColor = '[-2.73205081 -2.73205081 -2.73205081] (rgb)'
6.9513 	EXP 	polygon: fillColor = '[-1. -1. -1.] (rgb)'
6.9513 	EXP 	polygon_2: fillColor = '[-1. -1. -1.] (rgb)'
6.9683 	EXP 	polygon: fillColor = '[-1.88737914e-15 -1.88737914e-15 -1.88737914e-15] (rgb)'
6.9683 	EXP 	polygon_2: fillColor = '[0.73205081 0.73205081 0.73205081] (rgb)'
6.9853 	EXP 	polygon: fillColor = '[0.73205081 0.73205081 0.73205081] (rgb)'
6.9853 	EXP 	polygon_2: fillColor = '[-2.73205081 -2.73205081 -2.73205081] (rgb)'
7.0018 	EXP 	polygon: fillColor = '[1. 1. 1.] (rgb)'
7.0018 	EXP 	polygon_2: fillColor = '[-1. -1. -1.] (rgb)'
7.0200 	EXP 	polygon: fillColor = '[0.73205081 0.73205081 0.73205081] (rgb)'
7.0200 	EXP 	polygon_2: fillColor = '[0.73205081 0.73205081 0.73205081] (rgb)'
7.0351 	EXP 	polygon: fillColor = '[3.10862447e-15 3.10862447e-15 3.10862447e-15] (rgb)'
7.0351 	EXP 	polygon_2: fillColor = '[-2.73205081 -2.73205081 -2.73205081] (rgb)'
7.0519 	EXP 	polygon: fillColor = '[-1. -1. -1.] (rgb)'
7.0519 	EXP 	polygon_2: fillColor = '[-1. -1. -1.] (rgb)'
7.0679 	EXP 	polygon: fillColor = '[-2. -2. -2.] (rgb)'
7.0679 	EXP 	polygon_2: fillColor = '[0.73205081 0.73205081 0.73205081] (rgb)'
7.0848 	EXP 	polygon: fillColor = '[-2.73205081 -2.73205081 -2.73205081] (rgb)'
7.0848 	EXP 	polygon_2: fillColor = '[-2.73205081 -2.73205081 -2.73205081] (rgb)'
7.1012 	EXP 	polygon: fillColor = '[-3. -3. -3.] (rgb)'
7.1012 	EXP 	polygon_2: fillColor = '[-1. -1. -1.] (rgb)'
7.1179 	EXP 	polygon: fillColor = '[-2.73205081 -2.73205081 -2.73205081] (rgb)'
7.1179 	EXP 	polygon_2: fillColor = '[0.73205081 0.73205081 0.73205081] (rgb)'
7.1346 	EXP 	polygon: fillColor = '[-2. -2. -2.] (rgb)'
7.1346 	EXP 	polygon_2: fillColor = '[-2.73205081 -2.73205081 -2.73205081] (rgb)'
7.1513 	EXP 	polygon: fillColor = '[-1. -1. -1.] (rgb)'
7.1513 	EXP 	polygon_2: fillColor = '[-1. -1. -1.] (rgb)'
7.1682 	EXP 	polygon: fillColor = '[-2.33146835e-15 -2.33146835e-15 -2.33146835e-15] (rgb)'
7.1682 	EXP 	polygon_2: fillColor = '[0.73205081 0.73205081 0.73205081] (rgb)'
7.1849 	EXP 	polygon: fillColor = '[0.73205081 0.73205081 0.73205081] (rgb)'
7.1849 	EXP 	polygon_2: fillColor = '[-2.73205081 -2.73205081 -2.73205081] (rgb)'
7.2012 	EXP 	polygon: fillColor = '[1. 1. 1.] (rgb)'
7.2012 	EXP 	polygon_2: fillColor = '[-1. -1. -1.] (rgb)'
7.2180 	EXP 	polygon: fillColor = '[0.73205081 0.73205081 0.73205081] (rgb)'
7.2180 	EXP 	polygon_2: fillColor = '[0.73205081 0.73205081 0.73205081] (rgb)'
7.2354 	EXP 	polygon: fillColor = '[4.4408921e-16 4.4408921e-16 4.4408921e-16] (rgb)'
7.2354 	EXP 	polygon_2: fillColor = '[-2.73205081 -2.73205081 -2.73205081] (rgb)'
7.2514 	EXP 	polygon: fillColor = '[-1. -1. -1.] (rgb)'
7.2514 	EXP 	polygon_2: fillColor = '[-1. -1. -1.] (rgb)'
7.2686 	EXP 	polygon: fillColor = '[-2. -2. -2.] (rgb)'
7.2686 	EXP 	polygon_2: fillColor = '[0.73205081 0.73205081 0.73205081] (rgb)'
7.2848 	EXP 	polygon: fillColor = '[-2.73205081 -2.73205081 -2.73205081] (rgb)'
7.2848 	EXP 	polygon_2: fillColor = '[-2.73205081 -2.73205081 -2.73205081] (rgb)'
7.3031 	EXP 	polygon: fillColor = '[-3. -3. -3.] (rgb)'
7.3031 	EXP 	polygon_2: fillColor = '[-1. -1. -1.] (rgb)'
7.3187 	EXP 	polygon: fillColor = '[-2.73205081 -2.73205081 -2.73205081] (rgb)'
7.3187 	EXP 	polygon_2: fillColor = '[0.73205081 0.73205081 0.73205081] (rgb)'
7.3343 	EXP 	polygon: fillColor = '[-2. -2. -2.] (rgb)'
7.3343 	EXP 	polygon_2: fillColor = '[-2.73205081 -2.73205081 -2.73205081] (rgb)'
7.3504 	EXP 	polygon: fillColor = '[-1. -1. -1.] (rgb)'
7.3504 	EXP 	polygon_2: fillColor = '[-1. -1. -1.] (rgb)'
7.3669 	EXP 	polygon: fillColor = '[-2.77555756e-15 -2.77555756e-15 -2.77555756e-15] (rgb)'
7.3669 	EXP 	polygon_2: fillColor = '[0.73205081 0.73205081 0.73205081] (rgb)'
7.3837 	EXP 	polygon: fillColor = '[0.73205081 0.73205081 0.73205081] (rgb)'
7.3837 	EXP 	polygon_2: fillColor = '[-2.73205081 -2.73205081 -2.73205081] (rgb)'
7.4010 	EXP 	polygon: fillColor = '[1. 1. 1.] (rgb)'
7.4010 	EXP 	polygon_2: fillColor = '[-1. -1. -1.] (rgb)'
7.4179 	EXP 	polygon: fillColor = '[0.73205081 0.73205081 0.73205081] (rgb)'
7.4179 	EXP 	polygon_2: fillColor = '[0.73205081 0.73205081 0.73205081] (rgb)'
7.4345 	EXP 	polygon: fillColor = '[8.8817842e-16 8.8817842e-16 8.8817842e-16] (rgb)'
7.4345 	EXP 	polygon_2: fillColor = '[-2.73205081 -2.73205081 -2.73205081] (rgb)'
7.4511 	EXP 	polygon: fillColor = '[-1. -1. -1.] (rgb)'
7.4511 	EXP 	polygon_2: fillColor = '[-1. -1. -1.] (rgb)'
7.4677 	EXP 	polygon: fillColor = '[-2. -2. -2.] (rgb)'
7.4677 	EXP 	polygon_2: fillColor = '[0.73205081 0.73205081 0.73205081] (rgb)'
7.4846 	EXP 	polygon: fillColor = '[-2.73205081 -2.73205081 -2.73205081] (rgb)'
7.4846 	EXP 	polygon_2: fillColor = '[-2.73205081 -2.73205081 -2.73205081] (rgb)'
7.5014 	EXP 	polygon: fillColor = '[-3. -3. -3.] (rgb)'
7.5014 	EXP 	polygon_2: fillColor = '[-1. -1. -1.] (rgb)'
7.5185 	EXP 	polygon: fillColor = '[-2.73205081 -2.73205081 -2.73205081] (rgb)'
7.5185 	EXP 	polygon_2: fillColor = '[0.73205081 0.73205081 0.73205081] (rgb)'
7.5346 	EXP 	polygon: fillColor = '[-2. -2. -2.] (rgb)'
7.5346 	EXP 	polygon_2: fillColor = '[-2.73205081 -2.73205081 -2.73205081] (rgb)'
7.5522 	EXP 	polygon: fillColor = '[-1. -1. -1.] (rgb)'
7.5522 	EXP 	polygon_2: fillColor = '[-1. -1. -1.] (rgb)'
7.5678 	EXP 	polygon: fillColor = '[2.88657986e-15 2.88657986e-15 2.88657986e-15] (rgb)'
7.5678 	EXP 	polygon_2: fillColor = '[0.73205081 0.73205081 0.73205081] (rgb)'
7.5846 	EXP 	polygon: fillColor = '[0.73205081 0.73205081 0.73205081] (rgb)'
7.5846 	EXP 	polygon_2: fillColor = '[-2.73205081 -2.73205081 -2.73205081] (rgb)'
7.6010 	EXP 	polygon: fillColor = '[1. 1. 1.] (rgb)'
7.6010 	EXP 	polygon_2: fillColor = '[-1. -1. -1.] (rgb)'
7.6176 	EXP 	polygon: fillColor = '[0.73205081 0.73205081 0.73205081] (rgb)'
7.6176 	EXP 	polygon_2: fillColor = '[0.73205081 0.73205081 0.73205081] (rgb)'
7.6345 	EXP 	polygon: fillColor = '[1.33226763e-15 1.33226763e-15 1.33226763e-15] (rgb)'
7.6345 	EXP 	polygon_2: fillColor = '[-2.73205081 -2.73205081 -2.73205081] (rgb)'
7.6512 	EXP 	polygon: fillColor = '[-1. -1. -1.] (rgb)'
7.6512 	EXP 	polygon_2: fillColor = '[-1. -1. -1.] (rgb)'
7.7017 	EXP 	polygon: fillColor = '[-2. -2. -2.] (rgb)'
7.7017 	EXP 	polygon_2: fillColor = '[0.73205081 0.73205081 0.73205081] (rgb)'
7.7171 	EXP 	polygon: fillColor = '[-2.73205081 -2.73205081 -2.73205081] (rgb)'
7.7171 	EXP 	polygon_2: fillColor = '[-2.73205081 -2.73205081 -2.73205081] (rgb)'
7.7339 	EXP 	polygon: fillColor = '[-3. -3. -3.] (rgb)'
7.7339 	EXP 	polygon_2: fillColor = '[-1. -1. -1.] (rgb)'
7.7507 	EXP 	polygon: fillColor = '[-2.73205081 -2.73205081 -2.73205081] (rgb)'
7.7507 	EXP 	polygon_2: fillColor = '[0.73205081 0.73205081 0.73205081] (rgb)'
7.7680 	EXP 	polygon: fillColor = '[-2. -2. -2.] (rgb)'
7.7680 	EXP 	polygon_2: fillColor = '[-2.73205081 -2.73205081 -2.73205081] (rgb)'
7.7842 	EXP 	polygon: fillColor = '[-1. -1. -1.] (rgb)'
7.7842 	EXP 	polygon_2: fillColor = '[-1. -1. -1.] (rgb)'
7.8020 	EXP 	polygon: fillColor = '[2.44249065e-15 2.44249065e-15 2.44249065e-15] (rgb)'
7.8020 	EXP 	polygon_2: fillColor = '[0.73205081 0.73205081 0.73205081] (rgb)'
7.8174 	EXP 	polygon: fillColor = '[0.73205081 0.73205081 0.73205081] (rgb)'
7.8174 	EXP 	polygon_2: fillColor = '[-2.73205081 -2.73205081 -2.73205081] (rgb)'
7.8356 	EXP 	polygon: fillColor = '[1. 1. 1.] (rgb)'
7.8356 	EXP 	polygon_2: fillColor = '[-1. -1. -1.] (rgb)'
7.8509 	EXP 	polygon: fillColor = '[0.73205081 0.73205081 0.73205081] (rgb)'
7.8509 	EXP 	polygon_2: fillColor = '[0.73205081 0.73205081 0.73205081] (rgb)'
7.8677 	EXP 	polygon: fillColor = '[1.77635684e-15 1.77635684e-15 1.77635684e-15] (rgb)'
7.8677 	EXP 	polygon_2: fillColor = '[-2.73205081 -2.73205081 -2.73205081] (rgb)'
7.8840 	EXP 	polygon: fillColor = '[-1. -1. -1.] (rgb)'
7.8840 	EXP 	polygon_2: fillColor = '[-1. -1. -1.] (rgb)'
7.9008 	EXP 	polygon: fillColor = '[-2. -2. -2.] (rgb)'
7.9008 	EXP 	polygon_2: fillColor = '[0.73205081 0.73205081 0.73205081] (rgb)'
7.9178 	EXP 	polygon: fillColor = '[-2.73205081 -2.73205081 -2.73205081] (rgb)'
7.9178 	EXP 	polygon_2: fillColor = '[-2.73205081 -2.73205081 -2.73205081] (rgb)'
7.9346 	EXP 	polygon: fillColor = '[-3. -3. -3.] (rgb)'
7.9346 	EXP 	polygon_2: fillColor = '[-1. -1. -1.] (rgb)'
7.9514 	EXP 	polygon: fillColor = '[-2.73205081 -2.73205081 -2.73205081] (rgb)'
7.9514 	EXP 	polygon_2: fillColor = '[0.73205081 0.73205081 0.73205081] (rgb)'
7.9676 	EXP 	polygon: fillColor = '[-2. -2. -2.] (rgb)'
7.9676 	EXP 	polygon_2: fillColor = '[-2.73205081 -2.73205081 -2.73205081] (rgb)'
7.9737 	DATA 	Keypress: escape
8.0136 	EXP 	window1: mouseVisible = True
