2.0270 	WARNING 	Import Error: No module named 'psychtoolbox'. Using event module for keyboard component.
5.4022 	EXP 	Created window1 = Window(allowGUI=False, allowStencil=False, args=UNKNOWN, autoLog=True, bitsMode=UNKNOWN, blendMode='avg', color=array([-1., -1., -1.]), colorSpace='rgb', fullscr=<method-wrapper '__getattribute__' of attributeSetter object at 0x000001EEF44547C8>, gamma=None, gammaErrorPolicy='raise', kwargs=UNKNOWN, lms=UNKNOWN, monitor=<psychopy.monitors.calibTools.Monitor object at 0x000001EEF44C6708>, multiSample=False, name='window1', numSamples=2, pos=[0.0, 0.0], screen=0, size=array([1920, 1080]), stereo=False, units='height', useFBO=True, useRetina=False, viewOri=0.0, viewPos=None, viewScale=None, waitBlanking=True, winType='pyglet')
5.4022 	EXP 	window1: recordFrameIntervals = False
5.5671 	EXP 	window1: recordFrameIntervals = True
5.7508 	EXP 	window1: recordFrameIntervals = False
5.8887 	EXP 	Created text = TextStim(__class__=<class 'psychopy.visual.text.TextStim'>, alignHoriz='center', alignVert='center', antialias=True, autoLog=True, bold=False, color='white', colorSpace='named', contrast=1.0, depth=0.0, flipHoriz=False, flipVert=False, font='Arial', fontFiles=[], height=0.05, italic=False, languageStyle='LTR', name='text', opacity=1.0, ori=0, pos=array([0., 0.]), rgb=array([255., 255., 255.]), text='脑机接口\n\n视觉刺激实验\n\n按"空格"继续', units='height', win=Window(...), wrapWidth=1)
5.8926 	EXP 	Created polygon_3 = Rect(__class__=<class 'psychopy.visual.rect.Rect'>, autoDraw=False, autoLog=True, closeShape=True, color=method-wrapper(...), colorSpace=None, contrast=1.0, depth=0.0, fillColor=array([1., 1., 1.]), fillColorSpace='rgb', fillRGB=array([1., 1., 1.]), interpolate=True, lineColor=array([1., 1., 1.]), lineColorSpace='rgb', lineRGB=array([1., 1., 1.]), lineWidth=1, name='polygon_3', opacity=1.0, ori=array(0.), pos=array([-0.3,  0. ]), size=array([1., 1.]), units='height', vertices=ndarray(...), win=Window(...))
5.8953 	EXP 	Created polygon_4 = Rect(__class__=<class 'psychopy.visual.rect.Rect'>, autoDraw=False, autoLog=True, closeShape=True, color=method-wrapper(...), colorSpace=None, contrast=1.0, depth=-1.0, fillColor=array([1., 1., 1.]), fillColorSpace='rgb', fillRGB=array([1., 1., 1.]), interpolate=True, lineColor=array([1., 1., 1.]), lineColorSpace='rgb', lineRGB=array([1., 1., 1.]), lineWidth=1, name='polygon_4', opacity=1.0, ori=array(0.), pos=array([0.3, 0. ]), size=array([1., 1.]), units='height', vertices=ndarray(...), win=Window(...))
5.8980 	EXP 	Created polygon = Rect(__class__=<class 'psychopy.visual.rect.Rect'>, autoDraw=False, autoLog=True, closeShape=True, color=method-wrapper(...), colorSpace=None, contrast=1.0, depth=0.0, fillColor=array([1., 1., 1.]), fillColorSpace='rgb', fillRGB=array([1., 1., 1.]), interpolate=True, lineColor=array([1., 1., 1.]), lineColorSpace='rgb', lineRGB=array([1., 1., 1.]), lineWidth=1, name='polygon', opacity=1.0, ori=array(0.), pos=array([-0.3,  0. ]), size=array([1., 1.]), units='height', vertices=ndarray(...), win=Window(...))
5.9009 	EXP 	Created polygon_2 = Rect(__class__=<class 'psychopy.visual.rect.Rect'>, autoDraw=False, autoLog=True, closeShape=True, color=method-wrapper(...), colorSpace=None, contrast=1.0, depth=-1.0, fillColor=array([1., 1., 1.]), fillColorSpace='rgb', fillRGB=array([1., 1., 1.]), interpolate=True, lineColor=array([1., 1., 1.]), lineColorSpace='rgb', lineRGB=array([1., 1., 1.]), lineWidth=1, name='polygon_2', opacity=1.0, ori=array(0.), pos=array([0.3, 0. ]), size=array([1., 1.]), units='height', vertices=ndarray(...), win=Window(...))
5.9125 	EXP 	text: autoDraw = True
6.6680 	DATA 	Keypress: space
6.6837 	EXP 	text: autoDraw = False
6.6837 	EXP 	polygon_3: fillColor = '[1. 1. 1.] (rgb)'
6.6837 	EXP 	polygon: fillColor = '[ 1. -1. -1.] (rgb)'
6.6837 	EXP 	polygon_3: autoDraw = True
6.6837 	EXP 	polygon_4: autoDraw = True
7.6991 	EXP 	polygon_3: autoDraw = False
7.6991 	EXP 	polygon_4: autoDraw = False
7.6991 	EXP 	polygon: autoDraw = True
7.6991 	EXP 	polygon_2: autoDraw = True
7.6991 	EXP 	polygon: fillColor = '[-1. -1. -1.] (rgb)'
7.6991 	EXP 	polygon_2: fillColor = '[-1. -1. -1.] (rgb)'
7.7158 	EXP 	polygon: fillColor = '[-1.11022302e-16 -1.11022302e-16 -1.11022302e-16] (rgb)'
7.7158 	EXP 	polygon_2: fillColor = '[0.73205081 0.73205081 0.73205081] (rgb)'
7.7320 	EXP 	polygon: fillColor = '[0.73205081 0.73205081 0.73205081] (rgb)'
7.7320 	EXP 	polygon_2: fillColor = '[-2.73205081 -2.73205081 -2.73205081] (rgb)'
7.7491 	EXP 	polygon: fillColor = '[1. 1. 1.] (rgb)'
7.7491 	EXP 	polygon_2: fillColor = '[-1. -1. -1.] (rgb)'
7.7656 	EXP 	polygon: fillColor = '[0.73205081 0.73205081 0.73205081] (rgb)'
7.7656 	EXP 	polygon_2: fillColor = '[0.73205081 0.73205081 0.73205081] (rgb)'
7.7820 	EXP 	polygon: fillColor = '[-1.11022302e-16 -1.11022302e-16 -1.11022302e-16] (rgb)'
7.7820 	EXP 	polygon_2: fillColor = '[-2.73205081 -2.73205081 -2.73205081] (rgb)'
7.7993 	EXP 	polygon: fillColor = '[-1. -1. -1.] (rgb)'
7.7993 	EXP 	polygon_2: fillColor = '[-1. -1. -1.] (rgb)'
7.8156 	EXP 	polygon: fillColor = '[-2. -2. -2.] (rgb)'
7.8156 	EXP 	polygon_2: fillColor = '[0.73205081 0.73205081 0.73205081] (rgb)'
7.8325 	EXP 	polygon: fillColor = '[-2.73205081 -2.73205081 -2.73205081] (rgb)'
7.8325 	EXP 	polygon_2: fillColor = '[-2.73205081 -2.73205081 -2.73205081] (rgb)'
7.8487 	EXP 	polygon: fillColor = '[-3. -3. -3.] (rgb)'
7.8487 	EXP 	polygon_2: fillColor = '[-1. -1. -1.] (rgb)'
7.8655 	EXP 	polygon: fillColor = '[-2.73205081 -2.73205081 -2.73205081] (rgb)'
7.8655 	EXP 	polygon_2: fillColor = '[0.73205081 0.73205081 0.73205081] (rgb)'
7.8821 	EXP 	polygon: fillColor = '[-2. -2. -2.] (rgb)'
7.8821 	EXP 	polygon_2: fillColor = '[-2.73205081 -2.73205081 -2.73205081] (rgb)'
7.8987 	EXP 	polygon: fillColor = '[-1. -1. -1.] (rgb)'
7.8987 	EXP 	polygon_2: fillColor = '[-1. -1. -1.] (rgb)'
7.9155 	EXP 	polygon: fillColor = '[-1.44328993e-15 -1.44328993e-15 -1.44328993e-15] (rgb)'
7.9155 	EXP 	polygon_2: fillColor = '[0.73205081 0.73205081 0.73205081] (rgb)'
7.9321 	EXP 	polygon: fillColor = '[0.73205081 0.73205081 0.73205081] (rgb)'
7.9321 	EXP 	polygon_2: fillColor = '[-2.73205081 -2.73205081 -2.73205081] (rgb)'
7.9485 	EXP 	polygon: fillColor = '[1. 1. 1.] (rgb)'
7.9485 	EXP 	polygon_2: fillColor = '[-1. -1. -1.] (rgb)'
7.9654 	EXP 	polygon: fillColor = '[0.73205081 0.73205081 0.73205081] (rgb)'
7.9654 	EXP 	polygon_2: fillColor = '[0.73205081 0.73205081 0.73205081] (rgb)'
7.9820 	EXP 	polygon: fillColor = '[-4.4408921e-16 -4.4408921e-16 -4.4408921e-16] (rgb)'
7.9820 	EXP 	polygon_2: fillColor = '[-2.73205081 -2.73205081 -2.73205081] (rgb)'
7.9986 	EXP 	polygon: fillColor = '[-1. -1. -1.] (rgb)'
7.9986 	EXP 	polygon_2: fillColor = '[-1. -1. -1.] (rgb)'
8.0157 	EXP 	polygon: fillColor = '[-2. -2. -2.] (rgb)'
8.0157 	EXP 	polygon_2: fillColor = '[0.73205081 0.73205081 0.73205081] (rgb)'
8.0338 	EXP 	polygon: fillColor = '[-2.73205081 -2.73205081 -2.73205081] (rgb)'
8.0338 	EXP 	polygon_2: fillColor = '[-2.73205081 -2.73205081 -2.73205081] (rgb)'
8.0490 	EXP 	polygon: fillColor = '[-3. -3. -3.] (rgb)'
8.0490 	EXP 	polygon_2: fillColor = '[-1. -1. -1.] (rgb)'
8.0652 	EXP 	polygon: fillColor = '[-2.73205081 -2.73205081 -2.73205081] (rgb)'
8.0652 	EXP 	polygon_2: fillColor = '[0.73205081 0.73205081 0.73205081] (rgb)'
8.0828 	EXP 	polygon: fillColor = '[-2. -2. -2.] (rgb)'
8.0828 	EXP 	polygon_2: fillColor = '[-2.73205081 -2.73205081 -2.73205081] (rgb)'
8.0987 	EXP 	polygon: fillColor = '[-1. -1. -1.] (rgb)'
8.0987 	EXP 	polygon_2: fillColor = '[-1. -1. -1.] (rgb)'
8.1029 	DATA 	Keypress: escape
8.1471 	EXP 	window1: mouseVisible = True
