1.6761 	WARNING 	Import Error: No module named 'psychtoolbox'. Using event module for keyboard component.
4.5693 	EXP 	Created window1 = Window(allowGUI=False, allowStencil=False, args=UNKNOWN, autoLog=True, bitsMode=UNKNOWN, blendMode='avg', color=array([-1., -1., -1.]), colorSpace='rgb', fullscr=<method-wrapper '__getattribute__' of attributeSetter object at 0x00000236EC5B5188>, gamma=None, gammaErrorPolicy='raise', kwargs=UNKNOWN, lms=UNKNOWN, monitor=<psychopy.monitors.calibTools.Monitor object at 0x00000236EC624108>, multiSample=False, name='window1', numSamples=2, pos=[0.0, 0.0], screen=0, size=array([1920, 1080]), stereo=False, units='height', useFBO=True, useRetina=False, viewOri=0.0, viewPos=None, viewScale=None, waitBlanking=True, winType='pyglet')
4.5693 	EXP 	window1: recordFrameIntervals = False
4.7356 	EXP 	window1: recordFrameIntervals = True
4.8230 	WARNING 	t of last frame was 20.90ms (=1/47)
5.0020 	EXP 	window1: recordFrameIntervals = False
5.0902 	EXP 	Created text = TextStim(__class__=<class 'psychopy.visual.text.TextStim'>, alignHoriz='center', alignVert='center', antialias=True, autoLog=True, bold=False, color='white', colorSpace='named', contrast=1.0, depth=0.0, flipHoriz=False, flipVert=False, font='Arial', fontFiles=[], height=0.1, italic=False, languageStyle='LTR', name='text', opacity=1.0, ori=0, pos=array([0., 0.]), rgb=array([255., 255., 255.]), text='脑机接口\nSSVEP视觉刺激实验\n\npress sapce to move on', units='height', win=Window(...), wrapWidth=1)
5.0918 	EXP 	Created polygon = Rect(__class__=<class 'psychopy.visual.rect.Rect'>, autoDraw=False, autoLog=True, closeShape=True, color=method-wrapper(...), colorSpace=None, contrast=1.0, depth=0.0, fillColor=array([1., 1., 1.]), fillColorSpace='rgb', fillRGB=array([1., 1., 1.]), interpolate=True, lineColor=array([1., 1., 1.]), lineColorSpace='rgb', lineRGB=array([1., 1., 1.]), lineWidth=1, name='polygon', opacity=1.0, ori=array(0.), pos=array([-0.3,  0. ]), size=array([1., 1.]), units='height', vertices=ndarray(...), win=Window(...))
5.0927 	EXP 	Created polygon_2 = Rect(__class__=<class 'psychopy.visual.rect.Rect'>, autoDraw=False, autoLog=True, closeShape=True, color=method-wrapper(...), colorSpace=None, contrast=1.0, depth=-1.0, fillColor=array([1., 1., 1.]), fillColorSpace='rgb', fillRGB=array([1., 1., 1.]), interpolate=True, lineColor=array([1., 1., 1.]), lineColorSpace='rgb', lineRGB=array([1., 1., 1.]), lineWidth=1, name='polygon_2', opacity=1.0, ori=array(0.), pos=array([0.3, 0. ]), size=array([1., 1.]), units='height', vertices=ndarray(...), win=Window(...))
5.0991 	EXP 	text: autoDraw = True
6.1010 	EXP 	text: autoDraw = False
14.7144 	DATA 	Keypress: space
14.7295 	EXP 	text: autoDraw = False
14.7295 	EXP 	polygon: autoDraw = True
14.7295 	EXP 	polygon_2: autoDraw = True
14.7295 	EXP 	polygon: fillColor = '[-1. -1. -1.] (rgb)'
14.7295 	EXP 	polygon_2: fillColor = '[-1. -1. -1.] (rgb)'
14.7463 	EXP 	polygon: fillColor = '[-1.11022302e-16 -1.11022302e-16 -1.11022302e-16] (rgb)'
14.7463 	EXP 	polygon_2: fillColor = '[0.73205081 0.73205081 0.73205081] (rgb)'
14.7627 	EXP 	polygon: fillColor = '[0.73205081 0.73205081 0.73205081] (rgb)'
14.7627 	EXP 	polygon_2: fillColor = '[-2.73205081 -2.73205081 -2.73205081] (rgb)'
14.7792 	EXP 	polygon: fillColor = '[1. 1. 1.] (rgb)'
14.7792 	EXP 	polygon_2: fillColor = '[-1. -1. -1.] (rgb)'
14.7960 	EXP 	polygon: fillColor = '[0.73205081 0.73205081 0.73205081] (rgb)'
14.7960 	EXP 	polygon_2: fillColor = '[0.73205081 0.73205081 0.73205081] (rgb)'
14.8127 	EXP 	polygon: fillColor = '[-1.11022302e-16 -1.11022302e-16 -1.11022302e-16] (rgb)'
14.8127 	EXP 	polygon_2: fillColor = '[-2.73205081 -2.73205081 -2.73205081] (rgb)'
14.8295 	EXP 	polygon: fillColor = '[-1. -1. -1.] (rgb)'
14.8295 	EXP 	polygon_2: fillColor = '[-1. -1. -1.] (rgb)'
14.8461 	EXP 	polygon: fillColor = '[-2. -2. -2.] (rgb)'
14.8461 	EXP 	polygon_2: fillColor = '[0.73205081 0.73205081 0.73205081] (rgb)'
14.8628 	EXP 	polygon: fillColor = '[-2.73205081 -2.73205081 -2.73205081] (rgb)'
14.8628 	EXP 	polygon_2: fillColor = '[-2.73205081 -2.73205081 -2.73205081] (rgb)'
14.8794 	EXP 	polygon: fillColor = '[-3. -3. -3.] (rgb)'
14.8794 	EXP 	polygon_2: fillColor = '[-1. -1. -1.] (rgb)'
14.8961 	EXP 	polygon: fillColor = '[-2.73205081 -2.73205081 -2.73205081] (rgb)'
14.8961 	EXP 	polygon_2: fillColor = '[0.73205081 0.73205081 0.73205081] (rgb)'
14.9127 	EXP 	polygon: fillColor = '[-2. -2. -2.] (rgb)'
14.9127 	EXP 	polygon_2: fillColor = '[-2.73205081 -2.73205081 -2.73205081] (rgb)'
14.9293 	EXP 	polygon: fillColor = '[-1. -1. -1.] (rgb)'
14.9293 	EXP 	polygon_2: fillColor = '[-1. -1. -1.] (rgb)'
14.9459 	EXP 	polygon: fillColor = '[-1.44328993e-15 -1.44328993e-15 -1.44328993e-15] (rgb)'
14.9459 	EXP 	polygon_2: fillColor = '[0.73205081 0.73205081 0.73205081] (rgb)'
14.9627 	EXP 	polygon: fillColor = '[0.73205081 0.73205081 0.73205081] (rgb)'
14.9627 	EXP 	polygon_2: fillColor = '[-2.73205081 -2.73205081 -2.73205081] (rgb)'
14.9793 	EXP 	polygon: fillColor = '[1. 1. 1.] (rgb)'
14.9793 	EXP 	polygon_2: fillColor = '[-1. -1. -1.] (rgb)'
14.9960 	EXP 	polygon: fillColor = '[0.73205081 0.73205081 0.73205081] (rgb)'
14.9960 	EXP 	polygon_2: fillColor = '[0.73205081 0.73205081 0.73205081] (rgb)'
15.0124 	EXP 	polygon: fillColor = '[-4.4408921e-16 -4.4408921e-16 -4.4408921e-16] (rgb)'
15.0124 	EXP 	polygon_2: fillColor = '[-2.73205081 -2.73205081 -2.73205081] (rgb)'
15.0292 	EXP 	polygon: fillColor = '[-1. -1. -1.] (rgb)'
15.0292 	EXP 	polygon_2: fillColor = '[-1. -1. -1.] (rgb)'
15.0457 	EXP 	polygon: fillColor = '[-2. -2. -2.] (rgb)'
15.0457 	EXP 	polygon_2: fillColor = '[0.73205081 0.73205081 0.73205081] (rgb)'
15.0627 	EXP 	polygon: fillColor = '[-2.73205081 -2.73205081 -2.73205081] (rgb)'
15.0627 	EXP 	polygon_2: fillColor = '[-2.73205081 -2.73205081 -2.73205081] (rgb)'
15.0807 	EXP 	polygon: fillColor = '[-3. -3. -3.] (rgb)'
15.0807 	EXP 	polygon_2: fillColor = '[-1. -1. -1.] (rgb)'
15.0963 	EXP 	polygon: fillColor = '[-2.73205081 -2.73205081 -2.73205081] (rgb)'
15.0963 	EXP 	polygon_2: fillColor = '[0.73205081 0.73205081 0.73205081] (rgb)'
15.1130 	EXP 	polygon: fillColor = '[-2. -2. -2.] (rgb)'
15.1130 	EXP 	polygon_2: fillColor = '[-2.73205081 -2.73205081 -2.73205081] (rgb)'
15.1291 	EXP 	polygon: fillColor = '[-1. -1. -1.] (rgb)'
15.1291 	EXP 	polygon_2: fillColor = '[-1. -1. -1.] (rgb)'
15.1464 	EXP 	polygon: fillColor = '[-1.88737914e-15 -1.88737914e-15 -1.88737914e-15] (rgb)'
15.1464 	EXP 	polygon_2: fillColor = '[0.73205081 0.73205081 0.73205081] (rgb)'
15.1625 	EXP 	polygon: fillColor = '[0.73205081 0.73205081 0.73205081] (rgb)'
15.1625 	EXP 	polygon_2: fillColor = '[-2.73205081 -2.73205081 -2.73205081] (rgb)'
15.1792 	EXP 	polygon: fillColor = '[1. 1. 1.] (rgb)'
15.1792 	EXP 	polygon_2: fillColor = '[-1. -1. -1.] (rgb)'
15.1961 	EXP 	polygon: fillColor = '[0.73205081 0.73205081 0.73205081] (rgb)'
15.1961 	EXP 	polygon_2: fillColor = '[0.73205081 0.73205081 0.73205081] (rgb)'
15.2126 	EXP 	polygon: fillColor = '[3.10862447e-15 3.10862447e-15 3.10862447e-15] (rgb)'
15.2126 	EXP 	polygon_2: fillColor = '[-2.73205081 -2.73205081 -2.73205081] (rgb)'
15.2290 	EXP 	polygon: fillColor = '[-1. -1. -1.] (rgb)'
15.2290 	EXP 	polygon_2: fillColor = '[-1. -1. -1.] (rgb)'
15.2458 	EXP 	polygon: fillColor = '[-2. -2. -2.] (rgb)'
15.2458 	EXP 	polygon_2: fillColor = '[0.73205081 0.73205081 0.73205081] (rgb)'
15.2625 	EXP 	polygon: fillColor = '[-2.73205081 -2.73205081 -2.73205081] (rgb)'
15.2625 	EXP 	polygon_2: fillColor = '[-2.73205081 -2.73205081 -2.73205081] (rgb)'
15.2792 	EXP 	polygon: fillColor = '[-3. -3. -3.] (rgb)'
15.2792 	EXP 	polygon_2: fillColor = '[-1. -1. -1.] (rgb)'
15.2957 	EXP 	polygon: fillColor = '[-2.73205081 -2.73205081 -2.73205081] (rgb)'
15.2957 	EXP 	polygon_2: fillColor = '[0.73205081 0.73205081 0.73205081] (rgb)'
15.3125 	EXP 	polygon: fillColor = '[-2. -2. -2.] (rgb)'
15.3125 	EXP 	polygon_2: fillColor = '[-2.73205081 -2.73205081 -2.73205081] (rgb)'
15.3291 	EXP 	polygon: fillColor = '[-1. -1. -1.] (rgb)'
15.3291 	EXP 	polygon_2: fillColor = '[-1. -1. -1.] (rgb)'
15.3460 	EXP 	polygon: fillColor = '[-2.33146835e-15 -2.33146835e-15 -2.33146835e-15] (rgb)'
15.3460 	EXP 	polygon_2: fillColor = '[0.73205081 0.73205081 0.73205081] (rgb)'
15.3625 	EXP 	polygon: fillColor = '[0.73205081 0.73205081 0.73205081] (rgb)'
15.3625 	EXP 	polygon_2: fillColor = '[-2.73205081 -2.73205081 -2.73205081] (rgb)'
15.3790 	EXP 	polygon: fillColor = '[1. 1. 1.] (rgb)'
15.3790 	EXP 	polygon_2: fillColor = '[-1. -1. -1.] (rgb)'
15.3957 	EXP 	polygon: fillColor = '[0.73205081 0.73205081 0.73205081] (rgb)'
15.3957 	EXP 	polygon_2: fillColor = '[0.73205081 0.73205081 0.73205081] (rgb)'
15.4131 	EXP 	polygon: fillColor = '[4.4408921e-16 4.4408921e-16 4.4408921e-16] (rgb)'
15.4131 	EXP 	polygon_2: fillColor = '[-2.73205081 -2.73205081 -2.73205081] (rgb)'
15.4291 	EXP 	polygon: fillColor = '[-1. -1. -1.] (rgb)'
15.4291 	EXP 	polygon_2: fillColor = '[-1. -1. -1.] (rgb)'
15.4457 	EXP 	polygon: fillColor = '[-2. -2. -2.] (rgb)'
15.4457 	EXP 	polygon_2: fillColor = '[0.73205081 0.73205081 0.73205081] (rgb)'
15.4623 	EXP 	polygon: fillColor = '[-2.73205081 -2.73205081 -2.73205081] (rgb)'
15.4623 	EXP 	polygon_2: fillColor = '[-2.73205081 -2.73205081 -2.73205081] (rgb)'
15.4789 	EXP 	polygon: fillColor = '[-3. -3. -3.] (rgb)'
15.4789 	EXP 	polygon_2: fillColor = '[-1. -1. -1.] (rgb)'
15.4956 	EXP 	polygon: fillColor = '[-2.73205081 -2.73205081 -2.73205081] (rgb)'
15.4956 	EXP 	polygon_2: fillColor = '[0.73205081 0.73205081 0.73205081] (rgb)'
15.5123 	EXP 	polygon: fillColor = '[-2. -2. -2.] (rgb)'
15.5123 	EXP 	polygon_2: fillColor = '[-2.73205081 -2.73205081 -2.73205081] (rgb)'
15.5294 	EXP 	polygon: fillColor = '[-1. -1. -1.] (rgb)'
15.5294 	EXP 	polygon_2: fillColor = '[-1. -1. -1.] (rgb)'
15.5454 	EXP 	polygon: fillColor = '[-2.77555756e-15 -2.77555756e-15 -2.77555756e-15] (rgb)'
15.5454 	EXP 	polygon_2: fillColor = '[0.73205081 0.73205081 0.73205081] (rgb)'
15.5622 	EXP 	polygon: fillColor = '[0.73205081 0.73205081 0.73205081] (rgb)'
15.5622 	EXP 	polygon_2: fillColor = '[-2.73205081 -2.73205081 -2.73205081] (rgb)'
15.5789 	EXP 	polygon: fillColor = '[1. 1. 1.] (rgb)'
15.5789 	EXP 	polygon_2: fillColor = '[-1. -1. -1.] (rgb)'
15.5958 	EXP 	polygon: fillColor = '[0.73205081 0.73205081 0.73205081] (rgb)'
15.5958 	EXP 	polygon_2: fillColor = '[0.73205081 0.73205081 0.73205081] (rgb)'
15.6126 	EXP 	polygon: fillColor = '[8.8817842e-16 8.8817842e-16 8.8817842e-16] (rgb)'
15.6126 	EXP 	polygon_2: fillColor = '[-2.73205081 -2.73205081 -2.73205081] (rgb)'
15.6290 	EXP 	polygon: fillColor = '[-1. -1. -1.] (rgb)'
15.6290 	EXP 	polygon_2: fillColor = '[-1. -1. -1.] (rgb)'
15.6457 	EXP 	polygon: fillColor = '[-2. -2. -2.] (rgb)'
15.6457 	EXP 	polygon_2: fillColor = '[0.73205081 0.73205081 0.73205081] (rgb)'
15.6624 	EXP 	polygon: fillColor = '[-2.73205081 -2.73205081 -2.73205081] (rgb)'
15.6624 	EXP 	polygon_2: fillColor = '[-2.73205081 -2.73205081 -2.73205081] (rgb)'
15.6790 	EXP 	polygon: fillColor = '[-3. -3. -3.] (rgb)'
15.6790 	EXP 	polygon_2: fillColor = '[-1. -1. -1.] (rgb)'
15.7097 	EXP 	polygon: fillColor = '[-2.73205081 -2.73205081 -2.73205081] (rgb)'
15.7097 	EXP 	polygon_2: fillColor = '[0.73205081 0.73205081 0.73205081] (rgb)'
15.7288 	EXP 	polygon: fillColor = '[-2. -2. -2.] (rgb)'
15.7288 	EXP 	polygon_2: fillColor = '[-2.73205081 -2.73205081 -2.73205081] (rgb)'
15.7456 	EXP 	polygon: fillColor = '[-1. -1. -1.] (rgb)'
15.7456 	EXP 	polygon_2: fillColor = '[-1. -1. -1.] (rgb)'
15.7623 	EXP 	polygon: fillColor = '[2.88657986e-15 2.88657986e-15 2.88657986e-15] (rgb)'
15.7623 	EXP 	polygon_2: fillColor = '[0.73205081 0.73205081 0.73205081] (rgb)'
15.7787 	EXP 	polygon: fillColor = '[0.73205081 0.73205081 0.73205081] (rgb)'
15.7787 	EXP 	polygon_2: fillColor = '[-2.73205081 -2.73205081 -2.73205081] (rgb)'
15.7955 	EXP 	polygon: fillColor = '[1. 1. 1.] (rgb)'
15.7955 	EXP 	polygon_2: fillColor = '[-1. -1. -1.] (rgb)'
15.8121 	EXP 	polygon: fillColor = '[0.73205081 0.73205081 0.73205081] (rgb)'
15.8121 	EXP 	polygon_2: fillColor = '[0.73205081 0.73205081 0.73205081] (rgb)'
15.8290 	EXP 	polygon: fillColor = '[1.33226763e-15 1.33226763e-15 1.33226763e-15] (rgb)'
15.8290 	EXP 	polygon_2: fillColor = '[-2.73205081 -2.73205081 -2.73205081] (rgb)'
15.8302 	DATA 	Keypress: escape
15.8522 	EXP 	window1: mouseVisible = True
