1.6110 	WARNING 	Import Error: No module named 'psychtoolbox'. Using event module for keyboard component.
5.4551 	EXP 	Created window1 = Window(allowGUI=False, allowStencil=False, args=UNKNOWN, autoLog=True, bitsMode=UNKNOWN, blendMode='avg', color=array([-1., -1., -1.]), colorSpace='rgb', fullscr=<method-wrapper '__getattribute__' of attributeSetter object at 0x000001A9905A2F88>, gamma=None, gammaErrorPolicy='raise', kwargs=UNKNOWN, lms=UNKNOWN, monitor=<psychopy.monitors.calibTools.Monitor object at 0x000001A990613F08>, multiSample=False, name='window1', numSamples=2, pos=[0.0, 0.0], screen=0, size=array([1920, 1080]), stereo=False, units='height', useFBO=True, useRetina=False, viewOri=0.0, viewPos=None, viewScale=None, waitBlanking=True, winType='pyglet')
5.4551 	EXP 	window1: recordFrameIntervals = False
5.6222 	EXP 	window1: recordFrameIntervals = True
5.8049 	EXP 	window1: recordFrameIntervals = False
5.8596 	EXP 	Created text = TextStim(__class__=<class 'psychopy.visual.text.TextStim'>, alignHoriz='center', alignVert='center', antialias=True, autoLog=True, bold=False, color='white', colorSpace='named', contrast=1.0, depth=0.0, flipHoriz=False, flipVert=False, font='Arial', fontFiles=[], height=0.05, italic=False, languageStyle='LTR', name='text', opacity=1.0, ori=0, pos=array([0., 0.]), rgb=array([255., 255., 255.]), text='脑机接口\n\n视觉刺激实验\n\n按"空格"继续', units='height', win=Window(...), wrapWidth=1)
5.8612 	EXP 	Created polygon = Rect(__class__=<class 'psychopy.visual.rect.Rect'>, autoDraw=False, autoLog=True, closeShape=True, color=method-wrapper(...), colorSpace=None, contrast=1.0, depth=0.0, fillColor=array([1., 1., 1.]), fillColorSpace='rgb', fillRGB=array([1., 1., 1.]), interpolate=True, lineColor=array([1., 1., 1.]), lineColorSpace='rgb', lineRGB=array([1., 1., 1.]), lineWidth=1, name='polygon', opacity=1.0, ori=array(0.), pos=array([-0.3,  0. ]), size=array([1., 1.]), units='height', vertices=ndarray(...), win=Window(...))
5.8622 	EXP 	Created polygon_2 = Rect(__class__=<class 'psychopy.visual.rect.Rect'>, autoDraw=False, autoLog=True, closeShape=True, color=method-wrapper(...), colorSpace=None, contrast=1.0, depth=-1.0, fillColor=array([1., 1., 1.]), fillColorSpace='rgb', fillRGB=array([1., 1., 1.]), interpolate=True, lineColor=array([1., 1., 1.]), lineColorSpace='rgb', lineRGB=array([1., 1., 1.]), lineWidth=1, name='polygon_2', opacity=1.0, ori=array(0.), pos=array([0.3, 0. ]), size=array([1., 1.]), units='height', vertices=ndarray(...), win=Window(...))
5.8673 	EXP 	text: autoDraw = True
34.8056 	DATA 	Keypress: space
34.8210 	EXP 	text: autoDraw = False
34.8210 	EXP 	polygon: autoDraw = True
34.8210 	EXP 	polygon_2: autoDraw = True
34.8210 	EXP 	polygon: fillColor = '[-1. -1. -1.] (rgb)'
34.8210 	EXP 	polygon_2: fillColor = '[-1. -1. -1.] (rgb)'
34.8384 	EXP 	polygon: fillColor = '[-1.11022302e-16 -1.11022302e-16 -1.11022302e-16] (rgb)'
34.8384 	EXP 	polygon_2: fillColor = '[0.73205081 0.73205081 0.73205081] (rgb)'
34.8543 	EXP 	polygon: fillColor = '[0.73205081 0.73205081 0.73205081] (rgb)'
34.8543 	EXP 	polygon_2: fillColor = '[-2.73205081 -2.73205081 -2.73205081] (rgb)'
34.8710 	EXP 	polygon: fillColor = '[1. 1. 1.] (rgb)'
34.8710 	EXP 	polygon_2: fillColor = '[-1. -1. -1.] (rgb)'
34.8876 	EXP 	polygon: fillColor = '[0.73205081 0.73205081 0.73205081] (rgb)'
34.8876 	EXP 	polygon_2: fillColor = '[0.73205081 0.73205081 0.73205081] (rgb)'
34.9053 	EXP 	polygon: fillColor = '[-1.11022302e-16 -1.11022302e-16 -1.11022302e-16] (rgb)'
34.9053 	EXP 	polygon_2: fillColor = '[-2.73205081 -2.73205081 -2.73205081] (rgb)'
34.9208 	EXP 	polygon: fillColor = '[-1. -1. -1.] (rgb)'
34.9208 	EXP 	polygon_2: fillColor = '[-1. -1. -1.] (rgb)'
34.9378 	EXP 	polygon: fillColor = '[-2. -2. -2.] (rgb)'
34.9378 	EXP 	polygon_2: fillColor = '[0.73205081 0.73205081 0.73205081] (rgb)'
34.9540 	EXP 	polygon: fillColor = '[-2.73205081 -2.73205081 -2.73205081] (rgb)'
34.9540 	EXP 	polygon_2: fillColor = '[-2.73205081 -2.73205081 -2.73205081] (rgb)'
34.9710 	EXP 	polygon: fillColor = '[-3. -3. -3.] (rgb)'
34.9710 	EXP 	polygon_2: fillColor = '[-1. -1. -1.] (rgb)'
34.9874 	EXP 	polygon: fillColor = '[-2.73205081 -2.73205081 -2.73205081] (rgb)'
34.9874 	EXP 	polygon_2: fillColor = '[0.73205081 0.73205081 0.73205081] (rgb)'
35.0045 	EXP 	polygon: fillColor = '[-2. -2. -2.] (rgb)'
35.0045 	EXP 	polygon_2: fillColor = '[-2.73205081 -2.73205081 -2.73205081] (rgb)'
35.0212 	EXP 	polygon: fillColor = '[-1. -1. -1.] (rgb)'
35.0212 	EXP 	polygon_2: fillColor = '[-1. -1. -1.] (rgb)'
35.0375 	EXP 	polygon: fillColor = '[-1.44328993e-15 -1.44328993e-15 -1.44328993e-15] (rgb)'
35.0375 	EXP 	polygon_2: fillColor = '[0.73205081 0.73205081 0.73205081] (rgb)'
35.0541 	EXP 	polygon: fillColor = '[0.73205081 0.73205081 0.73205081] (rgb)'
35.0541 	EXP 	polygon_2: fillColor = '[-2.73205081 -2.73205081 -2.73205081] (rgb)'
35.0714 	EXP 	polygon: fillColor = '[1. 1. 1.] (rgb)'
35.0714 	EXP 	polygon_2: fillColor = '[-1. -1. -1.] (rgb)'
35.0874 	EXP 	polygon: fillColor = '[0.73205081 0.73205081 0.73205081] (rgb)'
35.0874 	EXP 	polygon_2: fillColor = '[0.73205081 0.73205081 0.73205081] (rgb)'
35.1043 	EXP 	polygon: fillColor = '[-4.4408921e-16 -4.4408921e-16 -4.4408921e-16] (rgb)'
35.1043 	EXP 	polygon_2: fillColor = '[-2.73205081 -2.73205081 -2.73205081] (rgb)'
35.1207 	EXP 	polygon: fillColor = '[-1. -1. -1.] (rgb)'
35.1207 	EXP 	polygon_2: fillColor = '[-1. -1. -1.] (rgb)'
35.1374 	EXP 	polygon: fillColor = '[-2. -2. -2.] (rgb)'
35.1374 	EXP 	polygon_2: fillColor = '[0.73205081 0.73205081 0.73205081] (rgb)'
35.1540 	EXP 	polygon: fillColor = '[-2.73205081 -2.73205081 -2.73205081] (rgb)'
35.1540 	EXP 	polygon_2: fillColor = '[-2.73205081 -2.73205081 -2.73205081] (rgb)'
35.1711 	EXP 	polygon: fillColor = '[-3. -3. -3.] (rgb)'
35.1711 	EXP 	polygon_2: fillColor = '[-1. -1. -1.] (rgb)'
35.1873 	EXP 	polygon: fillColor = '[-2.73205081 -2.73205081 -2.73205081] (rgb)'
35.1873 	EXP 	polygon_2: fillColor = '[0.73205081 0.73205081 0.73205081] (rgb)'
35.2042 	EXP 	polygon: fillColor = '[-2. -2. -2.] (rgb)'
35.2042 	EXP 	polygon_2: fillColor = '[-2.73205081 -2.73205081 -2.73205081] (rgb)'
35.2206 	EXP 	polygon: fillColor = '[-1. -1. -1.] (rgb)'
35.2206 	EXP 	polygon_2: fillColor = '[-1. -1. -1.] (rgb)'
35.2375 	EXP 	polygon: fillColor = '[-1.88737914e-15 -1.88737914e-15 -1.88737914e-15] (rgb)'
35.2375 	EXP 	polygon_2: fillColor = '[0.73205081 0.73205081 0.73205081] (rgb)'
35.2540 	EXP 	polygon: fillColor = '[0.73205081 0.73205081 0.73205081] (rgb)'
35.2540 	EXP 	polygon_2: fillColor = '[-2.73205081 -2.73205081 -2.73205081] (rgb)'
35.2711 	EXP 	polygon: fillColor = '[1. 1. 1.] (rgb)'
35.2711 	EXP 	polygon_2: fillColor = '[-1. -1. -1.] (rgb)'
35.2876 	EXP 	polygon: fillColor = '[0.73205081 0.73205081 0.73205081] (rgb)'
35.2876 	EXP 	polygon_2: fillColor = '[0.73205081 0.73205081 0.73205081] (rgb)'
35.3040 	EXP 	polygon: fillColor = '[3.10862447e-15 3.10862447e-15 3.10862447e-15] (rgb)'
35.3040 	EXP 	polygon_2: fillColor = '[-2.73205081 -2.73205081 -2.73205081] (rgb)'
35.3207 	EXP 	polygon: fillColor = '[-1. -1. -1.] (rgb)'
35.3207 	EXP 	polygon_2: fillColor = '[-1. -1. -1.] (rgb)'
35.3374 	EXP 	polygon: fillColor = '[-2. -2. -2.] (rgb)'
35.3374 	EXP 	polygon_2: fillColor = '[0.73205081 0.73205081 0.73205081] (rgb)'
35.3542 	EXP 	polygon: fillColor = '[-2.73205081 -2.73205081 -2.73205081] (rgb)'
35.3542 	EXP 	polygon_2: fillColor = '[-2.73205081 -2.73205081 -2.73205081] (rgb)'
35.3706 	EXP 	polygon: fillColor = '[-3. -3. -3.] (rgb)'
35.3706 	EXP 	polygon_2: fillColor = '[-1. -1. -1.] (rgb)'
35.3873 	EXP 	polygon: fillColor = '[-2.73205081 -2.73205081 -2.73205081] (rgb)'
35.3873 	EXP 	polygon_2: fillColor = '[0.73205081 0.73205081 0.73205081] (rgb)'
35.4042 	EXP 	polygon: fillColor = '[-2. -2. -2.] (rgb)'
35.4042 	EXP 	polygon_2: fillColor = '[-2.73205081 -2.73205081 -2.73205081] (rgb)'
35.4206 	EXP 	polygon: fillColor = '[-1. -1. -1.] (rgb)'
35.4206 	EXP 	polygon_2: fillColor = '[-1. -1. -1.] (rgb)'
35.4375 	EXP 	polygon: fillColor = '[-2.33146835e-15 -2.33146835e-15 -2.33146835e-15] (rgb)'
35.4375 	EXP 	polygon_2: fillColor = '[0.73205081 0.73205081 0.73205081] (rgb)'
35.4546 	EXP 	polygon: fillColor = '[0.73205081 0.73205081 0.73205081] (rgb)'
35.4546 	EXP 	polygon_2: fillColor = '[-2.73205081 -2.73205081 -2.73205081] (rgb)'
35.4707 	EXP 	polygon: fillColor = '[1. 1. 1.] (rgb)'
35.4707 	EXP 	polygon_2: fillColor = '[-1. -1. -1.] (rgb)'
35.4882 	EXP 	polygon: fillColor = '[0.73205081 0.73205081 0.73205081] (rgb)'
35.4882 	EXP 	polygon_2: fillColor = '[0.73205081 0.73205081 0.73205081] (rgb)'
35.5040 	EXP 	polygon: fillColor = '[4.4408921e-16 4.4408921e-16 4.4408921e-16] (rgb)'
35.5040 	EXP 	polygon_2: fillColor = '[-2.73205081 -2.73205081 -2.73205081] (rgb)'
35.5210 	EXP 	polygon: fillColor = '[-1. -1. -1.] (rgb)'
35.5210 	EXP 	polygon_2: fillColor = '[-1. -1. -1.] (rgb)'
35.5373 	EXP 	polygon: fillColor = '[-2. -2. -2.] (rgb)'
35.5373 	EXP 	polygon_2: fillColor = '[0.73205081 0.73205081 0.73205081] (rgb)'
35.5538 	EXP 	polygon: fillColor = '[-2.73205081 -2.73205081 -2.73205081] (rgb)'
35.5538 	EXP 	polygon_2: fillColor = '[-2.73205081 -2.73205081 -2.73205081] (rgb)'
35.5708 	EXP 	polygon: fillColor = '[-3. -3. -3.] (rgb)'
35.5708 	EXP 	polygon_2: fillColor = '[-1. -1. -1.] (rgb)'
35.5873 	EXP 	polygon: fillColor = '[-2.73205081 -2.73205081 -2.73205081] (rgb)'
35.5873 	EXP 	polygon_2: fillColor = '[0.73205081 0.73205081 0.73205081] (rgb)'
35.6042 	EXP 	polygon: fillColor = '[-2. -2. -2.] (rgb)'
35.6042 	EXP 	polygon_2: fillColor = '[-2.73205081 -2.73205081 -2.73205081] (rgb)'
35.6206 	EXP 	polygon: fillColor = '[-1. -1. -1.] (rgb)'
35.6206 	EXP 	polygon_2: fillColor = '[-1. -1. -1.] (rgb)'
35.6373 	EXP 	polygon: fillColor = '[-2.77555756e-15 -2.77555756e-15 -2.77555756e-15] (rgb)'
35.6373 	EXP 	polygon_2: fillColor = '[0.73205081 0.73205081 0.73205081] (rgb)'
35.6537 	EXP 	polygon: fillColor = '[0.73205081 0.73205081 0.73205081] (rgb)'
35.6537 	EXP 	polygon_2: fillColor = '[-2.73205081 -2.73205081 -2.73205081] (rgb)'
35.6705 	EXP 	polygon: fillColor = '[1. 1. 1.] (rgb)'
35.6705 	EXP 	polygon_2: fillColor = '[-1. -1. -1.] (rgb)'
35.6893 	EXP 	polygon: fillColor = '[0.73205081 0.73205081 0.73205081] (rgb)'
35.6893 	EXP 	polygon_2: fillColor = '[0.73205081 0.73205081 0.73205081] (rgb)'
35.7046 	EXP 	polygon: fillColor = '[8.8817842e-16 8.8817842e-16 8.8817842e-16] (rgb)'
35.7046 	EXP 	polygon_2: fillColor = '[-2.73205081 -2.73205081 -2.73205081] (rgb)'
35.7208 	EXP 	polygon: fillColor = '[-1. -1. -1.] (rgb)'
35.7208 	EXP 	polygon_2: fillColor = '[-1. -1. -1.] (rgb)'
35.7373 	EXP 	polygon: fillColor = '[-2. -2. -2.] (rgb)'
35.7373 	EXP 	polygon_2: fillColor = '[0.73205081 0.73205081 0.73205081] (rgb)'
35.7538 	EXP 	polygon: fillColor = '[-2.73205081 -2.73205081 -2.73205081] (rgb)'
35.7538 	EXP 	polygon_2: fillColor = '[-2.73205081 -2.73205081 -2.73205081] (rgb)'
35.7704 	EXP 	polygon: fillColor = '[-3. -3. -3.] (rgb)'
35.7704 	EXP 	polygon_2: fillColor = '[-1. -1. -1.] (rgb)'
35.7869 	EXP 	polygon: fillColor = '[-2.73205081 -2.73205081 -2.73205081] (rgb)'
35.7869 	EXP 	polygon_2: fillColor = '[0.73205081 0.73205081 0.73205081] (rgb)'
35.8039 	EXP 	polygon: fillColor = '[-2. -2. -2.] (rgb)'
35.8039 	EXP 	polygon_2: fillColor = '[-2.73205081 -2.73205081 -2.73205081] (rgb)'
35.8206 	EXP 	polygon: fillColor = '[-1. -1. -1.] (rgb)'
35.8206 	EXP 	polygon_2: fillColor = '[-1. -1. -1.] (rgb)'
35.8383 	EXP 	polygon: fillColor = '[2.88657986e-15 2.88657986e-15 2.88657986e-15] (rgb)'
35.8383 	EXP 	polygon_2: fillColor = '[0.73205081 0.73205081 0.73205081] (rgb)'
35.8542 	EXP 	polygon: fillColor = '[0.73205081 0.73205081 0.73205081] (rgb)'
35.8542 	EXP 	polygon_2: fillColor = '[-2.73205081 -2.73205081 -2.73205081] (rgb)'
35.8705 	EXP 	polygon: fillColor = '[1. 1. 1.] (rgb)'
35.8705 	EXP 	polygon_2: fillColor = '[-1. -1. -1.] (rgb)'
35.8875 	EXP 	polygon: fillColor = '[0.73205081 0.73205081 0.73205081] (rgb)'
35.8875 	EXP 	polygon_2: fillColor = '[0.73205081 0.73205081 0.73205081] (rgb)'
35.9035 	EXP 	polygon: fillColor = '[1.33226763e-15 1.33226763e-15 1.33226763e-15] (rgb)'
35.9035 	EXP 	polygon_2: fillColor = '[-2.73205081 -2.73205081 -2.73205081] (rgb)'
35.9272 	EXP 	polygon: fillColor = '[-1. -1. -1.] (rgb)'
35.9272 	EXP 	polygon_2: fillColor = '[-1. -1. -1.] (rgb)'
35.9370 	EXP 	polygon: fillColor = '[-2. -2. -2.] (rgb)'
35.9370 	EXP 	polygon_2: fillColor = '[0.73205081 0.73205081 0.73205081] (rgb)'
35.9536 	EXP 	polygon: fillColor = '[-2.73205081 -2.73205081 -2.73205081] (rgb)'
35.9536 	EXP 	polygon_2: fillColor = '[-2.73205081 -2.73205081 -2.73205081] (rgb)'
35.9703 	EXP 	polygon: fillColor = '[-3. -3. -3.] (rgb)'
35.9703 	EXP 	polygon_2: fillColor = '[-1. -1. -1.] (rgb)'
35.9870 	EXP 	polygon: fillColor = '[-2.73205081 -2.73205081 -2.73205081] (rgb)'
35.9870 	EXP 	polygon_2: fillColor = '[0.73205081 0.73205081 0.73205081] (rgb)'
36.0042 	EXP 	polygon: fillColor = '[-2. -2. -2.] (rgb)'
36.0042 	EXP 	polygon_2: fillColor = '[-2.73205081 -2.73205081 -2.73205081] (rgb)'
36.0205 	EXP 	polygon: fillColor = '[-1. -1. -1.] (rgb)'
36.0205 	EXP 	polygon_2: fillColor = '[-1. -1. -1.] (rgb)'
36.0370 	EXP 	polygon: fillColor = '[2.44249065e-15 2.44249065e-15 2.44249065e-15] (rgb)'
36.0370 	EXP 	polygon_2: fillColor = '[0.73205081 0.73205081 0.73205081] (rgb)'
36.0541 	EXP 	polygon: fillColor = '[0.73205081 0.73205081 0.73205081] (rgb)'
36.0541 	EXP 	polygon_2: fillColor = '[-2.73205081 -2.73205081 -2.73205081] (rgb)'
36.0706 	EXP 	polygon: fillColor = '[1. 1. 1.] (rgb)'
36.0706 	EXP 	polygon_2: fillColor = '[-1. -1. -1.] (rgb)'
36.0869 	EXP 	polygon: fillColor = '[0.73205081 0.73205081 0.73205081] (rgb)'
36.0869 	EXP 	polygon_2: fillColor = '[0.73205081 0.73205081 0.73205081] (rgb)'
36.1039 	EXP 	polygon: fillColor = '[1.77635684e-15 1.77635684e-15 1.77635684e-15] (rgb)'
36.1039 	EXP 	polygon_2: fillColor = '[-2.73205081 -2.73205081 -2.73205081] (rgb)'
36.1205 	EXP 	polygon: fillColor = '[-1. -1. -1.] (rgb)'
36.1205 	EXP 	polygon_2: fillColor = '[-1. -1. -1.] (rgb)'
36.1370 	EXP 	polygon: fillColor = '[-2. -2. -2.] (rgb)'
36.1370 	EXP 	polygon_2: fillColor = '[0.73205081 0.73205081 0.73205081] (rgb)'
36.1538 	EXP 	polygon: fillColor = '[-2.73205081 -2.73205081 -2.73205081] (rgb)'
36.1538 	EXP 	polygon_2: fillColor = '[-2.73205081 -2.73205081 -2.73205081] (rgb)'
36.1706 	EXP 	polygon: fillColor = '[-3. -3. -3.] (rgb)'
36.1706 	EXP 	polygon_2: fillColor = '[-1. -1. -1.] (rgb)'
36.1879 	EXP 	polygon: fillColor = '[-2.73205081 -2.73205081 -2.73205081] (rgb)'
36.1879 	EXP 	polygon_2: fillColor = '[0.73205081 0.73205081 0.73205081] (rgb)'
36.2039 	EXP 	polygon: fillColor = '[-2. -2. -2.] (rgb)'
36.2039 	EXP 	polygon_2: fillColor = '[-2.73205081 -2.73205081 -2.73205081] (rgb)'
36.2209 	EXP 	polygon: fillColor = '[-1. -1. -1.] (rgb)'
36.2209 	EXP 	polygon_2: fillColor = '[-1. -1. -1.] (rgb)'
36.2368 	EXP 	polygon: fillColor = '[-1.02140518e-14 -1.02140518e-14 -1.02140518e-14] (rgb)'
36.2368 	EXP 	polygon_2: fillColor = '[0.73205081 0.73205081 0.73205081] (rgb)'
36.2534 	EXP 	polygon: fillColor = '[0.73205081 0.73205081 0.73205081] (rgb)'
36.2534 	EXP 	polygon_2: fillColor = '[-2.73205081 -2.73205081 -2.73205081] (rgb)'
36.2702 	EXP 	polygon: fillColor = '[1. 1. 1.] (rgb)'
36.2702 	EXP 	polygon_2: fillColor = '[-1. -1. -1.] (rgb)'
36.2869 	EXP 	polygon: fillColor = '[0.73205081 0.73205081 0.73205081] (rgb)'
36.2869 	EXP 	polygon_2: fillColor = '[0.73205081 0.73205081 0.73205081] (rgb)'
36.3034 	EXP 	polygon: fillColor = '[2.22044605e-15 2.22044605e-15 2.22044605e-15] (rgb)'
36.3034 	EXP 	polygon_2: fillColor = '[-2.73205081 -2.73205081 -2.73205081] (rgb)'
36.3201 	EXP 	polygon: fillColor = '[-1. -1. -1.] (rgb)'
36.3201 	EXP 	polygon_2: fillColor = '[-1. -1. -1.] (rgb)'
36.3369 	EXP 	polygon: fillColor = '[-2. -2. -2.] (rgb)'
36.3369 	EXP 	polygon_2: fillColor = '[0.73205081 0.73205081 0.73205081] (rgb)'
36.3537 	EXP 	polygon: fillColor = '[-2.73205081 -2.73205081 -2.73205081] (rgb)'
36.3537 	EXP 	polygon_2: fillColor = '[-2.73205081 -2.73205081 -2.73205081] (rgb)'
36.3702 	EXP 	polygon: fillColor = '[-3. -3. -3.] (rgb)'
36.3702 	EXP 	polygon_2: fillColor = '[-1. -1. -1.] (rgb)'
36.3871 	EXP 	polygon: fillColor = '[-2.73205081 -2.73205081 -2.73205081] (rgb)'
36.3871 	EXP 	polygon_2: fillColor = '[0.73205081 0.73205081 0.73205081] (rgb)'
36.4032 	EXP 	polygon: fillColor = '[-2. -2. -2.] (rgb)'
36.4032 	EXP 	polygon_2: fillColor = '[-2.73205081 -2.73205081 -2.73205081] (rgb)'
36.4219 	EXP 	polygon: fillColor = '[-1. -1. -1.] (rgb)'
36.4219 	EXP 	polygon_2: fillColor = '[-1. -1. -1.] (rgb)'
36.4367 	EXP 	polygon: fillColor = '[-1.0658141e-14 -1.0658141e-14 -1.0658141e-14] (rgb)'
36.4367 	EXP 	polygon_2: fillColor = '[0.73205081 0.73205081 0.73205081] (rgb)'
36.4540 	EXP 	polygon: fillColor = '[0.73205081 0.73205081 0.73205081] (rgb)'
36.4540 	EXP 	polygon_2: fillColor = '[-2.73205081 -2.73205081 -2.73205081] (rgb)'
36.4702 	EXP 	polygon: fillColor = '[1. 1. 1.] (rgb)'
36.4702 	EXP 	polygon_2: fillColor = '[-1. -1. -1.] (rgb)'
36.4868 	EXP 	polygon: fillColor = '[0.73205081 0.73205081 0.73205081] (rgb)'
36.4868 	EXP 	polygon_2: fillColor = '[0.73205081 0.73205081 0.73205081] (rgb)'
36.5035 	EXP 	polygon: fillColor = '[2.44249065e-15 2.44249065e-15 2.44249065e-15] (rgb)'
36.5035 	EXP 	polygon_2: fillColor = '[-2.73205081 -2.73205081 -2.73205081] (rgb)'
36.5200 	EXP 	polygon: fillColor = '[-1. -1. -1.] (rgb)'
36.5200 	EXP 	polygon_2: fillColor = '[-1. -1. -1.] (rgb)'
36.5365 	EXP 	polygon: fillColor = '[-2. -2. -2.] (rgb)'
36.5365 	EXP 	polygon_2: fillColor = '[0.73205081 0.73205081 0.73205081] (rgb)'
36.5538 	EXP 	polygon: fillColor = '[-2.73205081 -2.73205081 -2.73205081] (rgb)'
36.5538 	EXP 	polygon_2: fillColor = '[-2.73205081 -2.73205081 -2.73205081] (rgb)'
36.5701 	EXP 	polygon: fillColor = '[-3. -3. -3.] (rgb)'
36.5701 	EXP 	polygon_2: fillColor = '[-1. -1. -1.] (rgb)'
36.5865 	EXP 	polygon: fillColor = '[-2.73205081 -2.73205081 -2.73205081] (rgb)'
36.5865 	EXP 	polygon_2: fillColor = '[0.73205081 0.73205081 0.73205081] (rgb)'
36.6173 	EXP 	polygon: fillColor = '[-2. -2. -2.] (rgb)'
36.6173 	EXP 	polygon_2: fillColor = '[-2.73205081 -2.73205081 -2.73205081] (rgb)'
36.6369 	EXP 	polygon: fillColor = '[-1. -1. -1.] (rgb)'
36.6369 	EXP 	polygon_2: fillColor = '[-1. -1. -1.] (rgb)'
36.6532 	EXP 	polygon: fillColor = '[1.33226763e-15 1.33226763e-15 1.33226763e-15] (rgb)'
36.6532 	EXP 	polygon_2: fillColor = '[0.73205081 0.73205081 0.73205081] (rgb)'
36.6700 	EXP 	polygon: fillColor = '[0.73205081 0.73205081 0.73205081] (rgb)'
36.6700 	EXP 	polygon_2: fillColor = '[-2.73205081 -2.73205081 -2.73205081] (rgb)'
36.6868 	EXP 	polygon: fillColor = '[1. 1. 1.] (rgb)'
36.6868 	EXP 	polygon_2: fillColor = '[-1. -1. -1.] (rgb)'
36.7036 	EXP 	polygon: fillColor = '[0.73205081 0.73205081 0.73205081] (rgb)'
36.7036 	EXP 	polygon_2: fillColor = '[0.73205081 0.73205081 0.73205081] (rgb)'
36.7199 	EXP 	polygon: fillColor = '[2.88657986e-15 2.88657986e-15 2.88657986e-15] (rgb)'
36.7199 	EXP 	polygon_2: fillColor = '[-2.73205081 -2.73205081 -2.73205081] (rgb)'
36.7368 	EXP 	polygon: fillColor = '[-1. -1. -1.] (rgb)'
36.7368 	EXP 	polygon_2: fillColor = '[-1. -1. -1.] (rgb)'
36.7533 	EXP 	polygon: fillColor = '[-2. -2. -2.] (rgb)'
36.7533 	EXP 	polygon_2: fillColor = '[0.73205081 0.73205081 0.73205081] (rgb)'
36.7705 	EXP 	polygon: fillColor = '[-2.73205081 -2.73205081 -2.73205081] (rgb)'
36.7705 	EXP 	polygon_2: fillColor = '[-2.73205081 -2.73205081 -2.73205081] (rgb)'
36.7867 	EXP 	polygon: fillColor = '[-3. -3. -3.] (rgb)'
36.7867 	EXP 	polygon_2: fillColor = '[-1. -1. -1.] (rgb)'
36.8029 	EXP 	polygon: fillColor = '[-2.73205081 -2.73205081 -2.73205081] (rgb)'
36.8029 	EXP 	polygon_2: fillColor = '[0.73205081 0.73205081 0.73205081] (rgb)'
36.8202 	EXP 	polygon: fillColor = '[-2. -2. -2.] (rgb)'
36.8202 	EXP 	polygon_2: fillColor = '[-2.73205081 -2.73205081 -2.73205081] (rgb)'
36.8377 	EXP 	polygon: fillColor = '[-1. -1. -1.] (rgb)'
36.8377 	EXP 	polygon_2: fillColor = '[-1. -1. -1.] (rgb)'
36.8536 	EXP 	polygon: fillColor = '[8.8817842e-16 8.8817842e-16 8.8817842e-16] (rgb)'
36.8536 	EXP 	polygon_2: fillColor = '[0.73205081 0.73205081 0.73205081] (rgb)'
36.8700 	EXP 	polygon: fillColor = '[0.73205081 0.73205081 0.73205081] (rgb)'
36.8700 	EXP 	polygon_2: fillColor = '[-2.73205081 -2.73205081 -2.73205081] (rgb)'
36.8868 	EXP 	polygon: fillColor = '[1. 1. 1.] (rgb)'
36.8868 	EXP 	polygon_2: fillColor = '[-1. -1. -1.] (rgb)'
36.9033 	EXP 	polygon: fillColor = '[0.73205081 0.73205081 0.73205081] (rgb)'
36.9033 	EXP 	polygon_2: fillColor = '[0.73205081 0.73205081 0.73205081] (rgb)'
36.9211 	EXP 	polygon: fillColor = '[3.33066907e-15 3.33066907e-15 3.33066907e-15] (rgb)'
36.9211 	EXP 	polygon_2: fillColor = '[-2.73205081 -2.73205081 -2.73205081] (rgb)'
36.9364 	EXP 	polygon: fillColor = '[-1. -1. -1.] (rgb)'
36.9364 	EXP 	polygon_2: fillColor = '[-1. -1. -1.] (rgb)'
36.9555 	EXP 	polygon: fillColor = '[-2. -2. -2.] (rgb)'
36.9555 	EXP 	polygon_2: fillColor = '[0.73205081 0.73205081 0.73205081] (rgb)'
36.9709 	EXP 	polygon: fillColor = '[-2.73205081 -2.73205081 -2.73205081] (rgb)'
36.9709 	EXP 	polygon_2: fillColor = '[-2.73205081 -2.73205081 -2.73205081] (rgb)'
36.9862 	EXP 	polygon: fillColor = '[-3. -3. -3.] (rgb)'
36.9862 	EXP 	polygon_2: fillColor = '[-1. -1. -1.] (rgb)'
37.0031 	EXP 	polygon: fillColor = '[-2.73205081 -2.73205081 -2.73205081] (rgb)'
37.0031 	EXP 	polygon_2: fillColor = '[0.73205081 0.73205081 0.73205081] (rgb)'
37.0199 	EXP 	polygon: fillColor = '[-2. -2. -2.] (rgb)'
37.0199 	EXP 	polygon_2: fillColor = '[-2.73205081 -2.73205081 -2.73205081] (rgb)'
37.0367 	EXP 	polygon: fillColor = '[-1. -1. -1.] (rgb)'
37.0367 	EXP 	polygon_2: fillColor = '[-1. -1. -1.] (rgb)'
37.0531 	EXP 	polygon: fillColor = '[-1.18793864e-14 -1.18793864e-14 -1.18793864e-14] (rgb)'
37.0531 	EXP 	polygon_2: fillColor = '[0.73205081 0.73205081 0.73205081] (rgb)'
37.0698 	EXP 	polygon: fillColor = '[0.73205081 0.73205081 0.73205081] (rgb)'
37.0698 	EXP 	polygon_2: fillColor = '[-2.73205081 -2.73205081 -2.73205081] (rgb)'
37.0880 	EXP 	polygon: fillColor = '[1. 1. 1.] (rgb)'
37.0880 	EXP 	polygon_2: fillColor = '[-1. -1. -1.] (rgb)'
37.1029 	EXP 	polygon: fillColor = '[0.73205081 0.73205081 0.73205081] (rgb)'
37.1029 	EXP 	polygon_2: fillColor = '[0.73205081 0.73205081 0.73205081] (rgb)'
37.1197 	EXP 	polygon: fillColor = '[1.62092562e-14 1.62092562e-14 1.62092562e-14] (rgb)'
37.1197 	EXP 	polygon_2: fillColor = '[-2.73205081 -2.73205081 -2.73205081] (rgb)'
37.1369 	EXP 	polygon: fillColor = '[-1. -1. -1.] (rgb)'
37.1369 	EXP 	polygon_2: fillColor = '[-1. -1. -1.] (rgb)'
37.1543 	EXP 	polygon: fillColor = '[-2. -2. -2.] (rgb)'
37.1543 	EXP 	polygon_2: fillColor = '[0.73205081 0.73205081 0.73205081] (rgb)'
37.1695 	EXP 	polygon: fillColor = '[-2.73205081 -2.73205081 -2.73205081] (rgb)'
37.1695 	EXP 	polygon_2: fillColor = '[-2.73205081 -2.73205081 -2.73205081] (rgb)'
37.1876 	EXP 	polygon: fillColor = '[-3. -3. -3.] (rgb)'
37.1876 	EXP 	polygon_2: fillColor = '[-1. -1. -1.] (rgb)'
37.2031 	EXP 	polygon: fillColor = '[-2.73205081 -2.73205081 -2.73205081] (rgb)'
37.2031 	EXP 	polygon_2: fillColor = '[0.73205081 0.73205081 0.73205081] (rgb)'
37.2200 	EXP 	polygon: fillColor = '[-2. -2. -2.] (rgb)'
37.2200 	EXP 	polygon_2: fillColor = '[-2.73205081 -2.73205081 -2.73205081] (rgb)'
37.2373 	EXP 	polygon: fillColor = '[-1. -1. -1.] (rgb)'
37.2373 	EXP 	polygon_2: fillColor = '[-1. -1. -1.] (rgb)'
37.2533 	EXP 	polygon: fillColor = '[0. 0. 0.] (rgb)'
37.2533 	EXP 	polygon_2: fillColor = '[0.73205081 0.73205081 0.73205081] (rgb)'
37.2693 	EXP 	polygon: fillColor = '[0.73205081 0.73205081 0.73205081] (rgb)'
37.2693 	EXP 	polygon_2: fillColor = '[-2.73205081 -2.73205081 -2.73205081] (rgb)'
37.2860 	EXP 	polygon: fillColor = '[1. 1. 1.] (rgb)'
37.2860 	EXP 	polygon_2: fillColor = '[-1. -1. -1.] (rgb)'
37.3031 	EXP 	polygon: fillColor = '[0.73205081 0.73205081 0.73205081] (rgb)'
37.3031 	EXP 	polygon_2: fillColor = '[0.73205081 0.73205081 0.73205081] (rgb)'
37.3196 	EXP 	polygon: fillColor = '[4.21884749e-15 4.21884749e-15 4.21884749e-15] (rgb)'
37.3196 	EXP 	polygon_2: fillColor = '[-2.73205081 -2.73205081 -2.73205081] (rgb)'
37.3362 	EXP 	polygon: fillColor = '[-1. -1. -1.] (rgb)'
37.3362 	EXP 	polygon_2: fillColor = '[-1. -1. -1.] (rgb)'
37.3537 	EXP 	polygon: fillColor = '[-2. -2. -2.] (rgb)'
37.3537 	EXP 	polygon_2: fillColor = '[0.73205081 0.73205081 0.73205081] (rgb)'
37.3696 	EXP 	polygon: fillColor = '[-2.73205081 -2.73205081 -2.73205081] (rgb)'
37.3696 	EXP 	polygon_2: fillColor = '[-2.73205081 -2.73205081 -2.73205081] (rgb)'
37.3860 	EXP 	polygon: fillColor = '[-3. -3. -3.] (rgb)'
37.3860 	EXP 	polygon_2: fillColor = '[-1. -1. -1.] (rgb)'
37.4030 	EXP 	polygon: fillColor = '[-2.73205081 -2.73205081 -2.73205081] (rgb)'
37.4030 	EXP 	polygon_2: fillColor = '[0.73205081 0.73205081 0.73205081] (rgb)'
37.4196 	EXP 	polygon: fillColor = '[-2. -2. -2.] (rgb)'
37.4196 	EXP 	polygon_2: fillColor = '[-2.73205081 -2.73205081 -2.73205081] (rgb)'
37.4373 	EXP 	polygon: fillColor = '[-1. -1. -1.] (rgb)'
37.4373 	EXP 	polygon_2: fillColor = '[-1. -1. -1.] (rgb)'
37.4529 	EXP 	polygon: fillColor = '[1.19904087e-14 1.19904087e-14 1.19904087e-14] (rgb)'
37.4529 	EXP 	polygon_2: fillColor = '[0.73205081 0.73205081 0.73205081] (rgb)'
37.4696 	EXP 	polygon: fillColor = '[0.73205081 0.73205081 0.73205081] (rgb)'
37.4696 	EXP 	polygon_2: fillColor = '[-2.73205081 -2.73205081 -2.73205081] (rgb)'
37.4858 	EXP 	polygon: fillColor = '[1. 1. 1.] (rgb)'
37.4858 	EXP 	polygon_2: fillColor = '[-1. -1. -1.] (rgb)'
37.5028 	EXP 	polygon: fillColor = '[0.73205081 0.73205081 0.73205081] (rgb)'
37.5028 	EXP 	polygon_2: fillColor = '[0.73205081 0.73205081 0.73205081] (rgb)'
37.5191 	EXP 	polygon: fillColor = '[1.687539e-14 1.687539e-14 1.687539e-14] (rgb)'
37.5191 	EXP 	polygon_2: fillColor = '[-2.73205081 -2.73205081 -2.73205081] (rgb)'
37.5358 	EXP 	polygon: fillColor = '[-1. -1. -1.] (rgb)'
37.5358 	EXP 	polygon_2: fillColor = '[-1. -1. -1.] (rgb)'
37.5528 	EXP 	polygon: fillColor = '[-2. -2. -2.] (rgb)'
37.5528 	EXP 	polygon_2: fillColor = '[0.73205081 0.73205081 0.73205081] (rgb)'
37.5693 	EXP 	polygon: fillColor = '[-2.73205081 -2.73205081 -2.73205081] (rgb)'
37.5693 	EXP 	polygon_2: fillColor = '[-2.73205081 -2.73205081 -2.73205081] (rgb)'
37.5861 	EXP 	polygon: fillColor = '[-3. -3. -3.] (rgb)'
37.5861 	EXP 	polygon_2: fillColor = '[-1. -1. -1.] (rgb)'
37.6035 	EXP 	polygon: fillColor = '[-2.73205081 -2.73205081 -2.73205081] (rgb)'
37.6035 	EXP 	polygon_2: fillColor = '[0.73205081 0.73205081 0.73205081] (rgb)'
37.6193 	EXP 	polygon: fillColor = '[-2. -2. -2.] (rgb)'
37.6193 	EXP 	polygon_2: fillColor = '[-2.73205081 -2.73205081 -2.73205081] (rgb)'
37.6360 	EXP 	polygon: fillColor = '[-1. -1. -1.] (rgb)'
37.6360 	EXP 	polygon_2: fillColor = '[-1. -1. -1.] (rgb)'
37.6529 	EXP 	polygon: fillColor = '[-8.8817842e-16 -8.8817842e-16 -8.8817842e-16] (rgb)'
37.6529 	EXP 	polygon_2: fillColor = '[0.73205081 0.73205081 0.73205081] (rgb)'
37.6696 	EXP 	polygon: fillColor = '[0.73205081 0.73205081 0.73205081] (rgb)'
37.6696 	EXP 	polygon_2: fillColor = '[-2.73205081 -2.73205081 -2.73205081] (rgb)'
37.6860 	EXP 	polygon: fillColor = '[1. 1. 1.] (rgb)'
37.6860 	EXP 	polygon_2: fillColor = '[-1. -1. -1.] (rgb)'
37.7033 	EXP 	polygon: fillColor = '[0.73205081 0.73205081 0.73205081] (rgb)'
37.7033 	EXP 	polygon_2: fillColor = '[0.73205081 0.73205081 0.73205081] (rgb)'
37.7194 	EXP 	polygon: fillColor = '[5.10702591e-15 5.10702591e-15 5.10702591e-15] (rgb)'
37.7194 	EXP 	polygon_2: fillColor = '[-2.73205081 -2.73205081 -2.73205081] (rgb)'
37.7363 	EXP 	polygon: fillColor = '[-1. -1. -1.] (rgb)'
37.7363 	EXP 	polygon_2: fillColor = '[-1. -1. -1.] (rgb)'
37.7531 	EXP 	polygon: fillColor = '[-2. -2. -2.] (rgb)'
37.7531 	EXP 	polygon_2: fillColor = '[0.73205081 0.73205081 0.73205081] (rgb)'
37.7699 	EXP 	polygon: fillColor = '[-2.73205081 -2.73205081 -2.73205081] (rgb)'
37.7699 	EXP 	polygon_2: fillColor = '[-2.73205081 -2.73205081 -2.73205081] (rgb)'
37.7864 	EXP 	polygon: fillColor = '[-3. -3. -3.] (rgb)'
37.7864 	EXP 	polygon_2: fillColor = '[-1. -1. -1.] (rgb)'
37.8029 	EXP 	polygon: fillColor = '[-2.73205081 -2.73205081 -2.73205081] (rgb)'
37.8029 	EXP 	polygon_2: fillColor = '[0.73205081 0.73205081 0.73205081] (rgb)'
37.8192 	EXP 	polygon: fillColor = '[-2. -2. -2.] (rgb)'
37.8192 	EXP 	polygon_2: fillColor = '[-2.73205081 -2.73205081 -2.73205081] (rgb)'
37.8365 	EXP 	polygon: autoDraw = False
37.8365 	EXP 	polygon_2: autoDraw = False
37.8645 	EXP 	window1: mouseVisible = True
