1.7575 	WARNING 	Import Error: No module named 'psychtoolbox'. Using event module for keyboard component.
5.3047 	EXP 	Created window1 = Window(allowGUI=False, allowStencil=False, args=UNKNOWN, autoLog=True, bitsMode=UNKNOWN, blendMode='avg', color=array([-1., -1., -1.]), colorSpace='rgb', fullscr=<method-wrapper '__getattribute__' of attributeSetter object at 0x0000022F1E8C0948>, gamma=None, gammaErrorPolicy='raise', kwargs=UNKNOWN, lms=UNKNOWN, monitor=<psychopy.monitors.calibTools.Monitor object at 0x0000022F1E9336C8>, multiSample=False, name='window1', numSamples=2, pos=[0.0, 0.0], screen=0, size=array([1920, 1080]), stereo=False, units='height', useFBO=True, useRetina=False, viewOri=0.0, viewPos=None, viewScale=None, waitBlanking=True, winType='pyglet')
5.3047 	EXP 	window1: recordFrameIntervals = False
5.4708 	EXP 	window1: recordFrameIntervals = True
5.6545 	EXP 	window1: recordFrameIntervals = False
5.6574 	EXP 	Created polygon = Rect(__class__=<class 'psychopy.visual.rect.Rect'>, autoDraw=False, autoLog=True, closeShape=True, color=method-wrapper(...), colorSpace=None, contrast=1.0, depth=0.0, fillColor=array([1., 1., 1.]), fillColorSpace='rgb', fillRGB=array([1., 1., 1.]), interpolate=True, lineColor=array([1., 1., 1.]), lineColorSpace='rgb', lineRGB=array([1., 1., 1.]), lineWidth=1, name='polygon', opacity=1.0, ori=array(0.), pos=array([-0.3,  0. ]), size=array([1., 1.]), units='height', vertices=ndarray(...), win=Window(...))
5.6594 	EXP 	Created polygon_2 = Rect(__class__=<class 'psychopy.visual.rect.Rect'>, autoDraw=False, autoLog=True, closeShape=True, color=method-wrapper(...), colorSpace=None, contrast=1.0, depth=-1.0, fillColor=array([1., 1., 1.]), fillColorSpace='rgb', fillRGB=array([1., 1., 1.]), interpolate=True, lineColor=array([1., 1., 1.]), lineColorSpace='rgb', lineRGB=array([1., 1., 1.]), lineWidth=1, name='polygon_2', opacity=1.0, ori=array(0.), pos=array([0.3, 0. ]), size=array([1., 1.]), units='height', vertices=ndarray(...), win=Window(...))
5.6725 	EXP 	Imported condi.xlsx as conditions, 2 conditions, 1 params
5.6729 	EXP 	Created sequence: random, trialTypes=2, nReps=5, seed=None
5.6733 	EXP 	New trial (rep=0, index=0): OrderedDict([('num', 0.5)])
5.6822 	EXP 	polygon: fillColor = '[0.5 0.5 0.5] (rgb)'
5.6822 	EXP 	polygon: autoDraw = True
5.6822 	EXP 	polygon_2: autoDraw = True
5.6822 	EXP 	polygon: fillColor = '[0. 0. 0.] (rgb)'
5.7036 	EXP 	polygon: fillColor = '[0.0001 0.0001 0.0001] (rgb)'
5.7205 	EXP 	polygon: fillColor = '[0.0002 0.0002 0.0002] (rgb)'
5.7372 	EXP 	polygon: fillColor = '[0.0003 0.0003 0.0003] (rgb)'
5.7538 	EXP 	polygon: fillColor = '[0.0004 0.0004 0.0004] (rgb)'
5.7704 	EXP 	polygon: fillColor = '[0.0005 0.0005 0.0005] (rgb)'
5.7870 	EXP 	polygon: fillColor = '[0.0006 0.0006 0.0006] (rgb)'
5.8038 	EXP 	polygon: fillColor = '[0.0007 0.0007 0.0007] (rgb)'
5.8204 	EXP 	polygon: fillColor = '[0.0008 0.0008 0.0008] (rgb)'
5.8373 	EXP 	polygon: fillColor = '[0.0009 0.0009 0.0009] (rgb)'
5.8539 	EXP 	polygon: fillColor = '[0.001 0.001 0.001] (rgb)'
5.8703 	EXP 	polygon: fillColor = '[0.0011 0.0011 0.0011] (rgb)'
5.8872 	EXP 	polygon: fillColor = '[0.0012 0.0012 0.0012] (rgb)'
5.9042 	EXP 	polygon: fillColor = '[0.0013 0.0013 0.0013] (rgb)'
5.9202 	EXP 	polygon: fillColor = '[0.0014 0.0014 0.0014] (rgb)'
5.9371 	EXP 	polygon: fillColor = '[0.0015 0.0015 0.0015] (rgb)'
5.9548 	EXP 	polygon: fillColor = '[0.0016 0.0016 0.0016] (rgb)'
5.9705 	EXP 	polygon: fillColor = '[0.0017 0.0017 0.0017] (rgb)'
5.9870 	EXP 	polygon: fillColor = '[0.0018 0.0018 0.0018] (rgb)'
6.0041 	EXP 	polygon: fillColor = '[0.0019 0.0019 0.0019] (rgb)'
6.0205 	EXP 	polygon: fillColor = '[0.002 0.002 0.002] (rgb)'
6.0369 	EXP 	polygon: fillColor = '[0.0021 0.0021 0.0021] (rgb)'
6.0537 	EXP 	polygon: fillColor = '[0.0022 0.0022 0.0022] (rgb)'
6.0707 	EXP 	polygon: fillColor = '[0.0023 0.0023 0.0023] (rgb)'
6.0870 	EXP 	polygon: fillColor = '[0.0024 0.0024 0.0024] (rgb)'
6.1036 	EXP 	polygon: fillColor = '[0.0025 0.0025 0.0025] (rgb)'
6.1203 	EXP 	polygon: fillColor = '[0.0026 0.0026 0.0026] (rgb)'
6.1368 	EXP 	polygon: fillColor = '[0.0027 0.0027 0.0027] (rgb)'
6.1534 	EXP 	polygon: fillColor = '[0.0028 0.0028 0.0028] (rgb)'
6.1704 	EXP 	polygon: fillColor = '[0.0029 0.0029 0.0029] (rgb)'
6.1870 	EXP 	polygon: fillColor = '[0.003 0.003 0.003] (rgb)'
6.2034 	EXP 	polygon: fillColor = '[0.0031 0.0031 0.0031] (rgb)'
6.2203 	EXP 	polygon: fillColor = '[0.0032 0.0032 0.0032] (rgb)'
6.2370 	EXP 	polygon: fillColor = '[0.0033 0.0033 0.0033] (rgb)'
6.2548 	EXP 	polygon: fillColor = '[0.0034 0.0034 0.0034] (rgb)'
6.2701 	EXP 	polygon: fillColor = '[0.0035 0.0035 0.0035] (rgb)'
6.2867 	EXP 	polygon: fillColor = '[0.0036 0.0036 0.0036] (rgb)'
6.3037 	EXP 	polygon: fillColor = '[0.0037 0.0037 0.0037] (rgb)'
6.3200 	EXP 	polygon: fillColor = '[0.0038 0.0038 0.0038] (rgb)'
6.3370 	EXP 	polygon: fillColor = '[0.0039 0.0039 0.0039] (rgb)'
6.3536 	EXP 	polygon: fillColor = '[0.004 0.004 0.004] (rgb)'
6.3703 	EXP 	polygon: fillColor = '[0.0041 0.0041 0.0041] (rgb)'
6.3870 	EXP 	polygon: fillColor = '[0.0042 0.0042 0.0042] (rgb)'
6.4032 	EXP 	polygon: fillColor = '[0.0043 0.0043 0.0043] (rgb)'
6.4208 	EXP 	polygon: fillColor = '[0.0044 0.0044 0.0044] (rgb)'
6.4367 	EXP 	polygon: fillColor = '[0.0045 0.0045 0.0045] (rgb)'
6.4537 	EXP 	polygon: fillColor = '[0.0046 0.0046 0.0046] (rgb)'
6.4715 	EXP 	polygon: fillColor = '[0.0047 0.0047 0.0047] (rgb)'
6.4869 	EXP 	polygon: fillColor = '[0.0048 0.0048 0.0048] (rgb)'
6.5037 	EXP 	polygon: fillColor = '[0.0049 0.0049 0.0049] (rgb)'
6.5215 	EXP 	polygon: fillColor = '[0.005 0.005 0.005] (rgb)'
6.5377 	EXP 	polygon: fillColor = '[0.0051 0.0051 0.0051] (rgb)'
6.5537 	EXP 	polygon: fillColor = '[0.0052 0.0052 0.0052] (rgb)'
6.5699 	EXP 	polygon: fillColor = '[0.0053 0.0053 0.0053] (rgb)'
6.5873 	EXP 	polygon: fillColor = '[0.0054 0.0054 0.0054] (rgb)'
6.6033 	EXP 	polygon: fillColor = '[0.0055 0.0055 0.0055] (rgb)'
6.6200 	EXP 	polygon: fillColor = '[0.0056 0.0056 0.0056] (rgb)'
6.6366 	EXP 	polygon: fillColor = '[0.0057 0.0057 0.0057] (rgb)'
6.6531 	EXP 	polygon: fillColor = '[0.0058 0.0058 0.0058] (rgb)'
6.6708 	EXP 	polygon: fillColor = '[0.0059 0.0059 0.0059] (rgb)'
6.6866 	EXP 	polygon: fillColor = '[0.006 0.006 0.006] (rgb)'
6.7031 	EXP 	polygon: fillColor = '[0.0061 0.0061 0.0061] (rgb)'
6.7202 	EXP 	polygon: fillColor = '[0.0062 0.0062 0.0062] (rgb)'
6.7366 	EXP 	polygon: fillColor = '[0.0063 0.0063 0.0063] (rgb)'
6.7542 	EXP 	polygon: fillColor = '[0.0064 0.0064 0.0064] (rgb)'
6.7709 	EXP 	polygon: fillColor = '[0.0065 0.0065 0.0065] (rgb)'
6.7866 	EXP 	polygon: fillColor = '[0.0066 0.0066 0.0066] (rgb)'
6.8037 	EXP 	polygon: fillColor = '[0.0067 0.0067 0.0067] (rgb)'
6.8200 	EXP 	polygon: fillColor = '[0.0068 0.0068 0.0068] (rgb)'
6.8368 	EXP 	polygon: fillColor = '[0.0069 0.0069 0.0069] (rgb)'
6.8530 	EXP 	polygon: fillColor = '[0.007 0.007 0.007] (rgb)'
6.8699 	EXP 	polygon: fillColor = '[0.0071 0.0071 0.0071] (rgb)'
6.8866 	EXP 	polygon: fillColor = '[0.0072 0.0072 0.0072] (rgb)'
6.9031 	EXP 	polygon: fillColor = '[0.0073 0.0073 0.0073] (rgb)'
6.9198 	EXP 	polygon: fillColor = '[0.0074 0.0074 0.0074] (rgb)'
6.9381 	EXP 	polygon: fillColor = '[0.0075 0.0075 0.0075] (rgb)'
6.9528 	EXP 	polygon: fillColor = '[0.0076 0.0076 0.0076] (rgb)'
6.9703 	EXP 	polygon: fillColor = '[0.0077 0.0077 0.0077] (rgb)'
6.9866 	EXP 	polygon: fillColor = '[0.0078 0.0078 0.0078] (rgb)'
7.0031 	EXP 	polygon: fillColor = '[0.0079 0.0079 0.0079] (rgb)'
7.0202 	EXP 	polygon: fillColor = '[0.008 0.008 0.008] (rgb)'
7.0363 	EXP 	polygon: fillColor = '[0.0081 0.0081 0.0081] (rgb)'
7.0530 	EXP 	polygon: fillColor = '[0.0082 0.0082 0.0082] (rgb)'
7.0698 	EXP 	polygon: fillColor = '[0.0083 0.0083 0.0083] (rgb)'
7.0868 	EXP 	polygon: fillColor = '[0.0084 0.0084 0.0084] (rgb)'
7.1028 	EXP 	polygon: fillColor = '[0.0085 0.0085 0.0085] (rgb)'
7.1212 	EXP 	polygon: fillColor = '[0.0086 0.0086 0.0086] (rgb)'
7.1362 	EXP 	polygon: fillColor = '[0.0087 0.0087 0.0087] (rgb)'
7.1541 	EXP 	polygon: fillColor = '[0.0088 0.0088 0.0088] (rgb)'
7.1698 	EXP 	polygon: fillColor = '[0.0089 0.0089 0.0089] (rgb)'
7.1867 	EXP 	polygon: fillColor = '[0.009 0.009 0.009] (rgb)'
7.2032 	EXP 	polygon: fillColor = '[0.0091 0.0091 0.0091] (rgb)'
7.2201 	EXP 	polygon: fillColor = '[0.0092 0.0092 0.0092] (rgb)'
7.2365 	EXP 	polygon: fillColor = '[0.0093 0.0093 0.0093] (rgb)'
7.2540 	EXP 	polygon: fillColor = '[0.0094 0.0094 0.0094] (rgb)'
7.2702 	EXP 	polygon: fillColor = '[0.0095 0.0095 0.0095] (rgb)'
7.2861 	EXP 	polygon: fillColor = '[0.0096 0.0096 0.0096] (rgb)'
7.3029 	EXP 	polygon: fillColor = '[0.0097 0.0097 0.0097] (rgb)'
7.3194 	EXP 	polygon: fillColor = '[0.0098 0.0098 0.0098] (rgb)'
7.3366 	EXP 	polygon: fillColor = '[0.0099 0.0099 0.0099] (rgb)'
7.3531 	EXP 	polygon: fillColor = '[0.01 0.01 0.01] (rgb)'
7.3693 	EXP 	polygon: fillColor = '[0.0101 0.0101 0.0101] (rgb)'
7.3861 	EXP 	polygon: fillColor = '[0.0102 0.0102 0.0102] (rgb)'
7.4029 	EXP 	polygon: fillColor = '[0.0103 0.0103 0.0103] (rgb)'
7.4195 	EXP 	polygon: fillColor = '[0.0104 0.0104 0.0104] (rgb)'
7.4367 	EXP 	polygon: fillColor = '[0.0105 0.0105 0.0105] (rgb)'
7.4535 	EXP 	polygon: fillColor = '[0.0106 0.0106 0.0106] (rgb)'
7.4697 	EXP 	polygon: fillColor = '[0.0107 0.0107 0.0107] (rgb)'
7.4864 	EXP 	polygon: fillColor = '[0.0108 0.0108 0.0108] (rgb)'
7.5041 	EXP 	polygon: fillColor = '[0.0109 0.0109 0.0109] (rgb)'
7.5196 	EXP 	polygon: fillColor = '[0.011 0.011 0.011] (rgb)'
7.5364 	EXP 	polygon: fillColor = '[0.0111 0.0111 0.0111] (rgb)'
7.5527 	EXP 	polygon: fillColor = '[0.0112 0.0112 0.0112] (rgb)'
7.5694 	EXP 	polygon: fillColor = '[0.0113 0.0113 0.0113] (rgb)'
7.5861 	EXP 	polygon: fillColor = '[0.0114 0.0114 0.0114] (rgb)'
7.6031 	EXP 	polygon: fillColor = '[0.0115 0.0115 0.0115] (rgb)'
7.6203 	EXP 	polygon: fillColor = '[0.0116 0.0116 0.0116] (rgb)'
7.6359 	EXP 	polygon: fillColor = '[0.0117 0.0117 0.0117] (rgb)'
7.6526 	EXP 	polygon: fillColor = '[0.0118 0.0118 0.0118] (rgb)'
7.6697 	EXP 	polygon: fillColor = '[0.0119 0.0119 0.0119] (rgb)'
7.6861 	EXP 	polygon: fillColor = '[0.012 0.012 0.012] (rgb)'
7.7027 	EXP 	polygon: fillColor = '[0.0121 0.0121 0.0121] (rgb)'
7.7195 	EXP 	polygon: fillColor = '[0.0122 0.0122 0.0122] (rgb)'
7.7361 	EXP 	polygon: fillColor = '[0.0123 0.0123 0.0123] (rgb)'
7.7531 	EXP 	polygon: fillColor = '[0.0124 0.0124 0.0124] (rgb)'
7.7692 	EXP 	polygon: fillColor = '[0.0125 0.0125 0.0125] (rgb)'
7.7869 	EXP 	polygon: fillColor = '[0.0126 0.0126 0.0126] (rgb)'
7.8024 	EXP 	polygon: fillColor = '[0.0127 0.0127 0.0127] (rgb)'
7.8197 	EXP 	polygon: fillColor = '[0.0128 0.0128 0.0128] (rgb)'
7.8368 	EXP 	polygon: fillColor = '[0.0129 0.0129 0.0129] (rgb)'
7.8529 	EXP 	polygon: fillColor = '[0.013 0.013 0.013] (rgb)'
7.8695 	EXP 	polygon: fillColor = '[0.0131 0.0131 0.0131] (rgb)'
7.8862 	EXP 	polygon: fillColor = '[0.0132 0.0132 0.0132] (rgb)'
7.9024 	EXP 	polygon: fillColor = '[0.0133 0.0133 0.0133] (rgb)'
7.9193 	EXP 	polygon: fillColor = '[0.0134 0.0134 0.0134] (rgb)'
7.9358 	EXP 	polygon: fillColor = '[0.0135 0.0135 0.0135] (rgb)'
7.9529 	EXP 	polygon: fillColor = '[0.0136 0.0136 0.0136] (rgb)'
7.9694 	EXP 	polygon: fillColor = '[0.0137 0.0137 0.0137] (rgb)'
7.9861 	EXP 	polygon: fillColor = '[0.0138 0.0138 0.0138] (rgb)'
8.0034 	EXP 	polygon: fillColor = '[0.0139 0.0139 0.0139] (rgb)'
8.0192 	EXP 	polygon: fillColor = '[0.014 0.014 0.014] (rgb)'
8.0363 	EXP 	polygon: fillColor = '[0.0141 0.0141 0.0141] (rgb)'
8.0525 	EXP 	polygon: fillColor = '[0.0142 0.0142 0.0142] (rgb)'
8.0690 	EXP 	polygon: fillColor = '[0.0143 0.0143 0.0143] (rgb)'
8.0860 	EXP 	polygon: fillColor = '[0.0144 0.0144 0.0144] (rgb)'
8.1025 	EXP 	polygon: fillColor = '[0.0145 0.0145 0.0145] (rgb)'
8.1194 	EXP 	polygon: fillColor = '[0.0146 0.0146 0.0146] (rgb)'
8.1359 	EXP 	polygon: fillColor = '[0.0147 0.0147 0.0147] (rgb)'
8.1527 	EXP 	polygon: fillColor = '[0.0148 0.0148 0.0148] (rgb)'
8.1700 	EXP 	polygon: fillColor = '[0.0149 0.0149 0.0149] (rgb)'
8.1859 	EXP 	polygon: fillColor = '[0.015 0.015 0.015] (rgb)'
8.2026 	EXP 	polygon: fillColor = '[0.0151 0.0151 0.0151] (rgb)'
8.2187 	EXP 	polygon: fillColor = '[0.0152 0.0152 0.0152] (rgb)'
8.2357 	EXP 	polygon: fillColor = '[0.0153 0.0153 0.0153] (rgb)'
8.2530 	EXP 	polygon: fillColor = '[0.0154 0.0154 0.0154] (rgb)'
8.2693 	EXP 	polygon: fillColor = '[0.0155 0.0155 0.0155] (rgb)'
8.2881 	EXP 	polygon: fillColor = '[0.0156 0.0156 0.0156] (rgb)'
8.3025 	EXP 	polygon: fillColor = '[0.0157 0.0157 0.0157] (rgb)'
8.3190 	EXP 	polygon: fillColor = '[0.0158 0.0158 0.0158] (rgb)'
8.3358 	EXP 	polygon: fillColor = '[0.0159 0.0159 0.0159] (rgb)'
8.3524 	EXP 	polygon: fillColor = '[0.016 0.016 0.016] (rgb)'
8.3691 	EXP 	polygon: fillColor = '[0.0161 0.0161 0.0161] (rgb)'
8.3857 	EXP 	polygon: fillColor = '[0.0162 0.0162 0.0162] (rgb)'
8.4024 	EXP 	polygon: fillColor = '[0.0163 0.0163 0.0163] (rgb)'
8.4190 	EXP 	polygon: fillColor = '[0.0164 0.0164 0.0164] (rgb)'
8.4355 	EXP 	polygon: fillColor = '[0.0165 0.0165 0.0165] (rgb)'
8.4522 	EXP 	polygon: fillColor = '[0.0166 0.0166 0.0166] (rgb)'
8.4699 	EXP 	polygon: fillColor = '[0.0167 0.0167 0.0167] (rgb)'
8.4869 	EXP 	polygon: fillColor = '[0.0168 0.0168 0.0168] (rgb)'
8.5021 	EXP 	polygon: fillColor = '[0.0169 0.0169 0.0169] (rgb)'
8.5197 	EXP 	polygon: fillColor = '[0.017 0.017 0.017] (rgb)'
8.5368 	EXP 	polygon: fillColor = '[0.0171 0.0171 0.0171] (rgb)'
8.5516 	EXP 	polygon: fillColor = '[0.0172 0.0172 0.0172] (rgb)'
8.5690 	EXP 	polygon: fillColor = '[0.0173 0.0173 0.0173] (rgb)'
8.5855 	EXP 	polygon: fillColor = '[0.0174 0.0174 0.0174] (rgb)'
8.6022 	EXP 	polygon: fillColor = '[0.0175 0.0175 0.0175] (rgb)'
8.6187 	EXP 	polygon: fillColor = '[0.0176 0.0176 0.0176] (rgb)'
8.6364 	EXP 	polygon: fillColor = '[0.0177 0.0177 0.0177] (rgb)'
8.6519 	EXP 	polygon: fillColor = '[0.0178 0.0178 0.0178] (rgb)'
8.6686 	EXP 	polygon: fillColor = '[0.0179 0.0179 0.0179] (rgb)'
8.6857 	EXP 	polygon: fillColor = '[0.018 0.018 0.018] (rgb)'
8.7022 	EXP 	polygon: fillColor = '[0.0181 0.0181 0.0181] (rgb)'
8.7187 	EXP 	polygon: fillColor = '[0.0182 0.0182 0.0182] (rgb)'
8.7358 	EXP 	polygon: fillColor = '[0.0183 0.0183 0.0183] (rgb)'
8.7521 	EXP 	polygon: fillColor = '[0.0184 0.0184 0.0184] (rgb)'
8.7684 	EXP 	polygon: fillColor = '[0.0185 0.0185 0.0185] (rgb)'
8.7855 	EXP 	polygon: fillColor = '[0.0186 0.0186 0.0186] (rgb)'
8.8019 	EXP 	polygon: fillColor = '[0.0187 0.0187 0.0187] (rgb)'
8.8185 	EXP 	polygon: fillColor = '[0.0188 0.0188 0.0188] (rgb)'
8.8363 	EXP 	polygon: fillColor = '[0.0189 0.0189 0.0189] (rgb)'
8.8520 	EXP 	polygon: fillColor = '[0.019 0.019 0.019] (rgb)'
8.8685 	EXP 	polygon: fillColor = '[0.0191 0.0191 0.0191] (rgb)'
8.8854 	EXP 	polygon: fillColor = '[0.0192 0.0192 0.0192] (rgb)'
8.9033 	EXP 	polygon: fillColor = '[0.0193 0.0193 0.0193] (rgb)'
8.9194 	EXP 	polygon: fillColor = '[0.0194 0.0194 0.0194] (rgb)'
8.9357 	EXP 	polygon: fillColor = '[0.0195 0.0195 0.0195] (rgb)'
8.9522 	EXP 	polygon: fillColor = '[0.0196 0.0196 0.0196] (rgb)'
8.9697 	EXP 	polygon: fillColor = '[0.0197 0.0197 0.0197] (rgb)'
8.9855 	EXP 	polygon: fillColor = '[0.0198 0.0198 0.0198] (rgb)'
9.0023 	EXP 	polygon: fillColor = '[0.0199 0.0199 0.0199] (rgb)'
9.0191 	EXP 	polygon: fillColor = '[0.02 0.02 0.02] (rgb)'
9.0350 	EXP 	polygon: fillColor = '[0.0201 0.0201 0.0201] (rgb)'
9.0519 	EXP 	polygon: fillColor = '[0.0202 0.0202 0.0202] (rgb)'
9.0686 	EXP 	polygon: fillColor = '[0.0203 0.0203 0.0203] (rgb)'
9.0851 	EXP 	polygon: fillColor = '[0.0204 0.0204 0.0204] (rgb)'
9.1020 	EXP 	polygon: fillColor = '[0.0205 0.0205 0.0205] (rgb)'
9.1200 	EXP 	polygon: fillColor = '[0.0206 0.0206 0.0206] (rgb)'
9.1363 	EXP 	polygon: fillColor = '[0.0207 0.0207 0.0207] (rgb)'
9.1520 	EXP 	polygon: fillColor = '[0.0208 0.0208 0.0208] (rgb)'
9.1687 	EXP 	polygon: fillColor = '[0.0209 0.0209 0.0209] (rgb)'
9.1851 	EXP 	polygon: fillColor = '[0.021 0.021 0.021] (rgb)'
9.2019 	EXP 	polygon: fillColor = '[0.0211 0.0211 0.0211] (rgb)'
9.2184 	EXP 	polygon: fillColor = '[0.0212 0.0212 0.0212] (rgb)'
9.2351 	EXP 	polygon: fillColor = '[0.0213 0.0213 0.0213] (rgb)'
9.2521 	EXP 	polygon: fillColor = '[0.0214 0.0214 0.0214] (rgb)'
9.2682 	EXP 	polygon: fillColor = '[0.0215 0.0215 0.0215] (rgb)'
9.2851 	EXP 	polygon: fillColor = '[0.0216 0.0216 0.0216] (rgb)'
9.3016 	EXP 	polygon: fillColor = '[0.0217 0.0217 0.0217] (rgb)'
9.3187 	EXP 	polygon: fillColor = '[0.0218 0.0218 0.0218] (rgb)'
9.3352 	EXP 	polygon: fillColor = '[0.0219 0.0219 0.0219] (rgb)'
9.3514 	EXP 	polygon: fillColor = '[0.022 0.022 0.022] (rgb)'
9.3680 	EXP 	polygon: fillColor = '[0.0221 0.0221 0.0221] (rgb)'
9.3850 	EXP 	polygon: fillColor = '[0.0222 0.0222 0.0222] (rgb)'
9.4016 	EXP 	polygon: fillColor = '[0.0223 0.0223 0.0223] (rgb)'
9.4187 	EXP 	polygon: fillColor = '[0.0224 0.0224 0.0224] (rgb)'
9.4350 	EXP 	polygon: fillColor = '[0.0225 0.0225 0.0225] (rgb)'
9.4517 	EXP 	polygon: fillColor = '[0.0226 0.0226 0.0226] (rgb)'
9.4685 	EXP 	polygon: fillColor = '[0.0227 0.0227 0.0227] (rgb)'
9.4850 	EXP 	polygon: fillColor = '[0.0228 0.0228 0.0228] (rgb)'
9.5017 	EXP 	polygon: fillColor = '[0.0229 0.0229 0.0229] (rgb)'
9.5184 	EXP 	polygon: fillColor = '[0.023 0.023 0.023] (rgb)'
9.5362 	EXP 	polygon: fillColor = '[0.0231 0.0231 0.0231] (rgb)'
9.5515 	EXP 	polygon: fillColor = '[0.0232 0.0232 0.0232] (rgb)'
9.5679 	EXP 	polygon: fillColor = '[0.0233 0.0233 0.0233] (rgb)'
9.5854 	EXP 	polygon: fillColor = '[0.0234 0.0234 0.0234] (rgb)'
9.6019 	EXP 	polygon: fillColor = '[0.0235 0.0235 0.0235] (rgb)'
9.6181 	EXP 	polygon: fillColor = '[0.0236 0.0236 0.0236] (rgb)'
9.6347 	EXP 	polygon: fillColor = '[0.0237 0.0237 0.0237] (rgb)'
9.6562 	EXP 	polygon: fillColor = '[0.0238 0.0238 0.0238] (rgb)'
9.6694 	EXP 	polygon: fillColor = '[0.0239 0.0239 0.0239] (rgb)'
9.6846 	EXP 	polygon: fillColor = '[0.024 0.024 0.024] (rgb)'
9.7016 	EXP 	polygon: fillColor = '[0.0241 0.0241 0.0241] (rgb)'
9.7182 	EXP 	polygon: fillColor = '[0.0242 0.0242 0.0242] (rgb)'
9.7350 	EXP 	polygon: fillColor = '[0.0243 0.0243 0.0243] (rgb)'
9.7516 	EXP 	polygon: fillColor = '[0.0244 0.0244 0.0244] (rgb)'
9.7681 	EXP 	polygon: fillColor = '[0.0245 0.0245 0.0245] (rgb)'
9.7851 	EXP 	polygon: fillColor = '[0.0246 0.0246 0.0246] (rgb)'
9.8017 	EXP 	polygon: fillColor = '[0.0247 0.0247 0.0247] (rgb)'
9.8180 	EXP 	polygon: fillColor = '[0.0248 0.0248 0.0248] (rgb)'
9.8349 	EXP 	polygon: fillColor = '[0.0249 0.0249 0.0249] (rgb)'
9.8515 	EXP 	polygon: fillColor = '[0.025 0.025 0.025] (rgb)'
9.8685 	EXP 	polygon: fillColor = '[0.0251 0.0251 0.0251] (rgb)'
9.8845 	EXP 	polygon: fillColor = '[0.0252 0.0252 0.0252] (rgb)'
9.9024 	EXP 	polygon: fillColor = '[0.0253 0.0253 0.0253] (rgb)'
9.9186 	EXP 	polygon: fillColor = '[0.0254 0.0254 0.0254] (rgb)'
9.9358 	EXP 	polygon: fillColor = '[0.0255 0.0255 0.0255] (rgb)'
9.9522 	EXP 	polygon: fillColor = '[0.0256 0.0256 0.0256] (rgb)'
9.9684 	EXP 	polygon: fillColor = '[0.0257 0.0257 0.0257] (rgb)'
9.9853 	EXP 	polygon: fillColor = '[0.0258 0.0258 0.0258] (rgb)'
10.0024 	EXP 	polygon: fillColor = '[0.0259 0.0259 0.0259] (rgb)'
10.0179 	EXP 	polygon: fillColor = '[0.026 0.026 0.026] (rgb)'
10.0356 	EXP 	polygon: fillColor = '[0.0261 0.0261 0.0261] (rgb)'
10.0513 	EXP 	polygon: fillColor = '[0.0262 0.0262 0.0262] (rgb)'
10.0682 	EXP 	polygon: fillColor = '[0.0263 0.0263 0.0263] (rgb)'
10.0846 	EXP 	polygon: fillColor = '[0.0264 0.0264 0.0264] (rgb)'
10.1011 	EXP 	polygon: fillColor = '[0.0265 0.0265 0.0265] (rgb)'
10.1194 	EXP 	polygon: fillColor = '[0.0266 0.0266 0.0266] (rgb)'
10.1349 	EXP 	polygon: fillColor = '[0.0267 0.0267 0.0267] (rgb)'
10.1515 	EXP 	polygon: fillColor = '[0.0268 0.0268 0.0268] (rgb)'
10.1680 	EXP 	polygon: fillColor = '[0.0269 0.0269 0.0269] (rgb)'
10.1848 	EXP 	polygon: fillColor = '[0.027 0.027 0.027] (rgb)'
10.2013 	EXP 	polygon: fillColor = '[0.0271 0.0271 0.0271] (rgb)'
10.2182 	EXP 	polygon: fillColor = '[0.0272 0.0272 0.0272] (rgb)'
10.2348 	EXP 	polygon: fillColor = '[0.0273 0.0273 0.0273] (rgb)'
10.2512 	EXP 	polygon: fillColor = '[0.0274 0.0274 0.0274] (rgb)'
10.2680 	EXP 	polygon: fillColor = '[0.0275 0.0275 0.0275] (rgb)'
10.2848 	EXP 	polygon: fillColor = '[0.0276 0.0276 0.0276] (rgb)'
10.3011 	EXP 	polygon: fillColor = '[0.0277 0.0277 0.0277] (rgb)'
10.3181 	EXP 	polygon: fillColor = '[0.0278 0.0278 0.0278] (rgb)'
10.3356 	EXP 	polygon: fillColor = '[0.0279 0.0279 0.0279] (rgb)'
10.3513 	EXP 	polygon: fillColor = '[0.028 0.028 0.028] (rgb)'
10.3680 	EXP 	polygon: fillColor = '[0.0281 0.0281 0.0281] (rgb)'
10.3855 	EXP 	polygon: fillColor = '[0.0282 0.0282 0.0282] (rgb)'
10.4015 	EXP 	polygon: fillColor = '[0.0283 0.0283 0.0283] (rgb)'
10.4181 	EXP 	polygon: fillColor = '[0.0284 0.0284 0.0284] (rgb)'
10.4351 	EXP 	polygon: fillColor = '[0.0285 0.0285 0.0285] (rgb)'
10.4515 	EXP 	polygon: fillColor = '[0.0286 0.0286 0.0286] (rgb)'
10.4684 	EXP 	polygon: fillColor = '[0.0287 0.0287 0.0287] (rgb)'
10.4848 	EXP 	polygon: fillColor = '[0.0288 0.0288 0.0288] (rgb)'
10.5012 	EXP 	polygon: fillColor = '[0.0289 0.0289 0.0289] (rgb)'
10.5183 	EXP 	polygon: fillColor = '[0.029 0.029 0.029] (rgb)'
10.5358 	EXP 	polygon: fillColor = '[0.0291 0.0291 0.0291] (rgb)'
10.5510 	EXP 	polygon: fillColor = '[0.0292 0.0292 0.0292] (rgb)'
10.5678 	EXP 	polygon: fillColor = '[0.0293 0.0293 0.0293] (rgb)'
10.5844 	EXP 	polygon: fillColor = '[0.0294 0.0294 0.0294] (rgb)'
10.6010 	EXP 	polygon: fillColor = '[0.0295 0.0295 0.0295] (rgb)'
10.6175 	EXP 	polygon: fillColor = '[0.0296 0.0296 0.0296] (rgb)'
10.6346 	EXP 	polygon: fillColor = '[0.0297 0.0297 0.0297] (rgb)'
10.6511 	EXP 	polygon: fillColor = '[0.0298 0.0298 0.0298] (rgb)'
10.6678 	EXP 	polygon: fillColor = '[0.0299 0.0299 0.0299] (rgb)'
10.6841 	EXP 	polygon: fillColor = '[0.03 0.03 0.03] (rgb)'
10.7016 	EXP 	polygon: fillColor = '[0.0301 0.0301 0.0301] (rgb)'
10.7173 	EXP 	polygon: fillColor = '[0.0302 0.0302 0.0302] (rgb)'
10.7343 	EXP 	polygon: fillColor = '[0.0303 0.0303 0.0303] (rgb)'
10.7519 	EXP 	polygon: fillColor = '[0.0304 0.0304 0.0304] (rgb)'
10.7678 	EXP 	polygon: fillColor = '[0.0305 0.0305 0.0305] (rgb)'
10.7845 	EXP 	polygon: fillColor = '[0.0306 0.0306 0.0306] (rgb)'
10.8018 	EXP 	polygon: fillColor = '[0.0307 0.0307 0.0307] (rgb)'
10.8175 	EXP 	polygon: fillColor = '[0.0308 0.0308 0.0308] (rgb)'
10.8344 	EXP 	polygon: fillColor = '[0.0309 0.0309 0.0309] (rgb)'
10.8512 	EXP 	polygon: fillColor = '[0.031 0.031 0.031] (rgb)'
10.8677 	EXP 	polygon: fillColor = '[0.0311 0.0311 0.0311] (rgb)'
10.8841 	EXP 	polygon: fillColor = '[0.0312 0.0312 0.0312] (rgb)'
10.9010 	EXP 	polygon: fillColor = '[0.0313 0.0313 0.0313] (rgb)'
10.9176 	EXP 	polygon: fillColor = '[0.0314 0.0314 0.0314] (rgb)'
10.9350 	EXP 	polygon: fillColor = '[0.0315 0.0315 0.0315] (rgb)'
10.9508 	EXP 	polygon: fillColor = '[0.0316 0.0316 0.0316] (rgb)'
10.9678 	EXP 	polygon: fillColor = '[0.0317 0.0317 0.0317] (rgb)'
10.9851 	EXP 	polygon: fillColor = '[0.0318 0.0318 0.0318] (rgb)'
11.0005 	EXP 	polygon: fillColor = '[0.0319 0.0319 0.0319] (rgb)'
11.0184 	EXP 	polygon: fillColor = '[0.032 0.032 0.032] (rgb)'
11.0346 	EXP 	polygon: fillColor = '[0.0321 0.0321 0.0321] (rgb)'
11.0512 	EXP 	polygon: fillColor = '[0.0322 0.0322 0.0322] (rgb)'
11.0682 	EXP 	polygon: fillColor = '[0.0323 0.0323 0.0323] (rgb)'
11.0839 	EXP 	polygon: fillColor = '[0.0324 0.0324 0.0324] (rgb)'
11.1013 	EXP 	polygon: fillColor = '[0.0325 0.0325 0.0325] (rgb)'
11.1174 	EXP 	polygon: fillColor = '[0.0326 0.0326 0.0326] (rgb)'
11.1341 	EXP 	polygon: fillColor = '[0.0327 0.0327 0.0327] (rgb)'
11.1516 	EXP 	polygon: fillColor = '[0.0328 0.0328 0.0328] (rgb)'
11.1673 	EXP 	polygon: fillColor = '[0.0329 0.0329 0.0329] (rgb)'
11.1843 	EXP 	polygon: fillColor = '[0.033 0.033 0.033] (rgb)'
11.2018 	EXP 	polygon: fillColor = '[0.0331 0.0331 0.0331] (rgb)'
11.2172 	EXP 	polygon: fillColor = '[0.0332 0.0332 0.0332] (rgb)'
11.2340 	EXP 	polygon: fillColor = '[0.0333 0.0333 0.0333] (rgb)'
11.2507 	EXP 	polygon: fillColor = '[0.0334 0.0334 0.0334] (rgb)'
11.2674 	EXP 	polygon: fillColor = '[0.0335 0.0335 0.0335] (rgb)'
11.2851 	EXP 	polygon: fillColor = '[0.0336 0.0336 0.0336] (rgb)'
11.3007 	EXP 	polygon: fillColor = '[0.0337 0.0337 0.0337] (rgb)'
11.3172 	EXP 	polygon: fillColor = '[0.0338 0.0338 0.0338] (rgb)'
11.3343 	EXP 	polygon: fillColor = '[0.0339 0.0339 0.0339] (rgb)'
11.3505 	EXP 	polygon: fillColor = '[0.034 0.034 0.034] (rgb)'
11.3673 	EXP 	polygon: fillColor = '[0.0341 0.0341 0.0341] (rgb)'
11.3841 	EXP 	polygon: fillColor = '[0.0342 0.0342 0.0342] (rgb)'
11.4004 	EXP 	polygon: fillColor = '[0.0343 0.0343 0.0343] (rgb)'
11.4185 	EXP 	polygon: fillColor = '[0.0344 0.0344 0.0344] (rgb)'
11.4342 	EXP 	polygon: fillColor = '[0.0345 0.0345 0.0345] (rgb)'
11.4508 	EXP 	polygon: fillColor = '[0.0346 0.0346 0.0346] (rgb)'
11.4676 	EXP 	polygon: fillColor = '[0.0347 0.0347 0.0347] (rgb)'
11.4839 	EXP 	polygon: fillColor = '[0.0348 0.0348 0.0348] (rgb)'
11.5008 	EXP 	polygon: fillColor = '[0.0349 0.0349 0.0349] (rgb)'
11.5170 	EXP 	polygon: fillColor = '[0.035 0.035 0.035] (rgb)'
11.5339 	EXP 	polygon: fillColor = '[0.0351 0.0351 0.0351] (rgb)'
11.5517 	EXP 	polygon: fillColor = '[0.0352 0.0352 0.0352] (rgb)'
11.5675 	EXP 	polygon: fillColor = '[0.0353 0.0353 0.0353] (rgb)'
11.5837 	EXP 	polygon: fillColor = '[0.0354 0.0354 0.0354] (rgb)'
11.6005 	EXP 	polygon: fillColor = '[0.0355 0.0355 0.0355] (rgb)'
11.6173 	EXP 	polygon: fillColor = '[0.0356 0.0356 0.0356] (rgb)'
11.6340 	EXP 	polygon: fillColor = '[0.0357 0.0357 0.0357] (rgb)'
11.6503 	EXP 	polygon: fillColor = '[0.0358 0.0358 0.0358] (rgb)'
11.6671 	EXP 	polygon: fillColor = '[0.0359 0.0359 0.0359] (rgb)'
11.6838 	EXP 	polygon: fillColor = '[0.036 0.036 0.036] (rgb)'
11.7005 	EXP 	polygon: fillColor = '[0.0361 0.0361 0.0361] (rgb)'
11.7190 	EXP 	polygon: fillColor = '[0.0362 0.0362 0.0362] (rgb)'
11.7334 	EXP 	polygon: fillColor = '[0.0363 0.0363 0.0363] (rgb)'
11.7518 	EXP 	polygon: fillColor = '[0.0364 0.0364 0.0364] (rgb)'
11.7670 	EXP 	polygon: fillColor = '[0.0365 0.0365 0.0365] (rgb)'
11.7839 	EXP 	polygon: fillColor = '[0.0366 0.0366 0.0366] (rgb)'
11.8003 	EXP 	polygon: fillColor = '[0.0367 0.0367 0.0367] (rgb)'
11.8168 	EXP 	polygon: fillColor = '[0.0368 0.0368 0.0368] (rgb)'
11.8337 	EXP 	polygon: fillColor = '[0.0369 0.0369 0.0369] (rgb)'
11.8503 	EXP 	polygon: fillColor = '[0.037 0.037 0.037] (rgb)'
11.8673 	EXP 	polygon: fillColor = '[0.0371 0.0371 0.0371] (rgb)'
11.8841 	EXP 	polygon: fillColor = '[0.0372 0.0372 0.0372] (rgb)'
11.9004 	EXP 	polygon: fillColor = '[0.0373 0.0373 0.0373] (rgb)'
11.9172 	EXP 	polygon: fillColor = '[0.0374 0.0374 0.0374] (rgb)'
11.9340 	EXP 	polygon: fillColor = '[0.0375 0.0375 0.0375] (rgb)'
11.9514 	EXP 	polygon: fillColor = '[0.0376 0.0376 0.0376] (rgb)'
11.9672 	EXP 	polygon: fillColor = '[0.0377 0.0377 0.0377] (rgb)'
11.9837 	EXP 	polygon: fillColor = '[0.0378 0.0378 0.0378] (rgb)'
12.0002 	EXP 	polygon: fillColor = '[0.0379 0.0379 0.0379] (rgb)'
12.0169 	EXP 	polygon: fillColor = '[0.038 0.038 0.038] (rgb)'
12.0338 	EXP 	polygon: fillColor = '[0.0381 0.0381 0.0381] (rgb)'
12.0501 	EXP 	polygon: fillColor = '[0.0382 0.0382 0.0382] (rgb)'
12.0669 	EXP 	polygon: fillColor = '[0.0383 0.0383 0.0383] (rgb)'
12.0836 	EXP 	polygon: fillColor = '[0.0384 0.0384 0.0384] (rgb)'
12.1004 	EXP 	polygon: fillColor = '[0.0385 0.0385 0.0385] (rgb)'
12.1175 	EXP 	polygon: fillColor = '[0.0386 0.0386 0.0386] (rgb)'
12.1343 	EXP 	polygon: fillColor = '[0.0387 0.0387 0.0387] (rgb)'
12.1498 	EXP 	polygon: fillColor = '[0.0388 0.0388 0.0388] (rgb)'
12.1679 	EXP 	polygon: fillColor = '[0.0389 0.0389 0.0389] (rgb)'
12.1835 	EXP 	polygon: fillColor = '[0.039 0.039 0.039] (rgb)'
12.2003 	EXP 	polygon: fillColor = '[0.0391 0.0391 0.0391] (rgb)'
12.2170 	EXP 	polygon: fillColor = '[0.0392 0.0392 0.0392] (rgb)'
12.2334 	EXP 	polygon: fillColor = '[0.0393 0.0393 0.0393] (rgb)'
12.2502 	EXP 	polygon: fillColor = '[0.0394 0.0394 0.0394] (rgb)'
12.2667 	EXP 	polygon: fillColor = '[0.0395 0.0395 0.0395] (rgb)'
12.2849 	EXP 	polygon: fillColor = '[0.0396 0.0396 0.0396] (rgb)'
12.3002 	EXP 	polygon: fillColor = '[0.0397 0.0397 0.0397] (rgb)'
12.3167 	EXP 	polygon: fillColor = '[0.0398 0.0398 0.0398] (rgb)'
12.3343 	EXP 	polygon: fillColor = '[0.0399 0.0399 0.0399] (rgb)'
12.3503 	EXP 	polygon: fillColor = '[0.04 0.04 0.04] (rgb)'
12.3666 	EXP 	polygon: fillColor = '[0.0401 0.0401 0.0401] (rgb)'
12.3831 	EXP 	polygon: fillColor = '[0.0402 0.0402 0.0402] (rgb)'
12.4000 	EXP 	polygon: fillColor = '[0.0403 0.0403 0.0403] (rgb)'
12.4169 	EXP 	polygon: fillColor = '[0.0404 0.0404 0.0404] (rgb)'
12.4335 	EXP 	polygon: fillColor = '[0.0405 0.0405 0.0405] (rgb)'
12.4500 	EXP 	polygon: fillColor = '[0.0406 0.0406 0.0406] (rgb)'
12.4675 	EXP 	polygon: fillColor = '[0.0407 0.0407 0.0407] (rgb)'
12.4836 	EXP 	polygon: fillColor = '[0.0408 0.0408 0.0408] (rgb)'
12.5002 	EXP 	polygon: fillColor = '[0.0409 0.0409 0.0409] (rgb)'
12.5172 	EXP 	polygon: fillColor = '[0.041 0.041 0.041] (rgb)'
12.5335 	EXP 	polygon: fillColor = '[0.0411 0.0411 0.0411] (rgb)'
12.5498 	EXP 	polygon: fillColor = '[0.0412 0.0412 0.0412] (rgb)'
12.5667 	EXP 	polygon: fillColor = '[0.0413 0.0413 0.0413] (rgb)'
12.5830 	EXP 	polygon: fillColor = '[0.0414 0.0414 0.0414] (rgb)'
12.6002 	EXP 	polygon: fillColor = '[0.0415 0.0415 0.0415] (rgb)'
12.6164 	EXP 	polygon: fillColor = '[0.0416 0.0416 0.0416] (rgb)'
12.6332 	EXP 	polygon: fillColor = '[0.0417 0.0417 0.0417] (rgb)'
12.6498 	EXP 	polygon: fillColor = '[0.0418 0.0418 0.0418] (rgb)'
12.6679 	EXP 	polygon: fillColor = '[0.0419 0.0419 0.0419] (rgb)'
12.6829 	EXP 	polygon: fillColor = '[0.042 0.042 0.042] (rgb)'
12.7004 	EXP 	polygon: fillColor = '[0.0421 0.0421 0.0421] (rgb)'
12.7167 	EXP 	polygon: fillColor = '[0.0422 0.0422 0.0422] (rgb)'
12.7350 	EXP 	polygon: fillColor = '[0.0423 0.0423 0.0423] (rgb)'
12.7502 	EXP 	polygon: fillColor = '[0.0424 0.0424 0.0424] (rgb)'
12.7667 	EXP 	polygon: fillColor = '[0.0425 0.0425 0.0425] (rgb)'
12.7832 	EXP 	polygon: fillColor = '[0.0426 0.0426 0.0426] (rgb)'
12.8001 	EXP 	polygon: fillColor = '[0.0427 0.0427 0.0427] (rgb)'
12.8172 	EXP 	polygon: fillColor = '[0.0428 0.0428 0.0428] (rgb)'
12.8333 	EXP 	polygon: fillColor = '[0.0429 0.0429 0.0429] (rgb)'
12.8499 	EXP 	polygon: fillColor = '[0.043 0.043 0.043] (rgb)'
12.8666 	EXP 	polygon: fillColor = '[0.0431 0.0431 0.0431] (rgb)'
12.8833 	EXP 	polygon: fillColor = '[0.0432 0.0432 0.0432] (rgb)'
12.8999 	EXP 	polygon: fillColor = '[0.0433 0.0433 0.0433] (rgb)'
12.9164 	EXP 	polygon: fillColor = '[0.0434 0.0434 0.0434] (rgb)'
12.9331 	EXP 	polygon: fillColor = '[0.0435 0.0435 0.0435] (rgb)'
12.9497 	EXP 	polygon: fillColor = '[0.0436 0.0436 0.0436] (rgb)'
12.9664 	EXP 	polygon: fillColor = '[0.0437 0.0437 0.0437] (rgb)'
12.9832 	EXP 	polygon: fillColor = '[0.0438 0.0438 0.0438] (rgb)'
12.9998 	EXP 	polygon: fillColor = '[0.0439 0.0439 0.0439] (rgb)'
13.0165 	EXP 	polygon: fillColor = '[0.044 0.044 0.044] (rgb)'
13.0333 	EXP 	polygon: fillColor = '[0.0441 0.0441 0.0441] (rgb)'
13.0497 	EXP 	polygon: fillColor = '[0.0442 0.0442 0.0442] (rgb)'
13.0662 	EXP 	polygon: fillColor = '[0.0443 0.0443 0.0443] (rgb)'
13.0829 	EXP 	polygon: fillColor = '[0.0444 0.0444 0.0444] (rgb)'
13.0997 	EXP 	polygon: fillColor = '[0.0445 0.0445 0.0445] (rgb)'
13.1161 	EXP 	polygon: fillColor = '[0.0446 0.0446 0.0446] (rgb)'
13.1332 	EXP 	polygon: fillColor = '[0.0447 0.0447 0.0447] (rgb)'
13.1499 	EXP 	polygon: fillColor = '[0.0448 0.0448 0.0448] (rgb)'
13.1668 	EXP 	polygon: fillColor = '[0.0449 0.0449 0.0449] (rgb)'
13.1840 	EXP 	polygon: fillColor = '[0.045 0.045 0.045] (rgb)'
13.2009 	EXP 	polygon: fillColor = '[0.0451 0.0451 0.0451] (rgb)'
13.2163 	EXP 	polygon: fillColor = '[0.0452 0.0452 0.0452] (rgb)'
13.2328 	EXP 	polygon: fillColor = '[0.0453 0.0453 0.0453] (rgb)'
13.2495 	EXP 	polygon: fillColor = '[0.0454 0.0454 0.0454] (rgb)'
13.2662 	EXP 	polygon: fillColor = '[0.0455 0.0455 0.0455] (rgb)'
13.2845 	EXP 	polygon: fillColor = '[0.0456 0.0456 0.0456] (rgb)'
13.2995 	EXP 	polygon: fillColor = '[0.0457 0.0457 0.0457] (rgb)'
13.3163 	EXP 	polygon: fillColor = '[0.0458 0.0458 0.0458] (rgb)'
13.3328 	EXP 	polygon: fillColor = '[0.0459 0.0459 0.0459] (rgb)'
13.3501 	EXP 	polygon: fillColor = '[0.046 0.046 0.046] (rgb)'
13.3662 	EXP 	polygon: fillColor = '[0.0461 0.0461 0.0461] (rgb)'
13.3828 	EXP 	polygon: fillColor = '[0.0462 0.0462 0.0462] (rgb)'
13.3997 	EXP 	polygon: fillColor = '[0.0463 0.0463 0.0463] (rgb)'
13.4163 	EXP 	polygon: fillColor = '[0.0464 0.0464 0.0464] (rgb)'
13.4329 	EXP 	polygon: fillColor = '[0.0465 0.0465 0.0465] (rgb)'
13.4498 	EXP 	polygon: fillColor = '[0.0466 0.0466 0.0466] (rgb)'
13.4661 	EXP 	polygon: fillColor = '[0.0467 0.0467 0.0467] (rgb)'
13.4839 	EXP 	polygon: fillColor = '[0.0468 0.0468 0.0468] (rgb)'
13.4996 	EXP 	polygon: fillColor = '[0.0469 0.0469 0.0469] (rgb)'
13.5164 	EXP 	polygon: fillColor = '[0.047 0.047 0.047] (rgb)'
13.5328 	EXP 	polygon: fillColor = '[0.0471 0.0471 0.0471] (rgb)'
13.5494 	EXP 	polygon: fillColor = '[0.0472 0.0472 0.0472] (rgb)'
13.5664 	EXP 	polygon: fillColor = '[0.0473 0.0473 0.0473] (rgb)'
13.5827 	EXP 	polygon: fillColor = '[0.0474 0.0474 0.0474] (rgb)'
13.5991 	EXP 	polygon: fillColor = '[0.0475 0.0475 0.0475] (rgb)'
13.6162 	EXP 	polygon: fillColor = '[0.0476 0.0476 0.0476] (rgb)'
13.6328 	EXP 	polygon: fillColor = '[0.0477 0.0477 0.0477] (rgb)'
13.6492 	EXP 	polygon: fillColor = '[0.0478 0.0478 0.0478] (rgb)'
13.6660 	EXP 	polygon: fillColor = '[0.0479 0.0479 0.0479] (rgb)'
13.6830 	EXP 	polygon: fillColor = '[0.048 0.048 0.048] (rgb)'
13.6992 	EXP 	polygon: fillColor = '[0.0481 0.0481 0.0481] (rgb)'
13.7161 	EXP 	polygon: fillColor = '[0.0482 0.0482 0.0482] (rgb)'
13.7329 	EXP 	polygon: fillColor = '[0.0483 0.0483 0.0483] (rgb)'
13.7495 	EXP 	polygon: fillColor = '[0.0484 0.0484 0.0484] (rgb)'
13.7669 	EXP 	polygon: fillColor = '[0.0485 0.0485 0.0485] (rgb)'
13.7837 	EXP 	polygon: fillColor = '[0.0486 0.0486 0.0486] (rgb)'
13.8000 	EXP 	polygon: fillColor = '[0.0487 0.0487 0.0487] (rgb)'
13.8167 	EXP 	polygon: fillColor = '[0.0488 0.0488 0.0488] (rgb)'
13.8342 	EXP 	polygon: fillColor = '[0.0489 0.0489 0.0489] (rgb)'
13.8500 	EXP 	polygon: fillColor = '[0.049 0.049 0.049] (rgb)'
13.8659 	EXP 	polygon: fillColor = '[0.0491 0.0491 0.0491] (rgb)'
13.8829 	EXP 	polygon: fillColor = '[0.0492 0.0492 0.0492] (rgb)'
13.8993 	EXP 	polygon: fillColor = '[0.0493 0.0493 0.0493] (rgb)'
13.9161 	EXP 	polygon: fillColor = '[0.0494 0.0494 0.0494] (rgb)'
13.9328 	EXP 	polygon: fillColor = '[0.0495 0.0495 0.0495] (rgb)'
13.9498 	EXP 	polygon: fillColor = '[0.0496 0.0496 0.0496] (rgb)'
13.9656 	EXP 	polygon: fillColor = '[0.0497 0.0497 0.0497] (rgb)'
13.9829 	EXP 	polygon: fillColor = '[0.0498 0.0498 0.0498] (rgb)'
13.9995 	EXP 	polygon: fillColor = '[0.0499 0.0499 0.0499] (rgb)'
14.0161 	EXP 	polygon: fillColor = '[0.05 0.05 0.05] (rgb)'
14.0327 	EXP 	polygon: fillColor = '[0.0501 0.0501 0.0501] (rgb)'
14.0491 	EXP 	polygon: fillColor = '[0.0502 0.0502 0.0502] (rgb)'
14.0660 	EXP 	polygon: fillColor = '[0.0503 0.0503 0.0503] (rgb)'
14.0823 	EXP 	polygon: fillColor = '[0.0504 0.0504 0.0504] (rgb)'
14.0990 	EXP 	polygon: fillColor = '[0.0505 0.0505 0.0505] (rgb)'
14.1155 	EXP 	polygon: fillColor = '[0.0506 0.0506 0.0506] (rgb)'
14.1326 	EXP 	polygon: fillColor = '[0.0507 0.0507 0.0507] (rgb)'
14.1493 	EXP 	polygon: fillColor = '[0.0508 0.0508 0.0508] (rgb)'
14.1658 	EXP 	polygon: fillColor = '[0.0509 0.0509 0.0509] (rgb)'
14.1822 	EXP 	polygon: fillColor = '[0.051 0.051 0.051] (rgb)'
14.1992 	EXP 	polygon: fillColor = '[0.0511 0.0511 0.0511] (rgb)'
14.2157 	EXP 	polygon: fillColor = '[0.0512 0.0512 0.0512] (rgb)'
14.2324 	EXP 	polygon: fillColor = '[0.0513 0.0513 0.0513] (rgb)'
14.2496 	EXP 	polygon: fillColor = '[0.0514 0.0514 0.0514] (rgb)'
14.2667 	EXP 	polygon: fillColor = '[0.0515 0.0515 0.0515] (rgb)'
14.2823 	EXP 	polygon: fillColor = '[0.0516 0.0516 0.0516] (rgb)'
14.2987 	EXP 	polygon: fillColor = '[0.0517 0.0517 0.0517] (rgb)'
14.3155 	EXP 	polygon: fillColor = '[0.0518 0.0518 0.0518] (rgb)'
14.3320 	EXP 	polygon: fillColor = '[0.0519 0.0519 0.0519] (rgb)'
14.3502 	EXP 	polygon: fillColor = '[0.052 0.052 0.052] (rgb)'
14.3656 	EXP 	polygon: fillColor = '[0.0521 0.0521 0.0521] (rgb)'
14.3822 	EXP 	polygon: fillColor = '[0.0522 0.0522 0.0522] (rgb)'
14.3989 	EXP 	polygon: fillColor = '[0.0523 0.0523 0.0523] (rgb)'
14.4161 	EXP 	polygon: fillColor = '[0.0524 0.0524 0.0524] (rgb)'
14.4323 	EXP 	polygon: fillColor = '[0.0525 0.0525 0.0525] (rgb)'
14.4489 	EXP 	polygon: fillColor = '[0.0526 0.0526 0.0526] (rgb)'
14.4669 	EXP 	polygon: fillColor = '[0.0527 0.0527 0.0527] (rgb)'
14.4827 	EXP 	polygon: fillColor = '[0.0528 0.0528 0.0528] (rgb)'
14.4988 	EXP 	polygon: fillColor = '[0.0529 0.0529 0.0529] (rgb)'
14.5155 	EXP 	polygon: fillColor = '[0.053 0.053 0.053] (rgb)'
14.5324 	EXP 	polygon: fillColor = '[0.0531 0.0531 0.0531] (rgb)'
14.5490 	EXP 	polygon: fillColor = '[0.0532 0.0532 0.0532] (rgb)'
14.5667 	EXP 	polygon: fillColor = '[0.0533 0.0533 0.0533] (rgb)'
14.5822 	EXP 	polygon: fillColor = '[0.0534 0.0534 0.0534] (rgb)'
14.5989 	EXP 	polygon: fillColor = '[0.0535 0.0535 0.0535] (rgb)'
14.6151 	EXP 	polygon: fillColor = '[0.0536 0.0536 0.0536] (rgb)'
14.6325 	EXP 	polygon: fillColor = '[0.0537 0.0537 0.0537] (rgb)'
14.6489 	EXP 	polygon: fillColor = '[0.0538 0.0538 0.0538] (rgb)'
14.6654 	EXP 	polygon: fillColor = '[0.0539 0.0539 0.0539] (rgb)'
14.6821 	EXP 	polygon: fillColor = '[0.054 0.054 0.054] (rgb)'
14.6998 	EXP 	polygon: fillColor = '[0.0541 0.0541 0.0541] (rgb)'
14.7153 	EXP 	polygon: fillColor = '[0.0542 0.0542 0.0542] (rgb)'
14.7329 	EXP 	polygon: fillColor = '[0.0543 0.0543 0.0543] (rgb)'
14.7488 	EXP 	polygon: fillColor = '[0.0544 0.0544 0.0544] (rgb)'
14.7653 	EXP 	polygon: fillColor = '[0.0545 0.0545 0.0545] (rgb)'
14.7900 	EXP 	polygon: fillColor = '[0.0546 0.0546 0.0546] (rgb)'
14.7990 	EXP 	polygon: fillColor = '[0.0547 0.0547 0.0547] (rgb)'
14.8153 	EXP 	polygon: fillColor = '[0.0548 0.0548 0.0548] (rgb)'
14.8321 	EXP 	polygon: fillColor = '[0.0549 0.0549 0.0549] (rgb)'
14.8485 	EXP 	polygon: fillColor = '[0.055 0.055 0.055] (rgb)'
14.8652 	EXP 	polygon: fillColor = '[0.0551 0.0551 0.0551] (rgb)'
14.8819 	EXP 	polygon: fillColor = '[0.0552 0.0552 0.0552] (rgb)'
14.8986 	EXP 	polygon: fillColor = '[0.0553 0.0553 0.0553] (rgb)'
14.9151 	EXP 	polygon: fillColor = '[0.0554 0.0554 0.0554] (rgb)'
14.9318 	EXP 	polygon: fillColor = '[0.0555 0.0555 0.0555] (rgb)'
14.9489 	EXP 	polygon: fillColor = '[0.0556 0.0556 0.0556] (rgb)'
14.9653 	EXP 	polygon: fillColor = '[0.0557 0.0557 0.0557] (rgb)'
14.9828 	EXP 	polygon: fillColor = '[0.0558 0.0558 0.0558] (rgb)'
14.9987 	EXP 	polygon: fillColor = '[0.0559 0.0559 0.0559] (rgb)'
15.0153 	EXP 	polygon: fillColor = '[0.056 0.056 0.056] (rgb)'
15.0331 	EXP 	polygon: fillColor = '[0.0561 0.0561 0.0561] (rgb)'
15.0485 	EXP 	polygon: fillColor = '[0.0562 0.0562 0.0562] (rgb)'
15.0653 	EXP 	polygon: fillColor = '[0.0563 0.0563 0.0563] (rgb)'
15.0816 	EXP 	polygon: fillColor = '[0.0564 0.0564 0.0564] (rgb)'
15.0990 	EXP 	polygon: fillColor = '[0.0565 0.0565 0.0565] (rgb)'
15.1150 	EXP 	polygon: fillColor = '[0.0566 0.0566 0.0566] (rgb)'
15.1319 	EXP 	polygon: fillColor = '[0.0567 0.0567 0.0567] (rgb)'
15.1484 	EXP 	polygon: fillColor = '[0.0568 0.0568 0.0568] (rgb)'
15.1649 	EXP 	polygon: fillColor = '[0.0569 0.0569 0.0569] (rgb)'
15.1819 	EXP 	polygon: fillColor = '[0.057 0.057 0.057] (rgb)'
15.1988 	EXP 	polygon: fillColor = '[0.0571 0.0571 0.0571] (rgb)'
15.2153 	EXP 	polygon: fillColor = '[0.0572 0.0572 0.0572] (rgb)'
15.2327 	EXP 	polygon: fillColor = '[0.0573 0.0573 0.0573] (rgb)'
15.2486 	EXP 	polygon: fillColor = '[0.0574 0.0574 0.0574] (rgb)'
15.2652 	EXP 	polygon: fillColor = '[0.0575 0.0575 0.0575] (rgb)'
15.2822 	EXP 	polygon: fillColor = '[0.0576 0.0576 0.0576] (rgb)'
15.2983 	EXP 	polygon: fillColor = '[0.0577 0.0577 0.0577] (rgb)'
15.3161 	EXP 	polygon: fillColor = '[0.0578 0.0578 0.0578] (rgb)'
15.3325 	EXP 	polygon: fillColor = '[0.0579 0.0579 0.0579] (rgb)'
15.3485 	EXP 	polygon: fillColor = '[0.058 0.058 0.058] (rgb)'
15.3649 	EXP 	polygon: fillColor = '[0.0581 0.0581 0.0581] (rgb)'
15.3813 	EXP 	polygon: fillColor = '[0.0582 0.0582 0.0582] (rgb)'
15.3992 	EXP 	polygon: fillColor = '[0.0583 0.0583 0.0583] (rgb)'
15.4149 	EXP 	polygon: fillColor = '[0.0584 0.0584 0.0584] (rgb)'
15.4319 	EXP 	polygon: fillColor = '[0.0585 0.0585 0.0585] (rgb)'
15.4482 	EXP 	polygon: fillColor = '[0.0586 0.0586 0.0586] (rgb)'
15.4649 	EXP 	polygon: fillColor = '[0.0587 0.0587 0.0587] (rgb)'
15.4834 	EXP 	polygon: fillColor = '[0.0588 0.0588 0.0588] (rgb)'
15.4983 	EXP 	polygon: fillColor = '[0.0589 0.0589 0.0589] (rgb)'
15.5154 	EXP 	polygon: fillColor = '[0.059 0.059 0.059] (rgb)'
15.5316 	EXP 	polygon: fillColor = '[0.0591 0.0591 0.0591] (rgb)'
15.5485 	EXP 	polygon: fillColor = '[0.0592 0.0592 0.0592] (rgb)'
15.5650 	EXP 	polygon: fillColor = '[0.0593 0.0593 0.0593] (rgb)'
15.5816 	EXP 	polygon: fillColor = '[0.0594 0.0594 0.0594] (rgb)'
15.5982 	EXP 	polygon: fillColor = '[0.0595 0.0595 0.0595] (rgb)'
15.6147 	EXP 	polygon: fillColor = '[0.0596 0.0596 0.0596] (rgb)'
15.6315 	EXP 	polygon: fillColor = '[0.0597 0.0597 0.0597] (rgb)'
15.6484 	EXP 	polygon: fillColor = '[0.0598 0.0598 0.0598] (rgb)'
15.6683 	EXP 	polygon: fillColor = '[0.0599 0.0599 0.0599] (rgb)'
15.6817 	EXP 	polygon: fillColor = '[0.06 0.06 0.06] (rgb)'
15.6979 	EXP 	polygon: fillColor = '[0.0601 0.0601 0.0601] (rgb)'
15.7150 	EXP 	polygon: fillColor = '[0.0602 0.0602 0.0602] (rgb)'
15.7318 	EXP 	polygon: fillColor = '[0.0603 0.0603 0.0603] (rgb)'
15.7489 	EXP 	polygon: fillColor = '[0.0604 0.0604 0.0604] (rgb)'
15.7647 	EXP 	polygon: fillColor = '[0.0605 0.0605 0.0605] (rgb)'
15.7813 	EXP 	polygon: fillColor = '[0.0606 0.0606 0.0606] (rgb)'
15.7991 	EXP 	polygon: fillColor = '[0.0607 0.0607 0.0607] (rgb)'
15.8153 	EXP 	polygon: fillColor = '[0.0608 0.0608 0.0608] (rgb)'
15.8312 	EXP 	polygon: fillColor = '[0.0609 0.0609 0.0609] (rgb)'
15.8484 	EXP 	polygon: fillColor = '[0.061 0.061 0.061] (rgb)'
15.8646 	EXP 	polygon: fillColor = '[0.0611 0.0611 0.0611] (rgb)'
15.8813 	EXP 	polygon: fillColor = '[0.0612 0.0612 0.0612] (rgb)'
15.8984 	EXP 	polygon: fillColor = '[0.0613 0.0613 0.0613] (rgb)'
15.9146 	EXP 	polygon: fillColor = '[0.0614 0.0614 0.0614] (rgb)'
15.9314 	EXP 	polygon: fillColor = '[0.0615 0.0615 0.0615] (rgb)'
15.9484 	EXP 	polygon: fillColor = '[0.0616 0.0616 0.0616] (rgb)'
15.9649 	EXP 	polygon: fillColor = '[0.0617 0.0617 0.0617] (rgb)'
15.9813 	EXP 	polygon: fillColor = '[0.0618 0.0618 0.0618] (rgb)'
15.9982 	EXP 	polygon: fillColor = '[0.0619 0.0619 0.0619] (rgb)'
16.0149 	EXP 	polygon: fillColor = '[0.062 0.062 0.062] (rgb)'
16.0316 	EXP 	polygon: fillColor = '[0.0621 0.0621 0.0621] (rgb)'
16.0479 	EXP 	polygon: fillColor = '[0.0622 0.0622 0.0622] (rgb)'
16.0648 	EXP 	polygon: fillColor = '[0.0623 0.0623 0.0623] (rgb)'
16.0812 	EXP 	polygon: fillColor = '[0.0624 0.0624 0.0624] (rgb)'
16.0981 	EXP 	polygon: fillColor = '[0.0625 0.0625 0.0625] (rgb)'
16.1147 	EXP 	polygon: fillColor = '[0.0626 0.0626 0.0626] (rgb)'
16.1309 	EXP 	polygon: fillColor = '[0.0627 0.0627 0.0627] (rgb)'
16.1480 	EXP 	polygon: fillColor = '[0.0628 0.0628 0.0628] (rgb)'
16.1645 	EXP 	polygon: fillColor = '[0.0629 0.0629 0.0629] (rgb)'
16.1814 	EXP 	polygon: fillColor = '[0.063 0.063 0.063] (rgb)'
16.1980 	EXP 	polygon: fillColor = '[0.0631 0.0631 0.0631] (rgb)'
16.2146 	EXP 	polygon: fillColor = '[0.0632 0.0632 0.0632] (rgb)'
16.2327 	EXP 	polygon: fillColor = '[0.0633 0.0633 0.0633] (rgb)'
16.2480 	EXP 	polygon: fillColor = '[0.0634 0.0634 0.0634] (rgb)'
16.2646 	EXP 	polygon: fillColor = '[0.0635 0.0635 0.0635] (rgb)'
16.2813 	EXP 	polygon: fillColor = '[0.0636 0.0636 0.0636] (rgb)'
16.2979 	EXP 	polygon: fillColor = '[0.0637 0.0637 0.0637] (rgb)'
16.3147 	EXP 	polygon: fillColor = '[0.0638 0.0638 0.0638] (rgb)'
16.3312 	EXP 	polygon: fillColor = '[0.0639 0.0639 0.0639] (rgb)'
16.3482 	EXP 	polygon: fillColor = '[0.064 0.064 0.064] (rgb)'
16.3648 	EXP 	polygon: fillColor = '[0.0641 0.0641 0.0641] (rgb)'
16.3812 	EXP 	polygon: fillColor = '[0.0642 0.0642 0.0642] (rgb)'
16.3981 	EXP 	polygon: fillColor = '[0.0643 0.0643 0.0643] (rgb)'
16.4143 	EXP 	polygon: fillColor = '[0.0644 0.0644 0.0644] (rgb)'
16.4308 	EXP 	polygon: fillColor = '[0.0645 0.0645 0.0645] (rgb)'
16.4475 	EXP 	polygon: fillColor = '[0.0646 0.0646 0.0646] (rgb)'
16.4643 	EXP 	polygon: fillColor = '[0.0647 0.0647 0.0647] (rgb)'
16.4812 	EXP 	polygon: fillColor = '[0.0648 0.0648 0.0648] (rgb)'
16.4978 	EXP 	polygon: fillColor = '[0.0649 0.0649 0.0649] (rgb)'
16.5144 	EXP 	polygon: fillColor = '[0.065 0.065 0.065] (rgb)'
16.5312 	EXP 	polygon: fillColor = '[0.0651 0.0651 0.0651] (rgb)'
16.5476 	EXP 	polygon: fillColor = '[0.0652 0.0652 0.0652] (rgb)'
16.5644 	EXP 	polygon: fillColor = '[0.0653 0.0653 0.0653] (rgb)'
16.5811 	EXP 	polygon: fillColor = '[0.0654 0.0654 0.0654] (rgb)'
16.5976 	EXP 	polygon: fillColor = '[0.0655 0.0655 0.0655] (rgb)'
16.6141 	EXP 	polygon: fillColor = '[0.0656 0.0656 0.0656] (rgb)'
16.6313 	EXP 	polygon: fillColor = '[0.0657 0.0657 0.0657] (rgb)'
16.6476 	EXP 	polygon: fillColor = '[0.0658 0.0658 0.0658] (rgb)'
16.6643 	EXP 	polygon: fillColor = '[0.0659 0.0659 0.0659] (rgb)'
16.6809 	EXP 	polygon: fillColor = '[0.066 0.066 0.066] (rgb)'
16.6980 	EXP 	polygon: fillColor = '[0.0661 0.0661 0.0661] (rgb)'
16.7141 	EXP 	polygon: fillColor = '[0.0662 0.0662 0.0662] (rgb)'
16.7324 	EXP 	polygon: fillColor = '[0.0663 0.0663 0.0663] (rgb)'
16.7476 	EXP 	polygon: fillColor = '[0.0664 0.0664 0.0664] (rgb)'
16.7641 	EXP 	polygon: fillColor = '[0.0665 0.0665 0.0665] (rgb)'
16.7820 	EXP 	polygon: fillColor = '[0.0666 0.0666 0.0666] (rgb)'
16.7977 	EXP 	polygon: fillColor = '[0.0667 0.0667 0.0667] (rgb)'
16.8143 	EXP 	polygon: fillColor = '[0.0668 0.0668 0.0668] (rgb)'
16.8317 	EXP 	polygon: fillColor = '[0.0669 0.0669 0.0669] (rgb)'
16.8474 	EXP 	polygon: fillColor = '[0.067 0.067 0.067] (rgb)'
16.8640 	EXP 	polygon: fillColor = '[0.0671 0.0671 0.0671] (rgb)'
16.8807 	EXP 	polygon: fillColor = '[0.0672 0.0672 0.0672] (rgb)'
16.8973 	EXP 	polygon: fillColor = '[0.0673 0.0673 0.0673] (rgb)'
16.9141 	EXP 	polygon: fillColor = '[0.0674 0.0674 0.0674] (rgb)'
16.9307 	EXP 	polygon: fillColor = '[0.0675 0.0675 0.0675] (rgb)'
16.9478 	EXP 	polygon: fillColor = '[0.0676 0.0676 0.0676] (rgb)'
16.9641 	EXP 	polygon: fillColor = '[0.0677 0.0677 0.0677] (rgb)'
16.9808 	EXP 	polygon: fillColor = '[0.0678 0.0678 0.0678] (rgb)'
16.9981 	EXP 	polygon: fillColor = '[0.0679 0.0679 0.0679] (rgb)'
17.0141 	EXP 	polygon: fillColor = '[0.068 0.068 0.068] (rgb)'
17.0307 	EXP 	polygon: fillColor = '[0.0681 0.0681 0.0681] (rgb)'
17.0475 	EXP 	polygon: fillColor = '[0.0682 0.0682 0.0682] (rgb)'
17.0657 	EXP 	polygon: fillColor = '[0.0683 0.0683 0.0683] (rgb)'
17.0807 	EXP 	polygon: fillColor = '[0.0684 0.0684 0.0684] (rgb)'
17.0976 	EXP 	polygon: fillColor = '[0.0685 0.0685 0.0685] (rgb)'
17.1144 	EXP 	polygon: fillColor = '[0.0686 0.0686 0.0686] (rgb)'
17.1307 	EXP 	polygon: fillColor = '[0.0687 0.0687 0.0687] (rgb)'
17.1475 	EXP 	polygon: fillColor = '[0.0688 0.0688 0.0688] (rgb)'
17.1640 	EXP 	polygon: fillColor = '[0.0689 0.0689 0.0689] (rgb)'
17.1806 	EXP 	polygon: fillColor = '[0.069 0.069 0.069] (rgb)'
17.1975 	EXP 	polygon: fillColor = '[0.0691 0.0691 0.0691] (rgb)'
17.2142 	EXP 	polygon: fillColor = '[0.0692 0.0692 0.0692] (rgb)'
17.2315 	EXP 	polygon: fillColor = '[0.0693 0.0693 0.0693] (rgb)'
17.2470 	EXP 	polygon: fillColor = '[0.0694 0.0694 0.0694] (rgb)'
17.2641 	EXP 	polygon: fillColor = '[0.0695 0.0695 0.0695] (rgb)'
17.2806 	EXP 	polygon: fillColor = '[0.0696 0.0696 0.0696] (rgb)'
17.2973 	EXP 	polygon: fillColor = '[0.0697 0.0697 0.0697] (rgb)'
17.3141 	EXP 	polygon: fillColor = '[0.0698 0.0698 0.0698] (rgb)'
17.3306 	EXP 	polygon: fillColor = '[0.0699 0.0699 0.0699] (rgb)'
17.3472 	EXP 	polygon: fillColor = '[0.07 0.07 0.07] (rgb)'
17.3638 	EXP 	polygon: fillColor = '[0.0701 0.0701 0.0701] (rgb)'
17.3813 	EXP 	polygon: fillColor = '[0.0702 0.0702 0.0702] (rgb)'
17.3976 	EXP 	polygon: fillColor = '[0.0703 0.0703 0.0703] (rgb)'
17.4143 	EXP 	polygon: fillColor = '[0.0704 0.0704 0.0704] (rgb)'
17.4307 	EXP 	polygon: fillColor = '[0.0705 0.0705 0.0705] (rgb)'
17.4473 	EXP 	polygon: fillColor = '[0.0706 0.0706 0.0706] (rgb)'
17.4643 	EXP 	polygon: fillColor = '[0.0707 0.0707 0.0707] (rgb)'
17.4817 	EXP 	polygon: fillColor = '[0.0708 0.0708 0.0708] (rgb)'
17.4967 	EXP 	polygon: fillColor = '[0.0709 0.0709 0.0709] (rgb)'
17.5137 	EXP 	polygon: fillColor = '[0.071 0.071 0.071] (rgb)'
17.5302 	EXP 	polygon: fillColor = '[0.0711 0.0711 0.0711] (rgb)'
17.5474 	EXP 	polygon: fillColor = '[0.0712 0.0712 0.0712] (rgb)'
17.5638 	EXP 	polygon: fillColor = '[0.0713 0.0713 0.0713] (rgb)'
17.5804 	EXP 	polygon: fillColor = '[0.0714 0.0714 0.0714] (rgb)'
17.5970 	EXP 	polygon: fillColor = '[0.0715 0.0715 0.0715] (rgb)'
17.6138 	EXP 	polygon: fillColor = '[0.0716 0.0716 0.0716] (rgb)'
17.6303 	EXP 	polygon: fillColor = '[0.0717 0.0717 0.0717] (rgb)'
17.6473 	EXP 	polygon: fillColor = '[0.0718 0.0718 0.0718] (rgb)'
17.6636 	EXP 	polygon: fillColor = '[0.0719 0.0719 0.0719] (rgb)'
17.6802 	EXP 	polygon: fillColor = '[0.072 0.072 0.072] (rgb)'
17.6968 	EXP 	polygon: fillColor = '[0.0721 0.0721 0.0721] (rgb)'
17.7139 	EXP 	polygon: fillColor = '[0.0722 0.0722 0.0722] (rgb)'
17.7307 	EXP 	polygon: fillColor = '[0.0723 0.0723 0.0723] (rgb)'
17.7471 	EXP 	polygon: fillColor = '[0.0724 0.0724 0.0724] (rgb)'
17.7641 	EXP 	polygon: fillColor = '[0.0725 0.0725 0.0725] (rgb)'
17.7805 	EXP 	polygon: fillColor = '[0.0726 0.0726 0.0726] (rgb)'
17.7971 	EXP 	polygon: fillColor = '[0.0727 0.0727 0.0727] (rgb)'
17.8145 	EXP 	polygon: fillColor = '[0.0728 0.0728 0.0728] (rgb)'
17.8303 	EXP 	polygon: fillColor = '[0.0729 0.0729 0.0729] (rgb)'
17.8474 	EXP 	polygon: fillColor = '[0.073 0.073 0.073] (rgb)'
17.8641 	EXP 	polygon: fillColor = '[0.0731 0.0731 0.0731] (rgb)'
17.8803 	EXP 	polygon: fillColor = '[0.0732 0.0732 0.0732] (rgb)'
17.8968 	EXP 	polygon: fillColor = '[0.0733 0.0733 0.0733] (rgb)'
17.9139 	EXP 	polygon: fillColor = '[0.0734 0.0734 0.0734] (rgb)'
17.9305 	EXP 	polygon: fillColor = '[0.0735 0.0735 0.0735] (rgb)'
17.9468 	EXP 	polygon: fillColor = '[0.0736 0.0736 0.0736] (rgb)'
17.9636 	EXP 	polygon: fillColor = '[0.0737 0.0737 0.0737] (rgb)'
17.9804 	EXP 	polygon: fillColor = '[0.0738 0.0738 0.0738] (rgb)'
17.9970 	EXP 	polygon: fillColor = '[0.0739 0.0739 0.0739] (rgb)'
18.0136 	EXP 	polygon: fillColor = '[0.074 0.074 0.074] (rgb)'
18.0303 	EXP 	polygon: fillColor = '[0.0741 0.0741 0.0741] (rgb)'
18.0466 	EXP 	polygon: fillColor = '[0.0742 0.0742 0.0742] (rgb)'
18.0636 	EXP 	polygon: fillColor = '[0.0743 0.0743 0.0743] (rgb)'
18.0797 	EXP 	polygon: fillColor = '[0.0744 0.0744 0.0744] (rgb)'
18.0968 	EXP 	polygon: fillColor = '[0.0745 0.0745 0.0745] (rgb)'
18.1133 	EXP 	polygon: fillColor = '[0.0746 0.0746 0.0746] (rgb)'
18.1302 	EXP 	polygon: fillColor = '[0.0747 0.0747 0.0747] (rgb)'
18.1469 	EXP 	polygon: fillColor = '[0.0748 0.0748 0.0748] (rgb)'
18.1633 	EXP 	polygon: fillColor = '[0.0749 0.0749 0.0749] (rgb)'
18.1803 	EXP 	polygon: fillColor = '[0.075 0.075 0.075] (rgb)'
18.1971 	EXP 	polygon: fillColor = '[0.0751 0.0751 0.0751] (rgb)'
18.2132 	EXP 	polygon: fillColor = '[0.0752 0.0752 0.0752] (rgb)'
18.2300 	EXP 	polygon: fillColor = '[0.0753 0.0753 0.0753] (rgb)'
18.2468 	EXP 	polygon: fillColor = '[0.0754 0.0754 0.0754] (rgb)'
18.2641 	EXP 	polygon: fillColor = '[0.0755 0.0755 0.0755] (rgb)'
18.2801 	EXP 	polygon: fillColor = '[0.0756 0.0756 0.0756] (rgb)'
18.2967 	EXP 	polygon: fillColor = '[0.0757 0.0757 0.0757] (rgb)'
18.3138 	EXP 	polygon: fillColor = '[0.0758 0.0758 0.0758] (rgb)'
18.3305 	EXP 	polygon: fillColor = '[0.0759 0.0759 0.0759] (rgb)'
18.3470 	EXP 	polygon: fillColor = '[0.076 0.076 0.076] (rgb)'
18.3633 	EXP 	polygon: fillColor = '[0.0761 0.0761 0.0761] (rgb)'
18.3798 	EXP 	polygon: fillColor = '[0.0762 0.0762 0.0762] (rgb)'
18.3967 	EXP 	polygon: fillColor = '[0.0763 0.0763 0.0763] (rgb)'
18.4132 	EXP 	polygon: fillColor = '[0.0764 0.0764 0.0764] (rgb)'
18.4299 	EXP 	polygon: fillColor = '[0.0765 0.0765 0.0765] (rgb)'
18.4468 	EXP 	polygon: fillColor = '[0.0766 0.0766 0.0766] (rgb)'
18.4636 	EXP 	polygon: fillColor = '[0.0767 0.0767 0.0767] (rgb)'
18.4811 	EXP 	polygon: fillColor = '[0.0768 0.0768 0.0768] (rgb)'
18.4979 	EXP 	polygon: fillColor = '[0.0769 0.0769 0.0769] (rgb)'
18.5135 	EXP 	polygon: fillColor = '[0.077 0.077 0.077] (rgb)'
18.5307 	EXP 	polygon: fillColor = '[0.0771 0.0771 0.0771] (rgb)'
18.5474 	EXP 	polygon: fillColor = '[0.0772 0.0772 0.0772] (rgb)'
18.5630 	EXP 	polygon: fillColor = '[0.0773 0.0773 0.0773] (rgb)'
18.5803 	EXP 	polygon: fillColor = '[0.0774 0.0774 0.0774] (rgb)'
18.5966 	EXP 	polygon: fillColor = '[0.0775 0.0775 0.0775] (rgb)'
18.6130 	EXP 	polygon: fillColor = '[0.0776 0.0776 0.0776] (rgb)'
18.6298 	EXP 	polygon: fillColor = '[0.0777 0.0777 0.0777] (rgb)'
18.6471 	EXP 	polygon: fillColor = '[0.0778 0.0778 0.0778] (rgb)'
18.6636 	EXP 	polygon: fillColor = '[0.0779 0.0779 0.0779] (rgb)'
18.6799 	EXP 	polygon: fillColor = '[0.078 0.078 0.078] (rgb)'
18.6966 	EXP 	polygon: fillColor = '[0.0781 0.0781 0.0781] (rgb)'
18.7132 	EXP 	polygon: fillColor = '[0.0782 0.0782 0.0782] (rgb)'
18.7297 	EXP 	polygon: fillColor = '[0.0783 0.0783 0.0783] (rgb)'
18.7468 	EXP 	polygon: fillColor = '[0.0784 0.0784 0.0784] (rgb)'
18.7634 	EXP 	polygon: fillColor = '[0.0785 0.0785 0.0785] (rgb)'
18.7800 	EXP 	polygon: fillColor = '[0.0786 0.0786 0.0786] (rgb)'
18.7968 	EXP 	polygon: fillColor = '[0.0787 0.0787 0.0787] (rgb)'
18.8133 	EXP 	polygon: fillColor = '[0.0788 0.0788 0.0788] (rgb)'
18.8308 	EXP 	polygon: fillColor = '[0.0789 0.0789 0.0789] (rgb)'
18.8468 	EXP 	polygon: fillColor = '[0.079 0.079 0.079] (rgb)'
18.8630 	EXP 	polygon: fillColor = '[0.0791 0.0791 0.0791] (rgb)'
18.8818 	EXP 	polygon: fillColor = '[0.0792 0.0792 0.0792] (rgb)'
18.8965 	EXP 	polygon: fillColor = '[0.0793 0.0793 0.0793] (rgb)'
18.9131 	EXP 	polygon: fillColor = '[0.0794 0.0794 0.0794] (rgb)'
18.9301 	EXP 	polygon: fillColor = '[0.0795 0.0795 0.0795] (rgb)'
18.9464 	EXP 	polygon: fillColor = '[0.0796 0.0796 0.0796] (rgb)'
18.9634 	EXP 	polygon: fillColor = '[0.0797 0.0797 0.0797] (rgb)'
18.9807 	EXP 	polygon: fillColor = '[0.0798 0.0798 0.0798] (rgb)'
18.9964 	EXP 	polygon: fillColor = '[0.0799 0.0799 0.0799] (rgb)'
19.0132 	EXP 	polygon: fillColor = '[0.08 0.08 0.08] (rgb)'
19.0300 	EXP 	polygon: fillColor = '[0.0801 0.0801 0.0801] (rgb)'
19.0463 	EXP 	polygon: fillColor = '[0.0802 0.0802 0.0802] (rgb)'
19.0641 	EXP 	polygon: fillColor = '[0.0803 0.0803 0.0803] (rgb)'
19.0797 	EXP 	polygon: fillColor = '[0.0804 0.0804 0.0804] (rgb)'
19.0963 	EXP 	polygon: fillColor = '[0.0805 0.0805 0.0805] (rgb)'
19.1127 	EXP 	polygon: fillColor = '[0.0806 0.0806 0.0806] (rgb)'
19.1297 	EXP 	polygon: fillColor = '[0.0807 0.0807 0.0807] (rgb)'
19.1466 	EXP 	polygon: fillColor = '[0.0808 0.0808 0.0808] (rgb)'
19.1629 	EXP 	polygon: fillColor = '[0.0809 0.0809 0.0809] (rgb)'
19.1793 	EXP 	polygon: fillColor = '[0.081 0.081 0.081] (rgb)'
19.1965 	EXP 	polygon: fillColor = '[0.0811 0.0811 0.0811] (rgb)'
19.2133 	EXP 	polygon: fillColor = '[0.0812 0.0812 0.0812] (rgb)'
19.2297 	EXP 	polygon: fillColor = '[0.0813 0.0813 0.0813] (rgb)'
19.2465 	EXP 	polygon: fillColor = '[0.0814 0.0814 0.0814] (rgb)'
19.2630 	EXP 	polygon: fillColor = '[0.0815 0.0815 0.0815] (rgb)'
19.2797 	EXP 	polygon: fillColor = '[0.0816 0.0816 0.0816] (rgb)'
19.2965 	EXP 	polygon: fillColor = '[0.0817 0.0817 0.0817] (rgb)'
19.3145 	EXP 	polygon: fillColor = '[0.0818 0.0818 0.0818] (rgb)'
19.3300 	EXP 	polygon: fillColor = '[0.0819 0.0819 0.0819] (rgb)'
19.3459 	EXP 	polygon: fillColor = '[0.082 0.082 0.082] (rgb)'
19.3623 	EXP 	polygon: fillColor = '[0.0821 0.0821 0.0821] (rgb)'
19.3792 	EXP 	polygon: fillColor = '[0.0822 0.0822 0.0822] (rgb)'
19.3961 	EXP 	polygon: fillColor = '[0.0823 0.0823 0.0823] (rgb)'
19.4127 	EXP 	polygon: fillColor = '[0.0824 0.0824 0.0824] (rgb)'
19.4292 	EXP 	polygon: fillColor = '[0.0825 0.0825 0.0825] (rgb)'
19.4459 	EXP 	polygon: fillColor = '[0.0826 0.0826 0.0826] (rgb)'
19.4629 	EXP 	polygon: fillColor = '[0.0827 0.0827 0.0827] (rgb)'
19.4804 	EXP 	polygon: fillColor = '[0.0828 0.0828 0.0828] (rgb)'
19.4970 	EXP 	polygon: fillColor = '[0.0829 0.0829 0.0829] (rgb)'
19.5126 	EXP 	polygon: fillColor = '[0.083 0.083 0.083] (rgb)'
19.5293 	EXP 	polygon: fillColor = '[0.0831 0.0831 0.0831] (rgb)'
19.5463 	EXP 	polygon: fillColor = '[0.0832 0.0832 0.0832] (rgb)'
19.5629 	EXP 	polygon: fillColor = '[0.0833 0.0833 0.0833] (rgb)'
19.5792 	EXP 	polygon: fillColor = '[0.0834 0.0834 0.0834] (rgb)'
19.5967 	EXP 	polygon: fillColor = '[0.0835 0.0835 0.0835] (rgb)'
19.6134 	EXP 	polygon: fillColor = '[0.0836 0.0836 0.0836] (rgb)'
19.6292 	EXP 	polygon: fillColor = '[0.0837 0.0837 0.0837] (rgb)'
19.6462 	EXP 	polygon: fillColor = '[0.0838 0.0838 0.0838] (rgb)'
19.6652 	EXP 	polygon: fillColor = '[0.0839 0.0839 0.0839] (rgb)'
19.6792 	EXP 	polygon: fillColor = '[0.084 0.084 0.084] (rgb)'
19.6955 	EXP 	polygon: fillColor = '[0.0841 0.0841 0.0841] (rgb)'
19.7125 	EXP 	polygon: fillColor = '[0.0842 0.0842 0.0842] (rgb)'
19.7292 	EXP 	polygon: fillColor = '[0.0843 0.0843 0.0843] (rgb)'
19.7456 	EXP 	polygon: fillColor = '[0.0844 0.0844 0.0844] (rgb)'
19.7629 	EXP 	polygon: fillColor = '[0.0845 0.0845 0.0845] (rgb)'
19.7794 	EXP 	polygon: fillColor = '[0.0846 0.0846 0.0846] (rgb)'
19.7956 	EXP 	polygon: fillColor = '[0.0847 0.0847 0.0847] (rgb)'
19.8128 	EXP 	polygon: fillColor = '[0.0848 0.0848 0.0848] (rgb)'
19.8307 	EXP 	polygon: fillColor = '[0.0849 0.0849 0.0849] (rgb)'
19.8460 	EXP 	polygon: fillColor = '[0.085 0.085 0.085] (rgb)'
19.8629 	EXP 	polygon: fillColor = '[0.0851 0.0851 0.0851] (rgb)'
19.8790 	EXP 	polygon: fillColor = '[0.0852 0.0852 0.0852] (rgb)'
19.8961 	EXP 	polygon: fillColor = '[0.0853 0.0853 0.0853] (rgb)'
19.9123 	EXP 	polygon: fillColor = '[0.0854 0.0854 0.0854] (rgb)'
19.9292 	EXP 	polygon: fillColor = '[0.0855 0.0855 0.0855] (rgb)'
19.9457 	EXP 	polygon: fillColor = '[0.0856 0.0856 0.0856] (rgb)'
19.9625 	EXP 	polygon: fillColor = '[0.0857 0.0857 0.0857] (rgb)'
19.9791 	EXP 	polygon: fillColor = '[0.0858 0.0858 0.0858] (rgb)'
19.9958 	EXP 	polygon: fillColor = '[0.0859 0.0859 0.0859] (rgb)'
20.0126 	EXP 	polygon: fillColor = '[0.086 0.086 0.086] (rgb)'
20.0292 	EXP 	polygon: fillColor = '[0.0861 0.0861 0.0861] (rgb)'
20.0455 	EXP 	polygon: fillColor = '[0.0862 0.0862 0.0862] (rgb)'
20.0637 	EXP 	polygon: fillColor = '[0.0863 0.0863 0.0863] (rgb)'
20.0795 	EXP 	polygon: fillColor = '[0.0864 0.0864 0.0864] (rgb)'
20.0954 	EXP 	polygon: fillColor = '[0.0865 0.0865 0.0865] (rgb)'
20.1123 	EXP 	polygon: fillColor = '[0.0866 0.0866 0.0866] (rgb)'
20.1292 	EXP 	polygon: fillColor = '[0.0867 0.0867 0.0867] (rgb)'
20.1459 	EXP 	polygon: fillColor = '[0.0868 0.0868 0.0868] (rgb)'
20.1621 	EXP 	polygon: fillColor = '[0.0869 0.0869 0.0869] (rgb)'
20.1787 	EXP 	polygon: fillColor = '[0.087 0.087 0.087] (rgb)'
20.1958 	EXP 	polygon: fillColor = '[0.0871 0.0871 0.0871] (rgb)'
20.2123 	EXP 	polygon: fillColor = '[0.0872 0.0872 0.0872] (rgb)'
20.2291 	EXP 	polygon: fillColor = '[0.0873 0.0873 0.0873] (rgb)'
20.2457 	EXP 	polygon: fillColor = '[0.0874 0.0874 0.0874] (rgb)'
20.2624 	EXP 	polygon: fillColor = '[0.0875 0.0875 0.0875] (rgb)'
20.2804 	EXP 	polygon: fillColor = '[0.0876 0.0876 0.0876] (rgb)'
20.2956 	EXP 	polygon: fillColor = '[0.0877 0.0877 0.0877] (rgb)'
20.3122 	EXP 	polygon: fillColor = '[0.0878 0.0878 0.0878] (rgb)'
20.3287 	EXP 	polygon: fillColor = '[0.0879 0.0879 0.0879] (rgb)'
20.3457 	EXP 	polygon: fillColor = '[0.088 0.088 0.088] (rgb)'
20.3622 	EXP 	polygon: fillColor = '[0.0881 0.0881 0.0881] (rgb)'
20.3790 	EXP 	polygon: fillColor = '[0.0882 0.0882 0.0882] (rgb)'
20.3957 	EXP 	polygon: fillColor = '[0.0883 0.0883 0.0883] (rgb)'
20.4119 	EXP 	polygon: fillColor = '[0.0884 0.0884 0.0884] (rgb)'
20.4287 	EXP 	polygon: fillColor = '[0.0885 0.0885 0.0885] (rgb)'
20.4457 	EXP 	polygon: fillColor = '[0.0886 0.0886 0.0886] (rgb)'
20.4620 	EXP 	polygon: fillColor = '[0.0887 0.0887 0.0887] (rgb)'
20.4789 	EXP 	polygon: fillColor = '[0.0888 0.0888 0.0888] (rgb)'
20.4955 	EXP 	polygon: fillColor = '[0.0889 0.0889 0.0889] (rgb)'
20.5122 	EXP 	polygon: fillColor = '[0.089 0.089 0.089] (rgb)'
20.5299 	EXP 	polygon: fillColor = '[0.0891 0.0891 0.0891] (rgb)'
20.5455 	EXP 	polygon: fillColor = '[0.0892 0.0892 0.0892] (rgb)'
20.5622 	EXP 	polygon: fillColor = '[0.0893 0.0893 0.0893] (rgb)'
20.5787 	EXP 	polygon: fillColor = '[0.0894 0.0894 0.0894] (rgb)'
20.5958 	EXP 	polygon: fillColor = '[0.0895 0.0895 0.0895] (rgb)'
20.6120 	EXP 	polygon: fillColor = '[0.0896 0.0896 0.0896] (rgb)'
20.6298 	EXP 	polygon: fillColor = '[0.0897 0.0897 0.0897] (rgb)'
20.6454 	EXP 	polygon: fillColor = '[0.0898 0.0898 0.0898] (rgb)'
20.6630 	EXP 	polygon: fillColor = '[0.0899 0.0899 0.0899] (rgb)'
20.6793 	EXP 	polygon: fillColor = '[0.09 0.09 0.09] (rgb)'
20.6951 	EXP 	polygon: fillColor = '[0.0901 0.0901 0.0901] (rgb)'
20.7122 	EXP 	polygon: fillColor = '[0.0902 0.0902 0.0902] (rgb)'
20.7286 	EXP 	polygon: fillColor = '[0.0903 0.0903 0.0903] (rgb)'
20.7454 	EXP 	polygon: fillColor = '[0.0904 0.0904 0.0904] (rgb)'
20.7623 	EXP 	polygon: fillColor = '[0.0905 0.0905 0.0905] (rgb)'
20.7787 	EXP 	polygon: fillColor = '[0.0906 0.0906 0.0906] (rgb)'
20.7955 	EXP 	polygon: fillColor = '[0.0907 0.0907 0.0907] (rgb)'
20.8119 	EXP 	polygon: fillColor = '[0.0908 0.0908 0.0908] (rgb)'
20.8286 	EXP 	polygon: fillColor = '[0.0909 0.0909 0.0909] (rgb)'
20.8463 	EXP 	polygon: fillColor = '[0.091 0.091 0.091] (rgb)'
20.8619 	EXP 	polygon: fillColor = '[0.0911 0.0911 0.0911] (rgb)'
20.8798 	EXP 	polygon: fillColor = '[0.0912 0.0912 0.0912] (rgb)'
20.8952 	EXP 	polygon: fillColor = '[0.0913 0.0913 0.0913] (rgb)'
20.9125 	EXP 	polygon: fillColor = '[0.0914 0.0914 0.0914] (rgb)'
20.9285 	EXP 	polygon: fillColor = '[0.0915 0.0915 0.0915] (rgb)'
20.9455 	EXP 	polygon: fillColor = '[0.0916 0.0916 0.0916] (rgb)'
20.9620 	EXP 	polygon: fillColor = '[0.0917 0.0917 0.0917] (rgb)'
20.9788 	EXP 	polygon: fillColor = '[0.0918 0.0918 0.0918] (rgb)'
20.9955 	EXP 	polygon: fillColor = '[0.0919 0.0919 0.0919] (rgb)'
21.0118 	EXP 	polygon: fillColor = '[0.092 0.092 0.092] (rgb)'
21.0283 	EXP 	polygon: fillColor = '[0.0921 0.0921 0.0921] (rgb)'
21.0453 	EXP 	polygon: fillColor = '[0.0922 0.0922 0.0922] (rgb)'
21.0616 	EXP 	polygon: fillColor = '[0.0923 0.0923 0.0923] (rgb)'
21.0786 	EXP 	polygon: fillColor = '[0.0924 0.0924 0.0924] (rgb)'
21.0951 	EXP 	polygon: fillColor = '[0.0925 0.0925 0.0925] (rgb)'
21.1120 	EXP 	polygon: fillColor = '[0.0926 0.0926 0.0926] (rgb)'
21.1283 	EXP 	polygon: fillColor = '[0.0927 0.0927 0.0927] (rgb)'
21.1450 	EXP 	polygon: fillColor = '[0.0928 0.0928 0.0928] (rgb)'
21.1617 	EXP 	polygon: fillColor = '[0.0929 0.0929 0.0929] (rgb)'
21.1781 	EXP 	polygon: fillColor = '[0.093 0.093 0.093] (rgb)'
21.1951 	EXP 	polygon: fillColor = '[0.0931 0.0931 0.0931] (rgb)'
21.2117 	EXP 	polygon: fillColor = '[0.0932 0.0932 0.0932] (rgb)'
21.2283 	EXP 	polygon: fillColor = '[0.0933 0.0933 0.0933] (rgb)'
21.2450 	EXP 	polygon: fillColor = '[0.0934 0.0934 0.0934] (rgb)'
21.2617 	EXP 	polygon: fillColor = '[0.0935 0.0935 0.0935] (rgb)'
21.2786 	EXP 	polygon: fillColor = '[0.0936 0.0936 0.0936] (rgb)'
21.2962 	EXP 	polygon: fillColor = '[0.0937 0.0937 0.0937] (rgb)'
21.3119 	EXP 	polygon: fillColor = '[0.0938 0.0938 0.0938] (rgb)'
21.3284 	EXP 	polygon: fillColor = '[0.0939 0.0939 0.0939] (rgb)'
21.3463 	EXP 	polygon: fillColor = '[0.094 0.094 0.094] (rgb)'
21.3478 	DATA 	Keypress: escape
21.3903 	EXP 	window1: mouseVisible = True
