1.6094 	WARNING 	Import Error: No module named 'psychtoolbox'. Using event module for keyboard component.
4.1479 	EXP 	Created window1 = Window(allowGUI=False, allowStencil=False, args=UNKNOWN, autoLog=True, bitsMode=UNKNOWN, blendMode='avg', color=array([-1., -1., -1.]), colorSpace='rgb', fullscr=<method-wrapper '__getattribute__' of attributeSetter object at 0x0000018BFB7C3988>, gamma=None, gammaErrorPolicy='raise', kwargs=UNKNOWN, lms=UNKNOWN, monitor=<psychopy.monitors.calibTools.Monitor object at 0x0000018BFB834948>, multiSample=False, name='window1', numSamples=2, pos=[0.0, 0.0], screen=0, size=array([1920, 1080]), stereo=False, units='height', useFBO=True, useRetina=False, viewOri=0.0, viewPos=None, viewScale=None, waitBlanking=True, winType='pyglet')
4.1479 	EXP 	window1: recordFrameIntervals = False
4.3140 	EXP 	window1: recordFrameIntervals = True
4.4970 	EXP 	window1: recordFrameIntervals = False
4.4985 	EXP 	Created polygon = Rect(__class__=<class 'psychopy.visual.rect.Rect'>, autoDraw=False, autoLog=True, closeShape=True, color=method-wrapper(...), colorSpace=None, contrast=1.0, depth=0.0, fillColor=array([1., 1., 1.]), fillColorSpace='rgb', fillRGB=array([1., 1., 1.]), interpolate=True, lineColor=array([1., 1., 1.]), lineColorSpace='rgb', lineRGB=array([1., 1., 1.]), lineWidth=1, name='polygon', opacity=1.0, ori=array(0.), pos=array([-0.3,  0. ]), size=array([1., 1.]), units='height', vertices=ndarray(...), win=Window(...))
4.4994 	EXP 	Created polygon_2 = Rect(__class__=<class 'psychopy.visual.rect.Rect'>, autoDraw=False, autoLog=True, closeShape=True, color=method-wrapper(...), colorSpace=None, contrast=1.0, depth=-1.0, fillColor=array([1., 1., 1.]), fillColorSpace='rgb', fillRGB=array([1., 1., 1.]), interpolate=True, lineColor=array([1., 1., 1.]), lineColorSpace='rgb', lineRGB=array([1., 1., 1.]), lineWidth=1, name='polygon_2', opacity=1.0, ori=array(0.), pos=array([0.3, 0. ]), size=array([1., 1.]), units='height', vertices=ndarray(...), win=Window(...))
4.5172 	EXP 	polygon: autoDraw = True
4.5172 	EXP 	polygon_2: autoDraw = True
9.6289 	DATA 	Keypress: escape
9.6425 	EXP 	window1: mouseVisible = True
1.7677 	WARNING 	Import Error: No module named 'psychtoolbox'. Using event module for keyboard component.
4.7800 	EXP 	Created window1 = Window(allowGUI=False, allowStencil=False, args=UNKNOWN, autoLog=True, bitsMode=UNKNOWN, blendMode='avg', color=array([-1., -1., -1.]), colorSpace='rgb', fullscr=<method-wrapper '__getattribute__' of attributeSetter object at 0x000001A1A88AE908>, gamma=None, gammaErrorPolicy='raise', kwargs=UNKNOWN, lms=UNKNOWN, monitor=<psychopy.monitors.calibTools.Monitor object at 0x000001A1A8902588>, multiSample=False, name='window1', numSamples=2, pos=[0.0, 0.0], screen=0, size=array([1920, 1080]), stereo=False, units='height', useFBO=True, useRetina=False, viewOri=0.0, viewPos=None, viewScale=None, waitBlanking=True, winType='pyglet')
4.7800 	EXP 	window1: recordFrameIntervals = False
4.9458 	EXP 	window1: recordFrameIntervals = True
5.1287 	EXP 	window1: recordFrameIntervals = False
5.1315 	EXP 	Created polygon = Rect(__class__=<class 'psychopy.visual.rect.Rect'>, autoDraw=False, autoLog=True, closeShape=True, color=method-wrapper(...), colorSpace=None, contrast=1.0, depth=0.0, fillColor=array([1., 1., 1.]), fillColorSpace='rgb', fillRGB=array([1., 1., 1.]), interpolate=True, lineColor=array([1., 1., 1.]), lineColorSpace='rgb', lineRGB=array([1., 1., 1.]), lineWidth=1, name='polygon', opacity=1.0, ori=array(0.), pos=array([-0.3,  0. ]), size=array([1., 1.]), units='height', vertices=ndarray(...), win=Window(...))
5.1336 	EXP 	Created polygon_2 = Rect(__class__=<class 'psychopy.visual.rect.Rect'>, autoDraw=False, autoLog=True, closeShape=True, color=method-wrapper(...), colorSpace=None, contrast=1.0, depth=-1.0, fillColor=array([1., 1., 1.]), fillColorSpace='rgb', fillRGB=array([1., 1., 1.]), interpolate=True, lineColor=array([1., 1., 1.]), lineColorSpace='rgb', lineRGB=array([1., 1., 1.]), lineWidth=1, name='polygon_2', opacity=1.0, ori=array(0.), pos=array([0.3, 0. ]), size=array([1., 1.]), units='height', vertices=ndarray(...), win=Window(...))
5.1510 	EXP 	polygon: autoDraw = True
5.1510 	EXP 	polygon_2: autoDraw = True
5.1510 	EXP 	polygon: fillColor = '[0.5 0.5 0.5] (rgb)'
5.1620 	EXP 	polygon: fillColor = '[0.5 0.5 0.5] (rgb)'
5.1788 	EXP 	polygon: fillColor = '[0.5 0.5 0.5] (rgb)'
5.1955 	EXP 	polygon: fillColor = '[0.5 0.5 0.5] (rgb)'
5.2129 	EXP 	polygon: fillColor = '[0.5 0.5 0.5] (rgb)'
5.2287 	EXP 	polygon: fillColor = '[0.5 0.5 0.5] (rgb)'
5.2462 	EXP 	polygon: fillColor = '[0.5 0.5 0.5] (rgb)'
5.2618 	EXP 	polygon: fillColor = '[0.5 0.5 0.5] (rgb)'
5.2789 	EXP 	polygon: fillColor = '[0.5 0.5 0.5] (rgb)'
5.2964 	EXP 	polygon: fillColor = '[0.5 0.5 0.5] (rgb)'
5.3122 	EXP 	polygon: fillColor = '[0.5 0.5 0.5] (rgb)'
5.3284 	EXP 	polygon: fillColor = '[0.5 0.5 0.5] (rgb)'
5.3452 	EXP 	polygon: fillColor = '[0.5 0.5 0.5] (rgb)'
5.3619 	EXP 	polygon: fillColor = '[0.5 0.5 0.5] (rgb)'
5.3784 	EXP 	polygon: fillColor = '[0.5 0.5 0.5] (rgb)'
5.3953 	EXP 	polygon: fillColor = '[0.5 0.5 0.5] (rgb)'
5.4129 	EXP 	polygon: fillColor = '[0.5 0.5 0.5] (rgb)'
5.4286 	EXP 	polygon: fillColor = '[0.5 0.5 0.5] (rgb)'
5.4464 	EXP 	polygon: fillColor = '[0.5 0.5 0.5] (rgb)'
5.4620 	EXP 	polygon: fillColor = '[0.5 0.5 0.5] (rgb)'
5.4785 	EXP 	polygon: fillColor = '[0.5 0.5 0.5] (rgb)'
5.4987 	EXP 	polygon: fillColor = '[0.5 0.5 0.5] (rgb)'
5.5121 	EXP 	polygon: fillColor = '[0.5 0.5 0.5] (rgb)'
5.5285 	EXP 	polygon: fillColor = '[0.5 0.5 0.5] (rgb)'
5.5456 	EXP 	polygon: fillColor = '[0.5 0.5 0.5] (rgb)'
5.5623 	EXP 	polygon: fillColor = '[0.5 0.5 0.5] (rgb)'
5.5784 	EXP 	polygon: fillColor = '[0.5 0.5 0.5] (rgb)'
5.5950 	EXP 	polygon: fillColor = '[0.5 0.5 0.5] (rgb)'
5.6117 	EXP 	polygon: fillColor = '[0.5 0.5 0.5] (rgb)'
5.6284 	EXP 	polygon: fillColor = '[0.5 0.5 0.5] (rgb)'
5.6450 	EXP 	polygon: fillColor = '[0.5 0.5 0.5] (rgb)'
5.6617 	EXP 	polygon: fillColor = '[0.5 0.5 0.5] (rgb)'
5.6785 	EXP 	polygon: fillColor = '[0.5 0.5 0.5] (rgb)'
5.6966 	EXP 	polygon: fillColor = '[0.5 0.5 0.5] (rgb)'
5.7117 	EXP 	polygon: fillColor = '[0.5 0.5 0.5] (rgb)'
5.7284 	EXP 	polygon: fillColor = '[0.5 0.5 0.5] (rgb)'
5.7450 	EXP 	polygon: fillColor = '[0.5 0.5 0.5] (rgb)'
5.7618 	EXP 	polygon: fillColor = '[0.5 0.5 0.5] (rgb)'
5.7783 	EXP 	polygon: fillColor = '[0.5 0.5 0.5] (rgb)'
5.7951 	EXP 	polygon: fillColor = '[0.5 0.5 0.5] (rgb)'
5.8115 	EXP 	polygon: fillColor = '[0.5 0.5 0.5] (rgb)'
5.8284 	EXP 	polygon: fillColor = '[0.5 0.5 0.5] (rgb)'
5.8447 	EXP 	polygon: fillColor = '[0.5 0.5 0.5] (rgb)'
5.8614 	EXP 	polygon: fillColor = '[0.5 0.5 0.5] (rgb)'
5.8780 	EXP 	polygon: fillColor = '[0.5 0.5 0.5] (rgb)'
5.8948 	EXP 	polygon: fillColor = '[0.5 0.5 0.5] (rgb)'
5.9119 	EXP 	polygon: fillColor = '[0.5 0.5 0.5] (rgb)'
5.9282 	EXP 	polygon: fillColor = '[0.5 0.5 0.5] (rgb)'
5.9449 	EXP 	polygon: fillColor = '[0.5 0.5 0.5] (rgb)'
5.9615 	EXP 	polygon: fillColor = '[0.5 0.5 0.5] (rgb)'
5.9782 	EXP 	polygon: fillColor = '[0.5 0.5 0.5] (rgb)'
5.9959 	EXP 	polygon: fillColor = '[0.5 0.5 0.5] (rgb)'
6.0117 	EXP 	polygon: fillColor = '[0.5 0.5 0.5] (rgb)'
6.0284 	EXP 	polygon: fillColor = '[0.5 0.5 0.5] (rgb)'
6.0457 	EXP 	polygon: fillColor = '[0.5 0.5 0.5] (rgb)'
6.0615 	EXP 	polygon: fillColor = '[0.5 0.5 0.5] (rgb)'
6.0779 	EXP 	polygon: fillColor = '[0.5 0.5 0.5] (rgb)'
6.0954 	EXP 	polygon: fillColor = '[0.5 0.5 0.5] (rgb)'
6.1111 	EXP 	polygon: fillColor = '[0.5 0.5 0.5] (rgb)'
6.1283 	EXP 	polygon: fillColor = '[0.5 0.5 0.5] (rgb)'
6.1446 	EXP 	polygon: fillColor = '[0.5 0.5 0.5] (rgb)'
6.1614 	EXP 	polygon: fillColor = '[0.5 0.5 0.5] (rgb)'
6.1780 	EXP 	polygon: fillColor = '[0.5 0.5 0.5] (rgb)'
6.1947 	EXP 	polygon: fillColor = '[0.5 0.5 0.5] (rgb)'
6.2114 	EXP 	polygon: fillColor = '[0.5 0.5 0.5] (rgb)'
6.2278 	EXP 	polygon: fillColor = '[0.5 0.5 0.5] (rgb)'
6.2448 	EXP 	polygon: fillColor = '[0.5 0.5 0.5] (rgb)'
6.2623 	EXP 	polygon: fillColor = '[0.5 0.5 0.5] (rgb)'
6.2782 	EXP 	polygon: fillColor = '[0.5 0.5 0.5] (rgb)'
6.2946 	EXP 	polygon: fillColor = '[0.5 0.5 0.5] (rgb)'
6.3112 	EXP 	polygon: fillColor = '[0.5 0.5 0.5] (rgb)'
6.3280 	EXP 	polygon: fillColor = '[0.5 0.5 0.5] (rgb)'
6.3447 	EXP 	polygon: fillColor = '[0.5 0.5 0.5] (rgb)'
6.3615 	EXP 	polygon: fillColor = '[0.5 0.5 0.5] (rgb)'
6.3780 	EXP 	polygon: fillColor = '[0.5 0.5 0.5] (rgb)'
6.3946 	EXP 	polygon: fillColor = '[0.5 0.5 0.5] (rgb)'
6.4112 	EXP 	polygon: fillColor = '[0.5 0.5 0.5] (rgb)'
6.4342 	EXP 	polygon: fillColor = '[0.5 0.5 0.5] (rgb)'
6.4446 	EXP 	polygon: fillColor = '[0.5 0.5 0.5] (rgb)'
6.4629 	EXP 	polygon: fillColor = '[0.5 0.5 0.5] (rgb)'
6.4783 	EXP 	polygon: fillColor = '[0.5 0.5 0.5] (rgb)'
6.4960 	EXP 	polygon: fillColor = '[0.5 0.5 0.5] (rgb)'
6.5111 	EXP 	polygon: fillColor = '[0.5 0.5 0.5] (rgb)'
6.5291 	EXP 	polygon: fillColor = '[0.5 0.5 0.5] (rgb)'
6.5456 	EXP 	polygon: fillColor = '[0.5 0.5 0.5] (rgb)'
6.5611 	EXP 	polygon: fillColor = '[0.5 0.5 0.5] (rgb)'
6.5777 	EXP 	polygon: fillColor = '[0.5 0.5 0.5] (rgb)'
6.5944 	EXP 	polygon: fillColor = '[0.5 0.5 0.5] (rgb)'
6.6114 	EXP 	polygon: fillColor = '[0.5 0.5 0.5] (rgb)'
6.6284 	EXP 	polygon: fillColor = '[0.5 0.5 0.5] (rgb)'
6.6451 	EXP 	polygon: fillColor = '[0.5 0.5 0.5] (rgb)'
6.6610 	EXP 	polygon: fillColor = '[0.5 0.5 0.5] (rgb)'
6.6781 	EXP 	polygon: fillColor = '[0.5 0.5 0.5] (rgb)'
6.6946 	EXP 	polygon: fillColor = '[0.5 0.5 0.5] (rgb)'
6.7111 	EXP 	polygon: fillColor = '[0.5 0.5 0.5] (rgb)'
6.7277 	EXP 	polygon: fillColor = '[0.5 0.5 0.5] (rgb)'
6.7449 	EXP 	polygon: fillColor = '[0.5 0.5 0.5] (rgb)'
6.7609 	EXP 	polygon: fillColor = '[0.5 0.5 0.5] (rgb)'
6.7777 	EXP 	polygon: fillColor = '[0.5 0.5 0.5] (rgb)'
6.7951 	EXP 	polygon: fillColor = '[0.5 0.5 0.5] (rgb)'
6.8109 	EXP 	polygon: fillColor = '[0.5 0.5 0.5] (rgb)'
6.8279 	EXP 	polygon: fillColor = '[0.5 0.5 0.5] (rgb)'
6.8443 	EXP 	polygon: fillColor = '[0.5 0.5 0.5] (rgb)'
6.8610 	EXP 	polygon: fillColor = '[0.5 0.5 0.5] (rgb)'
6.8776 	EXP 	polygon: fillColor = '[0.5 0.5 0.5] (rgb)'
6.8942 	EXP 	polygon: fillColor = '[0.5 0.5 0.5] (rgb)'
6.9108 	EXP 	polygon: fillColor = '[0.5 0.5 0.5] (rgb)'
6.9276 	EXP 	polygon: fillColor = '[0.5 0.5 0.5] (rgb)'
6.9443 	EXP 	polygon: fillColor = '[0.5 0.5 0.5] (rgb)'
6.9609 	EXP 	polygon: fillColor = '[0.5 0.5 0.5] (rgb)'
6.9779 	EXP 	polygon: fillColor = '[0.5 0.5 0.5] (rgb)'
6.9944 	EXP 	polygon: fillColor = '[0.5 0.5 0.5] (rgb)'
7.0121 	EXP 	polygon: fillColor = '[0.5 0.5 0.5] (rgb)'
7.0278 	EXP 	polygon: fillColor = '[0.5 0.5 0.5] (rgb)'
7.0451 	EXP 	polygon: fillColor = '[0.5 0.5 0.5] (rgb)'
7.0608 	EXP 	polygon: fillColor = '[0.5 0.5 0.5] (rgb)'
7.0777 	EXP 	polygon: fillColor = '[0.5 0.5 0.5] (rgb)'
7.0942 	EXP 	polygon: fillColor = '[0.5 0.5 0.5] (rgb)'
7.1108 	EXP 	polygon: fillColor = '[0.5 0.5 0.5] (rgb)'
7.1275 	EXP 	polygon: fillColor = '[0.5 0.5 0.5] (rgb)'
7.1443 	EXP 	polygon: fillColor = '[0.5 0.5 0.5] (rgb)'
7.1609 	EXP 	polygon: fillColor = '[0.5 0.5 0.5] (rgb)'
7.1776 	EXP 	polygon: fillColor = '[0.5 0.5 0.5] (rgb)'
7.1943 	EXP 	polygon: fillColor = '[0.5 0.5 0.5] (rgb)'
7.2110 	EXP 	polygon: fillColor = '[0.5 0.5 0.5] (rgb)'
7.2284 	EXP 	polygon: fillColor = '[0.5 0.5 0.5] (rgb)'
7.2442 	EXP 	polygon: fillColor = '[0.5 0.5 0.5] (rgb)'
7.2609 	EXP 	polygon: fillColor = '[0.5 0.5 0.5] (rgb)'
7.2774 	EXP 	polygon: fillColor = '[0.5 0.5 0.5] (rgb)'
7.2941 	EXP 	polygon: fillColor = '[0.5 0.5 0.5] (rgb)'
7.3109 	EXP 	polygon: fillColor = '[0.5 0.5 0.5] (rgb)'
7.3440 	EXP 	polygon: fillColor = '[0.5 0.5 0.5] (rgb)'
7.3614 	EXP 	polygon: fillColor = '[0.5 0.5 0.5] (rgb)'
7.3777 	EXP 	polygon: fillColor = '[0.5 0.5 0.5] (rgb)'
7.3937 	EXP 	polygon: fillColor = '[0.5 0.5 0.5] (rgb)'
7.4104 	EXP 	polygon: fillColor = '[0.5 0.5 0.5] (rgb)'
7.4270 	EXP 	polygon: fillColor = '[0.5 0.5 0.5] (rgb)'
7.4441 	EXP 	polygon: fillColor = '[0.5 0.5 0.5] (rgb)'
7.4606 	EXP 	polygon: fillColor = '[0.5 0.5 0.5] (rgb)'
7.4771 	EXP 	polygon: fillColor = '[0.5 0.5 0.5] (rgb)'
7.4970 	EXP 	polygon: fillColor = '[0.5 0.5 0.5] (rgb)'
7.5107 	EXP 	polygon: fillColor = '[0.5 0.5 0.5] (rgb)'
7.5281 	EXP 	polygon: fillColor = '[0.5 0.5 0.5] (rgb)'
7.5442 	EXP 	polygon: fillColor = '[0.5 0.5 0.5] (rgb)'
7.5607 	EXP 	polygon: fillColor = '[0.5 0.5 0.5] (rgb)'
7.5772 	EXP 	polygon: fillColor = '[0.5 0.5 0.5] (rgb)'
7.5937 	EXP 	polygon: fillColor = '[0.5 0.5 0.5] (rgb)'
7.6108 	EXP 	polygon: fillColor = '[0.5 0.5 0.5] (rgb)'
7.6276 	EXP 	polygon: fillColor = '[0.5 0.5 0.5] (rgb)'
7.6438 	EXP 	polygon: fillColor = '[0.5 0.5 0.5] (rgb)'
7.6610 	EXP 	polygon: fillColor = '[0.5 0.5 0.5] (rgb)'
7.6779 	EXP 	polygon: fillColor = '[0.5 0.5 0.5] (rgb)'
7.6940 	EXP 	polygon: fillColor = '[0.5 0.5 0.5] (rgb)'
7.7118 	EXP 	polygon: fillColor = '[0.5 0.5 0.5] (rgb)'
7.7269 	EXP 	polygon: fillColor = '[0.5 0.5 0.5] (rgb)'
7.7451 	EXP 	polygon: fillColor = '[0.5 0.5 0.5] (rgb)'
7.7604 	EXP 	polygon: fillColor = '[0.5 0.5 0.5] (rgb)'
7.7786 	EXP 	polygon: fillColor = '[0.5 0.5 0.5] (rgb)'
7.7935 	EXP 	polygon: fillColor = '[0.5 0.5 0.5] (rgb)'
7.8107 	EXP 	polygon: fillColor = '[0.5 0.5 0.5] (rgb)'
7.8272 	EXP 	polygon: fillColor = '[0.5 0.5 0.5] (rgb)'
7.8438 	EXP 	polygon: fillColor = '[0.5 0.5 0.5] (rgb)'
7.8602 	EXP 	polygon: fillColor = '[0.5 0.5 0.5] (rgb)'
7.8769 	EXP 	polygon: fillColor = '[0.5 0.5 0.5] (rgb)'
7.8936 	EXP 	polygon: fillColor = '[0.5 0.5 0.5] (rgb)'
7.9099 	EXP 	polygon: fillColor = '[0.5 0.5 0.5] (rgb)'
7.9268 	EXP 	polygon: fillColor = '[0.5 0.5 0.5] (rgb)'
7.9436 	EXP 	polygon: fillColor = '[0.5 0.5 0.5] (rgb)'
7.9611 	EXP 	polygon: fillColor = '[0.5 0.5 0.5] (rgb)'
7.9769 	EXP 	polygon: fillColor = '[0.5 0.5 0.5] (rgb)'
7.9947 	EXP 	polygon: fillColor = '[0.5 0.5 0.5] (rgb)'
8.0119 	EXP 	polygon: fillColor = '[0.5 0.5 0.5] (rgb)'
8.0272 	EXP 	polygon: fillColor = '[0.5 0.5 0.5] (rgb)'
8.0437 	EXP 	polygon: fillColor = '[0.5 0.5 0.5] (rgb)'
8.0614 	EXP 	polygon: fillColor = '[0.5 0.5 0.5] (rgb)'
8.0767 	EXP 	polygon: fillColor = '[0.5 0.5 0.5] (rgb)'
8.0938 	EXP 	polygon: fillColor = '[0.5 0.5 0.5] (rgb)'
8.1106 	EXP 	polygon: fillColor = '[0.5 0.5 0.5] (rgb)'
8.1267 	EXP 	polygon: fillColor = '[0.5 0.5 0.5] (rgb)'
8.1435 	EXP 	polygon: fillColor = '[0.5 0.5 0.5] (rgb)'
8.1600 	EXP 	polygon: fillColor = '[0.5 0.5 0.5] (rgb)'
8.1770 	EXP 	polygon: fillColor = '[0.5 0.5 0.5] (rgb)'
8.1935 	EXP 	polygon: fillColor = '[0.5 0.5 0.5] (rgb)'
8.2104 	EXP 	polygon: fillColor = '[0.5 0.5 0.5] (rgb)'
8.2273 	EXP 	polygon: fillColor = '[0.5 0.5 0.5] (rgb)'
8.2448 	EXP 	polygon: fillColor = '[0.5 0.5 0.5] (rgb)'
8.2614 	EXP 	polygon: fillColor = '[0.5 0.5 0.5] (rgb)'
8.2768 	EXP 	polygon: fillColor = '[0.5 0.5 0.5] (rgb)'
8.2937 	EXP 	polygon: fillColor = '[0.5 0.5 0.5] (rgb)'
8.3102 	EXP 	polygon: fillColor = '[0.5 0.5 0.5] (rgb)'
8.3266 	EXP 	polygon: fillColor = '[0.5 0.5 0.5] (rgb)'
8.3435 	EXP 	polygon: fillColor = '[0.5 0.5 0.5] (rgb)'
8.3600 	EXP 	polygon: fillColor = '[0.5 0.5 0.5] (rgb)'
8.3771 	EXP 	polygon: fillColor = '[0.5 0.5 0.5] (rgb)'
8.3933 	EXP 	polygon: fillColor = '[0.5 0.5 0.5] (rgb)'
8.4115 	EXP 	polygon: fillColor = '[0.5 0.5 0.5] (rgb)'
8.4268 	EXP 	polygon: fillColor = '[0.5 0.5 0.5] (rgb)'
8.4433 	EXP 	polygon: fillColor = '[0.5 0.5 0.5] (rgb)'
8.4601 	EXP 	polygon: fillColor = '[0.5 0.5 0.5] (rgb)'
8.4831 	EXP 	polygon: fillColor = '[0.5 0.5 0.5] (rgb)'
8.4948 	EXP 	polygon: fillColor = '[0.5 0.5 0.5] (rgb)'
8.5276 	EXP 	polygon: fillColor = '[0.5 0.5 0.5] (rgb)'
8.5443 	EXP 	polygon: fillColor = '[0.5 0.5 0.5] (rgb)'
8.5601 	EXP 	polygon: fillColor = '[0.5 0.5 0.5] (rgb)'
8.5766 	EXP 	polygon: fillColor = '[0.5 0.5 0.5] (rgb)'
8.5934 	EXP 	polygon: fillColor = '[0.5 0.5 0.5] (rgb)'
8.6099 	EXP 	polygon: fillColor = '[0.5 0.5 0.5] (rgb)'
8.6265 	EXP 	polygon: fillColor = '[0.5 0.5 0.5] (rgb)'
8.6433 	EXP 	polygon: fillColor = '[0.5 0.5 0.5] (rgb)'
8.6600 	EXP 	polygon: fillColor = '[0.5 0.5 0.5] (rgb)'
8.6764 	EXP 	polygon: fillColor = '[0.5 0.5 0.5] (rgb)'
8.6931 	EXP 	polygon: fillColor = '[0.5 0.5 0.5] (rgb)'
8.7101 	EXP 	polygon: fillColor = '[0.5 0.5 0.5] (rgb)'
8.7267 	EXP 	polygon: fillColor = '[0.5 0.5 0.5] (rgb)'
8.7433 	EXP 	polygon: fillColor = '[0.5 0.5 0.5] (rgb)'
8.7611 	EXP 	polygon: fillColor = '[0.5 0.5 0.5] (rgb)'
8.7772 	EXP 	polygon: fillColor = '[0.5 0.5 0.5] (rgb)'
8.7928 	EXP 	polygon: fillColor = '[0.5 0.5 0.5] (rgb)'
8.8111 	EXP 	polygon: fillColor = '[0.5 0.5 0.5] (rgb)'
8.8274 	EXP 	polygon: fillColor = '[0.5 0.5 0.5] (rgb)'
8.8431 	EXP 	polygon: fillColor = '[0.5 0.5 0.5] (rgb)'
8.8600 	EXP 	polygon: fillColor = '[0.5 0.5 0.5] (rgb)'
8.8762 	EXP 	polygon: fillColor = '[0.5 0.5 0.5] (rgb)'
8.8929 	EXP 	polygon: fillColor = '[0.5 0.5 0.5] (rgb)'
8.9098 	EXP 	polygon: fillColor = '[0.5 0.5 0.5] (rgb)'
8.9262 	EXP 	polygon: fillColor = '[0.5 0.5 0.5] (rgb)'
8.9430 	EXP 	polygon: fillColor = '[0.5 0.5 0.5] (rgb)'
8.9598 	EXP 	polygon: fillColor = '[0.5 0.5 0.5] (rgb)'
8.9766 	EXP 	polygon: fillColor = '[0.5 0.5 0.5] (rgb)'
8.9929 	EXP 	polygon: fillColor = '[0.5 0.5 0.5] (rgb)'
9.0098 	EXP 	polygon: fillColor = '[0.5 0.5 0.5] (rgb)'
9.0274 	EXP 	polygon: fillColor = '[0.5 0.5 0.5] (rgb)'
9.0432 	EXP 	polygon: fillColor = '[0.5 0.5 0.5] (rgb)'
9.0596 	EXP 	polygon: fillColor = '[0.5 0.5 0.5] (rgb)'
9.0763 	EXP 	polygon: fillColor = '[0.5 0.5 0.5] (rgb)'
9.0930 	EXP 	polygon: fillColor = '[0.5 0.5 0.5] (rgb)'
9.1099 	EXP 	polygon: fillColor = '[0.5 0.5 0.5] (rgb)'
9.1260 	EXP 	polygon: fillColor = '[0.5 0.5 0.5] (rgb)'
9.1426 	EXP 	polygon: fillColor = '[0.5 0.5 0.5] (rgb)'
9.1596 	EXP 	polygon: fillColor = '[0.5 0.5 0.5] (rgb)'
9.1762 	EXP 	polygon: fillColor = '[0.5 0.5 0.5] (rgb)'
9.1928 	EXP 	polygon: fillColor = '[0.5 0.5 0.5] (rgb)'
9.2094 	EXP 	polygon: fillColor = '[0.5 0.5 0.5] (rgb)'
9.2273 	EXP 	polygon: fillColor = '[0.5 0.5 0.5] (rgb)'
9.2444 	EXP 	polygon: fillColor = '[0.5 0.5 0.5] (rgb)'
9.2609 	EXP 	polygon: fillColor = '[0.5 0.5 0.5] (rgb)'
9.2762 	EXP 	polygon: fillColor = '[0.5 0.5 0.5] (rgb)'
9.2930 	EXP 	polygon: fillColor = '[0.5 0.5 0.5] (rgb)'
9.3096 	EXP 	polygon: fillColor = '[0.5 0.5 0.5] (rgb)'
9.3262 	EXP 	polygon: fillColor = '[0.5 0.5 0.5] (rgb)'
9.3427 	EXP 	polygon: fillColor = '[0.5 0.5 0.5] (rgb)'
9.3594 	EXP 	polygon: fillColor = '[0.5 0.5 0.5] (rgb)'
9.3760 	EXP 	polygon: fillColor = '[0.5 0.5 0.5] (rgb)'
9.3926 	EXP 	polygon: fillColor = '[0.5 0.5 0.5] (rgb)'
9.4095 	EXP 	polygon: fillColor = '[0.5 0.5 0.5] (rgb)'
9.4258 	EXP 	polygon: fillColor = '[0.5 0.5 0.5] (rgb)'
9.4431 	EXP 	polygon: fillColor = '[0.5 0.5 0.5] (rgb)'
9.4598 	EXP 	polygon: fillColor = '[0.5 0.5 0.5] (rgb)'
9.4760 	EXP 	polygon: fillColor = '[0.5 0.5 0.5] (rgb)'
9.4972 	EXP 	polygon: fillColor = '[0.5 0.5 0.5] (rgb)'
9.5097 	EXP 	polygon: fillColor = '[0.5 0.5 0.5] (rgb)'
9.5273 	EXP 	polygon: fillColor = '[0.5 0.5 0.5] (rgb)'
9.5425 	EXP 	polygon: fillColor = '[0.5 0.5 0.5] (rgb)'
9.5597 	EXP 	polygon: fillColor = '[0.5 0.5 0.5] (rgb)'
9.5760 	EXP 	polygon: fillColor = '[0.5 0.5 0.5] (rgb)'
9.5928 	EXP 	polygon: fillColor = '[0.5 0.5 0.5] (rgb)'
9.6094 	EXP 	polygon: fillColor = '[0.5 0.5 0.5] (rgb)'
9.6270 	EXP 	polygon: fillColor = '[0.5 0.5 0.5] (rgb)'
9.6426 	EXP 	polygon: fillColor = '[0.5 0.5 0.5] (rgb)'
9.6595 	EXP 	polygon: fillColor = '[0.5 0.5 0.5] (rgb)'
9.6758 	EXP 	polygon: fillColor = '[0.5 0.5 0.5] (rgb)'
9.6926 	EXP 	polygon: fillColor = '[0.5 0.5 0.5] (rgb)'
9.7092 	EXP 	polygon: fillColor = '[0.5 0.5 0.5] (rgb)'
9.7261 	EXP 	polygon: fillColor = '[0.5 0.5 0.5] (rgb)'
9.7437 	EXP 	polygon: fillColor = '[0.5 0.5 0.5] (rgb)'
9.7593 	EXP 	polygon: fillColor = '[0.5 0.5 0.5] (rgb)'
9.7758 	EXP 	polygon: fillColor = '[0.5 0.5 0.5] (rgb)'
9.7939 	EXP 	polygon: fillColor = '[0.5 0.5 0.5] (rgb)'
9.8093 	EXP 	polygon: fillColor = '[0.5 0.5 0.5] (rgb)'
9.8267 	EXP 	polygon: fillColor = '[0.5 0.5 0.5] (rgb)'
9.8433 	EXP 	polygon: fillColor = '[0.5 0.5 0.5] (rgb)'
9.8596 	EXP 	polygon: fillColor = '[0.5 0.5 0.5] (rgb)'
9.8758 	EXP 	polygon: fillColor = '[0.5 0.5 0.5] (rgb)'
9.8924 	EXP 	polygon: fillColor = '[0.5 0.5 0.5] (rgb)'
9.9094 	EXP 	polygon: fillColor = '[0.5 0.5 0.5] (rgb)'
9.9259 	EXP 	polygon: fillColor = '[0.5 0.5 0.5] (rgb)'
9.9424 	EXP 	polygon: fillColor = '[0.5 0.5 0.5] (rgb)'
9.9592 	EXP 	polygon: fillColor = '[0.5 0.5 0.5] (rgb)'
9.9758 	EXP 	polygon: fillColor = '[0.5 0.5 0.5] (rgb)'
9.9931 	EXP 	polygon: fillColor = '[0.5 0.5 0.5] (rgb)'
10.0092 	EXP 	polygon: fillColor = '[0.5 0.5 0.5] (rgb)'
10.0269 	EXP 	polygon: fillColor = '[0.5 0.5 0.5] (rgb)'
10.0424 	EXP 	polygon: fillColor = '[0.5 0.5 0.5] (rgb)'
10.0605 	EXP 	polygon: fillColor = '[0.5 0.5 0.5] (rgb)'
10.0757 	EXP 	polygon: fillColor = '[0.5 0.5 0.5] (rgb)'
10.0925 	EXP 	polygon: fillColor = '[0.5 0.5 0.5] (rgb)'
10.1089 	EXP 	polygon: fillColor = '[0.5 0.5 0.5] (rgb)'
10.1257 	EXP 	polygon: fillColor = '[0.5 0.5 0.5] (rgb)'
10.1421 	EXP 	polygon: fillColor = '[0.5 0.5 0.5] (rgb)'
10.1591 	EXP 	polygon: fillColor = '[0.5 0.5 0.5] (rgb)'
10.1758 	EXP 	polygon: fillColor = '[0.5 0.5 0.5] (rgb)'
10.1923 	EXP 	polygon: fillColor = '[0.5 0.5 0.5] (rgb)'
10.2089 	EXP 	polygon: fillColor = '[0.5 0.5 0.5] (rgb)'
10.2270 	EXP 	polygon: fillColor = '[0.5 0.5 0.5] (rgb)'
10.2422 	EXP 	polygon: fillColor = '[0.5 0.5 0.5] (rgb)'
10.2450 	DATA 	Keypress: escape
10.2688 	EXP 	window1: mouseVisible = True
