1.6634 	WARNING 	Import Error: No module named 'psychtoolbox'. Using event module for keyboard component.
2.8050 	WARNING 	User requested fullscreen with size [1024  768], but screen is actually [1920, 1080]. Using actual size
4.2741 	EXP 	Created window1 = Window(allowGUI=False, allowStencil=False, args=UNKNOWN, autoLog=True, bitsMode=UNKNOWN, blendMode='avg', color=array([0., 0., 0.]), colorSpace='rgb', fullscr=<method-wrapper '__getattribute__' of attributeSetter object at 0x0000020FDF443788>, gamma=None, gammaErrorPolicy='raise', kwargs=UNKNOWN, lms=UNKNOWN, monitor=<psychopy.monitors.calibTools.Monitor object at 0x0000020FE1C826C8>, multiSample=False, name='window1', numSamples=2, pos=[0.0, 0.0], screen=0, size=array([1920, 1080]), stereo=False, units='height', useFBO=True, useRetina=False, viewOri=0.0, viewPos=None, viewScale=None, waitBlanking=True, winType='pyglet')
4.2741 	EXP 	window1: recordFrameIntervals = False
4.4406 	EXP 	window1: recordFrameIntervals = True
4.6234 	EXP 	window1: recordFrameIntervals = False
4.6249 	EXP 	Created polygon = Rect(__class__=<class 'psychopy.visual.rect.Rect'>, autoDraw=False, autoLog=True, closeShape=True, color=method-wrapper(...), colorSpace=None, contrast=1.0, depth=0.0, fillColor=array([0., 0., 0.]), fillColorSpace='rgb', fillRGB=array([0., 0., 0.]), interpolate=True, lineColor=array([1., 1., 1.]), lineColorSpace='rgb', lineRGB=array([1., 1., 1.]), lineWidth=1, name='polygon', opacity=1.0, ori=array(0.), pos=array([0., 0.]), size=array([1., 1.]), units='height', vertices=ndarray(...), win=Window(...))
4.6286 	EXP 	Imported condi.csv as conditions, 3 conditions, 1 params
4.6289 	EXP 	Created sequence: random, trialTypes=3, nReps=5, seed=None
4.6291 	EXP 	New trial (rep=0, index=0): OrderedDict([('num', 2)])
4.6458 	EXP 	polygon: autoDraw = True
5.6398 	EXP 	New trial (rep=0, index=1): OrderedDict([('num', 3)])
5.6563 	EXP 	polygon: autoDraw = False
5.6563 	EXP 	polygon: autoDraw = True
6.6393 	EXP 	New trial (rep=0, index=2): OrderedDict([('num', 1)])
6.6557 	EXP 	polygon: autoDraw = False
6.6557 	EXP 	polygon: autoDraw = True
7.6387 	EXP 	New trial (rep=1, index=0): OrderedDict([('num', 1)])
7.6551 	EXP 	polygon: autoDraw = False
7.6551 	EXP 	polygon: autoDraw = True
8.1396 	DATA 	Keypress: escape
8.1585 	EXP 	window1: mouseVisible = True
