1.8608 	WARNING 	Import Error: No module named 'psychtoolbox'. Using event module for keyboard component.
4.2681 	EXP 	Created window1 = Window(allowGUI=False, allowStencil=False, args=UNKNOWN, autoLog=True, bitsMode=UNKNOWN, blendMode='avg', color=array([-1., -1., -1.]), colorSpace='rgb', fullscr=<method-wrapper '__getattribute__' of attributeSetter object at 0x000002179F984808>, gamma=None, gammaErrorPolicy='raise', kwargs=UNKNOWN, lms=UNKNOWN, monitor=<psychopy.monitors.calibTools.Monitor object at 0x000002179F9F5788>, multiSample=False, name='window1', numSamples=2, pos=[0.0, 0.0], screen=0, size=array([1920, 1080]), stereo=False, units='height', useFBO=True, useRetina=False, viewOri=0.0, viewPos=None, viewScale=None, waitBlanking=True, winType='pyglet')
4.2681 	EXP 	window1: recordFrameIntervals = False
4.4329 	EXP 	window1: recordFrameIntervals = True
4.6330 	EXP 	window1: recordFrameIntervals = False
4.7245 	EXP 	Created text = TextStim(__class__=<class 'psychopy.visual.text.TextStim'>, alignHoriz='center', alignVert='center', antialias=True, autoLog=True, bold=False, color='white', colorSpace='named', contrast=1.0, depth=0.0, flipHoriz=False, flipVert=False, font='Arial', fontFiles=[], height=0.05, italic=False, languageStyle='LTR', name='text', opacity=1.0, ori=0, pos=array([0., 0.]), rgb=array([255., 255., 255.]), text='脑机接口\n\n视觉刺激实验\n\n按"空格"继续', units='height', win=Window(...), wrapWidth=1)
4.7260 	EXP 	Created polygon_3 = ShapeStim(__class__=<class 'psychopy.visual.shape.ShapeStim'>, autoDraw=False, autoLog=True, closeShape=True, contrast=1.0, depth=0.0, fillColor=array([1., 1., 1.]), fillColorSpace='rgb', interpolate=True, lineColor=array([1., 1., 1.]), lineColorSpace='rgb', lineWidth=1, name='polygon_3', opacity=1.0, ori=array(0.), pos=array([0., 0.]), size=array([1., 1.]), units='height', vertices=ndarray(...), win=Window(...), windingRule=None)
4.7274 	EXP 	Created polygon_4 = ShapeStim(__class__=<class 'psychopy.visual.shape.ShapeStim'>, autoDraw=False, autoLog=True, closeShape=True, contrast=1.0, depth=-1.0, fillColor=array([1., 1., 1.]), fillColorSpace='rgb', interpolate=True, lineColor=array([1., 1., 1.]), lineColorSpace='rgb', lineWidth=1, name='polygon_4', opacity=1.0, ori=array(0.), pos=array([0., 0.]), size=array([1., 1.]), units='height', vertices=ndarray(...), win=Window(...), windingRule=None)
4.7294 	EXP 	Created polygon = Rect(__class__=<class 'psychopy.visual.rect.Rect'>, autoDraw=False, autoLog=True, closeShape=True, color=method-wrapper(...), colorSpace=None, contrast=1.0, depth=0.0, fillColor=array([1., 1., 1.]), fillColorSpace='rgb', fillRGB=array([1., 1., 1.]), interpolate=True, lineColor=array([1., 1., 1.]), lineColorSpace='rgb', lineRGB=array([1., 1., 1.]), lineWidth=1, name='polygon', opacity=1.0, ori=array(0.), pos=array([-0.3,  0. ]), size=array([1., 1.]), units='height', vertices=ndarray(...), win=Window(...))
4.7308 	EXP 	Created polygon_2 = Rect(__class__=<class 'psychopy.visual.rect.Rect'>, autoDraw=False, autoLog=True, closeShape=True, color=method-wrapper(...), colorSpace=None, contrast=1.0, depth=-1.0, fillColor=array([1., 1., 1.]), fillColorSpace='rgb', fillRGB=array([1., 1., 1.]), interpolate=True, lineColor=array([1., 1., 1.]), lineColorSpace='rgb', lineRGB=array([1., 1., 1.]), lineWidth=1, name='polygon_2', opacity=1.0, ori=array(0.), pos=array([0.3, 0. ]), size=array([1., 1.]), units='height', vertices=ndarray(...), win=Window(...))
4.7370 	EXP 	text: autoDraw = True
5.6369 	DATA 	Keypress: space
5.6543 	EXP 	text: autoDraw = False
5.6543 	EXP 	polygon: fillColor = '[1. 0. 0.] (rgb)'
5.6543 	EXP 	polygon_3: autoDraw = True
5.6543 	EXP 	polygon_4: autoDraw = True
6.6652 	EXP 	polygon_3: autoDraw = False
6.6652 	EXP 	polygon_4: autoDraw = False
6.6652 	EXP 	polygon: autoDraw = True
6.6652 	EXP 	polygon_2: autoDraw = True
6.6652 	EXP 	polygon: fillColor = '[-1. -1. -1.] (rgb)'
6.6652 	EXP 	polygon_2: fillColor = '[-1. -1. -1.] (rgb)'
6.6818 	EXP 	polygon: fillColor = '[-1.11022302e-16 -1.11022302e-16 -1.11022302e-16] (rgb)'
6.6818 	EXP 	polygon_2: fillColor = '[0.73205081 0.73205081 0.73205081] (rgb)'
6.6986 	EXP 	polygon: fillColor = '[0.73205081 0.73205081 0.73205081] (rgb)'
6.6986 	EXP 	polygon_2: fillColor = '[-2.73205081 -2.73205081 -2.73205081] (rgb)'
6.7160 	EXP 	polygon: fillColor = '[1. 1. 1.] (rgb)'
6.7160 	EXP 	polygon_2: fillColor = '[-1. -1. -1.] (rgb)'
6.7314 	EXP 	polygon: fillColor = '[0.73205081 0.73205081 0.73205081] (rgb)'
6.7314 	EXP 	polygon_2: fillColor = '[0.73205081 0.73205081 0.73205081] (rgb)'
6.7499 	EXP 	polygon: fillColor = '[-1.11022302e-16 -1.11022302e-16 -1.11022302e-16] (rgb)'
6.7499 	EXP 	polygon_2: fillColor = '[-2.73205081 -2.73205081 -2.73205081] (rgb)'
6.7650 	EXP 	polygon: fillColor = '[-1. -1. -1.] (rgb)'
6.7650 	EXP 	polygon_2: fillColor = '[-1. -1. -1.] (rgb)'
6.7822 	EXP 	polygon: fillColor = '[-2. -2. -2.] (rgb)'
6.7822 	EXP 	polygon_2: fillColor = '[0.73205081 0.73205081 0.73205081] (rgb)'
6.7989 	EXP 	polygon: fillColor = '[-2.73205081 -2.73205081 -2.73205081] (rgb)'
6.7989 	EXP 	polygon_2: fillColor = '[-2.73205081 -2.73205081 -2.73205081] (rgb)'
6.8152 	EXP 	polygon: fillColor = '[-3. -3. -3.] (rgb)'
6.8152 	EXP 	polygon_2: fillColor = '[-1. -1. -1.] (rgb)'
6.8318 	EXP 	polygon: fillColor = '[-2.73205081 -2.73205081 -2.73205081] (rgb)'
6.8318 	EXP 	polygon_2: fillColor = '[0.73205081 0.73205081 0.73205081] (rgb)'
6.8488 	EXP 	polygon: fillColor = '[-2. -2. -2.] (rgb)'
6.8488 	EXP 	polygon_2: fillColor = '[-2.73205081 -2.73205081 -2.73205081] (rgb)'
6.8645 	EXP 	polygon: fillColor = '[-1. -1. -1.] (rgb)'
6.8645 	EXP 	polygon_2: fillColor = '[-1. -1. -1.] (rgb)'
6.8810 	EXP 	polygon: fillColor = '[-1.44328993e-15 -1.44328993e-15 -1.44328993e-15] (rgb)'
6.8810 	EXP 	polygon_2: fillColor = '[0.73205081 0.73205081 0.73205081] (rgb)'
6.8977 	EXP 	polygon: fillColor = '[0.73205081 0.73205081 0.73205081] (rgb)'
6.8977 	EXP 	polygon_2: fillColor = '[-2.73205081 -2.73205081 -2.73205081] (rgb)'
6.9142 	EXP 	polygon: fillColor = '[1. 1. 1.] (rgb)'
6.9142 	EXP 	polygon_2: fillColor = '[-1. -1. -1.] (rgb)'
6.9310 	EXP 	polygon: fillColor = '[0.73205081 0.73205081 0.73205081] (rgb)'
6.9310 	EXP 	polygon_2: fillColor = '[0.73205081 0.73205081 0.73205081] (rgb)'
6.9476 	EXP 	polygon: fillColor = '[-4.4408921e-16 -4.4408921e-16 -4.4408921e-16] (rgb)'
6.9476 	EXP 	polygon_2: fillColor = '[-2.73205081 -2.73205081 -2.73205081] (rgb)'
6.9641 	EXP 	polygon: fillColor = '[-1. -1. -1.] (rgb)'
6.9641 	EXP 	polygon_2: fillColor = '[-1. -1. -1.] (rgb)'
6.9811 	EXP 	polygon: fillColor = '[-2. -2. -2.] (rgb)'
6.9811 	EXP 	polygon_2: fillColor = '[0.73205081 0.73205081 0.73205081] (rgb)'
6.9996 	EXP 	polygon: fillColor = '[-2.73205081 -2.73205081 -2.73205081] (rgb)'
6.9996 	EXP 	polygon_2: fillColor = '[-2.73205081 -2.73205081 -2.73205081] (rgb)'
7.0145 	EXP 	polygon: fillColor = '[-3. -3. -3.] (rgb)'
7.0145 	EXP 	polygon_2: fillColor = '[-1. -1. -1.] (rgb)'
7.0313 	EXP 	polygon: fillColor = '[-2.73205081 -2.73205081 -2.73205081] (rgb)'
7.0313 	EXP 	polygon_2: fillColor = '[0.73205081 0.73205081 0.73205081] (rgb)'
7.0481 	EXP 	polygon: fillColor = '[-2. -2. -2.] (rgb)'
7.0481 	EXP 	polygon_2: fillColor = '[-2.73205081 -2.73205081 -2.73205081] (rgb)'
7.0644 	EXP 	polygon: fillColor = '[-1. -1. -1.] (rgb)'
7.0644 	EXP 	polygon_2: fillColor = '[-1. -1. -1.] (rgb)'
7.1167 	EXP 	polygon: fillColor = '[-1.88737914e-15 -1.88737914e-15 -1.88737914e-15] (rgb)'
7.1167 	EXP 	polygon_2: fillColor = '[0.73205081 0.73205081 0.73205081] (rgb)'
7.1306 	EXP 	polygon: fillColor = '[0.73205081 0.73205081 0.73205081] (rgb)'
7.1306 	EXP 	polygon_2: fillColor = '[-2.73205081 -2.73205081 -2.73205081] (rgb)'
7.1474 	EXP 	polygon: fillColor = '[1. 1. 1.] (rgb)'
7.1474 	EXP 	polygon_2: fillColor = '[-1. -1. -1.] (rgb)'
7.1644 	EXP 	polygon: fillColor = '[0.73205081 0.73205081 0.73205081] (rgb)'
7.1644 	EXP 	polygon_2: fillColor = '[0.73205081 0.73205081 0.73205081] (rgb)'
7.1810 	EXP 	polygon: fillColor = '[3.10862447e-15 3.10862447e-15 3.10862447e-15] (rgb)'
7.1810 	EXP 	polygon_2: fillColor = '[-2.73205081 -2.73205081 -2.73205081] (rgb)'
7.1980 	EXP 	polygon: fillColor = '[-1. -1. -1.] (rgb)'
7.1980 	EXP 	polygon_2: fillColor = '[-1. -1. -1.] (rgb)'
7.2150 	EXP 	polygon: fillColor = '[-2. -2. -2.] (rgb)'
7.2150 	EXP 	polygon_2: fillColor = '[0.73205081 0.73205081 0.73205081] (rgb)'
7.2310 	EXP 	polygon: fillColor = '[-2.73205081 -2.73205081 -2.73205081] (rgb)'
7.2310 	EXP 	polygon_2: fillColor = '[-2.73205081 -2.73205081 -2.73205081] (rgb)'
7.2498 	EXP 	polygon: fillColor = '[-3. -3. -3.] (rgb)'
7.2498 	EXP 	polygon_2: fillColor = '[-1. -1. -1.] (rgb)'
7.2645 	EXP 	polygon: fillColor = '[-2.73205081 -2.73205081 -2.73205081] (rgb)'
7.2645 	EXP 	polygon_2: fillColor = '[0.73205081 0.73205081 0.73205081] (rgb)'
7.2812 	EXP 	polygon: fillColor = '[-2. -2. -2.] (rgb)'
7.2812 	EXP 	polygon_2: fillColor = '[-2.73205081 -2.73205081 -2.73205081] (rgb)'
7.2977 	EXP 	polygon: fillColor = '[-1. -1. -1.] (rgb)'
7.2977 	EXP 	polygon_2: fillColor = '[-1. -1. -1.] (rgb)'
7.3149 	EXP 	polygon: fillColor = '[-2.33146835e-15 -2.33146835e-15 -2.33146835e-15] (rgb)'
7.3149 	EXP 	polygon_2: fillColor = '[0.73205081 0.73205081 0.73205081] (rgb)'
7.3312 	EXP 	polygon: fillColor = '[0.73205081 0.73205081 0.73205081] (rgb)'
7.3312 	EXP 	polygon_2: fillColor = '[-2.73205081 -2.73205081 -2.73205081] (rgb)'
7.3481 	EXP 	polygon: fillColor = '[1. 1. 1.] (rgb)'
7.3481 	EXP 	polygon_2: fillColor = '[-1. -1. -1.] (rgb)'
7.3645 	EXP 	polygon: fillColor = '[0.73205081 0.73205081 0.73205081] (rgb)'
7.3645 	EXP 	polygon_2: fillColor = '[0.73205081 0.73205081 0.73205081] (rgb)'
7.3810 	EXP 	polygon: fillColor = '[4.4408921e-16 4.4408921e-16 4.4408921e-16] (rgb)'
7.3810 	EXP 	polygon_2: fillColor = '[-2.73205081 -2.73205081 -2.73205081] (rgb)'
7.3975 	EXP 	polygon: fillColor = '[-1. -1. -1.] (rgb)'
7.3975 	EXP 	polygon_2: fillColor = '[-1. -1. -1.] (rgb)'
7.4141 	EXP 	polygon: fillColor = '[-2. -2. -2.] (rgb)'
7.4141 	EXP 	polygon_2: fillColor = '[0.73205081 0.73205081 0.73205081] (rgb)'
7.4310 	EXP 	polygon: fillColor = '[-2.73205081 -2.73205081 -2.73205081] (rgb)'
7.4310 	EXP 	polygon_2: fillColor = '[-2.73205081 -2.73205081 -2.73205081] (rgb)'
7.4474 	EXP 	polygon: fillColor = '[-3. -3. -3.] (rgb)'
7.4474 	EXP 	polygon_2: fillColor = '[-1. -1. -1.] (rgb)'
7.4655 	EXP 	polygon: fillColor = '[-2.73205081 -2.73205081 -2.73205081] (rgb)'
7.4655 	EXP 	polygon_2: fillColor = '[0.73205081 0.73205081 0.73205081] (rgb)'
7.4809 	EXP 	polygon: fillColor = '[-2. -2. -2.] (rgb)'
7.4809 	EXP 	polygon_2: fillColor = '[-2.73205081 -2.73205081 -2.73205081] (rgb)'
7.5001 	EXP 	polygon: fillColor = '[-1. -1. -1.] (rgb)'
7.5001 	EXP 	polygon_2: fillColor = '[-1. -1. -1.] (rgb)'
7.5146 	EXP 	polygon: fillColor = '[-2.77555756e-15 -2.77555756e-15 -2.77555756e-15] (rgb)'
7.5146 	EXP 	polygon_2: fillColor = '[0.73205081 0.73205081 0.73205081] (rgb)'
7.5311 	EXP 	polygon: fillColor = '[0.73205081 0.73205081 0.73205081] (rgb)'
7.5311 	EXP 	polygon_2: fillColor = '[-2.73205081 -2.73205081 -2.73205081] (rgb)'
7.5487 	EXP 	polygon: fillColor = '[1. 1. 1.] (rgb)'
7.5487 	EXP 	polygon_2: fillColor = '[-1. -1. -1.] (rgb)'
7.5646 	EXP 	polygon: fillColor = '[0.73205081 0.73205081 0.73205081] (rgb)'
7.5646 	EXP 	polygon_2: fillColor = '[0.73205081 0.73205081 0.73205081] (rgb)'
7.5809 	EXP 	polygon: fillColor = '[8.8817842e-16 8.8817842e-16 8.8817842e-16] (rgb)'
7.5809 	EXP 	polygon_2: fillColor = '[-2.73205081 -2.73205081 -2.73205081] (rgb)'
7.5975 	EXP 	polygon: fillColor = '[-1. -1. -1.] (rgb)'
7.5975 	EXP 	polygon_2: fillColor = '[-1. -1. -1.] (rgb)'
7.6142 	EXP 	polygon: fillColor = '[-2. -2. -2.] (rgb)'
7.6142 	EXP 	polygon_2: fillColor = '[0.73205081 0.73205081 0.73205081] (rgb)'
7.6309 	EXP 	polygon: fillColor = '[-2.73205081 -2.73205081 -2.73205081] (rgb)'
7.6309 	EXP 	polygon_2: fillColor = '[-2.73205081 -2.73205081 -2.73205081] (rgb)'
7.6474 	EXP 	polygon: fillColor = '[-3. -3. -3.] (rgb)'
7.6474 	EXP 	polygon_2: fillColor = '[-1. -1. -1.] (rgb)'
7.6637 	EXP 	polygon: fillColor = '[-2.73205081 -2.73205081 -2.73205081] (rgb)'
7.6637 	EXP 	polygon_2: fillColor = '[0.73205081 0.73205081 0.73205081] (rgb)'
7.6805 	EXP 	polygon: fillColor = '[-2. -2. -2.] (rgb)'
7.6805 	EXP 	polygon_2: fillColor = '[-2.73205081 -2.73205081 -2.73205081] (rgb)'
7.6971 	EXP 	polygon: fillColor = '[-1. -1. -1.] (rgb)'
7.6971 	EXP 	polygon_2: fillColor = '[-1. -1. -1.] (rgb)'
7.7137 	EXP 	polygon: fillColor = '[2.88657986e-15 2.88657986e-15 2.88657986e-15] (rgb)'
7.7137 	EXP 	polygon_2: fillColor = '[0.73205081 0.73205081 0.73205081] (rgb)'
7.7304 	EXP 	polygon: fillColor = '[0.73205081 0.73205081 0.73205081] (rgb)'
7.7304 	EXP 	polygon_2: fillColor = '[-2.73205081 -2.73205081 -2.73205081] (rgb)'
7.7471 	EXP 	polygon: fillColor = '[1. 1. 1.] (rgb)'
7.7471 	EXP 	polygon_2: fillColor = '[-1. -1. -1.] (rgb)'
7.7501 	DATA 	Keypress: escape
7.7848 	EXP 	window1: mouseVisible = True
