2.3090 	WARNING 	Import Error: No module named 'psychtoolbox'. Using event module for keyboard component.
5.6624 	EXP 	Created window1 = Window(allowGUI=False, allowStencil=False, args=UNKNOWN, autoLog=True, bitsMode=UNKNOWN, blendMode='avg', color=array([-1., -1., -1.]), colorSpace='rgb', fullscr=<method-wrapper '__getattribute__' of attributeSetter object at 0x00000242FA5551C8>, gamma=None, gammaErrorPolicy='raise', kwargs=UNKNOWN, lms=UNKNOWN, monitor=<psychopy.monitors.calibTools.Monitor object at 0x00000242FA5C5108>, multiSample=False, name='window1', numSamples=2, pos=[0.0, 0.0], screen=0, size=array([1920, 1080]), stereo=False, units='height', useFBO=True, useRetina=False, viewOri=0.0, viewPos=None, viewScale=None, waitBlanking=True, winType='pyglet')
5.6624 	EXP 	window1: recordFrameIntervals = False
5.8280 	EXP 	window1: recordFrameIntervals = True
6.0115 	EXP 	window1: recordFrameIntervals = False
6.3128 	EXP 	Created text = TextStim(__class__=<class 'psychopy.visual.text.TextStim'>, alignHoriz='center', alignVert='center', antialias=True, autoLog=True, bold=False, color='white', colorSpace='named', contrast=1.0, depth=0.0, flipHoriz=False, flipVert=False, font='Arial', fontFiles=[], height=0.05, italic=False, languageStyle='LTR', name='text', opacity=1.0, ori=0, pos=array([0., 0.]), rgb=array([255., 255., 255.]), text='脑机接口\n\n视觉刺激实验\n\n按"空格"继续', units='height', win=Window(...), wrapWidth=1)
6.3148 	EXP 	Created polygon = Rect(__class__=<class 'psychopy.visual.rect.Rect'>, autoDraw=False, autoLog=True, closeShape=True, color=method-wrapper(...), colorSpace=None, contrast=1.0, depth=0.0, fillColor=array([1., 1., 1.]), fillColorSpace='rgb', fillRGB=array([1., 1., 1.]), interpolate=True, lineColor=array([1., 1., 1.]), lineColorSpace='rgb', lineRGB=array([1., 1., 1.]), lineWidth=1, name='polygon', opacity=1.0, ori=array(0.), pos=array([-0.3,  0. ]), size=array([1., 1.]), units='height', vertices=ndarray(...), win=Window(...))
6.3163 	EXP 	Created polygon_2 = Rect(__class__=<class 'psychopy.visual.rect.Rect'>, autoDraw=False, autoLog=True, closeShape=True, color=method-wrapper(...), colorSpace=None, contrast=1.0, depth=-1.0, fillColor=array([1., 1., 1.]), fillColorSpace='rgb', fillRGB=array([1., 1., 1.]), interpolate=True, lineColor=array([1., 1., 1.]), lineColorSpace='rgb', lineRGB=array([1., 1., 1.]), lineWidth=1, name='polygon_2', opacity=1.0, ori=array(0.), pos=array([0.3, 0. ]), size=array([1., 1.]), units='height', vertices=ndarray(...), win=Window(...))
6.3230 	EXP 	text: autoDraw = True
7.6616 	DATA 	Keypress: space
7.6959 	EXP 	text: autoDraw = False
7.6959 	EXP 	polygon: autoDraw = True
7.6959 	EXP 	polygon_2: autoDraw = True
7.6959 	EXP 	polygon: fillColor = '[-1. -1. -1.] (rgb)'
7.6959 	EXP 	polygon_2: fillColor = '[-1. -1. -1.] (rgb)'
7.7100 	EXP 	polygon: fillColor = '[-1.11022302e-16 -1.11022302e-16 -1.11022302e-16] (rgb)'
7.7100 	EXP 	polygon_2: fillColor = '[0.73205081 0.73205081 0.73205081] (rgb)'
7.7267 	EXP 	polygon: fillColor = '[0.73205081 0.73205081 0.73205081] (rgb)'
7.7267 	EXP 	polygon_2: fillColor = '[-2.73205081 -2.73205081 -2.73205081] (rgb)'
7.7434 	EXP 	polygon: fillColor = '[1. 1. 1.] (rgb)'
7.7434 	EXP 	polygon_2: fillColor = '[-1. -1. -1.] (rgb)'
7.7601 	EXP 	polygon: fillColor = '[0.73205081 0.73205081 0.73205081] (rgb)'
7.7601 	EXP 	polygon_2: fillColor = '[0.73205081 0.73205081 0.73205081] (rgb)'
7.7765 	EXP 	polygon: fillColor = '[-1.11022302e-16 -1.11022302e-16 -1.11022302e-16] (rgb)'
7.7765 	EXP 	polygon_2: fillColor = '[-2.73205081 -2.73205081 -2.73205081] (rgb)'
7.7933 	EXP 	polygon: fillColor = '[-1. -1. -1.] (rgb)'
7.7933 	EXP 	polygon_2: fillColor = '[-1. -1. -1.] (rgb)'
7.8099 	EXP 	polygon: fillColor = '[-2. -2. -2.] (rgb)'
7.8099 	EXP 	polygon_2: fillColor = '[0.73205081 0.73205081 0.73205081] (rgb)'
7.8267 	EXP 	polygon: fillColor = '[-2.73205081 -2.73205081 -2.73205081] (rgb)'
7.8267 	EXP 	polygon_2: fillColor = '[-2.73205081 -2.73205081 -2.73205081] (rgb)'
7.8437 	EXP 	polygon: fillColor = '[-3. -3. -3.] (rgb)'
7.8437 	EXP 	polygon_2: fillColor = '[-1. -1. -1.] (rgb)'
7.8597 	EXP 	polygon: fillColor = '[-2.73205081 -2.73205081 -2.73205081] (rgb)'
7.8597 	EXP 	polygon_2: fillColor = '[0.73205081 0.73205081 0.73205081] (rgb)'
7.8769 	EXP 	polygon: fillColor = '[-2. -2. -2.] (rgb)'
7.8769 	EXP 	polygon_2: fillColor = '[-2.73205081 -2.73205081 -2.73205081] (rgb)'
7.8933 	EXP 	polygon: fillColor = '[-1. -1. -1.] (rgb)'
7.8933 	EXP 	polygon_2: fillColor = '[-1. -1. -1.] (rgb)'
7.9100 	EXP 	polygon: fillColor = '[-1.44328993e-15 -1.44328993e-15 -1.44328993e-15] (rgb)'
7.9100 	EXP 	polygon_2: fillColor = '[0.73205081 0.73205081 0.73205081] (rgb)'
7.9266 	EXP 	polygon: fillColor = '[0.73205081 0.73205081 0.73205081] (rgb)'
7.9266 	EXP 	polygon_2: fillColor = '[-2.73205081 -2.73205081 -2.73205081] (rgb)'
7.9431 	EXP 	polygon: fillColor = '[1. 1. 1.] (rgb)'
7.9431 	EXP 	polygon_2: fillColor = '[-1. -1. -1.] (rgb)'
7.9599 	EXP 	polygon: fillColor = '[0.73205081 0.73205081 0.73205081] (rgb)'
7.9599 	EXP 	polygon_2: fillColor = '[0.73205081 0.73205081 0.73205081] (rgb)'
7.9766 	EXP 	polygon: fillColor = '[-4.4408921e-16 -4.4408921e-16 -4.4408921e-16] (rgb)'
7.9766 	EXP 	polygon_2: fillColor = '[-2.73205081 -2.73205081 -2.73205081] (rgb)'
7.9932 	EXP 	polygon: fillColor = '[-1. -1. -1.] (rgb)'
7.9932 	EXP 	polygon_2: fillColor = '[-1. -1. -1.] (rgb)'
8.0100 	EXP 	polygon: fillColor = '[-2. -2. -2.] (rgb)'
8.0100 	EXP 	polygon_2: fillColor = '[0.73205081 0.73205081 0.73205081] (rgb)'
8.0265 	EXP 	polygon: fillColor = '[-2.73205081 -2.73205081 -2.73205081] (rgb)'
8.0265 	EXP 	polygon_2: fillColor = '[-2.73205081 -2.73205081 -2.73205081] (rgb)'
8.0433 	EXP 	polygon: fillColor = '[-3. -3. -3.] (rgb)'
8.0433 	EXP 	polygon_2: fillColor = '[-1. -1. -1.] (rgb)'
8.0599 	EXP 	polygon: fillColor = '[-2.73205081 -2.73205081 -2.73205081] (rgb)'
8.0599 	EXP 	polygon_2: fillColor = '[0.73205081 0.73205081 0.73205081] (rgb)'
8.0764 	EXP 	polygon: fillColor = '[-2. -2. -2.] (rgb)'
8.0764 	EXP 	polygon_2: fillColor = '[-2.73205081 -2.73205081 -2.73205081] (rgb)'
8.0932 	EXP 	polygon: fillColor = '[-1. -1. -1.] (rgb)'
8.0932 	EXP 	polygon_2: fillColor = '[-1. -1. -1.] (rgb)'
8.1099 	EXP 	polygon: fillColor = '[-1.88737914e-15 -1.88737914e-15 -1.88737914e-15] (rgb)'
8.1099 	EXP 	polygon_2: fillColor = '[0.73205081 0.73205081 0.73205081] (rgb)'
8.1268 	EXP 	polygon: fillColor = '[0.73205081 0.73205081 0.73205081] (rgb)'
8.1268 	EXP 	polygon_2: fillColor = '[-2.73205081 -2.73205081 -2.73205081] (rgb)'
8.1431 	EXP 	polygon: fillColor = '[1. 1. 1.] (rgb)'
8.1431 	EXP 	polygon_2: fillColor = '[-1. -1. -1.] (rgb)'
8.1598 	EXP 	polygon: fillColor = '[0.73205081 0.73205081 0.73205081] (rgb)'
8.1598 	EXP 	polygon_2: fillColor = '[0.73205081 0.73205081 0.73205081] (rgb)'
8.1767 	EXP 	polygon: fillColor = '[3.10862447e-15 3.10862447e-15 3.10862447e-15] (rgb)'
8.1767 	EXP 	polygon_2: fillColor = '[-2.73205081 -2.73205081 -2.73205081] (rgb)'
8.1931 	EXP 	polygon: fillColor = '[-1. -1. -1.] (rgb)'
8.1931 	EXP 	polygon_2: fillColor = '[-1. -1. -1.] (rgb)'
8.2099 	EXP 	polygon: fillColor = '[-2. -2. -2.] (rgb)'
8.2099 	EXP 	polygon_2: fillColor = '[0.73205081 0.73205081 0.73205081] (rgb)'
8.2264 	EXP 	polygon: fillColor = '[-2.73205081 -2.73205081 -2.73205081] (rgb)'
8.2264 	EXP 	polygon_2: fillColor = '[-2.73205081 -2.73205081 -2.73205081] (rgb)'
8.2434 	EXP 	polygon: fillColor = '[-3. -3. -3.] (rgb)'
8.2434 	EXP 	polygon_2: fillColor = '[-1. -1. -1.] (rgb)'
8.2596 	EXP 	polygon: fillColor = '[-2.73205081 -2.73205081 -2.73205081] (rgb)'
8.2596 	EXP 	polygon_2: fillColor = '[0.73205081 0.73205081 0.73205081] (rgb)'
8.2762 	EXP 	polygon: fillColor = '[-2. -2. -2.] (rgb)'
8.2762 	EXP 	polygon_2: fillColor = '[-2.73205081 -2.73205081 -2.73205081] (rgb)'
8.2930 	EXP 	polygon: fillColor = '[-1. -1. -1.] (rgb)'
8.2930 	EXP 	polygon_2: fillColor = '[-1. -1. -1.] (rgb)'
8.3096 	EXP 	polygon: fillColor = '[-2.33146835e-15 -2.33146835e-15 -2.33146835e-15] (rgb)'
8.3096 	EXP 	polygon_2: fillColor = '[0.73205081 0.73205081 0.73205081] (rgb)'
8.3263 	EXP 	polygon: fillColor = '[0.73205081 0.73205081 0.73205081] (rgb)'
8.3263 	EXP 	polygon_2: fillColor = '[-2.73205081 -2.73205081 -2.73205081] (rgb)'
8.3428 	EXP 	polygon: fillColor = '[1. 1. 1.] (rgb)'
8.3428 	EXP 	polygon_2: fillColor = '[-1. -1. -1.] (rgb)'
8.3596 	EXP 	polygon: fillColor = '[0.73205081 0.73205081 0.73205081] (rgb)'
8.3596 	EXP 	polygon_2: fillColor = '[0.73205081 0.73205081 0.73205081] (rgb)'
8.3766 	EXP 	polygon: fillColor = '[4.4408921e-16 4.4408921e-16 4.4408921e-16] (rgb)'
8.3766 	EXP 	polygon_2: fillColor = '[-2.73205081 -2.73205081 -2.73205081] (rgb)'
8.3930 	EXP 	polygon: fillColor = '[-1. -1. -1.] (rgb)'
8.3930 	EXP 	polygon_2: fillColor = '[-1. -1. -1.] (rgb)'
8.4097 	EXP 	polygon: fillColor = '[-2. -2. -2.] (rgb)'
8.4097 	EXP 	polygon_2: fillColor = '[0.73205081 0.73205081 0.73205081] (rgb)'
8.4263 	EXP 	polygon: fillColor = '[-2.73205081 -2.73205081 -2.73205081] (rgb)'
8.4263 	EXP 	polygon_2: fillColor = '[-2.73205081 -2.73205081 -2.73205081] (rgb)'
8.4428 	EXP 	polygon: fillColor = '[-3. -3. -3.] (rgb)'
8.4428 	EXP 	polygon_2: fillColor = '[-1. -1. -1.] (rgb)'
8.4597 	EXP 	polygon: fillColor = '[-2.73205081 -2.73205081 -2.73205081] (rgb)'
8.4597 	EXP 	polygon_2: fillColor = '[0.73205081 0.73205081 0.73205081] (rgb)'
8.4762 	EXP 	polygon: fillColor = '[-2. -2. -2.] (rgb)'
8.4762 	EXP 	polygon_2: fillColor = '[-2.73205081 -2.73205081 -2.73205081] (rgb)'
8.4929 	EXP 	polygon: fillColor = '[-1. -1. -1.] (rgb)'
8.4929 	EXP 	polygon_2: fillColor = '[-1. -1. -1.] (rgb)'
8.5095 	EXP 	polygon: fillColor = '[-2.77555756e-15 -2.77555756e-15 -2.77555756e-15] (rgb)'
8.5095 	EXP 	polygon_2: fillColor = '[0.73205081 0.73205081 0.73205081] (rgb)'
8.5260 	EXP 	polygon: fillColor = '[0.73205081 0.73205081 0.73205081] (rgb)'
8.5260 	EXP 	polygon_2: fillColor = '[-2.73205081 -2.73205081 -2.73205081] (rgb)'
8.5424 	EXP 	polygon: fillColor = '[1. 1. 1.] (rgb)'
8.5424 	EXP 	polygon_2: fillColor = '[-1. -1. -1.] (rgb)'
8.5590 	EXP 	polygon: fillColor = '[0.73205081 0.73205081 0.73205081] (rgb)'
8.5590 	EXP 	polygon_2: fillColor = '[0.73205081 0.73205081 0.73205081] (rgb)'
8.5762 	EXP 	polygon: fillColor = '[8.8817842e-16 8.8817842e-16 8.8817842e-16] (rgb)'
8.5762 	EXP 	polygon_2: fillColor = '[-2.73205081 -2.73205081 -2.73205081] (rgb)'
8.5928 	EXP 	polygon: fillColor = '[-1. -1. -1.] (rgb)'
8.5928 	EXP 	polygon_2: fillColor = '[-1. -1. -1.] (rgb)'
8.6095 	EXP 	polygon: fillColor = '[-2. -2. -2.] (rgb)'
8.6095 	EXP 	polygon_2: fillColor = '[0.73205081 0.73205081 0.73205081] (rgb)'
8.6262 	EXP 	polygon: fillColor = '[-2.73205081 -2.73205081 -2.73205081] (rgb)'
8.6262 	EXP 	polygon_2: fillColor = '[-2.73205081 -2.73205081 -2.73205081] (rgb)'
8.6429 	EXP 	polygon: fillColor = '[-3. -3. -3.] (rgb)'
8.6429 	EXP 	polygon_2: fillColor = '[-1. -1. -1.] (rgb)'
8.6594 	EXP 	polygon: fillColor = '[-2.73205081 -2.73205081 -2.73205081] (rgb)'
8.6594 	EXP 	polygon_2: fillColor = '[0.73205081 0.73205081 0.73205081] (rgb)'
8.6762 	EXP 	polygon: fillColor = '[-2. -2. -2.] (rgb)'
8.6762 	EXP 	polygon_2: fillColor = '[-2.73205081 -2.73205081 -2.73205081] (rgb)'
8.6929 	EXP 	polygon: fillColor = '[-1. -1. -1.] (rgb)'
8.6929 	EXP 	polygon_2: fillColor = '[-1. -1. -1.] (rgb)'
8.7095 	EXP 	polygon: fillColor = '[2.88657986e-15 2.88657986e-15 2.88657986e-15] (rgb)'
8.7095 	EXP 	polygon_2: fillColor = '[0.73205081 0.73205081 0.73205081] (rgb)'
8.7262 	EXP 	polygon: fillColor = '[0.73205081 0.73205081 0.73205081] (rgb)'
8.7262 	EXP 	polygon_2: fillColor = '[-2.73205081 -2.73205081 -2.73205081] (rgb)'
8.7428 	EXP 	polygon: fillColor = '[1. 1. 1.] (rgb)'
8.7428 	EXP 	polygon_2: fillColor = '[-1. -1. -1.] (rgb)'
8.7594 	EXP 	polygon: fillColor = '[0.73205081 0.73205081 0.73205081] (rgb)'
8.7594 	EXP 	polygon_2: fillColor = '[0.73205081 0.73205081 0.73205081] (rgb)'
8.7761 	EXP 	polygon: fillColor = '[1.33226763e-15 1.33226763e-15 1.33226763e-15] (rgb)'
8.7761 	EXP 	polygon_2: fillColor = '[-2.73205081 -2.73205081 -2.73205081] (rgb)'
8.7927 	EXP 	polygon: fillColor = '[-1. -1. -1.] (rgb)'
8.7927 	EXP 	polygon_2: fillColor = '[-1. -1. -1.] (rgb)'
8.8093 	EXP 	polygon: fillColor = '[-2. -2. -2.] (rgb)'
8.8093 	EXP 	polygon_2: fillColor = '[0.73205081 0.73205081 0.73205081] (rgb)'
8.8257 	EXP 	polygon: fillColor = '[-2.73205081 -2.73205081 -2.73205081] (rgb)'
8.8257 	EXP 	polygon_2: fillColor = '[-2.73205081 -2.73205081 -2.73205081] (rgb)'
8.8421 	EXP 	polygon: fillColor = '[-3. -3. -3.] (rgb)'
8.8421 	EXP 	polygon_2: fillColor = '[-1. -1. -1.] (rgb)'
8.8588 	EXP 	polygon: fillColor = '[-2.73205081 -2.73205081 -2.73205081] (rgb)'
8.8588 	EXP 	polygon_2: fillColor = '[0.73205081 0.73205081 0.73205081] (rgb)'
8.8754 	EXP 	polygon: fillColor = '[-2. -2. -2.] (rgb)'
8.8754 	EXP 	polygon_2: fillColor = '[-2.73205081 -2.73205081 -2.73205081] (rgb)'
8.8921 	EXP 	polygon: fillColor = '[-1. -1. -1.] (rgb)'
8.8921 	EXP 	polygon_2: fillColor = '[-1. -1. -1.] (rgb)'
8.9087 	EXP 	polygon: fillColor = '[2.44249065e-15 2.44249065e-15 2.44249065e-15] (rgb)'
8.9087 	EXP 	polygon_2: fillColor = '[0.73205081 0.73205081 0.73205081] (rgb)'
8.9254 	EXP 	polygon: fillColor = '[0.73205081 0.73205081 0.73205081] (rgb)'
8.9254 	EXP 	polygon_2: fillColor = '[-2.73205081 -2.73205081 -2.73205081] (rgb)'
8.9420 	EXP 	polygon: fillColor = '[1. 1. 1.] (rgb)'
8.9420 	EXP 	polygon_2: fillColor = '[-1. -1. -1.] (rgb)'
8.9587 	EXP 	polygon: fillColor = '[0.73205081 0.73205081 0.73205081] (rgb)'
8.9587 	EXP 	polygon_2: fillColor = '[0.73205081 0.73205081 0.73205081] (rgb)'
8.9754 	EXP 	polygon: fillColor = '[1.77635684e-15 1.77635684e-15 1.77635684e-15] (rgb)'
8.9754 	EXP 	polygon_2: fillColor = '[-2.73205081 -2.73205081 -2.73205081] (rgb)'
8.9920 	EXP 	polygon: fillColor = '[-1. -1. -1.] (rgb)'
8.9920 	EXP 	polygon_2: fillColor = '[-1. -1. -1.] (rgb)'
9.0088 	EXP 	polygon: fillColor = '[-2. -2. -2.] (rgb)'
9.0088 	EXP 	polygon_2: fillColor = '[0.73205081 0.73205081 0.73205081] (rgb)'
9.0253 	EXP 	polygon: fillColor = '[-2.73205081 -2.73205081 -2.73205081] (rgb)'
9.0253 	EXP 	polygon_2: fillColor = '[-2.73205081 -2.73205081 -2.73205081] (rgb)'
9.0420 	EXP 	polygon: fillColor = '[-3. -3. -3.] (rgb)'
9.0420 	EXP 	polygon_2: fillColor = '[-1. -1. -1.] (rgb)'
9.0587 	EXP 	polygon: fillColor = '[-2.73205081 -2.73205081 -2.73205081] (rgb)'
9.0587 	EXP 	polygon_2: fillColor = '[0.73205081 0.73205081 0.73205081] (rgb)'
9.0753 	EXP 	polygon: fillColor = '[-2. -2. -2.] (rgb)'
9.0753 	EXP 	polygon_2: fillColor = '[-2.73205081 -2.73205081 -2.73205081] (rgb)'
9.0920 	EXP 	polygon: fillColor = '[-1. -1. -1.] (rgb)'
9.0920 	EXP 	polygon_2: fillColor = '[-1. -1. -1.] (rgb)'
9.1086 	EXP 	polygon: fillColor = '[-1.02140518e-14 -1.02140518e-14 -1.02140518e-14] (rgb)'
9.1086 	EXP 	polygon_2: fillColor = '[0.73205081 0.73205081 0.73205081] (rgb)'
9.1253 	EXP 	polygon: fillColor = '[0.73205081 0.73205081 0.73205081] (rgb)'
9.1253 	EXP 	polygon_2: fillColor = '[-2.73205081 -2.73205081 -2.73205081] (rgb)'
9.1420 	EXP 	polygon: fillColor = '[1. 1. 1.] (rgb)'
9.1420 	EXP 	polygon_2: fillColor = '[-1. -1. -1.] (rgb)'
9.1587 	EXP 	polygon: fillColor = '[0.73205081 0.73205081 0.73205081] (rgb)'
9.1587 	EXP 	polygon_2: fillColor = '[0.73205081 0.73205081 0.73205081] (rgb)'
9.1754 	EXP 	polygon: fillColor = '[2.22044605e-15 2.22044605e-15 2.22044605e-15] (rgb)'
9.1754 	EXP 	polygon_2: fillColor = '[-2.73205081 -2.73205081 -2.73205081] (rgb)'
9.1920 	EXP 	polygon: fillColor = '[-1. -1. -1.] (rgb)'
9.1920 	EXP 	polygon_2: fillColor = '[-1. -1. -1.] (rgb)'
9.2086 	EXP 	polygon: fillColor = '[-2. -2. -2.] (rgb)'
9.2086 	EXP 	polygon_2: fillColor = '[0.73205081 0.73205081 0.73205081] (rgb)'
9.2253 	EXP 	polygon: fillColor = '[-2.73205081 -2.73205081 -2.73205081] (rgb)'
9.2253 	EXP 	polygon_2: fillColor = '[-2.73205081 -2.73205081 -2.73205081] (rgb)'
9.2420 	EXP 	polygon: fillColor = '[-3. -3. -3.] (rgb)'
9.2420 	EXP 	polygon_2: fillColor = '[-1. -1. -1.] (rgb)'
9.2586 	EXP 	polygon: fillColor = '[-2.73205081 -2.73205081 -2.73205081] (rgb)'
9.2586 	EXP 	polygon_2: fillColor = '[0.73205081 0.73205081 0.73205081] (rgb)'
9.2752 	EXP 	polygon: fillColor = '[-2. -2. -2.] (rgb)'
9.2752 	EXP 	polygon_2: fillColor = '[-2.73205081 -2.73205081 -2.73205081] (rgb)'
9.2919 	EXP 	polygon: fillColor = '[-1. -1. -1.] (rgb)'
9.2919 	EXP 	polygon_2: fillColor = '[-1. -1. -1.] (rgb)'
9.3085 	EXP 	polygon: fillColor = '[-1.0658141e-14 -1.0658141e-14 -1.0658141e-14] (rgb)'
9.3085 	EXP 	polygon_2: fillColor = '[0.73205081 0.73205081 0.73205081] (rgb)'
9.3252 	EXP 	polygon: fillColor = '[0.73205081 0.73205081 0.73205081] (rgb)'
9.3252 	EXP 	polygon_2: fillColor = '[-2.73205081 -2.73205081 -2.73205081] (rgb)'
9.3418 	EXP 	polygon: fillColor = '[1. 1. 1.] (rgb)'
9.3418 	EXP 	polygon_2: fillColor = '[-1. -1. -1.] (rgb)'
9.3585 	EXP 	polygon: fillColor = '[0.73205081 0.73205081 0.73205081] (rgb)'
9.3585 	EXP 	polygon_2: fillColor = '[0.73205081 0.73205081 0.73205081] (rgb)'
9.3752 	EXP 	polygon: fillColor = '[2.44249065e-15 2.44249065e-15 2.44249065e-15] (rgb)'
9.3752 	EXP 	polygon_2: fillColor = '[-2.73205081 -2.73205081 -2.73205081] (rgb)'
9.3921 	EXP 	polygon: fillColor = '[-1. -1. -1.] (rgb)'
9.3921 	EXP 	polygon_2: fillColor = '[-1. -1. -1.] (rgb)'
9.4096 	EXP 	polygon: fillColor = '[-2. -2. -2.] (rgb)'
9.4096 	EXP 	polygon_2: fillColor = '[0.73205081 0.73205081 0.73205081] (rgb)'
9.4258 	EXP 	polygon: fillColor = '[-2.73205081 -2.73205081 -2.73205081] (rgb)'
9.4258 	EXP 	polygon_2: fillColor = '[-2.73205081 -2.73205081 -2.73205081] (rgb)'
9.4422 	EXP 	polygon: fillColor = '[-3. -3. -3.] (rgb)'
9.4422 	EXP 	polygon_2: fillColor = '[-1. -1. -1.] (rgb)'
9.4589 	EXP 	polygon: fillColor = '[-2.73205081 -2.73205081 -2.73205081] (rgb)'
9.4589 	EXP 	polygon_2: fillColor = '[0.73205081 0.73205081 0.73205081] (rgb)'
9.5046 	EXP 	polygon: fillColor = '[-2. -2. -2.] (rgb)'
9.5046 	EXP 	polygon_2: fillColor = '[-2.73205081 -2.73205081 -2.73205081] (rgb)'
9.5093 	EXP 	polygon: fillColor = '[-1. -1. -1.] (rgb)'
9.5093 	EXP 	polygon_2: fillColor = '[-1. -1. -1.] (rgb)'
9.5251 	EXP 	polygon: fillColor = '[1.33226763e-15 1.33226763e-15 1.33226763e-15] (rgb)'
9.5251 	EXP 	polygon_2: fillColor = '[0.73205081 0.73205081 0.73205081] (rgb)'
9.5417 	EXP 	polygon: fillColor = '[0.73205081 0.73205081 0.73205081] (rgb)'
9.5417 	EXP 	polygon_2: fillColor = '[-2.73205081 -2.73205081 -2.73205081] (rgb)'
9.5585 	EXP 	polygon: fillColor = '[1. 1. 1.] (rgb)'
9.5585 	EXP 	polygon_2: fillColor = '[-1. -1. -1.] (rgb)'
9.5759 	EXP 	polygon: fillColor = '[0.73205081 0.73205081 0.73205081] (rgb)'
9.5759 	EXP 	polygon_2: fillColor = '[0.73205081 0.73205081 0.73205081] (rgb)'
9.5922 	EXP 	polygon: fillColor = '[2.88657986e-15 2.88657986e-15 2.88657986e-15] (rgb)'
9.5922 	EXP 	polygon_2: fillColor = '[-2.73205081 -2.73205081 -2.73205081] (rgb)'
9.6087 	EXP 	polygon: fillColor = '[-1. -1. -1.] (rgb)'
9.6087 	EXP 	polygon_2: fillColor = '[-1. -1. -1.] (rgb)'
9.6251 	EXP 	polygon: fillColor = '[-2. -2. -2.] (rgb)'
9.6251 	EXP 	polygon_2: fillColor = '[0.73205081 0.73205081 0.73205081] (rgb)'
9.6420 	EXP 	polygon: fillColor = '[-2.73205081 -2.73205081 -2.73205081] (rgb)'
9.6420 	EXP 	polygon_2: fillColor = '[-2.73205081 -2.73205081 -2.73205081] (rgb)'
9.6589 	EXP 	polygon: fillColor = '[-3. -3. -3.] (rgb)'
9.6589 	EXP 	polygon_2: fillColor = '[-1. -1. -1.] (rgb)'
9.6755 	EXP 	polygon: fillColor = '[-2.73205081 -2.73205081 -2.73205081] (rgb)'
9.6755 	EXP 	polygon_2: fillColor = '[0.73205081 0.73205081 0.73205081] (rgb)'
9.6919 	EXP 	polygon: fillColor = '[-2. -2. -2.] (rgb)'
9.6919 	EXP 	polygon_2: fillColor = '[-2.73205081 -2.73205081 -2.73205081] (rgb)'
9.7086 	EXP 	polygon: fillColor = '[-1. -1. -1.] (rgb)'
9.7086 	EXP 	polygon_2: fillColor = '[-1. -1. -1.] (rgb)'
9.7250 	EXP 	polygon: fillColor = '[8.8817842e-16 8.8817842e-16 8.8817842e-16] (rgb)'
9.7250 	EXP 	polygon_2: fillColor = '[0.73205081 0.73205081 0.73205081] (rgb)'
9.7416 	EXP 	polygon: fillColor = '[0.73205081 0.73205081 0.73205081] (rgb)'
9.7416 	EXP 	polygon_2: fillColor = '[-2.73205081 -2.73205081 -2.73205081] (rgb)'
9.7586 	EXP 	polygon: fillColor = '[1. 1. 1.] (rgb)'
9.7586 	EXP 	polygon_2: fillColor = '[-1. -1. -1.] (rgb)'
9.7755 	EXP 	polygon: fillColor = '[0.73205081 0.73205081 0.73205081] (rgb)'
9.7755 	EXP 	polygon_2: fillColor = '[0.73205081 0.73205081 0.73205081] (rgb)'
9.7921 	EXP 	polygon: fillColor = '[3.33066907e-15 3.33066907e-15 3.33066907e-15] (rgb)'
9.7921 	EXP 	polygon_2: fillColor = '[-2.73205081 -2.73205081 -2.73205081] (rgb)'
9.8093 	EXP 	polygon: fillColor = '[-1. -1. -1.] (rgb)'
9.8093 	EXP 	polygon_2: fillColor = '[-1. -1. -1.] (rgb)'
9.8167 	DATA 	Keypress: space
9.8258 	EXP 	polygon: fillColor = '[-2. -2. -2.] (rgb)'
9.8258 	EXP 	polygon_2: fillColor = '[0.73205081 0.73205081 0.73205081] (rgb)'
9.8424 	EXP 	polygon: fillColor = '[-2.73205081 -2.73205081 -2.73205081] (rgb)'
9.8424 	EXP 	polygon_2: fillColor = '[-2.73205081 -2.73205081 -2.73205081] (rgb)'
9.8593 	EXP 	polygon: fillColor = '[-3. -3. -3.] (rgb)'
9.8593 	EXP 	polygon_2: fillColor = '[-1. -1. -1.] (rgb)'
9.8773 	EXP 	polygon: fillColor = '[-2.73205081 -2.73205081 -2.73205081] (rgb)'
9.8773 	EXP 	polygon_2: fillColor = '[0.73205081 0.73205081 0.73205081] (rgb)'
9.8924 	EXP 	polygon: fillColor = '[-2. -2. -2.] (rgb)'
9.8924 	EXP 	polygon_2: fillColor = '[-2.73205081 -2.73205081 -2.73205081] (rgb)'
9.9092 	EXP 	polygon: fillColor = '[-1. -1. -1.] (rgb)'
9.9092 	EXP 	polygon_2: fillColor = '[-1. -1. -1.] (rgb)'
9.9256 	EXP 	polygon: fillColor = '[-1.18793864e-14 -1.18793864e-14 -1.18793864e-14] (rgb)'
9.9256 	EXP 	polygon_2: fillColor = '[0.73205081 0.73205081 0.73205081] (rgb)'
9.9423 	EXP 	polygon: fillColor = '[0.73205081 0.73205081 0.73205081] (rgb)'
9.9423 	EXP 	polygon_2: fillColor = '[-2.73205081 -2.73205081 -2.73205081] (rgb)'
9.9590 	EXP 	polygon: fillColor = '[1. 1. 1.] (rgb)'
9.9590 	EXP 	polygon_2: fillColor = '[-1. -1. -1.] (rgb)'
9.9756 	EXP 	polygon: fillColor = '[0.73205081 0.73205081 0.73205081] (rgb)'
9.9756 	EXP 	polygon_2: fillColor = '[0.73205081 0.73205081 0.73205081] (rgb)'
9.9925 	EXP 	polygon: fillColor = '[1.62092562e-14 1.62092562e-14 1.62092562e-14] (rgb)'
9.9925 	EXP 	polygon_2: fillColor = '[-2.73205081 -2.73205081 -2.73205081] (rgb)'
10.0091 	EXP 	polygon: fillColor = '[-1. -1. -1.] (rgb)'
10.0091 	EXP 	polygon_2: fillColor = '[-1. -1. -1.] (rgb)'
10.0259 	EXP 	polygon: fillColor = '[-2. -2. -2.] (rgb)'
10.0259 	EXP 	polygon_2: fillColor = '[0.73205081 0.73205081 0.73205081] (rgb)'
10.0423 	EXP 	polygon: fillColor = '[-2.73205081 -2.73205081 -2.73205081] (rgb)'
10.0423 	EXP 	polygon_2: fillColor = '[-2.73205081 -2.73205081 -2.73205081] (rgb)'
10.0602 	EXP 	polygon: fillColor = '[-3. -3. -3.] (rgb)'
10.0602 	EXP 	polygon_2: fillColor = '[-1. -1. -1.] (rgb)'
10.0761 	EXP 	polygon: fillColor = '[-2.73205081 -2.73205081 -2.73205081] (rgb)'
10.0761 	EXP 	polygon_2: fillColor = '[0.73205081 0.73205081 0.73205081] (rgb)'
10.0922 	EXP 	polygon: fillColor = '[-2. -2. -2.] (rgb)'
10.0922 	EXP 	polygon_2: fillColor = '[-2.73205081 -2.73205081 -2.73205081] (rgb)'
10.1087 	EXP 	polygon: fillColor = '[-1. -1. -1.] (rgb)'
10.1087 	EXP 	polygon_2: fillColor = '[-1. -1. -1.] (rgb)'
10.1263 	EXP 	polygon: fillColor = '[0. 0. 0.] (rgb)'
10.1263 	EXP 	polygon_2: fillColor = '[0.73205081 0.73205081 0.73205081] (rgb)'
10.1419 	EXP 	polygon: fillColor = '[0.73205081 0.73205081 0.73205081] (rgb)'
10.1419 	EXP 	polygon_2: fillColor = '[-2.73205081 -2.73205081 -2.73205081] (rgb)'
10.1586 	EXP 	polygon: fillColor = '[1. 1. 1.] (rgb)'
10.1586 	EXP 	polygon_2: fillColor = '[-1. -1. -1.] (rgb)'
10.1755 	EXP 	polygon: fillColor = '[0.73205081 0.73205081 0.73205081] (rgb)'
10.1755 	EXP 	polygon_2: fillColor = '[0.73205081 0.73205081 0.73205081] (rgb)'
10.1924 	EXP 	polygon: fillColor = '[4.21884749e-15 4.21884749e-15 4.21884749e-15] (rgb)'
10.1924 	EXP 	polygon_2: fillColor = '[-2.73205081 -2.73205081 -2.73205081] (rgb)'
10.2111 	EXP 	polygon: fillColor = '[-1. -1. -1.] (rgb)'
10.2111 	EXP 	polygon_2: fillColor = '[-1. -1. -1.] (rgb)'
10.2258 	EXP 	polygon: fillColor = '[-2. -2. -2.] (rgb)'
10.2258 	EXP 	polygon_2: fillColor = '[0.73205081 0.73205081 0.73205081] (rgb)'
10.2423 	EXP 	polygon: fillColor = '[-2.73205081 -2.73205081 -2.73205081] (rgb)'
10.2423 	EXP 	polygon_2: fillColor = '[-2.73205081 -2.73205081 -2.73205081] (rgb)'
10.2589 	EXP 	polygon: fillColor = '[-3. -3. -3.] (rgb)'
10.2589 	EXP 	polygon_2: fillColor = '[-1. -1. -1.] (rgb)'
10.2756 	EXP 	polygon: fillColor = '[-2.73205081 -2.73205081 -2.73205081] (rgb)'
10.2756 	EXP 	polygon_2: fillColor = '[0.73205081 0.73205081 0.73205081] (rgb)'
10.2924 	EXP 	polygon: fillColor = '[-2. -2. -2.] (rgb)'
10.2924 	EXP 	polygon_2: fillColor = '[-2.73205081 -2.73205081 -2.73205081] (rgb)'
10.3093 	EXP 	polygon: fillColor = '[-1. -1. -1.] (rgb)'
10.3093 	EXP 	polygon_2: fillColor = '[-1. -1. -1.] (rgb)'
10.3256 	EXP 	polygon: fillColor = '[1.19904087e-14 1.19904087e-14 1.19904087e-14] (rgb)'
10.3256 	EXP 	polygon_2: fillColor = '[0.73205081 0.73205081 0.73205081] (rgb)'
10.3424 	EXP 	polygon: fillColor = '[0.73205081 0.73205081 0.73205081] (rgb)'
10.3424 	EXP 	polygon_2: fillColor = '[-2.73205081 -2.73205081 -2.73205081] (rgb)'
10.3590 	EXP 	polygon: fillColor = '[1. 1. 1.] (rgb)'
10.3590 	EXP 	polygon_2: fillColor = '[-1. -1. -1.] (rgb)'
10.3765 	EXP 	polygon: fillColor = '[0.73205081 0.73205081 0.73205081] (rgb)'
10.3765 	EXP 	polygon_2: fillColor = '[0.73205081 0.73205081 0.73205081] (rgb)'
10.3924 	EXP 	polygon: fillColor = '[1.687539e-14 1.687539e-14 1.687539e-14] (rgb)'
10.3924 	EXP 	polygon_2: fillColor = '[-2.73205081 -2.73205081 -2.73205081] (rgb)'
10.4090 	EXP 	polygon: fillColor = '[-1. -1. -1.] (rgb)'
10.4090 	EXP 	polygon_2: fillColor = '[-1. -1. -1.] (rgb)'
10.4255 	EXP 	polygon: fillColor = '[-2. -2. -2.] (rgb)'
10.4255 	EXP 	polygon_2: fillColor = '[0.73205081 0.73205081 0.73205081] (rgb)'
10.4422 	EXP 	polygon: fillColor = '[-2.73205081 -2.73205081 -2.73205081] (rgb)'
10.4422 	EXP 	polygon_2: fillColor = '[-2.73205081 -2.73205081 -2.73205081] (rgb)'
10.4592 	EXP 	polygon: fillColor = '[-3. -3. -3.] (rgb)'
10.4592 	EXP 	polygon_2: fillColor = '[-1. -1. -1.] (rgb)'
10.4758 	EXP 	polygon: fillColor = '[-2.73205081 -2.73205081 -2.73205081] (rgb)'
10.4758 	EXP 	polygon_2: fillColor = '[0.73205081 0.73205081 0.73205081] (rgb)'
10.4922 	EXP 	polygon: fillColor = '[-2. -2. -2.] (rgb)'
10.4922 	EXP 	polygon_2: fillColor = '[-2.73205081 -2.73205081 -2.73205081] (rgb)'
10.5090 	EXP 	polygon: fillColor = '[-1. -1. -1.] (rgb)'
10.5090 	EXP 	polygon_2: fillColor = '[-1. -1. -1.] (rgb)'
10.5256 	EXP 	polygon: fillColor = '[-8.8817842e-16 -8.8817842e-16 -8.8817842e-16] (rgb)'
10.5256 	EXP 	polygon_2: fillColor = '[0.73205081 0.73205081 0.73205081] (rgb)'
10.5421 	EXP 	polygon: fillColor = '[0.73205081 0.73205081 0.73205081] (rgb)'
10.5421 	EXP 	polygon_2: fillColor = '[-2.73205081 -2.73205081 -2.73205081] (rgb)'
10.5589 	EXP 	polygon: fillColor = '[1. 1. 1.] (rgb)'
10.5589 	EXP 	polygon_2: fillColor = '[-1. -1. -1.] (rgb)'
10.5757 	EXP 	polygon: fillColor = '[0.73205081 0.73205081 0.73205081] (rgb)'
10.5757 	EXP 	polygon_2: fillColor = '[0.73205081 0.73205081 0.73205081] (rgb)'
10.5921 	EXP 	polygon: fillColor = '[5.10702591e-15 5.10702591e-15 5.10702591e-15] (rgb)'
10.5921 	EXP 	polygon_2: fillColor = '[-2.73205081 -2.73205081 -2.73205081] (rgb)'
10.6089 	EXP 	polygon: fillColor = '[-1. -1. -1.] (rgb)'
10.6089 	EXP 	polygon_2: fillColor = '[-1. -1. -1.] (rgb)'
10.6269 	EXP 	polygon: fillColor = '[-2. -2. -2.] (rgb)'
10.6269 	EXP 	polygon_2: fillColor = '[0.73205081 0.73205081 0.73205081] (rgb)'
10.6430 	EXP 	polygon: fillColor = '[-2.73205081 -2.73205081 -2.73205081] (rgb)'
10.6430 	EXP 	polygon_2: fillColor = '[-2.73205081 -2.73205081 -2.73205081] (rgb)'
10.6592 	EXP 	polygon: fillColor = '[-3. -3. -3.] (rgb)'
10.6592 	EXP 	polygon_2: fillColor = '[-1. -1. -1.] (rgb)'
10.6751 	EXP 	polygon: fillColor = '[-2.73205081 -2.73205081 -2.73205081] (rgb)'
10.6751 	EXP 	polygon_2: fillColor = '[0.73205081 0.73205081 0.73205081] (rgb)'
10.6916 	EXP 	polygon: autoDraw = False
10.6916 	EXP 	polygon_2: autoDraw = False
10.7204 	EXP 	window1: mouseVisible = True
