1.7241 	WARNING 	Import Error: No module named 'psychtoolbox'. Using event module for keyboard component.
3.1566 	WARNING 	User requested fullscreen with size [1024  768], but screen is actually [1920, 1080]. Using actual size
4.9701 	EXP 	Created window1 = Window(allowGUI=False, allowStencil=False, args=UNKNOWN, autoLog=True, bitsMode=UNKNOWN, blendMode='avg', color=array([0., 0., 0.]), colorSpace='rgb', fullscr=<method-wrapper '__getattribute__' of attributeSetter object at 0x000001A1CF8F2EC8>, gamma=None, gammaErrorPolicy='raise', kwargs=UNKNOWN, lms=UNKNOWN, monitor=<psychopy.monitors.calibTools.Monitor object at 0x000001A1CF963E48>, multiSample=False, name='window1', numSamples=2, pos=[0.0, 0.0], screen=0, size=array([1920, 1080]), stereo=False, units='height', useFBO=True, useRetina=False, viewOri=0.0, viewPos=None, viewScale=None, waitBlanking=True, winType='pyglet')
4.9701 	EXP 	window1: recordFrameIntervals = False
5.3193 	EXP 	window1: recordFrameIntervals = True
5.5025 	EXP 	window1: recordFrameIntervals = False
5.5489 	EXP 	Created text = TextStim(__class__=<class 'psychopy.visual.text.TextStim'>, alignHoriz='center', alignVert='center', antialias=True, autoLog=True, bold=False, color='white', colorSpace='named', contrast=1.0, depth=0.0, flipHoriz=False, flipVert=False, font='Arial', fontFiles=[], height=0.1, italic=False, languageStyle='LTR', name='text', opacity=1.0, ori=0, pos=array([0., 0.]), rgb=array([255., 255., 255.]), text='default text', units='height', win=Window(...), wrapWidth=1)
5.5528 	EXP 	Created dots = DotStim(__class__=<class 'psychopy.visual.dot.DotStim'>, autoLog=True, coherence=1.0, color=array([1., 1., 1.]), colorSpace='rgb', contrast=1.0, depth=-1.0, dir=0.0, dotLife=3, dotSize=2, element=None, fieldPos=array([0., 0.]), fieldShape='circle', fieldSize=array([1., 1.]), nDots=100, name='dots', noiseDots='direction', opacity=1.0, rgb=array([1., 1., 1.]), signalDots='same', speed=0.1, units='height', win=Window(...))
5.5710 	EXP 	Created env_grating = EnvelopeGrating(__class__=type(...), autoDraw=False, autoLog=True, blendmode='avg', color=array([1., 1., 1.]), colorSpace='rgb', contrast=0.5, depth=-2.0, interpolate=True, mask='none', maskParams=None, name='env_grating', opacity=1.0, ori=0.0, phase=array([0., 0.]), pos=array([0., 0.]), rgbPedestal=array([0., 0., 0.]), sf=array([1., 1.]), size=array([0.5, 0.5]), tex='sin', texRes=128, units='height', win=Window(...))
5.5973 	WARNING 	Envelope grating in use with no gamma set. Unless you have hardware gamma correction the image will be distorted.
5.6003 	EXP 	Imported condi.csv as conditions, 3 conditions, 1 params
5.6006 	EXP 	Created sequence: random, trialTypes=3, nReps=5, seed=None
5.6008 	EXP 	New trial (rep=0, index=0): OrderedDict([('num', 2)])
5.6257 	EXP 	env_grating: interpolate = True
5.6257 	EXP 	env_grating: texRes = 128
5.6257 	EXP 	env_grating: mask = None
5.6257 	EXP 	env_grating: envelope = 'sin'
5.6257 	EXP 	env_grating: carrier = 'sin'
5.6257 	EXP 	env_grating: envsf = array([1., 1.])
5.6257 	EXP 	env_grating: envphase = array([0., 0.])
5.6257 	EXP 	env_grating: envori = 0.0
5.6257 	EXP 	env_grating: moddepth = 1.0
5.6257 	EXP 	env_grating: power = 1.0
5.6257 	EXP 	env_grating: beat = False
5.6257 	EXP 	env_grating: blendmode = 'avg'
5.6257 	EXP 	text: text = 2
5.6257 	EXP 	text: autoDraw = True
5.6257 	EXP 	dots: autoDraw = True
5.6257 	EXP 	env_grating: autoDraw = True
6.6024 	EXP 	New trial (rep=0, index=1): OrderedDict([('num', 1)])
6.6183 	EXP 	text: autoDraw = False
6.6183 	EXP 	dots: autoDraw = False
6.6183 	EXP 	env_grating: autoDraw = False
6.6183 	EXP 	text: text = 1
6.6183 	EXP 	text: autoDraw = True
6.6183 	EXP 	dots: autoDraw = True
6.6183 	EXP 	env_grating: autoDraw = True
7.6019 	EXP 	New trial (rep=0, index=2): OrderedDict([('num', 3)])
7.6175 	EXP 	text: autoDraw = False
7.6175 	EXP 	dots: autoDraw = False
7.6175 	EXP 	env_grating: autoDraw = False
7.6175 	EXP 	text: text = 3
7.6175 	EXP 	text: autoDraw = True
7.6175 	EXP 	dots: autoDraw = True
7.6175 	EXP 	env_grating: autoDraw = True
8.6010 	EXP 	New trial (rep=1, index=0): OrderedDict([('num', 1)])
8.6173 	EXP 	text: autoDraw = False
8.6173 	EXP 	dots: autoDraw = False
8.6173 	EXP 	env_grating: autoDraw = False
8.6173 	EXP 	text: text = 1
8.6173 	EXP 	text: autoDraw = True
8.6173 	EXP 	dots: autoDraw = True
8.6173 	EXP 	env_grating: autoDraw = True
9.6008 	EXP 	New trial (rep=1, index=1): OrderedDict([('num', 2)])
9.6163 	EXP 	text: autoDraw = False
9.6163 	EXP 	dots: autoDraw = False
9.6163 	EXP 	env_grating: autoDraw = False
9.6163 	EXP 	text: text = 2
9.6163 	EXP 	text: autoDraw = True
9.6163 	EXP 	dots: autoDraw = True
9.6163 	EXP 	env_grating: autoDraw = True
10.5998 	EXP 	New trial (rep=1, index=2): OrderedDict([('num', 3)])
10.6162 	EXP 	text: autoDraw = False
10.6162 	EXP 	dots: autoDraw = False
10.6162 	EXP 	env_grating: autoDraw = False
10.6162 	EXP 	text: text = 3
10.6162 	EXP 	text: autoDraw = True
10.6162 	EXP 	dots: autoDraw = True
10.6162 	EXP 	env_grating: autoDraw = True
10.8841 	DATA 	Keypress: escape
10.9028 	EXP 	window1: mouseVisible = True
1.6822 	WARNING 	Import Error: No module named 'psychtoolbox'. Using event module for keyboard component.
2.9770 	WARNING 	User requested fullscreen with size [1024  768], but screen is actually [1920, 1080]. Using actual size
4.2717 	EXP 	Created window1 = Window(allowGUI=False, allowStencil=False, args=UNKNOWN, autoLog=True, bitsMode=UNKNOWN, blendMode='avg', color=array([0., 0., 0.]), colorSpace='rgb', fullscr=<method-wrapper '__getattribute__' of attributeSetter object at 0x000001E30FB651C8>, gamma=None, gammaErrorPolicy='raise', kwargs=UNKNOWN, lms=UNKNOWN, monitor=<psychopy.monitors.calibTools.Monitor object at 0x000001E30FBD4148>, multiSample=False, name='window1', numSamples=2, pos=[0.0, 0.0], screen=0, size=array([1920, 1080]), stereo=False, units='height', useFBO=True, useRetina=False, viewOri=0.0, viewPos=None, viewScale=None, waitBlanking=True, winType='pyglet')
4.2717 	EXP 	window1: recordFrameIntervals = False
4.4376 	EXP 	window1: recordFrameIntervals = True
4.6213 	EXP 	window1: recordFrameIntervals = False
4.6705 	EXP 	Created text = TextStim(__class__=<class 'psychopy.visual.text.TextStim'>, alignHoriz='center', alignVert='center', antialias=True, autoLog=True, bold=False, color='white', colorSpace='named', contrast=1.0, depth=0.0, flipHoriz=False, flipVert=False, font='Arial', fontFiles=[], height=0.1, italic=False, languageStyle='LTR', name='text', opacity=1.0, ori=0, pos=array([0., 0.]), rgb=array([255., 255., 255.]), text='default text', units='height', win=Window(...), wrapWidth=1)
4.6750 	EXP 	Created dots = DotStim(__class__=<class 'psychopy.visual.dot.DotStim'>, autoLog=True, coherence=1.0, color=array([1., 1., 1.]), colorSpace='rgb', contrast=1.0, depth=-1.0, dir=0.0, dotLife=3, dotSize=2, element=None, fieldPos=array([0., 0.]), fieldShape='circle', fieldSize=array([1., 1.]), nDots=100, name='dots', noiseDots='direction', opacity=1.0, rgb=array([1., 1., 1.]), signalDots='same', speed=0.1, units='height', win=Window(...))
4.6781 	EXP 	Created env_grating = EnvelopeGrating(__class__=type(...), autoDraw=False, autoLog=True, blendmode='avg', color=array([1., 1., 1.]), colorSpace='rgb', contrast=0.5, depth=-2.0, interpolate=True, mask='none', maskParams=None, name='env_grating', opacity=1.0, ori=0.0, phase=array([0., 0.]), pos=array([0., 0.]), rgbPedestal=array([0., 0., 0.]), sf=array([1., 1.]), size=array([0.5, 0.5]), tex='sin', texRes=128, units='height', win=Window(...))
4.7020 	WARNING 	Envelope grating in use with no gamma set. Unless you have hardware gamma correction the image will be distorted.
4.7076 	EXP 	Created polygon = Rect(__class__=<class 'psychopy.visual.rect.Rect'>, autoDraw=False, autoLog=True, closeShape=True, color=method-wrapper(...), colorSpace=None, contrast=1.0, depth=-3.0, fillColor=array([1., 1., 1.]), fillColorSpace='rgb', fillRGB=array([1., 1., 1.]), interpolate=True, lineColor=array([1., 1., 1.]), lineColorSpace='rgb', lineRGB=array([1., 1., 1.]), lineWidth=1, name='polygon', opacity=1.0, ori=array(0.), pos=array([0., 0.]), size=array([1., 1.]), units='height', vertices=ndarray(...), win=Window(...))
4.7105 	EXP 	Imported condi.csv as conditions, 3 conditions, 1 params
4.7108 	EXP 	Created sequence: random, trialTypes=3, nReps=5, seed=None
4.7111 	EXP 	New trial (rep=0, index=0): OrderedDict([('num', 2)])
4.7386 	EXP 	env_grating: interpolate = True
4.7386 	EXP 	env_grating: texRes = 128
4.7386 	EXP 	env_grating: mask = None
4.7386 	EXP 	env_grating: envelope = 'sin'
4.7386 	EXP 	env_grating: carrier = 'sin'
4.7386 	EXP 	env_grating: envsf = array([1., 1.])
4.7386 	EXP 	env_grating: envphase = array([0., 0.])
4.7386 	EXP 	env_grating: envori = 0.0
4.7386 	EXP 	env_grating: moddepth = 1.0
4.7386 	EXP 	env_grating: power = 1.0
4.7386 	EXP 	env_grating: beat = False
4.7386 	EXP 	env_grating: blendmode = 'avg'
4.7386 	EXP 	text: text = 2
4.7386 	EXP 	text: autoDraw = True
4.7386 	EXP 	dots: autoDraw = True
4.7386 	EXP 	env_grating: autoDraw = True
4.7386 	EXP 	polygon: autoDraw = True
5.7219 	EXP 	New trial (rep=0, index=1): OrderedDict([('num', 3)])
5.7365 	EXP 	text: autoDraw = False
5.7365 	EXP 	dots: autoDraw = False
5.7365 	EXP 	env_grating: autoDraw = False
5.7365 	EXP 	polygon: autoDraw = False
5.7365 	EXP 	text: text = 3
5.7365 	EXP 	text: autoDraw = True
5.7365 	EXP 	dots: autoDraw = True
5.7365 	EXP 	env_grating: autoDraw = True
5.7365 	EXP 	polygon: autoDraw = True
6.7207 	EXP 	New trial (rep=0, index=2): OrderedDict([('num', 1)])
6.7362 	EXP 	text: autoDraw = False
6.7362 	EXP 	dots: autoDraw = False
6.7362 	EXP 	env_grating: autoDraw = False
6.7362 	EXP 	polygon: autoDraw = False
6.7362 	EXP 	text: text = 1
6.7362 	EXP 	text: autoDraw = True
6.7362 	EXP 	dots: autoDraw = True
6.7362 	EXP 	env_grating: autoDraw = True
6.7362 	EXP 	polygon: autoDraw = True
6.8038 	DATA 	Keypress: escape
6.8181 	EXP 	window1: mouseVisible = True
