1.6832 	WARNING 	Import Error: No module named 'psychtoolbox'. Using event module for keyboard component.
4.5623 	EXP 	Created window1 = Window(allowGUI=False, allowStencil=False, args=UNKNOWN, autoLog=True, bitsMode=UNKNOWN, blendMode='avg', color=array([-1., -1., -1.]), colorSpace='rgb', fullscr=<method-wrapper '__getattribute__' of attributeSetter object at 0x00000192F21929C8>, gamma=None, gammaErrorPolicy='raise', kwargs=UNKNOWN, lms=UNKNOWN, monitor=<psychopy.monitors.calibTools.Monitor object at 0x00000192F2203988>, multiSample=False, name='window1', numSamples=2, pos=[0.0, 0.0], screen=0, size=array([1920, 1080]), stereo=False, units='height', useFBO=True, useRetina=False, viewOri=0.0, viewPos=None, viewScale=None, waitBlanking=True, winType='pyglet')
4.5624 	EXP 	window1: recordFrameIntervals = False
4.7284 	EXP 	window1: recordFrameIntervals = True
4.9122 	EXP 	window1: recordFrameIntervals = False
4.9237 	EXP 	window1: mouseVisible = True
1.6107 	WARNING 	Import Error: No module named 'psychtoolbox'. Using event module for keyboard component.
4.7346 	EXP 	Created window1 = Window(allowGUI=False, allowStencil=False, args=UNKNOWN, autoLog=True, bitsMode=UNKNOWN, blendMode='avg', color=array([-1., -1., -1.]), colorSpace='rgb', fullscr=<method-wrapper '__getattribute__' of attributeSetter object at 0x0000018790272AC8>, gamma=None, gammaErrorPolicy='raise', kwargs=UNKNOWN, lms=UNKNOWN, monitor=<psychopy.monitors.calibTools.Monitor object at 0x00000187902E3A48>, multiSample=False, name='window1', numSamples=2, pos=[0.0, 0.0], screen=0, size=array([1920, 1080]), stereo=False, units='height', useFBO=True, useRetina=False, viewOri=0.0, viewPos=None, viewScale=None, waitBlanking=True, winType='pyglet')
4.7347 	EXP 	window1: recordFrameIntervals = False
5.1337 	EXP 	window1: recordFrameIntervals = True
5.3170 	EXP 	window1: recordFrameIntervals = False
5.3290 	EXP 	window1: mouseVisible = True
1.6754 	WARNING 	Import Error: No module named 'psychtoolbox'. Using event module for keyboard component.
6.9042 	EXP 	Created window1 = Window(allowGUI=False, allowStencil=False, args=UNKNOWN, autoLog=True, bitsMode=UNKNOWN, blendMode='avg', color=array([-1., -1., -1.]), colorSpace='rgb', fullscr=<method-wrapper '__getattribute__' of attributeSetter object at 0x000001FE280B2A08>, gamma=None, gammaErrorPolicy='raise', kwargs=UNKNOWN, lms=UNKNOWN, monitor=<psychopy.monitors.calibTools.Monitor object at 0x000001FE281239C8>, multiSample=False, name='window1', numSamples=2, pos=[0.0, 0.0], screen=0, size=array([1920, 1080]), stereo=False, units='height', useFBO=True, useRetina=False, viewOri=0.0, viewPos=None, viewScale=None, waitBlanking=True, winType='pyglet')
6.9042 	EXP 	window1: recordFrameIntervals = False
7.2548 	EXP 	window1: recordFrameIntervals = True
7.4371 	EXP 	window1: recordFrameIntervals = False
7.4386 	EXP 	Created polygon = Rect(__class__=<class 'psychopy.visual.rect.Rect'>, autoDraw=False, autoLog=True, closeShape=True, color=method-wrapper(...), colorSpace=None, contrast=1.0, depth=0.0, fillColor=array([1., 1., 1.]), fillColorSpace='rgb', fillRGB=array([1., 1., 1.]), interpolate=True, lineColor=array([1., 1., 1.]), lineColorSpace='rgb', lineRGB=array([1., 1., 1.]), lineWidth=1, name='polygon', opacity=1.0, ori=array(0.), pos=array([-0.3,  0. ]), size=array([1., 1.]), units='height', vertices=ndarray(...), win=Window(...))
7.4396 	EXP 	Created polygon_2 = Rect(__class__=<class 'psychopy.visual.rect.Rect'>, autoDraw=False, autoLog=True, closeShape=True, color=method-wrapper(...), colorSpace=None, contrast=1.0, depth=-1.0, fillColor=array([1., 1., 1.]), fillColorSpace='rgb', fillRGB=array([1., 1., 1.]), interpolate=True, lineColor=array([1., 1., 1.]), lineColorSpace='rgb', lineRGB=array([1., 1., 1.]), lineWidth=1, name='polygon_2', opacity=1.0, ori=array(0.), pos=array([0.3, 0. ]), size=array([1., 1.]), units='height', vertices=ndarray(...), win=Window(...))
7.4510 	EXP 	Imported condi.xlsx as conditions, 2 conditions, 1 params
7.4514 	EXP 	Created sequence: random, trialTypes=2, nReps=5, seed=None
7.4516 	EXP 	New trial (rep=0, index=0): OrderedDict([('num', 1.0)])
7.4606 	EXP 	polygon: fillColor = '[1. 1. 1.] (rgb)'
7.4606 	EXP 	polygon: autoDraw = True
7.4606 	EXP 	polygon_2: autoDraw = True
13.8523 	DATA 	Keypress: escape
13.8637 	EXP 	window1: mouseVisible = True
