1.7738 	WARNING 	Import Error: No module named 'psychtoolbox'. Using event module for keyboard component.
5.0035 	EXP 	Created window1 = Window(allowGUI=False, allowStencil=False, args=UNKNOWN, autoLog=True, bitsMode=UNKNOWN, blendMode='avg', color=array([-1., -1., -1.]), colorSpace='rgb', fullscr=<method-wrapper '__getattribute__' of attributeSetter object at 0x00000230E6330908>, gamma=None, gammaErrorPolicy='raise', kwargs=UNKNOWN, lms=UNKNOWN, monitor=<psychopy.monitors.calibTools.Monitor object at 0x00000230E63A2608>, multiSample=False, name='window1', numSamples=2, pos=[0.0, 0.0], screen=0, size=array([1920, 1080]), stereo=False, units='height', useFBO=True, useRetina=False, viewOri=0.0, viewPos=None, viewScale=None, waitBlanking=True, winType='pyglet')
5.0036 	EXP 	window1: recordFrameIntervals = False
5.1699 	EXP 	window1: recordFrameIntervals = True
5.3527 	EXP 	window1: recordFrameIntervals = False
5.3555 	EXP 	Created polygon = Rect(__class__=<class 'psychopy.visual.rect.Rect'>, autoDraw=False, autoLog=True, closeShape=True, color=method-wrapper(...), colorSpace=None, contrast=1.0, depth=0.0, fillColor=array([1., 1., 1.]), fillColorSpace='rgb', fillRGB=array([1., 1., 1.]), interpolate=True, lineColor=array([1., 1., 1.]), lineColorSpace='rgb', lineRGB=array([1., 1., 1.]), lineWidth=1, name='polygon', opacity=1.0, ori=array(0.), pos=array([-0.3,  0. ]), size=array([1., 1.]), units='height', vertices=ndarray(...), win=Window(...))
5.3575 	EXP 	Created polygon_2 = Rect(__class__=<class 'psychopy.visual.rect.Rect'>, autoDraw=False, autoLog=True, closeShape=True, color=method-wrapper(...), colorSpace=None, contrast=1.0, depth=-1.0, fillColor=array([1., 1., 1.]), fillColorSpace='rgb', fillRGB=array([1., 1., 1.]), interpolate=True, lineColor=array([1., 1., 1.]), lineColorSpace='rgb', lineRGB=array([1., 1., 1.]), lineWidth=1, name='polygon_2', opacity=1.0, ori=array(0.), pos=array([0.3, 0. ]), size=array([1., 1.]), units='height', vertices=ndarray(...), win=Window(...))
5.3722 	EXP 	polygon: autoDraw = True
5.3722 	EXP 	polygon_2: autoDraw = True
5.3722 	EXP 	polygon: fillColor = '[-1. -1. -1.] (rgb)'
5.3722 	EXP 	polygon_2: fillColor = '[-1. -1. -1.] (rgb)'
5.3862 	EXP 	polygon: fillColor = '[1. 1. 1.] (rgb)'
5.3862 	EXP 	polygon_2: fillColor = '[1. 1. 1.] (rgb)'
5.4025 	EXP 	polygon: fillColor = '[-1. -1. -1.] (rgb)'
5.4025 	EXP 	polygon_2: fillColor = '[-1. -1. -1.] (rgb)'
5.4192 	EXP 	polygon: fillColor = '[-3. -3. -3.] (rgb)'
5.4192 	EXP 	polygon_2: fillColor = '[-3. -3. -3.] (rgb)'
5.4359 	EXP 	polygon: fillColor = '[-1. -1. -1.] (rgb)'
5.4359 	EXP 	polygon_2: fillColor = '[-1. -1. -1.] (rgb)'
5.4524 	EXP 	polygon: fillColor = '[1. 1. 1.] (rgb)'
5.4524 	EXP 	polygon_2: fillColor = '[1. 1. 1.] (rgb)'
5.4693 	EXP 	polygon: fillColor = '[-1. -1. -1.] (rgb)'
5.4693 	EXP 	polygon_2: fillColor = '[-1. -1. -1.] (rgb)'
5.4859 	EXP 	polygon: fillColor = '[-3. -3. -3.] (rgb)'
5.4859 	EXP 	polygon_2: fillColor = '[-3. -3. -3.] (rgb)'
5.5026 	EXP 	polygon: fillColor = '[-1. -1. -1.] (rgb)'
5.5026 	EXP 	polygon_2: fillColor = '[-1. -1. -1.] (rgb)'
5.5192 	EXP 	polygon: fillColor = '[1. 1. 1.] (rgb)'
5.5192 	EXP 	polygon_2: fillColor = '[1. 1. 1.] (rgb)'
5.5371 	EXP 	polygon: fillColor = '[-1. -1. -1.] (rgb)'
5.5371 	EXP 	polygon_2: fillColor = '[-1. -1. -1.] (rgb)'
5.5525 	EXP 	polygon: fillColor = '[-3. -3. -3.] (rgb)'
5.5525 	EXP 	polygon_2: fillColor = '[-3. -3. -3.] (rgb)'
5.5694 	EXP 	polygon: fillColor = '[-1. -1. -1.] (rgb)'
5.5694 	EXP 	polygon_2: fillColor = '[-1. -1. -1.] (rgb)'
5.5862 	EXP 	polygon: fillColor = '[1. 1. 1.] (rgb)'
5.5862 	EXP 	polygon_2: fillColor = '[1. 1. 1.] (rgb)'
5.6042 	EXP 	polygon: fillColor = '[-1. -1. -1.] (rgb)'
5.6042 	EXP 	polygon_2: fillColor = '[-1. -1. -1.] (rgb)'
5.6191 	EXP 	polygon: fillColor = '[-3. -3. -3.] (rgb)'
5.6191 	EXP 	polygon_2: fillColor = '[-3. -3. -3.] (rgb)'
5.6362 	EXP 	polygon: fillColor = '[-1. -1. -1.] (rgb)'
5.6362 	EXP 	polygon_2: fillColor = '[-1. -1. -1.] (rgb)'
5.6527 	EXP 	polygon: fillColor = '[1. 1. 1.] (rgb)'
5.6527 	EXP 	polygon_2: fillColor = '[1. 1. 1.] (rgb)'
5.6691 	EXP 	polygon: fillColor = '[-1. -1. -1.] (rgb)'
5.6691 	EXP 	polygon_2: fillColor = '[-1. -1. -1.] (rgb)'
5.6858 	EXP 	polygon: fillColor = '[-3. -3. -3.] (rgb)'
5.6858 	EXP 	polygon_2: fillColor = '[-3. -3. -3.] (rgb)'
5.7028 	EXP 	polygon: fillColor = '[-1. -1. -1.] (rgb)'
5.7028 	EXP 	polygon_2: fillColor = '[-1. -1. -1.] (rgb)'
5.7192 	EXP 	polygon: fillColor = '[1. 1. 1.] (rgb)'
5.7192 	EXP 	polygon_2: fillColor = '[1. 1. 1.] (rgb)'
5.7357 	EXP 	polygon: fillColor = '[-1. -1. -1.] (rgb)'
5.7357 	EXP 	polygon_2: fillColor = '[-1. -1. -1.] (rgb)'
5.7519 	EXP 	polygon: fillColor = '[-3. -3. -3.] (rgb)'
5.7519 	EXP 	polygon_2: fillColor = '[-3. -3. -3.] (rgb)'
5.7695 	EXP 	polygon: fillColor = '[-1. -1. -1.] (rgb)'
5.7695 	EXP 	polygon_2: fillColor = '[-1. -1. -1.] (rgb)'
5.7865 	EXP 	polygon: fillColor = '[1. 1. 1.] (rgb)'
5.7865 	EXP 	polygon_2: fillColor = '[1. 1. 1.] (rgb)'
5.8021 	EXP 	polygon: fillColor = '[-1. -1. -1.] (rgb)'
5.8021 	EXP 	polygon_2: fillColor = '[-1. -1. -1.] (rgb)'
5.8195 	EXP 	polygon: fillColor = '[-3. -3. -3.] (rgb)'
5.8195 	EXP 	polygon_2: fillColor = '[-3. -3. -3.] (rgb)'
5.8363 	EXP 	polygon: fillColor = '[-1. -1. -1.] (rgb)'
5.8363 	EXP 	polygon_2: fillColor = '[-1. -1. -1.] (rgb)'
5.8525 	EXP 	polygon: fillColor = '[1. 1. 1.] (rgb)'
5.8525 	EXP 	polygon_2: fillColor = '[1. 1. 1.] (rgb)'
5.8690 	EXP 	polygon: fillColor = '[-1. -1. -1.] (rgb)'
5.8690 	EXP 	polygon_2: fillColor = '[-1. -1. -1.] (rgb)'
5.8855 	EXP 	polygon: fillColor = '[-3. -3. -3.] (rgb)'
5.8855 	EXP 	polygon_2: fillColor = '[-3. -3. -3.] (rgb)'
5.9024 	EXP 	polygon: fillColor = '[-1. -1. -1.] (rgb)'
5.9024 	EXP 	polygon_2: fillColor = '[-1. -1. -1.] (rgb)'
5.9188 	EXP 	polygon: fillColor = '[1. 1. 1.] (rgb)'
5.9188 	EXP 	polygon_2: fillColor = '[1. 1. 1.] (rgb)'
5.9357 	EXP 	polygon: fillColor = '[-1. -1. -1.] (rgb)'
5.9357 	EXP 	polygon_2: fillColor = '[-1. -1. -1.] (rgb)'
5.9524 	EXP 	polygon: fillColor = '[-3. -3. -3.] (rgb)'
5.9524 	EXP 	polygon_2: fillColor = '[-3. -3. -3.] (rgb)'
5.9686 	EXP 	polygon: fillColor = '[-1. -1. -1.] (rgb)'
5.9686 	EXP 	polygon_2: fillColor = '[-1. -1. -1.] (rgb)'
5.9853 	EXP 	polygon: fillColor = '[1. 1. 1.] (rgb)'
5.9853 	EXP 	polygon_2: fillColor = '[1. 1. 1.] (rgb)'
6.0022 	EXP 	polygon: fillColor = '[-1. -1. -1.] (rgb)'
6.0022 	EXP 	polygon_2: fillColor = '[-1. -1. -1.] (rgb)'
6.0189 	EXP 	polygon: fillColor = '[-3. -3. -3.] (rgb)'
6.0189 	EXP 	polygon_2: fillColor = '[-3. -3. -3.] (rgb)'
6.0355 	EXP 	polygon: fillColor = '[-1. -1. -1.] (rgb)'
6.0355 	EXP 	polygon_2: fillColor = '[-1. -1. -1.] (rgb)'
6.0523 	EXP 	polygon: fillColor = '[1. 1. 1.] (rgb)'
6.0523 	EXP 	polygon_2: fillColor = '[1. 1. 1.] (rgb)'
6.0691 	EXP 	polygon: fillColor = '[-1. -1. -1.] (rgb)'
6.0691 	EXP 	polygon_2: fillColor = '[-1. -1. -1.] (rgb)'
6.0889 	EXP 	polygon: fillColor = '[-3. -3. -3.] (rgb)'
6.0889 	EXP 	polygon_2: fillColor = '[-3. -3. -3.] (rgb)'
6.1018 	EXP 	polygon: fillColor = '[-1. -1. -1.] (rgb)'
6.1018 	EXP 	polygon_2: fillColor = '[-1. -1. -1.] (rgb)'
6.1189 	EXP 	polygon: fillColor = '[1. 1. 1.] (rgb)'
6.1189 	EXP 	polygon_2: fillColor = '[1. 1. 1.] (rgb)'
6.1361 	EXP 	polygon: fillColor = '[-1. -1. -1.] (rgb)'
6.1361 	EXP 	polygon_2: fillColor = '[-1. -1. -1.] (rgb)'
6.1525 	EXP 	polygon: fillColor = '[-3. -3. -3.] (rgb)'
6.1525 	EXP 	polygon_2: fillColor = '[-3. -3. -3.] (rgb)'
6.1687 	EXP 	polygon: fillColor = '[-1. -1. -1.] (rgb)'
6.1687 	EXP 	polygon_2: fillColor = '[-1. -1. -1.] (rgb)'
6.1855 	EXP 	polygon: fillColor = '[1. 1. 1.] (rgb)'
6.1855 	EXP 	polygon_2: fillColor = '[1. 1. 1.] (rgb)'
6.2020 	EXP 	polygon: fillColor = '[-1. -1. -1.] (rgb)'
6.2020 	EXP 	polygon_2: fillColor = '[-1. -1. -1.] (rgb)'
6.2187 	EXP 	polygon: fillColor = '[-3. -3. -3.] (rgb)'
6.2187 	EXP 	polygon_2: fillColor = '[-3. -3. -3.] (rgb)'
6.2353 	EXP 	polygon: fillColor = '[-1. -1. -1.] (rgb)'
6.2353 	EXP 	polygon_2: fillColor = '[-1. -1. -1.] (rgb)'
6.2520 	EXP 	polygon: fillColor = '[1. 1. 1.] (rgb)'
6.2520 	EXP 	polygon_2: fillColor = '[1. 1. 1.] (rgb)'
6.2688 	EXP 	polygon: fillColor = '[-1. -1. -1.] (rgb)'
6.2688 	EXP 	polygon_2: fillColor = '[-1. -1. -1.] (rgb)'
6.2856 	EXP 	polygon: fillColor = '[-3. -3. -3.] (rgb)'
6.2856 	EXP 	polygon_2: fillColor = '[-3. -3. -3.] (rgb)'
6.3031 	EXP 	polygon: fillColor = '[-1. -1. -1.] (rgb)'
6.3031 	EXP 	polygon_2: fillColor = '[-1. -1. -1.] (rgb)'
6.3185 	EXP 	polygon: fillColor = '[1. 1. 1.] (rgb)'
6.3185 	EXP 	polygon_2: fillColor = '[1. 1. 1.] (rgb)'
6.3354 	EXP 	polygon: fillColor = '[-1. -1. -1.] (rgb)'
6.3354 	EXP 	polygon_2: fillColor = '[-1. -1. -1.] (rgb)'
6.3534 	EXP 	polygon: fillColor = '[-3. -3. -3.] (rgb)'
6.3534 	EXP 	polygon_2: fillColor = '[-3. -3. -3.] (rgb)'
6.3690 	EXP 	polygon: fillColor = '[-1. -1. -1.] (rgb)'
6.3690 	EXP 	polygon_2: fillColor = '[-1. -1. -1.] (rgb)'
6.3854 	EXP 	polygon: fillColor = '[1. 1. 1.] (rgb)'
6.3854 	EXP 	polygon_2: fillColor = '[1. 1. 1.] (rgb)'
6.4019 	EXP 	polygon: fillColor = '[-1. -1. -1.] (rgb)'
6.4019 	EXP 	polygon_2: fillColor = '[-1. -1. -1.] (rgb)'
6.4193 	EXP 	polygon: fillColor = '[-3. -3. -3.] (rgb)'
6.4193 	EXP 	polygon_2: fillColor = '[-3. -3. -3.] (rgb)'
6.4351 	EXP 	polygon: fillColor = '[-1. -1. -1.] (rgb)'
6.4351 	EXP 	polygon_2: fillColor = '[-1. -1. -1.] (rgb)'
6.4518 	EXP 	polygon: fillColor = '[1. 1. 1.] (rgb)'
6.4518 	EXP 	polygon_2: fillColor = '[1. 1. 1.] (rgb)'
6.4685 	EXP 	polygon: fillColor = '[-1. -1. -1.] (rgb)'
6.4685 	EXP 	polygon_2: fillColor = '[-1. -1. -1.] (rgb)'
6.4856 	EXP 	polygon: fillColor = '[-3. -3. -3.] (rgb)'
6.4856 	EXP 	polygon_2: fillColor = '[-3. -3. -3.] (rgb)'
6.5018 	EXP 	polygon: fillColor = '[-1. -1. -1.] (rgb)'
6.5018 	EXP 	polygon_2: fillColor = '[-1. -1. -1.] (rgb)'
6.5185 	EXP 	polygon: fillColor = '[1. 1. 1.] (rgb)'
6.5185 	EXP 	polygon_2: fillColor = '[1. 1. 1.] (rgb)'
6.5354 	EXP 	polygon: fillColor = '[-1. -1. -1.] (rgb)'
6.5354 	EXP 	polygon_2: fillColor = '[-1. -1. -1.] (rgb)'
6.5520 	EXP 	polygon: fillColor = '[-3. -3. -3.] (rgb)'
6.5520 	EXP 	polygon_2: fillColor = '[-3. -3. -3.] (rgb)'
6.5686 	EXP 	polygon: fillColor = '[-1. -1. -1.] (rgb)'
6.5686 	EXP 	polygon_2: fillColor = '[-1. -1. -1.] (rgb)'
6.5852 	EXP 	polygon: fillColor = '[1. 1. 1.] (rgb)'
6.5852 	EXP 	polygon_2: fillColor = '[1. 1. 1.] (rgb)'
6.6019 	EXP 	polygon: fillColor = '[-1. -1. -1.] (rgb)'
6.6019 	EXP 	polygon_2: fillColor = '[-1. -1. -1.] (rgb)'
6.6186 	EXP 	polygon: fillColor = '[-3. -3. -3.] (rgb)'
6.6186 	EXP 	polygon_2: fillColor = '[-3. -3. -3.] (rgb)'
6.6351 	EXP 	polygon: fillColor = '[-1. -1. -1.] (rgb)'
6.6351 	EXP 	polygon_2: fillColor = '[-1. -1. -1.] (rgb)'
6.6519 	EXP 	polygon: fillColor = '[1. 1. 1.] (rgb)'
6.6519 	EXP 	polygon_2: fillColor = '[1. 1. 1.] (rgb)'
6.6687 	EXP 	polygon: fillColor = '[-1. -1. -1.] (rgb)'
6.6687 	EXP 	polygon_2: fillColor = '[-1. -1. -1.] (rgb)'
6.6850 	EXP 	polygon: fillColor = '[-3. -3. -3.] (rgb)'
6.6850 	EXP 	polygon_2: fillColor = '[-3. -3. -3.] (rgb)'
6.7019 	EXP 	polygon: fillColor = '[-1. -1. -1.] (rgb)'
6.7019 	EXP 	polygon_2: fillColor = '[-1. -1. -1.] (rgb)'
6.7184 	EXP 	polygon: fillColor = '[1. 1. 1.] (rgb)'
6.7184 	EXP 	polygon_2: fillColor = '[1. 1. 1.] (rgb)'
6.7357 	EXP 	polygon: fillColor = '[-1. -1. -1.] (rgb)'
6.7357 	EXP 	polygon_2: fillColor = '[-1. -1. -1.] (rgb)'
6.7528 	EXP 	polygon: fillColor = '[-3. -3. -3.] (rgb)'
6.7528 	EXP 	polygon_2: fillColor = '[-3. -3. -3.] (rgb)'
6.7683 	EXP 	polygon: fillColor = '[-1. -1. -1.] (rgb)'
6.7683 	EXP 	polygon_2: fillColor = '[-1. -1. -1.] (rgb)'
6.7851 	EXP 	polygon: fillColor = '[1. 1. 1.] (rgb)'
6.7851 	EXP 	polygon_2: fillColor = '[1. 1. 1.] (rgb)'
6.8018 	EXP 	polygon: fillColor = '[-1. -1. -1.] (rgb)'
6.8018 	EXP 	polygon_2: fillColor = '[-1. -1. -1.] (rgb)'
6.8198 	EXP 	polygon: fillColor = '[-3. -3. -3.] (rgb)'
6.8198 	EXP 	polygon_2: fillColor = '[-3. -3. -3.] (rgb)'
6.8356 	EXP 	polygon: fillColor = '[-1. -1. -1.] (rgb)'
6.8356 	EXP 	polygon_2: fillColor = '[-1. -1. -1.] (rgb)'
6.8525 	EXP 	polygon: fillColor = '[1. 1. 1.] (rgb)'
6.8525 	EXP 	polygon_2: fillColor = '[1. 1. 1.] (rgb)'
6.8682 	EXP 	polygon: fillColor = '[-1. -1. -1.] (rgb)'
6.8682 	EXP 	polygon_2: fillColor = '[-1. -1. -1.] (rgb)'
6.8847 	EXP 	polygon: fillColor = '[-3. -3. -3.] (rgb)'
6.8847 	EXP 	polygon_2: fillColor = '[-3. -3. -3.] (rgb)'
6.9016 	EXP 	polygon: fillColor = '[-1. -1. -1.] (rgb)'
6.9016 	EXP 	polygon_2: fillColor = '[-1. -1. -1.] (rgb)'
6.9184 	EXP 	polygon: fillColor = '[1. 1. 1.] (rgb)'
6.9184 	EXP 	polygon_2: fillColor = '[1. 1. 1.] (rgb)'
6.9355 	EXP 	polygon: fillColor = '[-1. -1. -1.] (rgb)'
6.9355 	EXP 	polygon_2: fillColor = '[-1. -1. -1.] (rgb)'
6.9538 	EXP 	polygon: fillColor = '[-3. -3. -3.] (rgb)'
6.9538 	EXP 	polygon_2: fillColor = '[-3. -3. -3.] (rgb)'
6.9685 	EXP 	polygon: fillColor = '[-1. -1. -1.] (rgb)'
6.9685 	EXP 	polygon_2: fillColor = '[-1. -1. -1.] (rgb)'
6.9857 	EXP 	polygon: fillColor = '[1. 1. 1.] (rgb)'
6.9857 	EXP 	polygon_2: fillColor = '[1. 1. 1.] (rgb)'
7.0036 	EXP 	polygon: fillColor = '[-1. -1. -1.] (rgb)'
7.0036 	EXP 	polygon_2: fillColor = '[-1. -1. -1.] (rgb)'
7.0196 	EXP 	polygon: fillColor = '[-3. -3. -3.] (rgb)'
7.0196 	EXP 	polygon_2: fillColor = '[-3. -3. -3.] (rgb)'
7.0358 	EXP 	polygon: fillColor = '[-1. -1. -1.] (rgb)'
7.0358 	EXP 	polygon_2: fillColor = '[-1. -1. -1.] (rgb)'
7.0514 	EXP 	polygon: fillColor = '[1. 1. 1.] (rgb)'
7.0514 	EXP 	polygon_2: fillColor = '[1. 1. 1.] (rgb)'
7.0692 	EXP 	polygon: fillColor = '[-1. -1. -1.] (rgb)'
7.0692 	EXP 	polygon_2: fillColor = '[-1. -1. -1.] (rgb)'
7.0849 	EXP 	polygon: fillColor = '[-3. -3. -3.] (rgb)'
7.0849 	EXP 	polygon_2: fillColor = '[-3. -3. -3.] (rgb)'
7.1016 	EXP 	polygon: fillColor = '[-1. -1. -1.] (rgb)'
7.1016 	EXP 	polygon_2: fillColor = '[-1. -1. -1.] (rgb)'
7.1182 	EXP 	polygon: fillColor = '[1. 1. 1.] (rgb)'
7.1182 	EXP 	polygon_2: fillColor = '[1. 1. 1.] (rgb)'
7.1349 	EXP 	polygon: fillColor = '[-1. -1. -1.] (rgb)'
7.1349 	EXP 	polygon_2: fillColor = '[-1. -1. -1.] (rgb)'
7.1517 	EXP 	polygon: fillColor = '[-3. -3. -3.] (rgb)'
7.1517 	EXP 	polygon_2: fillColor = '[-3. -3. -3.] (rgb)'
7.1683 	EXP 	polygon: fillColor = '[-1. -1. -1.] (rgb)'
7.1683 	EXP 	polygon_2: fillColor = '[-1. -1. -1.] (rgb)'
7.1849 	EXP 	polygon: fillColor = '[1. 1. 1.] (rgb)'
7.1849 	EXP 	polygon_2: fillColor = '[1. 1. 1.] (rgb)'
7.2016 	EXP 	polygon: fillColor = '[-1. -1. -1.] (rgb)'
7.2016 	EXP 	polygon_2: fillColor = '[-1. -1. -1.] (rgb)'
7.2180 	EXP 	polygon: fillColor = '[-3. -3. -3.] (rgb)'
7.2180 	EXP 	polygon_2: fillColor = '[-3. -3. -3.] (rgb)'
7.2346 	EXP 	polygon: fillColor = '[-1. -1. -1.] (rgb)'
7.2346 	EXP 	polygon_2: fillColor = '[-1. -1. -1.] (rgb)'
7.2515 	EXP 	polygon: fillColor = '[1. 1. 1.] (rgb)'
7.2515 	EXP 	polygon_2: fillColor = '[1. 1. 1.] (rgb)'
7.2683 	EXP 	polygon: fillColor = '[-1. -1. -1.] (rgb)'
7.2683 	EXP 	polygon_2: fillColor = '[-1. -1. -1.] (rgb)'
7.2846 	EXP 	polygon: fillColor = '[-3. -3. -3.] (rgb)'
7.2846 	EXP 	polygon_2: fillColor = '[-3. -3. -3.] (rgb)'
7.3016 	EXP 	polygon: fillColor = '[-1. -1. -1.] (rgb)'
7.3016 	EXP 	polygon_2: fillColor = '[-1. -1. -1.] (rgb)'
7.3184 	EXP 	polygon: fillColor = '[1. 1. 1.] (rgb)'
7.3184 	EXP 	polygon_2: fillColor = '[1. 1. 1.] (rgb)'
7.3351 	EXP 	polygon: fillColor = '[-1. -1. -1.] (rgb)'
7.3351 	EXP 	polygon_2: fillColor = '[-1. -1. -1.] (rgb)'
7.3516 	EXP 	polygon: fillColor = '[-3. -3. -3.] (rgb)'
7.3516 	EXP 	polygon_2: fillColor = '[-3. -3. -3.] (rgb)'
7.3682 	EXP 	polygon: fillColor = '[-1. -1. -1.] (rgb)'
7.3682 	EXP 	polygon_2: fillColor = '[-1. -1. -1.] (rgb)'
7.3847 	EXP 	polygon: fillColor = '[1. 1. 1.] (rgb)'
7.3847 	EXP 	polygon_2: fillColor = '[1. 1. 1.] (rgb)'
7.4015 	EXP 	polygon: fillColor = '[-1. -1. -1.] (rgb)'
7.4015 	EXP 	polygon_2: fillColor = '[-1. -1. -1.] (rgb)'
7.4179 	EXP 	polygon: fillColor = '[-3. -3. -3.] (rgb)'
7.4179 	EXP 	polygon_2: fillColor = '[-3. -3. -3.] (rgb)'
7.4346 	EXP 	polygon: fillColor = '[-1. -1. -1.] (rgb)'
7.4346 	EXP 	polygon_2: fillColor = '[-1. -1. -1.] (rgb)'
7.4521 	EXP 	polygon: fillColor = '[1. 1. 1.] (rgb)'
7.4521 	EXP 	polygon_2: fillColor = '[1. 1. 1.] (rgb)'
7.4678 	EXP 	polygon: fillColor = '[-1. -1. -1.] (rgb)'
7.4678 	EXP 	polygon_2: fillColor = '[-1. -1. -1.] (rgb)'
7.4849 	EXP 	polygon: fillColor = '[-3. -3. -3.] (rgb)'
7.4849 	EXP 	polygon_2: fillColor = '[-3. -3. -3.] (rgb)'
7.5013 	EXP 	polygon: fillColor = '[-1. -1. -1.] (rgb)'
7.5013 	EXP 	polygon_2: fillColor = '[-1. -1. -1.] (rgb)'
7.5179 	EXP 	polygon: fillColor = '[1. 1. 1.] (rgb)'
7.5179 	EXP 	polygon_2: fillColor = '[1. 1. 1.] (rgb)'
7.5348 	EXP 	polygon: fillColor = '[-1. -1. -1.] (rgb)'
7.5348 	EXP 	polygon_2: fillColor = '[-1. -1. -1.] (rgb)'
7.5512 	EXP 	polygon: fillColor = '[-3. -3. -3.] (rgb)'
7.5512 	EXP 	polygon_2: fillColor = '[-3. -3. -3.] (rgb)'
7.5688 	EXP 	polygon: fillColor = '[-1. -1. -1.] (rgb)'
7.5688 	EXP 	polygon_2: fillColor = '[-1. -1. -1.] (rgb)'
7.5846 	EXP 	polygon: fillColor = '[1. 1. 1.] (rgb)'
7.5846 	EXP 	polygon_2: fillColor = '[1. 1. 1.] (rgb)'
7.6014 	EXP 	polygon: fillColor = '[-1. -1. -1.] (rgb)'
7.6014 	EXP 	polygon_2: fillColor = '[-1. -1. -1.] (rgb)'
7.6185 	EXP 	polygon: fillColor = '[-3. -3. -3.] (rgb)'
7.6185 	EXP 	polygon_2: fillColor = '[-3. -3. -3.] (rgb)'
7.6345 	EXP 	polygon: fillColor = '[-1. -1. -1.] (rgb)'
7.6345 	EXP 	polygon_2: fillColor = '[-1. -1. -1.] (rgb)'
7.6515 	EXP 	polygon: fillColor = '[1. 1. 1.] (rgb)'
7.6515 	EXP 	polygon_2: fillColor = '[1. 1. 1.] (rgb)'
7.6680 	EXP 	polygon: fillColor = '[-1. -1. -1.] (rgb)'
7.6680 	EXP 	polygon_2: fillColor = '[-1. -1. -1.] (rgb)'
7.6846 	EXP 	polygon: fillColor = '[-3. -3. -3.] (rgb)'
7.6846 	EXP 	polygon_2: fillColor = '[-3. -3. -3.] (rgb)'
7.7010 	EXP 	polygon: fillColor = '[-1. -1. -1.] (rgb)'
7.7010 	EXP 	polygon_2: fillColor = '[-1. -1. -1.] (rgb)'
7.7177 	EXP 	polygon: fillColor = '[1. 1. 1.] (rgb)'
7.7177 	EXP 	polygon_2: fillColor = '[1. 1. 1.] (rgb)'
7.7345 	EXP 	polygon: fillColor = '[-1. -1. -1.] (rgb)'
7.7345 	EXP 	polygon_2: fillColor = '[-1. -1. -1.] (rgb)'
7.7513 	EXP 	polygon: fillColor = '[-3. -3. -3.] (rgb)'
7.7513 	EXP 	polygon_2: fillColor = '[-3. -3. -3.] (rgb)'
7.7700 	EXP 	polygon: fillColor = '[-1. -1. -1.] (rgb)'
7.7700 	EXP 	polygon_2: fillColor = '[-1. -1. -1.] (rgb)'
7.7843 	EXP 	polygon: fillColor = '[1. 1. 1.] (rgb)'
7.7843 	EXP 	polygon_2: fillColor = '[1. 1. 1.] (rgb)'
7.8012 	EXP 	polygon: fillColor = '[-1. -1. -1.] (rgb)'
7.8012 	EXP 	polygon_2: fillColor = '[-1. -1. -1.] (rgb)'
7.8180 	EXP 	polygon: fillColor = '[-3. -3. -3.] (rgb)'
7.8180 	EXP 	polygon_2: fillColor = '[-3. -3. -3.] (rgb)'
7.8348 	EXP 	polygon: fillColor = '[-1. -1. -1.] (rgb)'
7.8348 	EXP 	polygon_2: fillColor = '[-1. -1. -1.] (rgb)'
7.8509 	EXP 	polygon: fillColor = '[1. 1. 1.] (rgb)'
7.8509 	EXP 	polygon_2: fillColor = '[1. 1. 1.] (rgb)'
7.8678 	EXP 	polygon: fillColor = '[-1. -1. -1.] (rgb)'
7.8678 	EXP 	polygon_2: fillColor = '[-1. -1. -1.] (rgb)'
7.8843 	EXP 	polygon: fillColor = '[-3. -3. -3.] (rgb)'
7.8843 	EXP 	polygon_2: fillColor = '[-3. -3. -3.] (rgb)'
7.9013 	EXP 	polygon: fillColor = '[-1. -1. -1.] (rgb)'
7.9013 	EXP 	polygon_2: fillColor = '[-1. -1. -1.] (rgb)'
7.9184 	EXP 	polygon: fillColor = '[1. 1. 1.] (rgb)'
7.9184 	EXP 	polygon_2: fillColor = '[1. 1. 1.] (rgb)'
7.9348 	EXP 	polygon: fillColor = '[-1. -1. -1.] (rgb)'
7.9348 	EXP 	polygon_2: fillColor = '[-1. -1. -1.] (rgb)'
7.9510 	EXP 	polygon: fillColor = '[-3. -3. -3.] (rgb)'
7.9510 	EXP 	polygon_2: fillColor = '[-3. -3. -3.] (rgb)'
7.9677 	EXP 	polygon: fillColor = '[-1. -1. -1.] (rgb)'
7.9677 	EXP 	polygon_2: fillColor = '[-1. -1. -1.] (rgb)'
7.9844 	EXP 	polygon: fillColor = '[1. 1. 1.] (rgb)'
7.9844 	EXP 	polygon_2: fillColor = '[1. 1. 1.] (rgb)'
8.0009 	EXP 	polygon: fillColor = '[-1. -1. -1.] (rgb)'
8.0009 	EXP 	polygon_2: fillColor = '[-1. -1. -1.] (rgb)'
8.0178 	EXP 	polygon: fillColor = '[-3. -3. -3.] (rgb)'
8.0178 	EXP 	polygon_2: fillColor = '[-3. -3. -3.] (rgb)'
8.0343 	EXP 	polygon: fillColor = '[-1. -1. -1.] (rgb)'
8.0343 	EXP 	polygon_2: fillColor = '[-1. -1. -1.] (rgb)'
8.0508 	EXP 	polygon: fillColor = '[1. 1. 1.] (rgb)'
8.0508 	EXP 	polygon_2: fillColor = '[1. 1. 1.] (rgb)'
8.0677 	EXP 	polygon: fillColor = '[-1. -1. -1.] (rgb)'
8.0677 	EXP 	polygon_2: fillColor = '[-1. -1. -1.] (rgb)'
8.0879 	EXP 	polygon: fillColor = '[-3. -3. -3.] (rgb)'
8.0879 	EXP 	polygon_2: fillColor = '[-3. -3. -3.] (rgb)'
8.1011 	EXP 	polygon: fillColor = '[-1. -1. -1.] (rgb)'
8.1011 	EXP 	polygon_2: fillColor = '[-1. -1. -1.] (rgb)'
8.1176 	EXP 	polygon: fillColor = '[1. 1. 1.] (rgb)'
8.1176 	EXP 	polygon_2: fillColor = '[1. 1. 1.] (rgb)'
8.1355 	EXP 	polygon: fillColor = '[-1. -1. -1.] (rgb)'
8.1355 	EXP 	polygon_2: fillColor = '[-1. -1. -1.] (rgb)'
8.1512 	EXP 	polygon: fillColor = '[-3. -3. -3.] (rgb)'
8.1512 	EXP 	polygon_2: fillColor = '[-3. -3. -3.] (rgb)'
8.1684 	EXP 	polygon: fillColor = '[-1. -1. -1.] (rgb)'
8.1684 	EXP 	polygon_2: fillColor = '[-1. -1. -1.] (rgb)'
8.1842 	EXP 	polygon: fillColor = '[1. 1. 1.] (rgb)'
8.1842 	EXP 	polygon_2: fillColor = '[1. 1. 1.] (rgb)'
8.2016 	EXP 	polygon: fillColor = '[-1. -1. -1.] (rgb)'
8.2016 	EXP 	polygon_2: fillColor = '[-1. -1. -1.] (rgb)'
8.2174 	EXP 	polygon: fillColor = '[-3. -3. -3.] (rgb)'
8.2174 	EXP 	polygon_2: fillColor = '[-3. -3. -3.] (rgb)'
8.2343 	EXP 	polygon: fillColor = '[-1. -1. -1.] (rgb)'
8.2343 	EXP 	polygon_2: fillColor = '[-1. -1. -1.] (rgb)'
8.2509 	EXP 	polygon: fillColor = '[1. 1. 1.] (rgb)'
8.2509 	EXP 	polygon_2: fillColor = '[1. 1. 1.] (rgb)'
8.2685 	EXP 	polygon: fillColor = '[-1. -1. -1.] (rgb)'
8.2685 	EXP 	polygon_2: fillColor = '[-1. -1. -1.] (rgb)'
8.2844 	EXP 	polygon: fillColor = '[-3. -3. -3.] (rgb)'
8.2844 	EXP 	polygon_2: fillColor = '[-3. -3. -3.] (rgb)'
8.3009 	EXP 	polygon: fillColor = '[-1. -1. -1.] (rgb)'
8.3009 	EXP 	polygon_2: fillColor = '[-1. -1. -1.] (rgb)'
8.3179 	EXP 	polygon: fillColor = '[1. 1. 1.] (rgb)'
8.3179 	EXP 	polygon_2: fillColor = '[1. 1. 1.] (rgb)'
8.3346 	EXP 	polygon: fillColor = '[-1. -1. -1.] (rgb)'
8.3346 	EXP 	polygon_2: fillColor = '[-1. -1. -1.] (rgb)'
8.3509 	EXP 	polygon: fillColor = '[-3. -3. -3.] (rgb)'
8.3509 	EXP 	polygon_2: fillColor = '[-3. -3. -3.] (rgb)'
8.3680 	EXP 	polygon: fillColor = '[-1. -1. -1.] (rgb)'
8.3680 	EXP 	polygon_2: fillColor = '[-1. -1. -1.] (rgb)'
8.3846 	EXP 	polygon: fillColor = '[1. 1. 1.] (rgb)'
8.3846 	EXP 	polygon_2: fillColor = '[1. 1. 1.] (rgb)'
8.4010 	EXP 	polygon: fillColor = '[-1. -1. -1.] (rgb)'
8.4010 	EXP 	polygon_2: fillColor = '[-1. -1. -1.] (rgb)'
8.4175 	EXP 	polygon: fillColor = '[-3. -3. -3.] (rgb)'
8.4175 	EXP 	polygon_2: fillColor = '[-3. -3. -3.] (rgb)'
8.4356 	EXP 	polygon: fillColor = '[-1. -1. -1.] (rgb)'
8.4356 	EXP 	polygon_2: fillColor = '[-1. -1. -1.] (rgb)'
8.4517 	EXP 	polygon: fillColor = '[1. 1. 1.] (rgb)'
8.4517 	EXP 	polygon_2: fillColor = '[1. 1. 1.] (rgb)'
8.4675 	EXP 	polygon: fillColor = '[-1. -1. -1.] (rgb)'
8.4675 	EXP 	polygon_2: fillColor = '[-1. -1. -1.] (rgb)'
8.4840 	EXP 	polygon: fillColor = '[-3. -3. -3.] (rgb)'
8.4840 	EXP 	polygon_2: fillColor = '[-3. -3. -3.] (rgb)'
8.5007 	EXP 	polygon: fillColor = '[-1. -1. -1.] (rgb)'
8.5007 	EXP 	polygon_2: fillColor = '[-1. -1. -1.] (rgb)'
8.5175 	EXP 	polygon: fillColor = '[1. 1. 1.] (rgb)'
8.5175 	EXP 	polygon_2: fillColor = '[1. 1. 1.] (rgb)'
8.5341 	EXP 	polygon: fillColor = '[-1. -1. -1.] (rgb)'
8.5341 	EXP 	polygon_2: fillColor = '[-1. -1. -1.] (rgb)'
8.5508 	EXP 	polygon: fillColor = '[-3. -3. -3.] (rgb)'
8.5508 	EXP 	polygon_2: fillColor = '[-3. -3. -3.] (rgb)'
8.5674 	EXP 	polygon: fillColor = '[-1. -1. -1.] (rgb)'
8.5674 	EXP 	polygon_2: fillColor = '[-1. -1. -1.] (rgb)'
8.5841 	EXP 	polygon: fillColor = '[1. 1. 1.] (rgb)'
8.5841 	EXP 	polygon_2: fillColor = '[1. 1. 1.] (rgb)'
8.6009 	EXP 	polygon: fillColor = '[-1. -1. -1.] (rgb)'
8.6009 	EXP 	polygon_2: fillColor = '[-1. -1. -1.] (rgb)'
8.6175 	EXP 	polygon: fillColor = '[-3. -3. -3.] (rgb)'
8.6175 	EXP 	polygon_2: fillColor = '[-3. -3. -3.] (rgb)'
8.6342 	EXP 	polygon: fillColor = '[-1. -1. -1.] (rgb)'
8.6342 	EXP 	polygon_2: fillColor = '[-1. -1. -1.] (rgb)'
8.6509 	EXP 	polygon: fillColor = '[1. 1. 1.] (rgb)'
8.6509 	EXP 	polygon_2: fillColor = '[1. 1. 1.] (rgb)'
8.6675 	EXP 	polygon: fillColor = '[-1. -1. -1.] (rgb)'
8.6675 	EXP 	polygon_2: fillColor = '[-1. -1. -1.] (rgb)'
8.6841 	EXP 	polygon: fillColor = '[-3. -3. -3.] (rgb)'
8.6841 	EXP 	polygon_2: fillColor = '[-3. -3. -3.] (rgb)'
8.7007 	EXP 	polygon: fillColor = '[-1. -1. -1.] (rgb)'
8.7007 	EXP 	polygon_2: fillColor = '[-1. -1. -1.] (rgb)'
8.7175 	EXP 	polygon: fillColor = '[1. 1. 1.] (rgb)'
8.7175 	EXP 	polygon_2: fillColor = '[1. 1. 1.] (rgb)'
8.7341 	EXP 	polygon: fillColor = '[-1. -1. -1.] (rgb)'
8.7341 	EXP 	polygon_2: fillColor = '[-1. -1. -1.] (rgb)'
8.7506 	EXP 	polygon: fillColor = '[-3. -3. -3.] (rgb)'
8.7506 	EXP 	polygon_2: fillColor = '[-3. -3. -3.] (rgb)'
8.7672 	EXP 	polygon: fillColor = '[-1. -1. -1.] (rgb)'
8.7672 	EXP 	polygon_2: fillColor = '[-1. -1. -1.] (rgb)'
8.7840 	EXP 	polygon: fillColor = '[1. 1. 1.] (rgb)'
8.7840 	EXP 	polygon_2: fillColor = '[1. 1. 1.] (rgb)'
8.8014 	EXP 	polygon: fillColor = '[-1. -1. -1.] (rgb)'
8.8014 	EXP 	polygon_2: fillColor = '[-1. -1. -1.] (rgb)'
8.8184 	EXP 	polygon: fillColor = '[-3. -3. -3.] (rgb)'
8.8184 	EXP 	polygon_2: fillColor = '[-3. -3. -3.] (rgb)'
8.8348 	EXP 	polygon: fillColor = '[-1. -1. -1.] (rgb)'
8.8348 	EXP 	polygon_2: fillColor = '[-1. -1. -1.] (rgb)'
8.8523 	EXP 	polygon: fillColor = '[1. 1. 1.] (rgb)'
8.8523 	EXP 	polygon_2: fillColor = '[1. 1. 1.] (rgb)'
8.8675 	EXP 	polygon: fillColor = '[-1. -1. -1.] (rgb)'
8.8675 	EXP 	polygon_2: fillColor = '[-1. -1. -1.] (rgb)'
8.8836 	EXP 	polygon: fillColor = '[-3. -3. -3.] (rgb)'
8.8836 	EXP 	polygon_2: fillColor = '[-3. -3. -3.] (rgb)'
8.9011 	EXP 	polygon: fillColor = '[-1. -1. -1.] (rgb)'
8.9011 	EXP 	polygon_2: fillColor = '[-1. -1. -1.] (rgb)'
8.9173 	EXP 	polygon: fillColor = '[1. 1. 1.] (rgb)'
8.9173 	EXP 	polygon_2: fillColor = '[1. 1. 1.] (rgb)'
8.9343 	EXP 	polygon: fillColor = '[-1. -1. -1.] (rgb)'
8.9343 	EXP 	polygon_2: fillColor = '[-1. -1. -1.] (rgb)'
8.9510 	EXP 	polygon: fillColor = '[-3. -3. -3.] (rgb)'
8.9510 	EXP 	polygon_2: fillColor = '[-3. -3. -3.] (rgb)'
8.9681 	EXP 	polygon: fillColor = '[-1. -1. -1.] (rgb)'
8.9681 	EXP 	polygon_2: fillColor = '[-1. -1. -1.] (rgb)'
8.9848 	EXP 	polygon: fillColor = '[1. 1. 1.] (rgb)'
8.9848 	EXP 	polygon_2: fillColor = '[1. 1. 1.] (rgb)'
9.0009 	EXP 	polygon: fillColor = '[-1. -1. -1.] (rgb)'
9.0009 	EXP 	polygon_2: fillColor = '[-1. -1. -1.] (rgb)'
9.0169 	EXP 	polygon: fillColor = '[-3. -3. -3.] (rgb)'
9.0169 	EXP 	polygon_2: fillColor = '[-3. -3. -3.] (rgb)'
9.0341 	EXP 	polygon: fillColor = '[-1. -1. -1.] (rgb)'
9.0341 	EXP 	polygon_2: fillColor = '[-1. -1. -1.] (rgb)'
9.0508 	EXP 	polygon: fillColor = '[1. 1. 1.] (rgb)'
9.0508 	EXP 	polygon_2: fillColor = '[1. 1. 1.] (rgb)'
9.0676 	EXP 	polygon: fillColor = '[-1. -1. -1.] (rgb)'
9.0676 	EXP 	polygon_2: fillColor = '[-1. -1. -1.] (rgb)'
9.0837 	EXP 	polygon: fillColor = '[-3. -3. -3.] (rgb)'
9.0837 	EXP 	polygon_2: fillColor = '[-3. -3. -3.] (rgb)'
9.1005 	EXP 	polygon: fillColor = '[-1. -1. -1.] (rgb)'
9.1005 	EXP 	polygon_2: fillColor = '[-1. -1. -1.] (rgb)'
9.1170 	EXP 	polygon: fillColor = '[1. 1. 1.] (rgb)'
9.1170 	EXP 	polygon_2: fillColor = '[1. 1. 1.] (rgb)'
9.1340 	EXP 	polygon: fillColor = '[-1. -1. -1.] (rgb)'
9.1340 	EXP 	polygon_2: fillColor = '[-1. -1. -1.] (rgb)'
9.1508 	EXP 	polygon: fillColor = '[-3. -3. -3.] (rgb)'
9.1508 	EXP 	polygon_2: fillColor = '[-3. -3. -3.] (rgb)'
9.1674 	EXP 	polygon: fillColor = '[-1. -1. -1.] (rgb)'
9.1674 	EXP 	polygon_2: fillColor = '[-1. -1. -1.] (rgb)'
9.1839 	EXP 	polygon: fillColor = '[1. 1. 1.] (rgb)'
9.1839 	EXP 	polygon_2: fillColor = '[1. 1. 1.] (rgb)'
9.2003 	EXP 	polygon: fillColor = '[-1. -1. -1.] (rgb)'
9.2003 	EXP 	polygon_2: fillColor = '[-1. -1. -1.] (rgb)'
9.2170 	EXP 	polygon: fillColor = '[-3. -3. -3.] (rgb)'
9.2170 	EXP 	polygon_2: fillColor = '[-3. -3. -3.] (rgb)'
9.2338 	EXP 	polygon: fillColor = '[-1. -1. -1.] (rgb)'
9.2338 	EXP 	polygon_2: fillColor = '[-1. -1. -1.] (rgb)'
9.2513 	EXP 	polygon: fillColor = '[1. 1. 1.] (rgb)'
9.2513 	EXP 	polygon_2: fillColor = '[1. 1. 1.] (rgb)'
9.2670 	EXP 	polygon: fillColor = '[-1. -1. -1.] (rgb)'
9.2670 	EXP 	polygon_2: fillColor = '[-1. -1. -1.] (rgb)'
9.2835 	EXP 	polygon: fillColor = '[-3. -3. -3.] (rgb)'
9.2835 	EXP 	polygon_2: fillColor = '[-3. -3. -3.] (rgb)'
9.3004 	EXP 	polygon: fillColor = '[-1. -1. -1.] (rgb)'
9.3004 	EXP 	polygon_2: fillColor = '[-1. -1. -1.] (rgb)'
9.3172 	EXP 	polygon: fillColor = '[1. 1. 1.] (rgb)'
9.3172 	EXP 	polygon_2: fillColor = '[1. 1. 1.] (rgb)'
9.3351 	EXP 	polygon: fillColor = '[-1. -1. -1.] (rgb)'
9.3351 	EXP 	polygon_2: fillColor = '[-1. -1. -1.] (rgb)'
9.3504 	EXP 	polygon: fillColor = '[-3. -3. -3.] (rgb)'
9.3504 	EXP 	polygon_2: fillColor = '[-3. -3. -3.] (rgb)'
9.3671 	EXP 	polygon: fillColor = '[-1. -1. -1.] (rgb)'
9.3671 	EXP 	polygon_2: fillColor = '[-1. -1. -1.] (rgb)'
9.3838 	EXP 	polygon: fillColor = '[1. 1. 1.] (rgb)'
9.3838 	EXP 	polygon_2: fillColor = '[1. 1. 1.] (rgb)'
9.4004 	EXP 	polygon: fillColor = '[-1. -1. -1.] (rgb)'
9.4004 	EXP 	polygon_2: fillColor = '[-1. -1. -1.] (rgb)'
9.4171 	EXP 	polygon: fillColor = '[-3. -3. -3.] (rgb)'
9.4171 	EXP 	polygon_2: fillColor = '[-3. -3. -3.] (rgb)'
9.4336 	EXP 	polygon: fillColor = '[-1. -1. -1.] (rgb)'
9.4336 	EXP 	polygon_2: fillColor = '[-1. -1. -1.] (rgb)'
9.4501 	EXP 	polygon: fillColor = '[1. 1. 1.] (rgb)'
9.4501 	EXP 	polygon_2: fillColor = '[1. 1. 1.] (rgb)'
9.4669 	EXP 	polygon: fillColor = '[-1. -1. -1.] (rgb)'
9.4669 	EXP 	polygon_2: fillColor = '[-1. -1. -1.] (rgb)'
9.4836 	EXP 	polygon: fillColor = '[-3. -3. -3.] (rgb)'
9.4836 	EXP 	polygon_2: fillColor = '[-3. -3. -3.] (rgb)'
9.4999 	EXP 	polygon: fillColor = '[-1. -1. -1.] (rgb)'
9.4999 	EXP 	polygon_2: fillColor = '[-1. -1. -1.] (rgb)'
9.5168 	EXP 	polygon: fillColor = '[1. 1. 1.] (rgb)'
9.5168 	EXP 	polygon_2: fillColor = '[1. 1. 1.] (rgb)'
9.5337 	EXP 	polygon: fillColor = '[-1. -1. -1.] (rgb)'
9.5337 	EXP 	polygon_2: fillColor = '[-1. -1. -1.] (rgb)'
9.5505 	EXP 	polygon: fillColor = '[-3. -3. -3.] (rgb)'
9.5505 	EXP 	polygon_2: fillColor = '[-3. -3. -3.] (rgb)'
9.5670 	EXP 	polygon: fillColor = '[-1. -1. -1.] (rgb)'
9.5670 	EXP 	polygon_2: fillColor = '[-1. -1. -1.] (rgb)'
9.5848 	EXP 	polygon: fillColor = '[1. 1. 1.] (rgb)'
9.5848 	EXP 	polygon_2: fillColor = '[1. 1. 1.] (rgb)'
9.6002 	EXP 	polygon: fillColor = '[-1. -1. -1.] (rgb)'
9.6002 	EXP 	polygon_2: fillColor = '[-1. -1. -1.] (rgb)'
9.6169 	EXP 	polygon: fillColor = '[-3. -3. -3.] (rgb)'
9.6169 	EXP 	polygon_2: fillColor = '[-3. -3. -3.] (rgb)'
9.6337 	EXP 	polygon: fillColor = '[-1. -1. -1.] (rgb)'
9.6337 	EXP 	polygon_2: fillColor = '[-1. -1. -1.] (rgb)'
9.6523 	EXP 	polygon: fillColor = '[1. 1. 1.] (rgb)'
9.6523 	EXP 	polygon_2: fillColor = '[1. 1. 1.] (rgb)'
9.6679 	EXP 	polygon: fillColor = '[-1. -1. -1.] (rgb)'
9.6679 	EXP 	polygon_2: fillColor = '[-1. -1. -1.] (rgb)'
9.6840 	EXP 	polygon: fillColor = '[-3. -3. -3.] (rgb)'
9.6840 	EXP 	polygon_2: fillColor = '[-3. -3. -3.] (rgb)'
9.7002 	EXP 	polygon: fillColor = '[-1. -1. -1.] (rgb)'
9.7002 	EXP 	polygon_2: fillColor = '[-1. -1. -1.] (rgb)'
9.7168 	EXP 	polygon: fillColor = '[1. 1. 1.] (rgb)'
9.7168 	EXP 	polygon_2: fillColor = '[1. 1. 1.] (rgb)'
9.7334 	EXP 	polygon: fillColor = '[-1. -1. -1.] (rgb)'
9.7334 	EXP 	polygon_2: fillColor = '[-1. -1. -1.] (rgb)'
9.7502 	EXP 	polygon: fillColor = '[-3. -3. -3.] (rgb)'
9.7502 	EXP 	polygon_2: fillColor = '[-3. -3. -3.] (rgb)'
9.7669 	EXP 	polygon: fillColor = '[-1. -1. -1.] (rgb)'
9.7669 	EXP 	polygon_2: fillColor = '[-1. -1. -1.] (rgb)'
9.7835 	EXP 	polygon: fillColor = '[1. 1. 1.] (rgb)'
9.7835 	EXP 	polygon_2: fillColor = '[1. 1. 1.] (rgb)'
9.8001 	EXP 	polygon: fillColor = '[-1. -1. -1.] (rgb)'
9.8001 	EXP 	polygon_2: fillColor = '[-1. -1. -1.] (rgb)'
9.8166 	EXP 	polygon: fillColor = '[-3. -3. -3.] (rgb)'
9.8166 	EXP 	polygon_2: fillColor = '[-3. -3. -3.] (rgb)'
9.8333 	EXP 	polygon: fillColor = '[-1. -1. -1.] (rgb)'
9.8333 	EXP 	polygon_2: fillColor = '[-1. -1. -1.] (rgb)'
9.8499 	EXP 	polygon: fillColor = '[1. 1. 1.] (rgb)'
9.8499 	EXP 	polygon_2: fillColor = '[1. 1. 1.] (rgb)'
9.8666 	EXP 	polygon: fillColor = '[-1. -1. -1.] (rgb)'
9.8666 	EXP 	polygon_2: fillColor = '[-1. -1. -1.] (rgb)'
9.8838 	EXP 	polygon: fillColor = '[-3. -3. -3.] (rgb)'
9.8838 	EXP 	polygon_2: fillColor = '[-3. -3. -3.] (rgb)'
9.9002 	EXP 	polygon: fillColor = '[-1. -1. -1.] (rgb)'
9.9002 	EXP 	polygon_2: fillColor = '[-1. -1. -1.] (rgb)'
9.9180 	EXP 	polygon: fillColor = '[1. 1. 1.] (rgb)'
9.9180 	EXP 	polygon_2: fillColor = '[1. 1. 1.] (rgb)'
9.9333 	EXP 	polygon: fillColor = '[-1. -1. -1.] (rgb)'
9.9333 	EXP 	polygon_2: fillColor = '[-1. -1. -1.] (rgb)'
9.9500 	EXP 	polygon: fillColor = '[-3. -3. -3.] (rgb)'
9.9500 	EXP 	polygon_2: fillColor = '[-3. -3. -3.] (rgb)'
9.9668 	EXP 	polygon: fillColor = '[-1. -1. -1.] (rgb)'
9.9668 	EXP 	polygon_2: fillColor = '[-1. -1. -1.] (rgb)'
9.9843 	EXP 	polygon: fillColor = '[1. 1. 1.] (rgb)'
9.9843 	EXP 	polygon_2: fillColor = '[1. 1. 1.] (rgb)'
9.9996 	EXP 	polygon: fillColor = '[-1. -1. -1.] (rgb)'
9.9996 	EXP 	polygon_2: fillColor = '[-1. -1. -1.] (rgb)'
10.0166 	EXP 	polygon: fillColor = '[-3. -3. -3.] (rgb)'
10.0166 	EXP 	polygon_2: fillColor = '[-3. -3. -3.] (rgb)'
10.0333 	EXP 	polygon: fillColor = '[-1. -1. -1.] (rgb)'
10.0333 	EXP 	polygon_2: fillColor = '[-1. -1. -1.] (rgb)'
10.0505 	EXP 	polygon: fillColor = '[1. 1. 1.] (rgb)'
10.0505 	EXP 	polygon_2: fillColor = '[1. 1. 1.] (rgb)'
10.0672 	EXP 	polygon: fillColor = '[-1. -1. -1.] (rgb)'
10.0672 	EXP 	polygon_2: fillColor = '[-1. -1. -1.] (rgb)'
10.0831 	EXP 	polygon: fillColor = '[-3. -3. -3.] (rgb)'
10.0831 	EXP 	polygon_2: fillColor = '[-3. -3. -3.] (rgb)'
10.1000 	EXP 	polygon: fillColor = '[-1. -1. -1.] (rgb)'
10.1000 	EXP 	polygon_2: fillColor = '[-1. -1. -1.] (rgb)'
10.1168 	EXP 	polygon: fillColor = '[1. 1. 1.] (rgb)'
10.1168 	EXP 	polygon_2: fillColor = '[1. 1. 1.] (rgb)'
10.1335 	EXP 	polygon: fillColor = '[-1. -1. -1.] (rgb)'
10.1335 	EXP 	polygon_2: fillColor = '[-1. -1. -1.] (rgb)'
10.1500 	EXP 	polygon: fillColor = '[-3. -3. -3.] (rgb)'
10.1500 	EXP 	polygon_2: fillColor = '[-3. -3. -3.] (rgb)'
10.1667 	EXP 	polygon: fillColor = '[-1. -1. -1.] (rgb)'
10.1667 	EXP 	polygon_2: fillColor = '[-1. -1. -1.] (rgb)'
10.1832 	EXP 	polygon: fillColor = '[1. 1. 1.] (rgb)'
10.1832 	EXP 	polygon_2: fillColor = '[1. 1. 1.] (rgb)'
10.2001 	EXP 	polygon: fillColor = '[-1. -1. -1.] (rgb)'
10.2001 	EXP 	polygon_2: fillColor = '[-1. -1. -1.] (rgb)'
10.2168 	EXP 	polygon: fillColor = '[-3. -3. -3.] (rgb)'
10.2168 	EXP 	polygon_2: fillColor = '[-3. -3. -3.] (rgb)'
10.2332 	EXP 	polygon: fillColor = '[-1. -1. -1.] (rgb)'
10.2332 	EXP 	polygon_2: fillColor = '[-1. -1. -1.] (rgb)'
10.2497 	EXP 	polygon: fillColor = '[1. 1. 1.] (rgb)'
10.2497 	EXP 	polygon_2: fillColor = '[1. 1. 1.] (rgb)'
10.2664 	EXP 	polygon: fillColor = '[-1. -1. -1.] (rgb)'
10.2664 	EXP 	polygon_2: fillColor = '[-1. -1. -1.] (rgb)'
10.2833 	EXP 	polygon: fillColor = '[-3. -3. -3.] (rgb)'
10.2833 	EXP 	polygon_2: fillColor = '[-3. -3. -3.] (rgb)'
10.3000 	EXP 	polygon: fillColor = '[-1. -1. -1.] (rgb)'
10.3000 	EXP 	polygon_2: fillColor = '[-1. -1. -1.] (rgb)'
10.3164 	EXP 	polygon: fillColor = '[1. 1. 1.] (rgb)'
10.3164 	EXP 	polygon_2: fillColor = '[1. 1. 1.] (rgb)'
10.3332 	EXP 	polygon: fillColor = '[-1. -1. -1.] (rgb)'
10.3332 	EXP 	polygon_2: fillColor = '[-1. -1. -1.] (rgb)'
10.3497 	EXP 	polygon: fillColor = '[-3. -3. -3.] (rgb)'
10.3497 	EXP 	polygon_2: fillColor = '[-3. -3. -3.] (rgb)'
10.3673 	EXP 	polygon: fillColor = '[-1. -1. -1.] (rgb)'
10.3673 	EXP 	polygon_2: fillColor = '[-1. -1. -1.] (rgb)'
10.3833 	EXP 	polygon: fillColor = '[1. 1. 1.] (rgb)'
10.3833 	EXP 	polygon_2: fillColor = '[1. 1. 1.] (rgb)'
10.4001 	EXP 	polygon: fillColor = '[-1. -1. -1.] (rgb)'
10.4001 	EXP 	polygon_2: fillColor = '[-1. -1. -1.] (rgb)'
10.4167 	EXP 	polygon: fillColor = '[-3. -3. -3.] (rgb)'
10.4167 	EXP 	polygon_2: fillColor = '[-3. -3. -3.] (rgb)'
10.4333 	EXP 	polygon: fillColor = '[-1. -1. -1.] (rgb)'
10.4333 	EXP 	polygon_2: fillColor = '[-1. -1. -1.] (rgb)'
10.4496 	EXP 	polygon: fillColor = '[1. 1. 1.] (rgb)'
10.4496 	EXP 	polygon_2: fillColor = '[1. 1. 1.] (rgb)'
10.4663 	EXP 	polygon: fillColor = '[-1. -1. -1.] (rgb)'
10.4663 	EXP 	polygon_2: fillColor = '[-1. -1. -1.] (rgb)'
10.4833 	EXP 	polygon: fillColor = '[-3. -3. -3.] (rgb)'
10.4833 	EXP 	polygon_2: fillColor = '[-3. -3. -3.] (rgb)'
10.4997 	EXP 	polygon: fillColor = '[-1. -1. -1.] (rgb)'
10.4997 	EXP 	polygon_2: fillColor = '[-1. -1. -1.] (rgb)'
10.5165 	EXP 	polygon: fillColor = '[1. 1. 1.] (rgb)'
10.5165 	EXP 	polygon_2: fillColor = '[1. 1. 1.] (rgb)'
10.5331 	EXP 	polygon: fillColor = '[-1. -1. -1.] (rgb)'
10.5331 	EXP 	polygon_2: fillColor = '[-1. -1. -1.] (rgb)'
10.5498 	EXP 	polygon: fillColor = '[-3. -3. -3.] (rgb)'
10.5498 	EXP 	polygon_2: fillColor = '[-3. -3. -3.] (rgb)'
10.5667 	EXP 	polygon: fillColor = '[-1. -1. -1.] (rgb)'
10.5667 	EXP 	polygon_2: fillColor = '[-1. -1. -1.] (rgb)'
10.5830 	EXP 	polygon: fillColor = '[1. 1. 1.] (rgb)'
10.5830 	EXP 	polygon_2: fillColor = '[1. 1. 1.] (rgb)'
10.5997 	EXP 	polygon: fillColor = '[-1. -1. -1.] (rgb)'
10.5997 	EXP 	polygon_2: fillColor = '[-1. -1. -1.] (rgb)'
10.6164 	EXP 	polygon: fillColor = '[-3. -3. -3.] (rgb)'
10.6164 	EXP 	polygon_2: fillColor = '[-3. -3. -3.] (rgb)'
10.6332 	EXP 	polygon: fillColor = '[-1. -1. -1.] (rgb)'
10.6332 	EXP 	polygon_2: fillColor = '[-1. -1. -1.] (rgb)'
10.6499 	EXP 	polygon: fillColor = '[1. 1. 1.] (rgb)'
10.6499 	EXP 	polygon_2: fillColor = '[1. 1. 1.] (rgb)'
10.6671 	EXP 	polygon: fillColor = '[-1. -1. -1.] (rgb)'
10.6671 	EXP 	polygon_2: fillColor = '[-1. -1. -1.] (rgb)'
10.6835 	EXP 	polygon: fillColor = '[-3. -3. -3.] (rgb)'
10.6835 	EXP 	polygon_2: fillColor = '[-3. -3. -3.] (rgb)'
10.6996 	EXP 	polygon: fillColor = '[-1. -1. -1.] (rgb)'
10.6996 	EXP 	polygon_2: fillColor = '[-1. -1. -1.] (rgb)'
10.7164 	EXP 	polygon: fillColor = '[1. 1. 1.] (rgb)'
10.7164 	EXP 	polygon_2: fillColor = '[1. 1. 1.] (rgb)'
10.7330 	EXP 	polygon: fillColor = '[-1. -1. -1.] (rgb)'
10.7330 	EXP 	polygon_2: fillColor = '[-1. -1. -1.] (rgb)'
10.7496 	EXP 	polygon: fillColor = '[-3. -3. -3.] (rgb)'
10.7496 	EXP 	polygon_2: fillColor = '[-3. -3. -3.] (rgb)'
10.7660 	EXP 	polygon: fillColor = '[-1. -1. -1.] (rgb)'
10.7660 	EXP 	polygon_2: fillColor = '[-1. -1. -1.] (rgb)'
10.7828 	EXP 	polygon: fillColor = '[1. 1. 1.] (rgb)'
10.7828 	EXP 	polygon_2: fillColor = '[1. 1. 1.] (rgb)'
10.7996 	EXP 	polygon: fillColor = '[-1. -1. -1.] (rgb)'
10.7996 	EXP 	polygon_2: fillColor = '[-1. -1. -1.] (rgb)'
10.8160 	EXP 	polygon: fillColor = '[-3. -3. -3.] (rgb)'
10.8160 	EXP 	polygon_2: fillColor = '[-3. -3. -3.] (rgb)'
10.8341 	EXP 	polygon: fillColor = '[-1. -1. -1.] (rgb)'
10.8341 	EXP 	polygon_2: fillColor = '[-1. -1. -1.] (rgb)'
10.8501 	EXP 	polygon: fillColor = '[1. 1. 1.] (rgb)'
10.8501 	EXP 	polygon_2: fillColor = '[1. 1. 1.] (rgb)'
10.8668 	EXP 	polygon: fillColor = '[-1. -1. -1.] (rgb)'
10.8668 	EXP 	polygon_2: fillColor = '[-1. -1. -1.] (rgb)'
10.8828 	EXP 	polygon: fillColor = '[-3. -3. -3.] (rgb)'
10.8828 	EXP 	polygon_2: fillColor = '[-3. -3. -3.] (rgb)'
10.8999 	EXP 	polygon: fillColor = '[-1. -1. -1.] (rgb)'
10.8999 	EXP 	polygon_2: fillColor = '[-1. -1. -1.] (rgb)'
10.9162 	EXP 	polygon: fillColor = '[1. 1. 1.] (rgb)'
10.9162 	EXP 	polygon_2: fillColor = '[1. 1. 1.] (rgb)'
10.9325 	EXP 	polygon: fillColor = '[-1. -1. -1.] (rgb)'
10.9325 	EXP 	polygon_2: fillColor = '[-1. -1. -1.] (rgb)'
10.9492 	EXP 	polygon: fillColor = '[-3. -3. -3.] (rgb)'
10.9492 	EXP 	polygon_2: fillColor = '[-3. -3. -3.] (rgb)'
10.9660 	EXP 	polygon: fillColor = '[-1. -1. -1.] (rgb)'
10.9660 	EXP 	polygon_2: fillColor = '[-1. -1. -1.] (rgb)'
10.9829 	EXP 	polygon: fillColor = '[1. 1. 1.] (rgb)'
10.9829 	EXP 	polygon_2: fillColor = '[1. 1. 1.] (rgb)'
10.9997 	EXP 	polygon: fillColor = '[-1. -1. -1.] (rgb)'
10.9997 	EXP 	polygon_2: fillColor = '[-1. -1. -1.] (rgb)'
11.0159 	EXP 	polygon: fillColor = '[-3. -3. -3.] (rgb)'
11.0159 	EXP 	polygon_2: fillColor = '[-3. -3. -3.] (rgb)'
11.0327 	EXP 	polygon: fillColor = '[-1. -1. -1.] (rgb)'
11.0327 	EXP 	polygon_2: fillColor = '[-1. -1. -1.] (rgb)'
11.0498 	EXP 	polygon: fillColor = '[1. 1. 1.] (rgb)'
11.0498 	EXP 	polygon_2: fillColor = '[1. 1. 1.] (rgb)'
11.0660 	EXP 	polygon: fillColor = '[-1. -1. -1.] (rgb)'
11.0660 	EXP 	polygon_2: fillColor = '[-1. -1. -1.] (rgb)'
11.0828 	EXP 	polygon: fillColor = '[-3. -3. -3.] (rgb)'
11.0828 	EXP 	polygon_2: fillColor = '[-3. -3. -3.] (rgb)'
11.0994 	EXP 	polygon: fillColor = '[-1. -1. -1.] (rgb)'
11.0994 	EXP 	polygon_2: fillColor = '[-1. -1. -1.] (rgb)'
11.1176 	EXP 	polygon: fillColor = '[1. 1. 1.] (rgb)'
11.1176 	EXP 	polygon_2: fillColor = '[1. 1. 1.] (rgb)'
11.1336 	EXP 	polygon: fillColor = '[-1. -1. -1.] (rgb)'
11.1336 	EXP 	polygon_2: fillColor = '[-1. -1. -1.] (rgb)'
11.1492 	EXP 	polygon: fillColor = '[-3. -3. -3.] (rgb)'
11.1492 	EXP 	polygon_2: fillColor = '[-3. -3. -3.] (rgb)'
11.1661 	EXP 	polygon: fillColor = '[-1. -1. -1.] (rgb)'
11.1661 	EXP 	polygon_2: fillColor = '[-1. -1. -1.] (rgb)'
11.1826 	EXP 	polygon: fillColor = '[1. 1. 1.] (rgb)'
11.1826 	EXP 	polygon_2: fillColor = '[1. 1. 1.] (rgb)'
11.1995 	EXP 	polygon: fillColor = '[-1. -1. -1.] (rgb)'
11.1995 	EXP 	polygon_2: fillColor = '[-1. -1. -1.] (rgb)'
11.2158 	EXP 	polygon: fillColor = '[-3. -3. -3.] (rgb)'
11.2158 	EXP 	polygon_2: fillColor = '[-3. -3. -3.] (rgb)'
11.2324 	EXP 	polygon: fillColor = '[-1. -1. -1.] (rgb)'
11.2324 	EXP 	polygon_2: fillColor = '[-1. -1. -1.] (rgb)'
11.2491 	EXP 	polygon: fillColor = '[1. 1. 1.] (rgb)'
11.2491 	EXP 	polygon_2: fillColor = '[1. 1. 1.] (rgb)'
11.2658 	EXP 	polygon: fillColor = '[-1. -1. -1.] (rgb)'
11.2658 	EXP 	polygon_2: fillColor = '[-1. -1. -1.] (rgb)'
11.2828 	EXP 	polygon: fillColor = '[-3. -3. -3.] (rgb)'
11.2828 	EXP 	polygon_2: fillColor = '[-3. -3. -3.] (rgb)'
11.2990 	EXP 	polygon: fillColor = '[-1. -1. -1.] (rgb)'
11.2990 	EXP 	polygon_2: fillColor = '[-1. -1. -1.] (rgb)'
11.3156 	EXP 	polygon: fillColor = '[1. 1. 1.] (rgb)'
11.3156 	EXP 	polygon_2: fillColor = '[1. 1. 1.] (rgb)'
11.3326 	EXP 	polygon: fillColor = '[-1. -1. -1.] (rgb)'
11.3326 	EXP 	polygon_2: fillColor = '[-1. -1. -1.] (rgb)'
11.3493 	EXP 	polygon: fillColor = '[-3. -3. -3.] (rgb)'
11.3493 	EXP 	polygon_2: fillColor = '[-3. -3. -3.] (rgb)'
11.3659 	EXP 	polygon: fillColor = '[-1. -1. -1.] (rgb)'
11.3659 	EXP 	polygon_2: fillColor = '[-1. -1. -1.] (rgb)'
11.3826 	EXP 	polygon: fillColor = '[1. 1. 1.] (rgb)'
11.3826 	EXP 	polygon_2: fillColor = '[1. 1. 1.] (rgb)'
11.3994 	EXP 	polygon: fillColor = '[-1. -1. -1.] (rgb)'
11.3994 	EXP 	polygon_2: fillColor = '[-1. -1. -1.] (rgb)'
11.4166 	EXP 	polygon: fillColor = '[-3. -3. -3.] (rgb)'
11.4166 	EXP 	polygon_2: fillColor = '[-3. -3. -3.] (rgb)'
11.4326 	EXP 	polygon: fillColor = '[-1. -1. -1.] (rgb)'
11.4326 	EXP 	polygon_2: fillColor = '[-1. -1. -1.] (rgb)'
11.4491 	EXP 	polygon: fillColor = '[1. 1. 1.] (rgb)'
11.4491 	EXP 	polygon_2: fillColor = '[1. 1. 1.] (rgb)'
11.4656 	EXP 	polygon: fillColor = '[-1. -1. -1.] (rgb)'
11.4656 	EXP 	polygon_2: fillColor = '[-1. -1. -1.] (rgb)'
11.4824 	EXP 	polygon: fillColor = '[-3. -3. -3.] (rgb)'
11.4824 	EXP 	polygon_2: fillColor = '[-3. -3. -3.] (rgb)'
11.4991 	EXP 	polygon: fillColor = '[-1. -1. -1.] (rgb)'
11.4991 	EXP 	polygon_2: fillColor = '[-1. -1. -1.] (rgb)'
11.5160 	EXP 	polygon: fillColor = '[1. 1. 1.] (rgb)'
11.5160 	EXP 	polygon_2: fillColor = '[1. 1. 1.] (rgb)'
11.5325 	EXP 	polygon: fillColor = '[-1. -1. -1.] (rgb)'
11.5325 	EXP 	polygon_2: fillColor = '[-1. -1. -1.] (rgb)'
11.5490 	EXP 	polygon: fillColor = '[-3. -3. -3.] (rgb)'
11.5490 	EXP 	polygon_2: fillColor = '[-3. -3. -3.] (rgb)'
11.5654 	EXP 	polygon: fillColor = '[-1. -1. -1.] (rgb)'
11.5654 	EXP 	polygon_2: fillColor = '[-1. -1. -1.] (rgb)'
11.5838 	EXP 	polygon: fillColor = '[1. 1. 1.] (rgb)'
11.5838 	EXP 	polygon_2: fillColor = '[1. 1. 1.] (rgb)'
11.5992 	EXP 	polygon: fillColor = '[-1. -1. -1.] (rgb)'
11.5992 	EXP 	polygon_2: fillColor = '[-1. -1. -1.] (rgb)'
11.6159 	EXP 	polygon: fillColor = '[-3. -3. -3.] (rgb)'
11.6159 	EXP 	polygon_2: fillColor = '[-3. -3. -3.] (rgb)'
11.6330 	EXP 	polygon: fillColor = '[-1. -1. -1.] (rgb)'
11.6330 	EXP 	polygon_2: fillColor = '[-1. -1. -1.] (rgb)'
11.6492 	EXP 	polygon: fillColor = '[1. 1. 1.] (rgb)'
11.6492 	EXP 	polygon_2: fillColor = '[1. 1. 1.] (rgb)'
11.6656 	EXP 	polygon: fillColor = '[-1. -1. -1.] (rgb)'
11.6656 	EXP 	polygon_2: fillColor = '[-1. -1. -1.] (rgb)'
11.6838 	EXP 	polygon: fillColor = '[-3. -3. -3.] (rgb)'
11.6838 	EXP 	polygon_2: fillColor = '[-3. -3. -3.] (rgb)'
11.6990 	EXP 	polygon: fillColor = '[-1. -1. -1.] (rgb)'
11.6990 	EXP 	polygon_2: fillColor = '[-1. -1. -1.] (rgb)'
11.7153 	EXP 	polygon: fillColor = '[1. 1. 1.] (rgb)'
11.7153 	EXP 	polygon_2: fillColor = '[1. 1. 1.] (rgb)'
11.7322 	EXP 	polygon: fillColor = '[-1. -1. -1.] (rgb)'
11.7322 	EXP 	polygon_2: fillColor = '[-1. -1. -1.] (rgb)'
11.7487 	EXP 	polygon: fillColor = '[-3. -3. -3.] (rgb)'
11.7487 	EXP 	polygon_2: fillColor = '[-3. -3. -3.] (rgb)'
11.7655 	EXP 	polygon: fillColor = '[-1. -1. -1.] (rgb)'
11.7655 	EXP 	polygon_2: fillColor = '[-1. -1. -1.] (rgb)'
11.7821 	EXP 	polygon: fillColor = '[1. 1. 1.] (rgb)'
11.7821 	EXP 	polygon_2: fillColor = '[1. 1. 1.] (rgb)'
11.7988 	EXP 	polygon: fillColor = '[-1. -1. -1.] (rgb)'
11.7988 	EXP 	polygon_2: fillColor = '[-1. -1. -1.] (rgb)'
11.8157 	EXP 	polygon: fillColor = '[-3. -3. -3.] (rgb)'
11.8157 	EXP 	polygon_2: fillColor = '[-3. -3. -3.] (rgb)'
11.8323 	EXP 	polygon: fillColor = '[-1. -1. -1.] (rgb)'
11.8323 	EXP 	polygon_2: fillColor = '[-1. -1. -1.] (rgb)'
11.8490 	EXP 	polygon: fillColor = '[1. 1. 1.] (rgb)'
11.8490 	EXP 	polygon_2: fillColor = '[1. 1. 1.] (rgb)'
11.8684 	EXP 	polygon: fillColor = '[-1. -1. -1.] (rgb)'
11.8684 	EXP 	polygon_2: fillColor = '[-1. -1. -1.] (rgb)'
11.8823 	EXP 	polygon: fillColor = '[-3. -3. -3.] (rgb)'
11.8823 	EXP 	polygon_2: fillColor = '[-3. -3. -3.] (rgb)'
11.8986 	EXP 	polygon: fillColor = '[-1. -1. -1.] (rgb)'
11.8986 	EXP 	polygon_2: fillColor = '[-1. -1. -1.] (rgb)'
11.9155 	EXP 	polygon: fillColor = '[1. 1. 1.] (rgb)'
11.9155 	EXP 	polygon_2: fillColor = '[1. 1. 1.] (rgb)'
11.9322 	EXP 	polygon: fillColor = '[-1. -1. -1.] (rgb)'
11.9322 	EXP 	polygon_2: fillColor = '[-1. -1. -1.] (rgb)'
11.9496 	EXP 	polygon: fillColor = '[-3. -3. -3.] (rgb)'
11.9496 	EXP 	polygon_2: fillColor = '[-3. -3. -3.] (rgb)'
11.9658 	EXP 	polygon: fillColor = '[-1. -1. -1.] (rgb)'
11.9658 	EXP 	polygon_2: fillColor = '[-1. -1. -1.] (rgb)'
11.9819 	EXP 	polygon: fillColor = '[1. 1. 1.] (rgb)'
11.9819 	EXP 	polygon_2: fillColor = '[1. 1. 1.] (rgb)'
11.9990 	EXP 	polygon: fillColor = '[-1. -1. -1.] (rgb)'
11.9990 	EXP 	polygon_2: fillColor = '[-1. -1. -1.] (rgb)'
12.0157 	EXP 	polygon: fillColor = '[-3. -3. -3.] (rgb)'
12.0157 	EXP 	polygon_2: fillColor = '[-3. -3. -3.] (rgb)'
12.0321 	EXP 	polygon: fillColor = '[-1. -1. -1.] (rgb)'
12.0321 	EXP 	polygon_2: fillColor = '[-1. -1. -1.] (rgb)'
12.0491 	EXP 	polygon: fillColor = '[1. 1. 1.] (rgb)'
12.0491 	EXP 	polygon_2: fillColor = '[1. 1. 1.] (rgb)'
12.0657 	EXP 	polygon: fillColor = '[-1. -1. -1.] (rgb)'
12.0657 	EXP 	polygon_2: fillColor = '[-1. -1. -1.] (rgb)'
12.0827 	EXP 	polygon: fillColor = '[-3. -3. -3.] (rgb)'
12.0827 	EXP 	polygon_2: fillColor = '[-3. -3. -3.] (rgb)'
12.0998 	EXP 	polygon: fillColor = '[-1. -1. -1.] (rgb)'
12.0998 	EXP 	polygon_2: fillColor = '[-1. -1. -1.] (rgb)'
12.1159 	EXP 	polygon: fillColor = '[1. 1. 1.] (rgb)'
12.1159 	EXP 	polygon_2: fillColor = '[1. 1. 1.] (rgb)'
12.1322 	EXP 	polygon: fillColor = '[-1. -1. -1.] (rgb)'
12.1322 	EXP 	polygon_2: fillColor = '[-1. -1. -1.] (rgb)'
12.1488 	EXP 	polygon: fillColor = '[-3. -3. -3.] (rgb)'
12.1488 	EXP 	polygon_2: fillColor = '[-3. -3. -3.] (rgb)'
12.1653 	EXP 	polygon: fillColor = '[-1. -1. -1.] (rgb)'
12.1653 	EXP 	polygon_2: fillColor = '[-1. -1. -1.] (rgb)'
12.1826 	EXP 	polygon: fillColor = '[1. 1. 1.] (rgb)'
12.1826 	EXP 	polygon_2: fillColor = '[1. 1. 1.] (rgb)'
12.1995 	EXP 	polygon: fillColor = '[-1. -1. -1.] (rgb)'
12.1995 	EXP 	polygon_2: fillColor = '[-1. -1. -1.] (rgb)'
12.2153 	EXP 	polygon: fillColor = '[-3. -3. -3.] (rgb)'
12.2153 	EXP 	polygon_2: fillColor = '[-3. -3. -3.] (rgb)'
12.2318 	EXP 	polygon: fillColor = '[-1. -1. -1.] (rgb)'
12.2318 	EXP 	polygon_2: fillColor = '[-1. -1. -1.] (rgb)'
12.2484 	EXP 	polygon: fillColor = '[1. 1. 1.] (rgb)'
12.2484 	EXP 	polygon_2: fillColor = '[1. 1. 1.] (rgb)'
12.2662 	EXP 	polygon: fillColor = '[-1. -1. -1.] (rgb)'
12.2662 	EXP 	polygon_2: fillColor = '[-1. -1. -1.] (rgb)'
12.2819 	EXP 	polygon: fillColor = '[-3. -3. -3.] (rgb)'
12.2819 	EXP 	polygon_2: fillColor = '[-3. -3. -3.] (rgb)'
12.2984 	EXP 	polygon: fillColor = '[-1. -1. -1.] (rgb)'
12.2984 	EXP 	polygon_2: fillColor = '[-1. -1. -1.] (rgb)'
12.3154 	EXP 	polygon: fillColor = '[1. 1. 1.] (rgb)'
12.3154 	EXP 	polygon_2: fillColor = '[1. 1. 1.] (rgb)'
12.3321 	EXP 	polygon: fillColor = '[-1. -1. -1.] (rgb)'
12.3321 	EXP 	polygon_2: fillColor = '[-1. -1. -1.] (rgb)'
12.3487 	EXP 	polygon: fillColor = '[-3. -3. -3.] (rgb)'
12.3487 	EXP 	polygon_2: fillColor = '[-3. -3. -3.] (rgb)'
12.3654 	EXP 	polygon: fillColor = '[-1. -1. -1.] (rgb)'
12.3654 	EXP 	polygon_2: fillColor = '[-1. -1. -1.] (rgb)'
12.3821 	EXP 	polygon: fillColor = '[1. 1. 1.] (rgb)'
12.3821 	EXP 	polygon_2: fillColor = '[1. 1. 1.] (rgb)'
12.3987 	EXP 	polygon: fillColor = '[-1. -1. -1.] (rgb)'
12.3987 	EXP 	polygon_2: fillColor = '[-1. -1. -1.] (rgb)'
12.4166 	EXP 	polygon: fillColor = '[-3. -3. -3.] (rgb)'
12.4166 	EXP 	polygon_2: fillColor = '[-3. -3. -3.] (rgb)'
12.4318 	EXP 	polygon: fillColor = '[-1. -1. -1.] (rgb)'
12.4318 	EXP 	polygon_2: fillColor = '[-1. -1. -1.] (rgb)'
12.4486 	EXP 	polygon: fillColor = '[1. 1. 1.] (rgb)'
12.4486 	EXP 	polygon_2: fillColor = '[1. 1. 1.] (rgb)'
12.4651 	EXP 	polygon: fillColor = '[-1. -1. -1.] (rgb)'
12.4651 	EXP 	polygon_2: fillColor = '[-1. -1. -1.] (rgb)'
12.4821 	EXP 	polygon: fillColor = '[-3. -3. -3.] (rgb)'
12.4821 	EXP 	polygon_2: fillColor = '[-3. -3. -3.] (rgb)'
12.4982 	EXP 	polygon: fillColor = '[-1. -1. -1.] (rgb)'
12.4982 	EXP 	polygon_2: fillColor = '[-1. -1. -1.] (rgb)'
12.5152 	EXP 	polygon: fillColor = '[1. 1. 1.] (rgb)'
12.5152 	EXP 	polygon_2: fillColor = '[1. 1. 1.] (rgb)'
12.5318 	EXP 	polygon: fillColor = '[-1. -1. -1.] (rgb)'
12.5318 	EXP 	polygon_2: fillColor = '[-1. -1. -1.] (rgb)'
12.5486 	EXP 	polygon: fillColor = '[-3. -3. -3.] (rgb)'
12.5486 	EXP 	polygon_2: fillColor = '[-3. -3. -3.] (rgb)'
12.5651 	EXP 	polygon: fillColor = '[-1. -1. -1.] (rgb)'
12.5651 	EXP 	polygon_2: fillColor = '[-1. -1. -1.] (rgb)'
12.5820 	EXP 	polygon: fillColor = '[1. 1. 1.] (rgb)'
12.5820 	EXP 	polygon_2: fillColor = '[1. 1. 1.] (rgb)'
12.5986 	EXP 	polygon: fillColor = '[-1. -1. -1.] (rgb)'
12.5986 	EXP 	polygon_2: fillColor = '[-1. -1. -1.] (rgb)'
12.6151 	EXP 	polygon: fillColor = '[-3. -3. -3.] (rgb)'
12.6151 	EXP 	polygon_2: fillColor = '[-3. -3. -3.] (rgb)'
12.6330 	EXP 	polygon: fillColor = '[-1. -1. -1.] (rgb)'
12.6330 	EXP 	polygon_2: fillColor = '[-1. -1. -1.] (rgb)'
12.6486 	EXP 	polygon: fillColor = '[1. 1. 1.] (rgb)'
12.6486 	EXP 	polygon_2: fillColor = '[1. 1. 1.] (rgb)'
12.6652 	EXP 	polygon: fillColor = '[-1. -1. -1.] (rgb)'
12.6652 	EXP 	polygon_2: fillColor = '[-1. -1. -1.] (rgb)'
12.6818 	EXP 	polygon: fillColor = '[-3. -3. -3.] (rgb)'
12.6818 	EXP 	polygon_2: fillColor = '[-3. -3. -3.] (rgb)'
12.6986 	EXP 	polygon: fillColor = '[-1. -1. -1.] (rgb)'
12.6986 	EXP 	polygon_2: fillColor = '[-1. -1. -1.] (rgb)'
12.7154 	EXP 	polygon: fillColor = '[1. 1. 1.] (rgb)'
12.7154 	EXP 	polygon_2: fillColor = '[1. 1. 1.] (rgb)'
12.7322 	EXP 	polygon: fillColor = '[-1. -1. -1.] (rgb)'
12.7322 	EXP 	polygon_2: fillColor = '[-1. -1. -1.] (rgb)'
12.7489 	EXP 	polygon: fillColor = '[-3. -3. -3.] (rgb)'
12.7489 	EXP 	polygon_2: fillColor = '[-3. -3. -3.] (rgb)'
12.7649 	EXP 	polygon: fillColor = '[-1. -1. -1.] (rgb)'
12.7649 	EXP 	polygon_2: fillColor = '[-1. -1. -1.] (rgb)'
12.7816 	EXP 	polygon: fillColor = '[1. 1. 1.] (rgb)'
12.7816 	EXP 	polygon_2: fillColor = '[1. 1. 1.] (rgb)'
12.7988 	EXP 	polygon: fillColor = '[-1. -1. -1.] (rgb)'
12.7988 	EXP 	polygon_2: fillColor = '[-1. -1. -1.] (rgb)'
12.8150 	EXP 	polygon: fillColor = '[-3. -3. -3.] (rgb)'
12.8150 	EXP 	polygon_2: fillColor = '[-3. -3. -3.] (rgb)'
12.8321 	EXP 	polygon: fillColor = '[-1. -1. -1.] (rgb)'
12.8321 	EXP 	polygon_2: fillColor = '[-1. -1. -1.] (rgb)'
12.8484 	EXP 	polygon: fillColor = '[1. 1. 1.] (rgb)'
12.8484 	EXP 	polygon_2: fillColor = '[1. 1. 1.] (rgb)'
12.8650 	EXP 	polygon: fillColor = '[-1. -1. -1.] (rgb)'
12.8650 	EXP 	polygon_2: fillColor = '[-1. -1. -1.] (rgb)'
12.8816 	EXP 	polygon: fillColor = '[-3. -3. -3.] (rgb)'
12.8816 	EXP 	polygon_2: fillColor = '[-3. -3. -3.] (rgb)'
12.9056 	EXP 	polygon: fillColor = '[-1. -1. -1.] (rgb)'
12.9056 	EXP 	polygon_2: fillColor = '[-1. -1. -1.] (rgb)'
12.9155 	EXP 	polygon: fillColor = '[1. 1. 1.] (rgb)'
12.9155 	EXP 	polygon_2: fillColor = '[1. 1. 1.] (rgb)'
12.9315 	EXP 	polygon: fillColor = '[-1. -1. -1.] (rgb)'
12.9315 	EXP 	polygon_2: fillColor = '[-1. -1. -1.] (rgb)'
12.9485 	EXP 	polygon: fillColor = '[-3. -3. -3.] (rgb)'
12.9485 	EXP 	polygon_2: fillColor = '[-3. -3. -3.] (rgb)'
12.9650 	EXP 	polygon: fillColor = '[-1. -1. -1.] (rgb)'
12.9650 	EXP 	polygon_2: fillColor = '[-1. -1. -1.] (rgb)'
12.9817 	EXP 	polygon: fillColor = '[1. 1. 1.] (rgb)'
12.9817 	EXP 	polygon_2: fillColor = '[1. 1. 1.] (rgb)'
12.9984 	EXP 	polygon: fillColor = '[-1. -1. -1.] (rgb)'
12.9984 	EXP 	polygon_2: fillColor = '[-1. -1. -1.] (rgb)'
13.0150 	EXP 	polygon: fillColor = '[-3. -3. -3.] (rgb)'
13.0150 	EXP 	polygon_2: fillColor = '[-3. -3. -3.] (rgb)'
13.0313 	EXP 	polygon: fillColor = '[-1. -1. -1.] (rgb)'
13.0313 	EXP 	polygon_2: fillColor = '[-1. -1. -1.] (rgb)'
13.0480 	EXP 	polygon: fillColor = '[1. 1. 1.] (rgb)'
13.0480 	EXP 	polygon_2: fillColor = '[1. 1. 1.] (rgb)'
13.0654 	EXP 	polygon: fillColor = '[-1. -1. -1.] (rgb)'
13.0654 	EXP 	polygon_2: fillColor = '[-1. -1. -1.] (rgb)'
13.0814 	EXP 	polygon: fillColor = '[-3. -3. -3.] (rgb)'
13.0814 	EXP 	polygon_2: fillColor = '[-3. -3. -3.] (rgb)'
13.0983 	EXP 	polygon: fillColor = '[-1. -1. -1.] (rgb)'
13.0983 	EXP 	polygon_2: fillColor = '[-1. -1. -1.] (rgb)'
13.1149 	EXP 	polygon: fillColor = '[1. 1. 1.] (rgb)'
13.1149 	EXP 	polygon_2: fillColor = '[1. 1. 1.] (rgb)'
13.1316 	EXP 	polygon: fillColor = '[-1. -1. -1.] (rgb)'
13.1316 	EXP 	polygon_2: fillColor = '[-1. -1. -1.] (rgb)'
13.1482 	EXP 	polygon: fillColor = '[-3. -3. -3.] (rgb)'
13.1482 	EXP 	polygon_2: fillColor = '[-3. -3. -3.] (rgb)'
13.1649 	EXP 	polygon: fillColor = '[-1. -1. -1.] (rgb)'
13.1649 	EXP 	polygon_2: fillColor = '[-1. -1. -1.] (rgb)'
13.1824 	EXP 	polygon: fillColor = '[1. 1. 1.] (rgb)'
13.1824 	EXP 	polygon_2: fillColor = '[1. 1. 1.] (rgb)'
13.1988 	EXP 	polygon: fillColor = '[-1. -1. -1.] (rgb)'
13.1988 	EXP 	polygon_2: fillColor = '[-1. -1. -1.] (rgb)'
13.2149 	EXP 	polygon: fillColor = '[-3. -3. -3.] (rgb)'
13.2149 	EXP 	polygon_2: fillColor = '[-3. -3. -3.] (rgb)'
13.2315 	EXP 	polygon: fillColor = '[-1. -1. -1.] (rgb)'
13.2315 	EXP 	polygon_2: fillColor = '[-1. -1. -1.] (rgb)'
13.2486 	EXP 	polygon: fillColor = '[1. 1. 1.] (rgb)'
13.2486 	EXP 	polygon_2: fillColor = '[1. 1. 1.] (rgb)'
13.2666 	EXP 	polygon: fillColor = '[-1. -1. -1.] (rgb)'
13.2666 	EXP 	polygon_2: fillColor = '[-1. -1. -1.] (rgb)'
13.2824 	EXP 	polygon: fillColor = '[-3. -3. -3.] (rgb)'
13.2824 	EXP 	polygon_2: fillColor = '[-3. -3. -3.] (rgb)'
13.2980 	EXP 	polygon: fillColor = '[-1. -1. -1.] (rgb)'
13.2980 	EXP 	polygon_2: fillColor = '[-1. -1. -1.] (rgb)'
13.3145 	EXP 	polygon: fillColor = '[1. 1. 1.] (rgb)'
13.3145 	EXP 	polygon_2: fillColor = '[1. 1. 1.] (rgb)'
13.3318 	EXP 	polygon: fillColor = '[-1. -1. -1.] (rgb)'
13.3318 	EXP 	polygon_2: fillColor = '[-1. -1. -1.] (rgb)'
13.3483 	EXP 	polygon: fillColor = '[-3. -3. -3.] (rgb)'
13.3483 	EXP 	polygon_2: fillColor = '[-3. -3. -3.] (rgb)'
13.3652 	EXP 	polygon: fillColor = '[-1. -1. -1.] (rgb)'
13.3652 	EXP 	polygon_2: fillColor = '[-1. -1. -1.] (rgb)'
13.3823 	EXP 	polygon: fillColor = '[1. 1. 1.] (rgb)'
13.3823 	EXP 	polygon_2: fillColor = '[1. 1. 1.] (rgb)'
13.3982 	EXP 	polygon: fillColor = '[-1. -1. -1.] (rgb)'
13.3982 	EXP 	polygon_2: fillColor = '[-1. -1. -1.] (rgb)'
13.4149 	EXP 	polygon: fillColor = '[-3. -3. -3.] (rgb)'
13.4149 	EXP 	polygon_2: fillColor = '[-3. -3. -3.] (rgb)'
13.4315 	EXP 	polygon: fillColor = '[-1. -1. -1.] (rgb)'
13.4315 	EXP 	polygon_2: fillColor = '[-1. -1. -1.] (rgb)'
13.4480 	EXP 	polygon: fillColor = '[1. 1. 1.] (rgb)'
13.4480 	EXP 	polygon_2: fillColor = '[1. 1. 1.] (rgb)'
13.4647 	EXP 	polygon: fillColor = '[-1. -1. -1.] (rgb)'
13.4647 	EXP 	polygon_2: fillColor = '[-1. -1. -1.] (rgb)'
13.4816 	EXP 	polygon: fillColor = '[-3. -3. -3.] (rgb)'
13.4816 	EXP 	polygon_2: fillColor = '[-3. -3. -3.] (rgb)'
13.4982 	EXP 	polygon: fillColor = '[-1. -1. -1.] (rgb)'
13.4982 	EXP 	polygon_2: fillColor = '[-1. -1. -1.] (rgb)'
13.5145 	EXP 	polygon: fillColor = '[1. 1. 1.] (rgb)'
13.5145 	EXP 	polygon_2: fillColor = '[1. 1. 1.] (rgb)'
13.5315 	EXP 	polygon: fillColor = '[-1. -1. -1.] (rgb)'
13.5315 	EXP 	polygon_2: fillColor = '[-1. -1. -1.] (rgb)'
13.5478 	EXP 	polygon: fillColor = '[-3. -3. -3.] (rgb)'
13.5478 	EXP 	polygon_2: fillColor = '[-3. -3. -3.] (rgb)'
13.5648 	EXP 	polygon: fillColor = '[-1. -1. -1.] (rgb)'
13.5648 	EXP 	polygon_2: fillColor = '[-1. -1. -1.] (rgb)'
13.5813 	EXP 	polygon: fillColor = '[1. 1. 1.] (rgb)'
13.5813 	EXP 	polygon_2: fillColor = '[1. 1. 1.] (rgb)'
13.5980 	EXP 	polygon: fillColor = '[-1. -1. -1.] (rgb)'
13.5980 	EXP 	polygon_2: fillColor = '[-1. -1. -1.] (rgb)'
13.6144 	EXP 	polygon: fillColor = '[-3. -3. -3.] (rgb)'
13.6144 	EXP 	polygon_2: fillColor = '[-3. -3. -3.] (rgb)'
13.6315 	EXP 	polygon: fillColor = '[-1. -1. -1.] (rgb)'
13.6315 	EXP 	polygon_2: fillColor = '[-1. -1. -1.] (rgb)'
13.6480 	EXP 	polygon: fillColor = '[1. 1. 1.] (rgb)'
13.6480 	EXP 	polygon_2: fillColor = '[1. 1. 1.] (rgb)'
13.6647 	EXP 	polygon: fillColor = '[-1. -1. -1.] (rgb)'
13.6647 	EXP 	polygon_2: fillColor = '[-1. -1. -1.] (rgb)'
13.6814 	EXP 	polygon: fillColor = '[-3. -3. -3.] (rgb)'
13.6814 	EXP 	polygon_2: fillColor = '[-3. -3. -3.] (rgb)'
13.6980 	EXP 	polygon: fillColor = '[-1. -1. -1.] (rgb)'
13.6980 	EXP 	polygon_2: fillColor = '[-1. -1. -1.] (rgb)'
13.7147 	EXP 	polygon: fillColor = '[1. 1. 1.] (rgb)'
13.7147 	EXP 	polygon_2: fillColor = '[1. 1. 1.] (rgb)'
13.7315 	EXP 	polygon: fillColor = '[-1. -1. -1.] (rgb)'
13.7315 	EXP 	polygon_2: fillColor = '[-1. -1. -1.] (rgb)'
13.7482 	EXP 	polygon: fillColor = '[-3. -3. -3.] (rgb)'
13.7482 	EXP 	polygon_2: fillColor = '[-3. -3. -3.] (rgb)'
13.7646 	EXP 	polygon: fillColor = '[-1. -1. -1.] (rgb)'
13.7646 	EXP 	polygon_2: fillColor = '[-1. -1. -1.] (rgb)'
13.7810 	EXP 	polygon: fillColor = '[1. 1. 1.] (rgb)'
13.7810 	EXP 	polygon_2: fillColor = '[1. 1. 1.] (rgb)'
13.7979 	EXP 	polygon: fillColor = '[-1. -1. -1.] (rgb)'
13.7979 	EXP 	polygon_2: fillColor = '[-1. -1. -1.] (rgb)'
13.8144 	EXP 	polygon: fillColor = '[-3. -3. -3.] (rgb)'
13.8144 	EXP 	polygon_2: fillColor = '[-3. -3. -3.] (rgb)'
13.8315 	EXP 	polygon: fillColor = '[-1. -1. -1.] (rgb)'
13.8315 	EXP 	polygon_2: fillColor = '[-1. -1. -1.] (rgb)'
13.8485 	EXP 	polygon: fillColor = '[1. 1. 1.] (rgb)'
13.8485 	EXP 	polygon_2: fillColor = '[1. 1. 1.] (rgb)'
13.8649 	EXP 	polygon: fillColor = '[-1. -1. -1.] (rgb)'
13.8649 	EXP 	polygon_2: fillColor = '[-1. -1. -1.] (rgb)'
13.8815 	EXP 	polygon: fillColor = '[-3. -3. -3.] (rgb)'
13.8815 	EXP 	polygon_2: fillColor = '[-3. -3. -3.] (rgb)'
13.8978 	EXP 	polygon: fillColor = '[-1. -1. -1.] (rgb)'
13.8978 	EXP 	polygon_2: fillColor = '[-1. -1. -1.] (rgb)'
13.9149 	EXP 	polygon: fillColor = '[1. 1. 1.] (rgb)'
13.9149 	EXP 	polygon_2: fillColor = '[1. 1. 1.] (rgb)'
13.9318 	EXP 	polygon: fillColor = '[-1. -1. -1.] (rgb)'
13.9318 	EXP 	polygon_2: fillColor = '[-1. -1. -1.] (rgb)'
13.9477 	EXP 	polygon: fillColor = '[-3. -3. -3.] (rgb)'
13.9477 	EXP 	polygon_2: fillColor = '[-3. -3. -3.] (rgb)'
13.9645 	EXP 	polygon: fillColor = '[-1. -1. -1.] (rgb)'
13.9645 	EXP 	polygon_2: fillColor = '[-1. -1. -1.] (rgb)'
13.9813 	EXP 	polygon: fillColor = '[1. 1. 1.] (rgb)'
13.9813 	EXP 	polygon_2: fillColor = '[1. 1. 1.] (rgb)'
13.9977 	EXP 	polygon: fillColor = '[-1. -1. -1.] (rgb)'
13.9977 	EXP 	polygon_2: fillColor = '[-1. -1. -1.] (rgb)'
14.0143 	EXP 	polygon: fillColor = '[-3. -3. -3.] (rgb)'
14.0143 	EXP 	polygon_2: fillColor = '[-3. -3. -3.] (rgb)'
14.0310 	EXP 	polygon: fillColor = '[-1. -1. -1.] (rgb)'
14.0310 	EXP 	polygon_2: fillColor = '[-1. -1. -1.] (rgb)'
14.0477 	EXP 	polygon: fillColor = '[1. 1. 1.] (rgb)'
14.0477 	EXP 	polygon_2: fillColor = '[1. 1. 1.] (rgb)'
14.0644 	EXP 	polygon: fillColor = '[-1. -1. -1.] (rgb)'
14.0644 	EXP 	polygon_2: fillColor = '[-1. -1. -1.] (rgb)'
14.0810 	EXP 	polygon: fillColor = '[-3. -3. -3.] (rgb)'
14.0810 	EXP 	polygon_2: fillColor = '[-3. -3. -3.] (rgb)'
14.0976 	EXP 	polygon: fillColor = '[-1. -1. -1.] (rgb)'
14.0976 	EXP 	polygon_2: fillColor = '[-1. -1. -1.] (rgb)'
14.1144 	EXP 	polygon: fillColor = '[1. 1. 1.] (rgb)'
14.1144 	EXP 	polygon_2: fillColor = '[1. 1. 1.] (rgb)'
14.1310 	EXP 	polygon: fillColor = '[-1. -1. -1.] (rgb)'
14.1310 	EXP 	polygon_2: fillColor = '[-1. -1. -1.] (rgb)'
14.1478 	EXP 	polygon: fillColor = '[-3. -3. -3.] (rgb)'
14.1478 	EXP 	polygon_2: fillColor = '[-3. -3. -3.] (rgb)'
14.1645 	EXP 	polygon: fillColor = '[-1. -1. -1.] (rgb)'
14.1645 	EXP 	polygon_2: fillColor = '[-1. -1. -1.] (rgb)'
14.1810 	EXP 	polygon: fillColor = '[1. 1. 1.] (rgb)'
14.1810 	EXP 	polygon_2: fillColor = '[1. 1. 1.] (rgb)'
14.1979 	EXP 	polygon: fillColor = '[-1. -1. -1.] (rgb)'
14.1979 	EXP 	polygon_2: fillColor = '[-1. -1. -1.] (rgb)'
14.2141 	EXP 	polygon: fillColor = '[-3. -3. -3.] (rgb)'
14.2141 	EXP 	polygon_2: fillColor = '[-3. -3. -3.] (rgb)'
14.2312 	EXP 	polygon: fillColor = '[-1. -1. -1.] (rgb)'
14.2312 	EXP 	polygon_2: fillColor = '[-1. -1. -1.] (rgb)'
14.2479 	EXP 	polygon: fillColor = '[1. 1. 1.] (rgb)'
14.2479 	EXP 	polygon_2: fillColor = '[1. 1. 1.] (rgb)'
14.2640 	EXP 	polygon: fillColor = '[-1. -1. -1.] (rgb)'
14.2640 	EXP 	polygon_2: fillColor = '[-1. -1. -1.] (rgb)'
14.2811 	EXP 	polygon: fillColor = '[-3. -3. -3.] (rgb)'
14.2811 	EXP 	polygon_2: fillColor = '[-3. -3. -3.] (rgb)'
14.2974 	EXP 	polygon: fillColor = '[-1. -1. -1.] (rgb)'
14.2974 	EXP 	polygon_2: fillColor = '[-1. -1. -1.] (rgb)'
14.3147 	EXP 	polygon: fillColor = '[1. 1. 1.] (rgb)'
14.3147 	EXP 	polygon_2: fillColor = '[1. 1. 1.] (rgb)'
14.3314 	EXP 	polygon: fillColor = '[-1. -1. -1.] (rgb)'
14.3314 	EXP 	polygon_2: fillColor = '[-1. -1. -1.] (rgb)'
14.3476 	EXP 	polygon: fillColor = '[-3. -3. -3.] (rgb)'
14.3476 	EXP 	polygon_2: fillColor = '[-3. -3. -3.] (rgb)'
14.3639 	EXP 	polygon: fillColor = '[-1. -1. -1.] (rgb)'
14.3639 	EXP 	polygon_2: fillColor = '[-1. -1. -1.] (rgb)'
14.3816 	EXP 	polygon: fillColor = '[1. 1. 1.] (rgb)'
14.3816 	EXP 	polygon_2: fillColor = '[1. 1. 1.] (rgb)'
14.3978 	EXP 	polygon: fillColor = '[-1. -1. -1.] (rgb)'
14.3978 	EXP 	polygon_2: fillColor = '[-1. -1. -1.] (rgb)'
14.4144 	EXP 	polygon: fillColor = '[-3. -3. -3.] (rgb)'
14.4144 	EXP 	polygon_2: fillColor = '[-3. -3. -3.] (rgb)'
14.4311 	EXP 	polygon: fillColor = '[-1. -1. -1.] (rgb)'
14.4311 	EXP 	polygon_2: fillColor = '[-1. -1. -1.] (rgb)'
14.4474 	EXP 	polygon: fillColor = '[1. 1. 1.] (rgb)'
14.4474 	EXP 	polygon_2: fillColor = '[1. 1. 1.] (rgb)'
14.4646 	EXP 	polygon: fillColor = '[-1. -1. -1.] (rgb)'
14.4646 	EXP 	polygon_2: fillColor = '[-1. -1. -1.] (rgb)'
14.4811 	EXP 	polygon: fillColor = '[-3. -3. -3.] (rgb)'
14.4811 	EXP 	polygon_2: fillColor = '[-3. -3. -3.] (rgb)'
14.4974 	EXP 	polygon: fillColor = '[-1. -1. -1.] (rgb)'
14.4974 	EXP 	polygon_2: fillColor = '[-1. -1. -1.] (rgb)'
14.5140 	EXP 	polygon: fillColor = '[1. 1. 1.] (rgb)'
14.5140 	EXP 	polygon_2: fillColor = '[1. 1. 1.] (rgb)'
14.5306 	EXP 	polygon: fillColor = '[-1. -1. -1.] (rgb)'
14.5306 	EXP 	polygon_2: fillColor = '[-1. -1. -1.] (rgb)'
14.5473 	EXP 	polygon: fillColor = '[-3. -3. -3.] (rgb)'
14.5473 	EXP 	polygon_2: fillColor = '[-3. -3. -3.] (rgb)'
14.5641 	EXP 	polygon: fillColor = '[-1. -1. -1.] (rgb)'
14.5641 	EXP 	polygon_2: fillColor = '[-1. -1. -1.] (rgb)'
14.5809 	EXP 	polygon: fillColor = '[1. 1. 1.] (rgb)'
14.5809 	EXP 	polygon_2: fillColor = '[1. 1. 1.] (rgb)'
14.5974 	EXP 	polygon: fillColor = '[-1. -1. -1.] (rgb)'
14.5974 	EXP 	polygon_2: fillColor = '[-1. -1. -1.] (rgb)'
14.6142 	EXP 	polygon: fillColor = '[-3. -3. -3.] (rgb)'
14.6142 	EXP 	polygon_2: fillColor = '[-3. -3. -3.] (rgb)'
14.6309 	EXP 	polygon: fillColor = '[-1. -1. -1.] (rgb)'
14.6309 	EXP 	polygon_2: fillColor = '[-1. -1. -1.] (rgb)'
14.6474 	EXP 	polygon: fillColor = '[1. 1. 1.] (rgb)'
14.6474 	EXP 	polygon_2: fillColor = '[1. 1. 1.] (rgb)'
14.6642 	EXP 	polygon: fillColor = '[-1. -1. -1.] (rgb)'
14.6642 	EXP 	polygon_2: fillColor = '[-1. -1. -1.] (rgb)'
14.6817 	EXP 	polygon: fillColor = '[-3. -3. -3.] (rgb)'
14.6817 	EXP 	polygon_2: fillColor = '[-3. -3. -3.] (rgb)'
14.6975 	EXP 	polygon: fillColor = '[-1. -1. -1.] (rgb)'
14.6975 	EXP 	polygon_2: fillColor = '[-1. -1. -1.] (rgb)'
14.7143 	EXP 	polygon: fillColor = '[1. 1. 1.] (rgb)'
14.7143 	EXP 	polygon_2: fillColor = '[1. 1. 1.] (rgb)'
14.7307 	EXP 	polygon: fillColor = '[-1. -1. -1.] (rgb)'
14.7307 	EXP 	polygon_2: fillColor = '[-1. -1. -1.] (rgb)'
14.7475 	EXP 	polygon: fillColor = '[-3. -3. -3.] (rgb)'
14.7475 	EXP 	polygon_2: fillColor = '[-3. -3. -3.] (rgb)'
14.7645 	EXP 	polygon: fillColor = '[-1. -1. -1.] (rgb)'
14.7645 	EXP 	polygon_2: fillColor = '[-1. -1. -1.] (rgb)'
14.7805 	EXP 	polygon: fillColor = '[1. 1. 1.] (rgb)'
14.7805 	EXP 	polygon_2: fillColor = '[1. 1. 1.] (rgb)'
14.7973 	EXP 	polygon: fillColor = '[-1. -1. -1.] (rgb)'
14.7973 	EXP 	polygon_2: fillColor = '[-1. -1. -1.] (rgb)'
14.8137 	EXP 	polygon: fillColor = '[-3. -3. -3.] (rgb)'
14.8137 	EXP 	polygon_2: fillColor = '[-3. -3. -3.] (rgb)'
14.8308 	EXP 	polygon: fillColor = '[-1. -1. -1.] (rgb)'
14.8308 	EXP 	polygon_2: fillColor = '[-1. -1. -1.] (rgb)'
14.8471 	EXP 	polygon: fillColor = '[1. 1. 1.] (rgb)'
14.8471 	EXP 	polygon_2: fillColor = '[1. 1. 1.] (rgb)'
14.8640 	EXP 	polygon: fillColor = '[-1. -1. -1.] (rgb)'
14.8640 	EXP 	polygon_2: fillColor = '[-1. -1. -1.] (rgb)'
14.8806 	EXP 	polygon: fillColor = '[-3. -3. -3.] (rgb)'
14.8806 	EXP 	polygon_2: fillColor = '[-3. -3. -3.] (rgb)'
14.8972 	EXP 	polygon: fillColor = '[-1. -1. -1.] (rgb)'
14.8972 	EXP 	polygon_2: fillColor = '[-1. -1. -1.] (rgb)'
14.9142 	EXP 	polygon: fillColor = '[1. 1. 1.] (rgb)'
14.9142 	EXP 	polygon_2: fillColor = '[1. 1. 1.] (rgb)'
14.9307 	EXP 	polygon: fillColor = '[-1. -1. -1.] (rgb)'
14.9307 	EXP 	polygon_2: fillColor = '[-1. -1. -1.] (rgb)'
14.9479 	EXP 	polygon: fillColor = '[-3. -3. -3.] (rgb)'
14.9479 	EXP 	polygon_2: fillColor = '[-3. -3. -3.] (rgb)'
14.9636 	EXP 	polygon: fillColor = '[-1. -1. -1.] (rgb)'
14.9636 	EXP 	polygon_2: fillColor = '[-1. -1. -1.] (rgb)'
14.9803 	EXP 	polygon: fillColor = '[1. 1. 1.] (rgb)'
14.9803 	EXP 	polygon_2: fillColor = '[1. 1. 1.] (rgb)'
14.9972 	EXP 	polygon: fillColor = '[-1. -1. -1.] (rgb)'
14.9972 	EXP 	polygon_2: fillColor = '[-1. -1. -1.] (rgb)'
15.0140 	EXP 	polygon: fillColor = '[-3. -3. -3.] (rgb)'
15.0140 	EXP 	polygon_2: fillColor = '[-3. -3. -3.] (rgb)'
15.0305 	EXP 	polygon: fillColor = '[-1. -1. -1.] (rgb)'
15.0305 	EXP 	polygon_2: fillColor = '[-1. -1. -1.] (rgb)'
15.0475 	EXP 	polygon: fillColor = '[1. 1. 1.] (rgb)'
15.0475 	EXP 	polygon_2: fillColor = '[1. 1. 1.] (rgb)'
15.0637 	EXP 	polygon: fillColor = '[-1. -1. -1.] (rgb)'
15.0637 	EXP 	polygon_2: fillColor = '[-1. -1. -1.] (rgb)'
15.0805 	EXP 	polygon: fillColor = '[-3. -3. -3.] (rgb)'
15.0805 	EXP 	polygon_2: fillColor = '[-3. -3. -3.] (rgb)'
15.0971 	EXP 	polygon: fillColor = '[-1. -1. -1.] (rgb)'
15.0971 	EXP 	polygon_2: fillColor = '[-1. -1. -1.] (rgb)'
15.1137 	EXP 	polygon: fillColor = '[1. 1. 1.] (rgb)'
15.1137 	EXP 	polygon_2: fillColor = '[1. 1. 1.] (rgb)'
15.1319 	EXP 	polygon: fillColor = '[-1. -1. -1.] (rgb)'
15.1319 	EXP 	polygon_2: fillColor = '[-1. -1. -1.] (rgb)'
15.1483 	EXP 	polygon: fillColor = '[-3. -3. -3.] (rgb)'
15.1483 	EXP 	polygon_2: fillColor = '[-3. -3. -3.] (rgb)'
15.1640 	EXP 	polygon: fillColor = '[-1. -1. -1.] (rgb)'
15.1640 	EXP 	polygon_2: fillColor = '[-1. -1. -1.] (rgb)'
15.1805 	EXP 	polygon: fillColor = '[1. 1. 1.] (rgb)'
15.1805 	EXP 	polygon_2: fillColor = '[1. 1. 1.] (rgb)'
15.1971 	EXP 	polygon: fillColor = '[-1. -1. -1.] (rgb)'
15.1971 	EXP 	polygon_2: fillColor = '[-1. -1. -1.] (rgb)'
15.2137 	EXP 	polygon: fillColor = '[-3. -3. -3.] (rgb)'
15.2137 	EXP 	polygon_2: fillColor = '[-3. -3. -3.] (rgb)'
15.2304 	EXP 	polygon: fillColor = '[-1. -1. -1.] (rgb)'
15.2304 	EXP 	polygon_2: fillColor = '[-1. -1. -1.] (rgb)'
15.2473 	EXP 	polygon: fillColor = '[1. 1. 1.] (rgb)'
15.2473 	EXP 	polygon_2: fillColor = '[1. 1. 1.] (rgb)'
15.2635 	EXP 	polygon: fillColor = '[-1. -1. -1.] (rgb)'
15.2635 	EXP 	polygon_2: fillColor = '[-1. -1. -1.] (rgb)'
15.2800 	EXP 	polygon: fillColor = '[-3. -3. -3.] (rgb)'
15.2800 	EXP 	polygon_2: fillColor = '[-3. -3. -3.] (rgb)'
15.2975 	EXP 	polygon: fillColor = '[-1. -1. -1.] (rgb)'
15.2975 	EXP 	polygon_2: fillColor = '[-1. -1. -1.] (rgb)'
15.3135 	EXP 	polygon: fillColor = '[1. 1. 1.] (rgb)'
15.3135 	EXP 	polygon_2: fillColor = '[1. 1. 1.] (rgb)'
15.3301 	EXP 	polygon: fillColor = '[-1. -1. -1.] (rgb)'
15.3301 	EXP 	polygon_2: fillColor = '[-1. -1. -1.] (rgb)'
15.3473 	EXP 	polygon: fillColor = '[-3. -3. -3.] (rgb)'
15.3473 	EXP 	polygon_2: fillColor = '[-3. -3. -3.] (rgb)'
15.3637 	EXP 	polygon: fillColor = '[-1. -1. -1.] (rgb)'
15.3637 	EXP 	polygon_2: fillColor = '[-1. -1. -1.] (rgb)'
15.3819 	EXP 	polygon: fillColor = '[1. 1. 1.] (rgb)'
15.3819 	EXP 	polygon_2: fillColor = '[1. 1. 1.] (rgb)'
15.3976 	EXP 	polygon: fillColor = '[-1. -1. -1.] (rgb)'
15.3976 	EXP 	polygon_2: fillColor = '[-1. -1. -1.] (rgb)'
15.4143 	EXP 	polygon: fillColor = '[-3. -3. -3.] (rgb)'
15.4143 	EXP 	polygon_2: fillColor = '[-3. -3. -3.] (rgb)'
15.4300 	EXP 	polygon: fillColor = '[-1. -1. -1.] (rgb)'
15.4300 	EXP 	polygon_2: fillColor = '[-1. -1. -1.] (rgb)'
15.4531 	EXP 	polygon: fillColor = '[1. 1. 1.] (rgb)'
15.4531 	EXP 	polygon_2: fillColor = '[1. 1. 1.] (rgb)'
15.4642 	EXP 	polygon: fillColor = '[-1. -1. -1.] (rgb)'
15.4642 	EXP 	polygon_2: fillColor = '[-1. -1. -1.] (rgb)'
15.4803 	EXP 	polygon: fillColor = '[-3. -3. -3.] (rgb)'
15.4803 	EXP 	polygon_2: fillColor = '[-3. -3. -3.] (rgb)'
15.4970 	EXP 	polygon: fillColor = '[-1. -1. -1.] (rgb)'
15.4970 	EXP 	polygon_2: fillColor = '[-1. -1. -1.] (rgb)'
15.5134 	EXP 	polygon: fillColor = '[1. 1. 1.] (rgb)'
15.5134 	EXP 	polygon_2: fillColor = '[1. 1. 1.] (rgb)'
15.5301 	EXP 	polygon: fillColor = '[-1. -1. -1.] (rgb)'
15.5301 	EXP 	polygon_2: fillColor = '[-1. -1. -1.] (rgb)'
15.5469 	EXP 	polygon: fillColor = '[-3. -3. -3.] (rgb)'
15.5469 	EXP 	polygon_2: fillColor = '[-3. -3. -3.] (rgb)'
15.5638 	EXP 	polygon: fillColor = '[-1. -1. -1.] (rgb)'
15.5638 	EXP 	polygon_2: fillColor = '[-1. -1. -1.] (rgb)'
15.5801 	EXP 	polygon: fillColor = '[1. 1. 1.] (rgb)'
15.5801 	EXP 	polygon_2: fillColor = '[1. 1. 1.] (rgb)'
15.5968 	EXP 	polygon: fillColor = '[-1. -1. -1.] (rgb)'
15.5968 	EXP 	polygon_2: fillColor = '[-1. -1. -1.] (rgb)'
15.6138 	EXP 	polygon: fillColor = '[-3. -3. -3.] (rgb)'
15.6138 	EXP 	polygon_2: fillColor = '[-3. -3. -3.] (rgb)'
15.6301 	EXP 	polygon: fillColor = '[-1. -1. -1.] (rgb)'
15.6301 	EXP 	polygon_2: fillColor = '[-1. -1. -1.] (rgb)'
15.6471 	EXP 	polygon: fillColor = '[1. 1. 1.] (rgb)'
15.6471 	EXP 	polygon_2: fillColor = '[1. 1. 1.] (rgb)'
15.6635 	EXP 	polygon: fillColor = '[-1. -1. -1.] (rgb)'
15.6635 	EXP 	polygon_2: fillColor = '[-1. -1. -1.] (rgb)'
15.6801 	EXP 	polygon: fillColor = '[-3. -3. -3.] (rgb)'
15.6801 	EXP 	polygon_2: fillColor = '[-3. -3. -3.] (rgb)'
15.6966 	EXP 	polygon: fillColor = '[-1. -1. -1.] (rgb)'
15.6966 	EXP 	polygon_2: fillColor = '[-1. -1. -1.] (rgb)'
15.7136 	EXP 	polygon: fillColor = '[1. 1. 1.] (rgb)'
15.7136 	EXP 	polygon_2: fillColor = '[1. 1. 1.] (rgb)'
15.7304 	EXP 	polygon: fillColor = '[-1. -1. -1.] (rgb)'
15.7304 	EXP 	polygon_2: fillColor = '[-1. -1. -1.] (rgb)'
15.7465 	EXP 	polygon: fillColor = '[-3. -3. -3.] (rgb)'
15.7465 	EXP 	polygon_2: fillColor = '[-3. -3. -3.] (rgb)'
15.7633 	EXP 	polygon: fillColor = '[-1. -1. -1.] (rgb)'
15.7633 	EXP 	polygon_2: fillColor = '[-1. -1. -1.] (rgb)'
15.7797 	EXP 	polygon: fillColor = '[1. 1. 1.] (rgb)'
15.7797 	EXP 	polygon_2: fillColor = '[1. 1. 1.] (rgb)'
15.7972 	EXP 	polygon: fillColor = '[-1. -1. -1.] (rgb)'
15.7972 	EXP 	polygon_2: fillColor = '[-1. -1. -1.] (rgb)'
15.8135 	EXP 	polygon: fillColor = '[-3. -3. -3.] (rgb)'
15.8135 	EXP 	polygon_2: fillColor = '[-3. -3. -3.] (rgb)'
15.8299 	EXP 	polygon: fillColor = '[-1. -1. -1.] (rgb)'
15.8299 	EXP 	polygon_2: fillColor = '[-1. -1. -1.] (rgb)'
15.8467 	EXP 	polygon: fillColor = '[1. 1. 1.] (rgb)'
15.8467 	EXP 	polygon_2: fillColor = '[1. 1. 1.] (rgb)'
15.8636 	EXP 	polygon: fillColor = '[-1. -1. -1.] (rgb)'
15.8636 	EXP 	polygon_2: fillColor = '[-1. -1. -1.] (rgb)'
15.8800 	EXP 	polygon: fillColor = '[-3. -3. -3.] (rgb)'
15.8800 	EXP 	polygon_2: fillColor = '[-3. -3. -3.] (rgb)'
15.8969 	EXP 	polygon: fillColor = '[-1. -1. -1.] (rgb)'
15.8969 	EXP 	polygon_2: fillColor = '[-1. -1. -1.] (rgb)'
15.9137 	EXP 	polygon: fillColor = '[1. 1. 1.] (rgb)'
15.9137 	EXP 	polygon_2: fillColor = '[1. 1. 1.] (rgb)'
15.9300 	EXP 	polygon: fillColor = '[-1. -1. -1.] (rgb)'
15.9300 	EXP 	polygon_2: fillColor = '[-1. -1. -1.] (rgb)'
15.9478 	EXP 	polygon: fillColor = '[-3. -3. -3.] (rgb)'
15.9478 	EXP 	polygon_2: fillColor = '[-3. -3. -3.] (rgb)'
15.9639 	EXP 	polygon: fillColor = '[-1. -1. -1.] (rgb)'
15.9639 	EXP 	polygon_2: fillColor = '[-1. -1. -1.] (rgb)'
15.9798 	EXP 	polygon: fillColor = '[1. 1. 1.] (rgb)'
15.9798 	EXP 	polygon_2: fillColor = '[1. 1. 1.] (rgb)'
15.9968 	EXP 	polygon: fillColor = '[-1. -1. -1.] (rgb)'
15.9968 	EXP 	polygon_2: fillColor = '[-1. -1. -1.] (rgb)'
16.0130 	EXP 	polygon: fillColor = '[-3. -3. -3.] (rgb)'
16.0130 	EXP 	polygon_2: fillColor = '[-3. -3. -3.] (rgb)'
16.0299 	EXP 	polygon: fillColor = '[-1. -1. -1.] (rgb)'
16.0299 	EXP 	polygon_2: fillColor = '[-1. -1. -1.] (rgb)'
16.0466 	EXP 	polygon: fillColor = '[1. 1. 1.] (rgb)'
16.0466 	EXP 	polygon_2: fillColor = '[1. 1. 1.] (rgb)'
16.0633 	EXP 	polygon: fillColor = '[-1. -1. -1.] (rgb)'
16.0633 	EXP 	polygon_2: fillColor = '[-1. -1. -1.] (rgb)'
16.0801 	EXP 	polygon: fillColor = '[-3. -3. -3.] (rgb)'
16.0801 	EXP 	polygon_2: fillColor = '[-3. -3. -3.] (rgb)'
16.0962 	EXP 	polygon: fillColor = '[-1. -1. -1.] (rgb)'
16.0962 	EXP 	polygon_2: fillColor = '[-1. -1. -1.] (rgb)'
16.1130 	EXP 	polygon: fillColor = '[1. 1. 1.] (rgb)'
16.1130 	EXP 	polygon_2: fillColor = '[1. 1. 1.] (rgb)'
16.1298 	EXP 	polygon: fillColor = '[-1. -1. -1.] (rgb)'
16.1298 	EXP 	polygon_2: fillColor = '[-1. -1. -1.] (rgb)'
16.1479 	EXP 	polygon: fillColor = '[-3. -3. -3.] (rgb)'
16.1479 	EXP 	polygon_2: fillColor = '[-3. -3. -3.] (rgb)'
16.1634 	EXP 	polygon: fillColor = '[-1. -1. -1.] (rgb)'
16.1634 	EXP 	polygon_2: fillColor = '[-1. -1. -1.] (rgb)'
16.1801 	EXP 	polygon: fillColor = '[1. 1. 1.] (rgb)'
16.1801 	EXP 	polygon_2: fillColor = '[1. 1. 1.] (rgb)'
16.1966 	EXP 	polygon: fillColor = '[-1. -1. -1.] (rgb)'
16.1966 	EXP 	polygon_2: fillColor = '[-1. -1. -1.] (rgb)'
16.2131 	EXP 	polygon: fillColor = '[-3. -3. -3.] (rgb)'
16.2131 	EXP 	polygon_2: fillColor = '[-3. -3. -3.] (rgb)'
16.2298 	EXP 	polygon: fillColor = '[-1. -1. -1.] (rgb)'
16.2298 	EXP 	polygon_2: fillColor = '[-1. -1. -1.] (rgb)'
16.2465 	EXP 	polygon: fillColor = '[1. 1. 1.] (rgb)'
16.2465 	EXP 	polygon_2: fillColor = '[1. 1. 1.] (rgb)'
16.2631 	EXP 	polygon: fillColor = '[-1. -1. -1.] (rgb)'
16.2631 	EXP 	polygon_2: fillColor = '[-1. -1. -1.] (rgb)'
16.2795 	EXP 	polygon: fillColor = '[-3. -3. -3.] (rgb)'
16.2795 	EXP 	polygon_2: fillColor = '[-3. -3. -3.] (rgb)'
16.2966 	EXP 	polygon: fillColor = '[-1. -1. -1.] (rgb)'
16.2966 	EXP 	polygon_2: fillColor = '[-1. -1. -1.] (rgb)'
16.3132 	EXP 	polygon: fillColor = '[1. 1. 1.] (rgb)'
16.3132 	EXP 	polygon_2: fillColor = '[1. 1. 1.] (rgb)'
16.3301 	EXP 	polygon: fillColor = '[-1. -1. -1.] (rgb)'
16.3301 	EXP 	polygon_2: fillColor = '[-1. -1. -1.] (rgb)'
16.3467 	EXP 	polygon: fillColor = '[-3. -3. -3.] (rgb)'
16.3467 	EXP 	polygon_2: fillColor = '[-3. -3. -3.] (rgb)'
16.3628 	EXP 	polygon: fillColor = '[-1. -1. -1.] (rgb)'
16.3628 	EXP 	polygon_2: fillColor = '[-1. -1. -1.] (rgb)'
16.3798 	EXP 	polygon: fillColor = '[1. 1. 1.] (rgb)'
16.3798 	EXP 	polygon_2: fillColor = '[1. 1. 1.] (rgb)'
16.3965 	EXP 	polygon: fillColor = '[-1. -1. -1.] (rgb)'
16.3965 	EXP 	polygon_2: fillColor = '[-1. -1. -1.] (rgb)'
16.4130 	EXP 	polygon: fillColor = '[-3. -3. -3.] (rgb)'
16.4130 	EXP 	polygon_2: fillColor = '[-3. -3. -3.] (rgb)'
16.4298 	EXP 	polygon: fillColor = '[-1. -1. -1.] (rgb)'
16.4298 	EXP 	polygon_2: fillColor = '[-1. -1. -1.] (rgb)'
16.4476 	EXP 	polygon: fillColor = '[1. 1. 1.] (rgb)'
16.4476 	EXP 	polygon_2: fillColor = '[1. 1. 1.] (rgb)'
16.4636 	EXP 	polygon: fillColor = '[-1. -1. -1.] (rgb)'
16.4636 	EXP 	polygon_2: fillColor = '[-1. -1. -1.] (rgb)'
16.4805 	EXP 	polygon: fillColor = '[-3. -3. -3.] (rgb)'
16.4805 	EXP 	polygon_2: fillColor = '[-3. -3. -3.] (rgb)'
16.4960 	EXP 	polygon: fillColor = '[-1. -1. -1.] (rgb)'
16.4960 	EXP 	polygon_2: fillColor = '[-1. -1. -1.] (rgb)'
16.5133 	EXP 	polygon: fillColor = '[1. 1. 1.] (rgb)'
16.5133 	EXP 	polygon_2: fillColor = '[1. 1. 1.] (rgb)'
16.5294 	EXP 	polygon: fillColor = '[-1. -1. -1.] (rgb)'
16.5294 	EXP 	polygon_2: fillColor = '[-1. -1. -1.] (rgb)'
16.5463 	EXP 	polygon: fillColor = '[-3. -3. -3.] (rgb)'
16.5463 	EXP 	polygon_2: fillColor = '[-3. -3. -3.] (rgb)'
16.5628 	EXP 	polygon: fillColor = '[-1. -1. -1.] (rgb)'
16.5628 	EXP 	polygon_2: fillColor = '[-1. -1. -1.] (rgb)'
16.5794 	EXP 	polygon: fillColor = '[1. 1. 1.] (rgb)'
16.5794 	EXP 	polygon_2: fillColor = '[1. 1. 1.] (rgb)'
16.5963 	EXP 	polygon: fillColor = '[-1. -1. -1.] (rgb)'
16.5963 	EXP 	polygon_2: fillColor = '[-1. -1. -1.] (rgb)'
16.6129 	EXP 	polygon: fillColor = '[-3. -3. -3.] (rgb)'
16.6129 	EXP 	polygon_2: fillColor = '[-3. -3. -3.] (rgb)'
16.6296 	EXP 	polygon: fillColor = '[-1. -1. -1.] (rgb)'
16.6296 	EXP 	polygon_2: fillColor = '[-1. -1. -1.] (rgb)'
16.6463 	EXP 	polygon: fillColor = '[1. 1. 1.] (rgb)'
16.6463 	EXP 	polygon_2: fillColor = '[1. 1. 1.] (rgb)'
16.6630 	EXP 	polygon: fillColor = '[-1. -1. -1.] (rgb)'
16.6630 	EXP 	polygon_2: fillColor = '[-1. -1. -1.] (rgb)'
16.6798 	EXP 	polygon: fillColor = '[-3. -3. -3.] (rgb)'
16.6798 	EXP 	polygon_2: fillColor = '[-3. -3. -3.] (rgb)'
16.6961 	EXP 	polygon: fillColor = '[-1. -1. -1.] (rgb)'
16.6961 	EXP 	polygon_2: fillColor = '[-1. -1. -1.] (rgb)'
16.7131 	EXP 	polygon: fillColor = '[1. 1. 1.] (rgb)'
16.7131 	EXP 	polygon_2: fillColor = '[1. 1. 1.] (rgb)'
16.7298 	EXP 	polygon: fillColor = '[-1. -1. -1.] (rgb)'
16.7298 	EXP 	polygon_2: fillColor = '[-1. -1. -1.] (rgb)'
16.7461 	EXP 	polygon: fillColor = '[-3. -3. -3.] (rgb)'
16.7461 	EXP 	polygon_2: fillColor = '[-3. -3. -3.] (rgb)'
16.7630 	EXP 	polygon: fillColor = '[-1. -1. -1.] (rgb)'
16.7630 	EXP 	polygon_2: fillColor = '[-1. -1. -1.] (rgb)'
16.7798 	EXP 	polygon: fillColor = '[1. 1. 1.] (rgb)'
16.7798 	EXP 	polygon_2: fillColor = '[1. 1. 1.] (rgb)'
16.7960 	EXP 	polygon: fillColor = '[-1. -1. -1.] (rgb)'
16.7960 	EXP 	polygon_2: fillColor = '[-1. -1. -1.] (rgb)'
16.8128 	EXP 	polygon: fillColor = '[-3. -3. -3.] (rgb)'
16.8128 	EXP 	polygon_2: fillColor = '[-3. -3. -3.] (rgb)'
16.8296 	EXP 	polygon: fillColor = '[-1. -1. -1.] (rgb)'
16.8296 	EXP 	polygon_2: fillColor = '[-1. -1. -1.] (rgb)'
16.8463 	EXP 	polygon: fillColor = '[1. 1. 1.] (rgb)'
16.8463 	EXP 	polygon_2: fillColor = '[1. 1. 1.] (rgb)'
16.8627 	EXP 	polygon: fillColor = '[-1. -1. -1.] (rgb)'
16.8627 	EXP 	polygon_2: fillColor = '[-1. -1. -1.] (rgb)'
16.8798 	EXP 	polygon: fillColor = '[-3. -3. -3.] (rgb)'
16.8798 	EXP 	polygon_2: fillColor = '[-3. -3. -3.] (rgb)'
16.8960 	EXP 	polygon: fillColor = '[-1. -1. -1.] (rgb)'
16.8960 	EXP 	polygon_2: fillColor = '[-1. -1. -1.] (rgb)'
16.9128 	EXP 	polygon: fillColor = '[1. 1. 1.] (rgb)'
16.9128 	EXP 	polygon_2: fillColor = '[1. 1. 1.] (rgb)'
16.9294 	EXP 	polygon: fillColor = '[-1. -1. -1.] (rgb)'
16.9294 	EXP 	polygon_2: fillColor = '[-1. -1. -1.] (rgb)'
16.9469 	EXP 	polygon: fillColor = '[-3. -3. -3.] (rgb)'
16.9469 	EXP 	polygon_2: fillColor = '[-3. -3. -3.] (rgb)'
16.9628 	EXP 	polygon: fillColor = '[-1. -1. -1.] (rgb)'
16.9628 	EXP 	polygon_2: fillColor = '[-1. -1. -1.] (rgb)'
16.9793 	EXP 	polygon: fillColor = '[1. 1. 1.] (rgb)'
16.9793 	EXP 	polygon_2: fillColor = '[1. 1. 1.] (rgb)'
16.9966 	EXP 	polygon: fillColor = '[-1. -1. -1.] (rgb)'
16.9966 	EXP 	polygon_2: fillColor = '[-1. -1. -1.] (rgb)'
17.0124 	EXP 	polygon: fillColor = '[-3. -3. -3.] (rgb)'
17.0124 	EXP 	polygon_2: fillColor = '[-3. -3. -3.] (rgb)'
17.0297 	EXP 	polygon: fillColor = '[-1. -1. -1.] (rgb)'
17.0297 	EXP 	polygon_2: fillColor = '[-1. -1. -1.] (rgb)'
17.0461 	EXP 	polygon: fillColor = '[1. 1. 1.] (rgb)'
17.0461 	EXP 	polygon_2: fillColor = '[1. 1. 1.] (rgb)'
17.0626 	EXP 	polygon: fillColor = '[-1. -1. -1.] (rgb)'
17.0626 	EXP 	polygon_2: fillColor = '[-1. -1. -1.] (rgb)'
17.0793 	EXP 	polygon: fillColor = '[-3. -3. -3.] (rgb)'
17.0793 	EXP 	polygon_2: fillColor = '[-3. -3. -3.] (rgb)'
17.0960 	EXP 	polygon: fillColor = '[-1. -1. -1.] (rgb)'
17.0960 	EXP 	polygon_2: fillColor = '[-1. -1. -1.] (rgb)'
17.1126 	EXP 	polygon: fillColor = '[1. 1. 1.] (rgb)'
17.1126 	EXP 	polygon_2: fillColor = '[1. 1. 1.] (rgb)'
17.1294 	EXP 	polygon: fillColor = '[-1. -1. -1.] (rgb)'
17.1294 	EXP 	polygon_2: fillColor = '[-1. -1. -1.] (rgb)'
17.1470 	EXP 	polygon: fillColor = '[-3. -3. -3.] (rgb)'
17.1470 	EXP 	polygon_2: fillColor = '[-3. -3. -3.] (rgb)'
17.1629 	EXP 	polygon: fillColor = '[-1. -1. -1.] (rgb)'
17.1629 	EXP 	polygon_2: fillColor = '[-1. -1. -1.] (rgb)'
17.1793 	EXP 	polygon: fillColor = '[1. 1. 1.] (rgb)'
17.1793 	EXP 	polygon_2: fillColor = '[1. 1. 1.] (rgb)'
17.1960 	EXP 	polygon: fillColor = '[-1. -1. -1.] (rgb)'
17.1960 	EXP 	polygon_2: fillColor = '[-1. -1. -1.] (rgb)'
17.2125 	EXP 	polygon: fillColor = '[-3. -3. -3.] (rgb)'
17.2125 	EXP 	polygon_2: fillColor = '[-3. -3. -3.] (rgb)'
17.2294 	EXP 	polygon: fillColor = '[-1. -1. -1.] (rgb)'
17.2294 	EXP 	polygon_2: fillColor = '[-1. -1. -1.] (rgb)'
17.2460 	EXP 	polygon: fillColor = '[1. 1. 1.] (rgb)'
17.2460 	EXP 	polygon_2: fillColor = '[1. 1. 1.] (rgb)'
17.2627 	EXP 	polygon: fillColor = '[-1. -1. -1.] (rgb)'
17.2627 	EXP 	polygon_2: fillColor = '[-1. -1. -1.] (rgb)'
17.2790 	EXP 	polygon: fillColor = '[-3. -3. -3.] (rgb)'
17.2790 	EXP 	polygon_2: fillColor = '[-3. -3. -3.] (rgb)'
17.2960 	EXP 	polygon: fillColor = '[-1. -1. -1.] (rgb)'
17.2960 	EXP 	polygon_2: fillColor = '[-1. -1. -1.] (rgb)'
17.3127 	EXP 	polygon: fillColor = '[1. 1. 1.] (rgb)'
17.3127 	EXP 	polygon_2: fillColor = '[1. 1. 1.] (rgb)'
17.3293 	EXP 	polygon: fillColor = '[-1. -1. -1.] (rgb)'
17.3293 	EXP 	polygon_2: fillColor = '[-1. -1. -1.] (rgb)'
17.3459 	EXP 	polygon: fillColor = '[-3. -3. -3.] (rgb)'
17.3459 	EXP 	polygon_2: fillColor = '[-3. -3. -3.] (rgb)'
17.3627 	EXP 	polygon: fillColor = '[-1. -1. -1.] (rgb)'
17.3627 	EXP 	polygon_2: fillColor = '[-1. -1. -1.] (rgb)'
17.3795 	EXP 	polygon: fillColor = '[1. 1. 1.] (rgb)'
17.3795 	EXP 	polygon_2: fillColor = '[1. 1. 1.] (rgb)'
17.3961 	EXP 	polygon: fillColor = '[-1. -1. -1.] (rgb)'
17.3961 	EXP 	polygon_2: fillColor = '[-1. -1. -1.] (rgb)'
17.4124 	EXP 	polygon: fillColor = '[-3. -3. -3.] (rgb)'
17.4124 	EXP 	polygon_2: fillColor = '[-3. -3. -3.] (rgb)'
17.4291 	EXP 	polygon: fillColor = '[-1. -1. -1.] (rgb)'
17.4291 	EXP 	polygon_2: fillColor = '[-1. -1. -1.] (rgb)'
17.4458 	EXP 	polygon: fillColor = '[1. 1. 1.] (rgb)'
17.4458 	EXP 	polygon_2: fillColor = '[1. 1. 1.] (rgb)'
17.4624 	EXP 	polygon: fillColor = '[-1. -1. -1.] (rgb)'
17.4624 	EXP 	polygon_2: fillColor = '[-1. -1. -1.] (rgb)'
17.4791 	EXP 	polygon: fillColor = '[-3. -3. -3.] (rgb)'
17.4791 	EXP 	polygon_2: fillColor = '[-3. -3. -3.] (rgb)'
17.4958 	EXP 	polygon: fillColor = '[-1. -1. -1.] (rgb)'
17.4958 	EXP 	polygon_2: fillColor = '[-1. -1. -1.] (rgb)'
17.5135 	EXP 	polygon: fillColor = '[1. 1. 1.] (rgb)'
17.5135 	EXP 	polygon_2: fillColor = '[1. 1. 1.] (rgb)'
17.5294 	EXP 	polygon: fillColor = '[-1. -1. -1.] (rgb)'
17.5294 	EXP 	polygon_2: fillColor = '[-1. -1. -1.] (rgb)'
17.5464 	EXP 	polygon: fillColor = '[-3. -3. -3.] (rgb)'
17.5464 	EXP 	polygon_2: fillColor = '[-3. -3. -3.] (rgb)'
17.5620 	EXP 	polygon: fillColor = '[-1. -1. -1.] (rgb)'
17.5620 	EXP 	polygon_2: fillColor = '[-1. -1. -1.] (rgb)'
17.5790 	EXP 	polygon: fillColor = '[1. 1. 1.] (rgb)'
17.5790 	EXP 	polygon_2: fillColor = '[1. 1. 1.] (rgb)'
17.5957 	EXP 	polygon: fillColor = '[-1. -1. -1.] (rgb)'
17.5957 	EXP 	polygon_2: fillColor = '[-1. -1. -1.] (rgb)'
17.6126 	EXP 	polygon: fillColor = '[-3. -3. -3.] (rgb)'
17.6126 	EXP 	polygon_2: fillColor = '[-3. -3. -3.] (rgb)'
17.6289 	EXP 	polygon: fillColor = '[-1. -1. -1.] (rgb)'
17.6289 	EXP 	polygon_2: fillColor = '[-1. -1. -1.] (rgb)'
17.6459 	EXP 	polygon: fillColor = '[1. 1. 1.] (rgb)'
17.6459 	EXP 	polygon_2: fillColor = '[1. 1. 1.] (rgb)'
17.6627 	EXP 	polygon: fillColor = '[-1. -1. -1.] (rgb)'
17.6627 	EXP 	polygon_2: fillColor = '[-1. -1. -1.] (rgb)'
17.6791 	EXP 	polygon: fillColor = '[-3. -3. -3.] (rgb)'
17.6791 	EXP 	polygon_2: fillColor = '[-3. -3. -3.] (rgb)'
17.6969 	EXP 	polygon: fillColor = '[-1. -1. -1.] (rgb)'
17.6969 	EXP 	polygon_2: fillColor = '[-1. -1. -1.] (rgb)'
17.7122 	EXP 	polygon: fillColor = '[1. 1. 1.] (rgb)'
17.7122 	EXP 	polygon_2: fillColor = '[1. 1. 1.] (rgb)'
17.7292 	EXP 	polygon: fillColor = '[-1. -1. -1.] (rgb)'
17.7292 	EXP 	polygon_2: fillColor = '[-1. -1. -1.] (rgb)'
17.7455 	EXP 	polygon: fillColor = '[-3. -3. -3.] (rgb)'
17.7455 	EXP 	polygon_2: fillColor = '[-3. -3. -3.] (rgb)'
17.7623 	EXP 	polygon: fillColor = '[-1. -1. -1.] (rgb)'
17.7623 	EXP 	polygon_2: fillColor = '[-1. -1. -1.] (rgb)'
17.7640 	DATA 	Keypress: escape
17.8193 	EXP 	window1: mouseVisible = True
