1.6452 	WARNING 	Import Error: No module named 'psychtoolbox'. Using event module for keyboard component.
3.7046 	EXP 	Created window1 = Window(allowGUI=False, allowStencil=False, args=UNKNOWN, autoLog=True, bitsMode=UNKNOWN, blendMode='avg', color=array([-1., -1., -1.]), colorSpace='rgb', fullscr=<method-wrapper '__getattribute__' of attributeSetter object at 0x000001A52B285088>, gamma=None, gammaErrorPolicy='raise', kwargs=UNKNOWN, lms=UNKNOWN, monitor=<psychopy.monitors.calibTools.Monitor object at 0x000001A52B2F4FC8>, multiSample=False, name='window1', numSamples=2, pos=[0.0, 0.0], screen=0, size=array([1920, 1080]), stereo=False, units='height', useFBO=True, useRetina=False, viewOri=0.0, viewPos=None, viewScale=None, waitBlanking=True, winType='pyglet')
3.7046 	EXP 	window1: recordFrameIntervals = False
3.8719 	EXP 	window1: recordFrameIntervals = True
4.0544 	EXP 	window1: recordFrameIntervals = False
4.1103 	EXP 	Created text = TextStim(__class__=<class 'psychopy.visual.text.TextStim'>, alignHoriz='center', alignVert='center', antialias=True, autoLog=True, bold=False, color='white', colorSpace='named', contrast=1.0, depth=0.0, flipHoriz=False, flipVert=False, font='Arial', fontFiles=[], height=0.05, italic=False, languageStyle='LTR', name='text', opacity=1.0, ori=0, pos=array([0., 0.]), rgb=array([255., 255., 255.]), text='脑机接口\n\n视觉刺激实验\n\n按"空格"继续', units='height', win=Window(...), wrapWidth=1)
4.1118 	EXP 	Created polygon = Rect(__class__=<class 'psychopy.visual.rect.Rect'>, autoDraw=False, autoLog=True, closeShape=True, color=method-wrapper(...), colorSpace=None, contrast=1.0, depth=0.0, fillColor=array([1., 1., 1.]), fillColorSpace='rgb', fillRGB=array([1., 1., 1.]), interpolate=True, lineColor=array([1., 1., 1.]), lineColorSpace='rgb', lineRGB=array([1., 1., 1.]), lineWidth=1, name='polygon', opacity=1.0, ori=array(0.), pos=array([-0.3,  0. ]), size=array([1., 1.]), units='height', vertices=ndarray(...), win=Window(...))
4.1127 	EXP 	Created polygon_2 = Rect(__class__=<class 'psychopy.visual.rect.Rect'>, autoDraw=False, autoLog=True, closeShape=True, color=method-wrapper(...), colorSpace=None, contrast=1.0, depth=-1.0, fillColor=array([1., 1., 1.]), fillColorSpace='rgb', fillRGB=array([1., 1., 1.]), interpolate=True, lineColor=array([1., 1., 1.]), lineColorSpace='rgb', lineRGB=array([1., 1., 1.]), lineWidth=1, name='polygon_2', opacity=1.0, ori=array(0.), pos=array([0.3, 0. ]), size=array([1., 1.]), units='height', vertices=ndarray(...), win=Window(...))
4.1187 	EXP 	text: autoDraw = True
7.8696 	DATA 	Keypress: lshift
8.7681 	DATA 	Keypress: space
8.7844 	EXP 	text: autoDraw = False
8.7844 	EXP 	polygon: autoDraw = True
8.7844 	EXP 	polygon_2: autoDraw = True
8.7844 	EXP 	polygon: fillColor = '[-1. -1. -1.] (rgb)'
8.7844 	EXP 	polygon_2: fillColor = '[-1. -1. -1.] (rgb)'
8.8010 	EXP 	polygon: fillColor = '[-1.11022302e-16 -1.11022302e-16 -1.11022302e-16] (rgb)'
8.8010 	EXP 	polygon_2: fillColor = '[0.73205081 0.73205081 0.73205081] (rgb)'
8.8177 	EXP 	polygon: fillColor = '[0.73205081 0.73205081 0.73205081] (rgb)'
8.8177 	EXP 	polygon_2: fillColor = '[-2.73205081 -2.73205081 -2.73205081] (rgb)'
8.8345 	EXP 	polygon: fillColor = '[1. 1. 1.] (rgb)'
8.8345 	EXP 	polygon_2: fillColor = '[-1. -1. -1.] (rgb)'
8.8511 	EXP 	polygon: fillColor = '[0.73205081 0.73205081 0.73205081] (rgb)'
8.8511 	EXP 	polygon_2: fillColor = '[0.73205081 0.73205081 0.73205081] (rgb)'
8.8676 	EXP 	polygon: fillColor = '[-1.11022302e-16 -1.11022302e-16 -1.11022302e-16] (rgb)'
8.8676 	EXP 	polygon_2: fillColor = '[-2.73205081 -2.73205081 -2.73205081] (rgb)'
8.8856 	EXP 	polygon: fillColor = '[-1. -1. -1.] (rgb)'
8.8856 	EXP 	polygon_2: fillColor = '[-1. -1. -1.] (rgb)'
8.9011 	EXP 	polygon: fillColor = '[-2. -2. -2.] (rgb)'
8.9011 	EXP 	polygon_2: fillColor = '[0.73205081 0.73205081 0.73205081] (rgb)'
8.9177 	EXP 	polygon: fillColor = '[-2.73205081 -2.73205081 -2.73205081] (rgb)'
8.9177 	EXP 	polygon_2: fillColor = '[-2.73205081 -2.73205081 -2.73205081] (rgb)'
8.9344 	EXP 	polygon: fillColor = '[-3. -3. -3.] (rgb)'
8.9344 	EXP 	polygon_2: fillColor = '[-1. -1. -1.] (rgb)'
8.9512 	EXP 	polygon: fillColor = '[-2.73205081 -2.73205081 -2.73205081] (rgb)'
8.9512 	EXP 	polygon_2: fillColor = '[0.73205081 0.73205081 0.73205081] (rgb)'
8.9676 	EXP 	polygon: fillColor = '[-2. -2. -2.] (rgb)'
8.9676 	EXP 	polygon_2: fillColor = '[-2.73205081 -2.73205081 -2.73205081] (rgb)'
8.9840 	EXP 	polygon: fillColor = '[-1. -1. -1.] (rgb)'
8.9840 	EXP 	polygon_2: fillColor = '[-1. -1. -1.] (rgb)'
9.0009 	EXP 	polygon: fillColor = '[-1.44328993e-15 -1.44328993e-15 -1.44328993e-15] (rgb)'
9.0009 	EXP 	polygon_2: fillColor = '[0.73205081 0.73205081 0.73205081] (rgb)'
9.0177 	EXP 	polygon: fillColor = '[0.73205081 0.73205081 0.73205081] (rgb)'
9.0177 	EXP 	polygon_2: fillColor = '[-2.73205081 -2.73205081 -2.73205081] (rgb)'
9.0342 	EXP 	polygon: fillColor = '[1. 1. 1.] (rgb)'
9.0342 	EXP 	polygon_2: fillColor = '[-1. -1. -1.] (rgb)'
9.0507 	EXP 	polygon: fillColor = '[0.73205081 0.73205081 0.73205081] (rgb)'
9.0507 	EXP 	polygon_2: fillColor = '[0.73205081 0.73205081 0.73205081] (rgb)'
9.0675 	EXP 	polygon: fillColor = '[-4.4408921e-16 -4.4408921e-16 -4.4408921e-16] (rgb)'
9.0675 	EXP 	polygon_2: fillColor = '[-2.73205081 -2.73205081 -2.73205081] (rgb)'
9.0842 	EXP 	polygon: fillColor = '[-1. -1. -1.] (rgb)'
9.0842 	EXP 	polygon_2: fillColor = '[-1. -1. -1.] (rgb)'
9.1016 	EXP 	polygon: fillColor = '[-2. -2. -2.] (rgb)'
9.1016 	EXP 	polygon_2: fillColor = '[0.73205081 0.73205081 0.73205081] (rgb)'
9.1193 	EXP 	polygon: fillColor = '[-2.73205081 -2.73205081 -2.73205081] (rgb)'
9.1193 	EXP 	polygon_2: fillColor = '[-2.73205081 -2.73205081 -2.73205081] (rgb)'
9.1340 	EXP 	polygon: fillColor = '[-3. -3. -3.] (rgb)'
9.1340 	EXP 	polygon_2: fillColor = '[-1. -1. -1.] (rgb)'
9.1510 	EXP 	polygon: fillColor = '[-2.73205081 -2.73205081 -2.73205081] (rgb)'
9.1510 	EXP 	polygon_2: fillColor = '[0.73205081 0.73205081 0.73205081] (rgb)'
9.1673 	EXP 	polygon: fillColor = '[-2. -2. -2.] (rgb)'
9.1673 	EXP 	polygon_2: fillColor = '[-2.73205081 -2.73205081 -2.73205081] (rgb)'
9.1842 	EXP 	polygon: fillColor = '[-1. -1. -1.] (rgb)'
9.1842 	EXP 	polygon_2: fillColor = '[-1. -1. -1.] (rgb)'
9.2010 	EXP 	polygon: fillColor = '[-1.88737914e-15 -1.88737914e-15 -1.88737914e-15] (rgb)'
9.2010 	EXP 	polygon_2: fillColor = '[0.73205081 0.73205081 0.73205081] (rgb)'
9.2176 	EXP 	polygon: fillColor = '[0.73205081 0.73205081 0.73205081] (rgb)'
9.2176 	EXP 	polygon_2: fillColor = '[-2.73205081 -2.73205081 -2.73205081] (rgb)'
9.2356 	EXP 	polygon: fillColor = '[1. 1. 1.] (rgb)'
9.2356 	EXP 	polygon_2: fillColor = '[-1. -1. -1.] (rgb)'
9.2509 	EXP 	polygon: fillColor = '[0.73205081 0.73205081 0.73205081] (rgb)'
9.2509 	EXP 	polygon_2: fillColor = '[0.73205081 0.73205081 0.73205081] (rgb)'
9.2677 	EXP 	polygon: fillColor = '[3.10862447e-15 3.10862447e-15 3.10862447e-15] (rgb)'
9.2677 	EXP 	polygon_2: fillColor = '[-2.73205081 -2.73205081 -2.73205081] (rgb)'
9.2839 	EXP 	polygon: fillColor = '[-1. -1. -1.] (rgb)'
9.2839 	EXP 	polygon_2: fillColor = '[-1. -1. -1.] (rgb)'
9.3007 	EXP 	polygon: fillColor = '[-2. -2. -2.] (rgb)'
9.3007 	EXP 	polygon_2: fillColor = '[0.73205081 0.73205081 0.73205081] (rgb)'
9.3175 	EXP 	polygon: fillColor = '[-2.73205081 -2.73205081 -2.73205081] (rgb)'
9.3175 	EXP 	polygon_2: fillColor = '[-2.73205081 -2.73205081 -2.73205081] (rgb)'
9.3343 	EXP 	polygon: fillColor = '[-3. -3. -3.] (rgb)'
9.3343 	EXP 	polygon_2: fillColor = '[-1. -1. -1.] (rgb)'
9.3507 	EXP 	polygon: fillColor = '[-2.73205081 -2.73205081 -2.73205081] (rgb)'
9.3507 	EXP 	polygon_2: fillColor = '[0.73205081 0.73205081 0.73205081] (rgb)'
9.3675 	EXP 	polygon: fillColor = '[-2. -2. -2.] (rgb)'
9.3675 	EXP 	polygon_2: fillColor = '[-2.73205081 -2.73205081 -2.73205081] (rgb)'
9.3841 	EXP 	polygon: fillColor = '[-1. -1. -1.] (rgb)'
9.3841 	EXP 	polygon_2: fillColor = '[-1. -1. -1.] (rgb)'
9.4004 	EXP 	polygon: fillColor = '[-2.33146835e-15 -2.33146835e-15 -2.33146835e-15] (rgb)'
9.4004 	EXP 	polygon_2: fillColor = '[0.73205081 0.73205081 0.73205081] (rgb)'
9.4175 	EXP 	polygon: fillColor = '[0.73205081 0.73205081 0.73205081] (rgb)'
9.4175 	EXP 	polygon_2: fillColor = '[-2.73205081 -2.73205081 -2.73205081] (rgb)'
9.4341 	EXP 	polygon: fillColor = '[1. 1. 1.] (rgb)'
9.4341 	EXP 	polygon_2: fillColor = '[-1. -1. -1.] (rgb)'
9.4519 	EXP 	polygon: fillColor = '[0.73205081 0.73205081 0.73205081] (rgb)'
9.4519 	EXP 	polygon_2: fillColor = '[0.73205081 0.73205081 0.73205081] (rgb)'
9.4674 	EXP 	polygon: fillColor = '[4.4408921e-16 4.4408921e-16 4.4408921e-16] (rgb)'
9.4674 	EXP 	polygon_2: fillColor = '[-2.73205081 -2.73205081 -2.73205081] (rgb)'
9.4848 	EXP 	polygon: fillColor = '[-1. -1. -1.] (rgb)'
9.4848 	EXP 	polygon_2: fillColor = '[-1. -1. -1.] (rgb)'
9.5005 	EXP 	polygon: fillColor = '[-2. -2. -2.] (rgb)'
9.5005 	EXP 	polygon_2: fillColor = '[0.73205081 0.73205081 0.73205081] (rgb)'
9.5172 	EXP 	polygon: fillColor = '[-2.73205081 -2.73205081 -2.73205081] (rgb)'
9.5172 	EXP 	polygon_2: fillColor = '[-2.73205081 -2.73205081 -2.73205081] (rgb)'
9.5339 	EXP 	polygon: fillColor = '[-3. -3. -3.] (rgb)'
9.5339 	EXP 	polygon_2: fillColor = '[-1. -1. -1.] (rgb)'
9.5507 	EXP 	polygon: fillColor = '[-2.73205081 -2.73205081 -2.73205081] (rgb)'
9.5507 	EXP 	polygon_2: fillColor = '[0.73205081 0.73205081 0.73205081] (rgb)'
9.5674 	EXP 	polygon: fillColor = '[-2. -2. -2.] (rgb)'
9.5674 	EXP 	polygon_2: fillColor = '[-2.73205081 -2.73205081 -2.73205081] (rgb)'
9.5839 	EXP 	polygon: fillColor = '[-1. -1. -1.] (rgb)'
9.5839 	EXP 	polygon_2: fillColor = '[-1. -1. -1.] (rgb)'
9.6005 	EXP 	polygon: fillColor = '[-2.77555756e-15 -2.77555756e-15 -2.77555756e-15] (rgb)'
9.6005 	EXP 	polygon_2: fillColor = '[0.73205081 0.73205081 0.73205081] (rgb)'
9.6172 	EXP 	polygon: fillColor = '[0.73205081 0.73205081 0.73205081] (rgb)'
9.6172 	EXP 	polygon_2: fillColor = '[-2.73205081 -2.73205081 -2.73205081] (rgb)'
9.6340 	EXP 	polygon: fillColor = '[1. 1. 1.] (rgb)'
9.6340 	EXP 	polygon_2: fillColor = '[-1. -1. -1.] (rgb)'
9.6515 	EXP 	polygon: fillColor = '[0.73205081 0.73205081 0.73205081] (rgb)'
9.6515 	EXP 	polygon_2: fillColor = '[0.73205081 0.73205081 0.73205081] (rgb)'
9.6673 	EXP 	polygon: fillColor = '[8.8817842e-16 8.8817842e-16 8.8817842e-16] (rgb)'
9.6673 	EXP 	polygon_2: fillColor = '[-2.73205081 -2.73205081 -2.73205081] (rgb)'
9.6840 	EXP 	polygon: fillColor = '[-1. -1. -1.] (rgb)'
9.6840 	EXP 	polygon_2: fillColor = '[-1. -1. -1.] (rgb)'
9.7006 	EXP 	polygon: fillColor = '[-2. -2. -2.] (rgb)'
9.7006 	EXP 	polygon_2: fillColor = '[0.73205081 0.73205081 0.73205081] (rgb)'
9.7171 	EXP 	polygon: fillColor = '[-2.73205081 -2.73205081 -2.73205081] (rgb)'
9.7171 	EXP 	polygon_2: fillColor = '[-2.73205081 -2.73205081 -2.73205081] (rgb)'
9.7348 	EXP 	polygon: fillColor = '[-3. -3. -3.] (rgb)'
9.7348 	EXP 	polygon_2: fillColor = '[-1. -1. -1.] (rgb)'
9.7504 	EXP 	polygon: fillColor = '[-2.73205081 -2.73205081 -2.73205081] (rgb)'
9.7504 	EXP 	polygon_2: fillColor = '[0.73205081 0.73205081 0.73205081] (rgb)'
9.7673 	EXP 	polygon: fillColor = '[-2. -2. -2.] (rgb)'
9.7673 	EXP 	polygon_2: fillColor = '[-2.73205081 -2.73205081 -2.73205081] (rgb)'
9.7837 	EXP 	polygon: fillColor = '[-1. -1. -1.] (rgb)'
9.7837 	EXP 	polygon_2: fillColor = '[-1. -1. -1.] (rgb)'
9.8005 	EXP 	polygon: fillColor = '[2.88657986e-15 2.88657986e-15 2.88657986e-15] (rgb)'
9.8005 	EXP 	polygon_2: fillColor = '[0.73205081 0.73205081 0.73205081] (rgb)'
9.8170 	EXP 	polygon: fillColor = '[0.73205081 0.73205081 0.73205081] (rgb)'
9.8170 	EXP 	polygon_2: fillColor = '[-2.73205081 -2.73205081 -2.73205081] (rgb)'
9.8336 	EXP 	polygon: fillColor = '[1. 1. 1.] (rgb)'
9.8336 	EXP 	polygon_2: fillColor = '[-1. -1. -1.] (rgb)'
9.8502 	EXP 	polygon: fillColor = '[0.73205081 0.73205081 0.73205081] (rgb)'
9.8502 	EXP 	polygon_2: fillColor = '[0.73205081 0.73205081 0.73205081] (rgb)'
9.8671 	EXP 	polygon: fillColor = '[1.33226763e-15 1.33226763e-15 1.33226763e-15] (rgb)'
9.8671 	EXP 	polygon_2: fillColor = '[-2.73205081 -2.73205081 -2.73205081] (rgb)'
9.8839 	EXP 	polygon: fillColor = '[-1. -1. -1.] (rgb)'
9.8839 	EXP 	polygon_2: fillColor = '[-1. -1. -1.] (rgb)'
9.9015 	EXP 	polygon: fillColor = '[-2. -2. -2.] (rgb)'
9.9015 	EXP 	polygon_2: fillColor = '[0.73205081 0.73205081 0.73205081] (rgb)'
9.9173 	EXP 	polygon: fillColor = '[-2.73205081 -2.73205081 -2.73205081] (rgb)'
9.9173 	EXP 	polygon_2: fillColor = '[-2.73205081 -2.73205081 -2.73205081] (rgb)'
9.9338 	EXP 	polygon: fillColor = '[-3. -3. -3.] (rgb)'
9.9338 	EXP 	polygon_2: fillColor = '[-1. -1. -1.] (rgb)'
9.9507 	EXP 	polygon: fillColor = '[-2.73205081 -2.73205081 -2.73205081] (rgb)'
9.9507 	EXP 	polygon_2: fillColor = '[0.73205081 0.73205081 0.73205081] (rgb)'
9.9668 	EXP 	polygon: fillColor = '[-2. -2. -2.] (rgb)'
9.9668 	EXP 	polygon_2: fillColor = '[-2.73205081 -2.73205081 -2.73205081] (rgb)'
9.9844 	EXP 	polygon: fillColor = '[-1. -1. -1.] (rgb)'
9.9844 	EXP 	polygon_2: fillColor = '[-1. -1. -1.] (rgb)'
10.0011 	EXP 	polygon: fillColor = '[2.44249065e-15 2.44249065e-15 2.44249065e-15] (rgb)'
10.0011 	EXP 	polygon_2: fillColor = '[0.73205081 0.73205081 0.73205081] (rgb)'
10.0169 	EXP 	polygon: fillColor = '[0.73205081 0.73205081 0.73205081] (rgb)'
10.0169 	EXP 	polygon_2: fillColor = '[-2.73205081 -2.73205081 -2.73205081] (rgb)'
10.0337 	EXP 	polygon: fillColor = '[1. 1. 1.] (rgb)'
10.0337 	EXP 	polygon_2: fillColor = '[-1. -1. -1.] (rgb)'
10.0503 	EXP 	polygon: fillColor = '[0.73205081 0.73205081 0.73205081] (rgb)'
10.0503 	EXP 	polygon_2: fillColor = '[0.73205081 0.73205081 0.73205081] (rgb)'
10.0669 	EXP 	polygon: fillColor = '[1.77635684e-15 1.77635684e-15 1.77635684e-15] (rgb)'
10.0669 	EXP 	polygon_2: fillColor = '[-2.73205081 -2.73205081 -2.73205081] (rgb)'
10.0843 	EXP 	polygon: fillColor = '[-1. -1. -1.] (rgb)'
10.0843 	EXP 	polygon_2: fillColor = '[-1. -1. -1.] (rgb)'
10.1002 	EXP 	polygon: fillColor = '[-2. -2. -2.] (rgb)'
10.1002 	EXP 	polygon_2: fillColor = '[0.73205081 0.73205081 0.73205081] (rgb)'
10.1167 	EXP 	polygon: fillColor = '[-2.73205081 -2.73205081 -2.73205081] (rgb)'
10.1167 	EXP 	polygon_2: fillColor = '[-2.73205081 -2.73205081 -2.73205081] (rgb)'
10.1340 	EXP 	polygon: fillColor = '[-3. -3. -3.] (rgb)'
10.1340 	EXP 	polygon_2: fillColor = '[-1. -1. -1.] (rgb)'
10.1504 	EXP 	polygon: fillColor = '[-2.73205081 -2.73205081 -2.73205081] (rgb)'
10.1504 	EXP 	polygon_2: fillColor = '[0.73205081 0.73205081 0.73205081] (rgb)'
10.1673 	EXP 	polygon: fillColor = '[-2. -2. -2.] (rgb)'
10.1673 	EXP 	polygon_2: fillColor = '[-2.73205081 -2.73205081 -2.73205081] (rgb)'
10.1843 	EXP 	polygon: fillColor = '[-1. -1. -1.] (rgb)'
10.1843 	EXP 	polygon_2: fillColor = '[-1. -1. -1.] (rgb)'
10.2011 	EXP 	polygon: fillColor = '[-1.02140518e-14 -1.02140518e-14 -1.02140518e-14] (rgb)'
10.2011 	EXP 	polygon_2: fillColor = '[0.73205081 0.73205081 0.73205081] (rgb)'
10.2170 	EXP 	polygon: fillColor = '[0.73205081 0.73205081 0.73205081] (rgb)'
10.2170 	EXP 	polygon_2: fillColor = '[-2.73205081 -2.73205081 -2.73205081] (rgb)'
10.2333 	EXP 	polygon: fillColor = '[1. 1. 1.] (rgb)'
10.2333 	EXP 	polygon_2: fillColor = '[-1. -1. -1.] (rgb)'
10.2505 	EXP 	polygon: fillColor = '[0.73205081 0.73205081 0.73205081] (rgb)'
10.2505 	EXP 	polygon_2: fillColor = '[0.73205081 0.73205081 0.73205081] (rgb)'
10.2674 	EXP 	polygon: fillColor = '[2.22044605e-15 2.22044605e-15 2.22044605e-15] (rgb)'
10.2674 	EXP 	polygon_2: fillColor = '[-2.73205081 -2.73205081 -2.73205081] (rgb)'
10.2839 	EXP 	polygon: fillColor = '[-1. -1. -1.] (rgb)'
10.2839 	EXP 	polygon_2: fillColor = '[-1. -1. -1.] (rgb)'
10.3003 	EXP 	polygon: fillColor = '[-2. -2. -2.] (rgb)'
10.3003 	EXP 	polygon_2: fillColor = '[0.73205081 0.73205081 0.73205081] (rgb)'
10.3167 	EXP 	polygon: fillColor = '[-2.73205081 -2.73205081 -2.73205081] (rgb)'
10.3167 	EXP 	polygon_2: fillColor = '[-2.73205081 -2.73205081 -2.73205081] (rgb)'
10.3334 	EXP 	polygon: fillColor = '[-3. -3. -3.] (rgb)'
10.3334 	EXP 	polygon_2: fillColor = '[-1. -1. -1.] (rgb)'
10.3502 	EXP 	polygon: fillColor = '[-2.73205081 -2.73205081 -2.73205081] (rgb)'
10.3502 	EXP 	polygon_2: fillColor = '[0.73205081 0.73205081 0.73205081] (rgb)'
10.3669 	EXP 	polygon: fillColor = '[-2. -2. -2.] (rgb)'
10.3669 	EXP 	polygon_2: fillColor = '[-2.73205081 -2.73205081 -2.73205081] (rgb)'
10.3835 	EXP 	polygon: fillColor = '[-1. -1. -1.] (rgb)'
10.3835 	EXP 	polygon_2: fillColor = '[-1. -1. -1.] (rgb)'
10.4001 	EXP 	polygon: fillColor = '[-1.0658141e-14 -1.0658141e-14 -1.0658141e-14] (rgb)'
10.4001 	EXP 	polygon_2: fillColor = '[0.73205081 0.73205081 0.73205081] (rgb)'
10.4168 	EXP 	polygon: fillColor = '[0.73205081 0.73205081 0.73205081] (rgb)'
10.4168 	EXP 	polygon_2: fillColor = '[-2.73205081 -2.73205081 -2.73205081] (rgb)'
10.4341 	EXP 	polygon: fillColor = '[1. 1. 1.] (rgb)'
10.4341 	EXP 	polygon_2: fillColor = '[-1. -1. -1.] (rgb)'
10.4499 	EXP 	polygon: fillColor = '[0.73205081 0.73205081 0.73205081] (rgb)'
10.4499 	EXP 	polygon_2: fillColor = '[0.73205081 0.73205081 0.73205081] (rgb)'
10.4666 	EXP 	polygon: fillColor = '[2.44249065e-15 2.44249065e-15 2.44249065e-15] (rgb)'
10.4666 	EXP 	polygon_2: fillColor = '[-2.73205081 -2.73205081 -2.73205081] (rgb)'
10.4839 	EXP 	polygon: fillColor = '[-1. -1. -1.] (rgb)'
10.4839 	EXP 	polygon_2: fillColor = '[-1. -1. -1.] (rgb)'
10.5000 	EXP 	polygon: fillColor = '[-2. -2. -2.] (rgb)'
10.5000 	EXP 	polygon_2: fillColor = '[0.73205081 0.73205081 0.73205081] (rgb)'
10.5166 	EXP 	polygon: fillColor = '[-2.73205081 -2.73205081 -2.73205081] (rgb)'
10.5166 	EXP 	polygon_2: fillColor = '[-2.73205081 -2.73205081 -2.73205081] (rgb)'
10.5331 	EXP 	polygon: fillColor = '[-3. -3. -3.] (rgb)'
10.5331 	EXP 	polygon_2: fillColor = '[-1. -1. -1.] (rgb)'
10.5500 	EXP 	polygon: fillColor = '[-2.73205081 -2.73205081 -2.73205081] (rgb)'
10.5500 	EXP 	polygon_2: fillColor = '[0.73205081 0.73205081 0.73205081] (rgb)'
10.5803 	EXP 	polygon: fillColor = '[-2. -2. -2.] (rgb)'
10.5803 	EXP 	polygon_2: fillColor = '[-2.73205081 -2.73205081 -2.73205081] (rgb)'
10.6000 	EXP 	polygon: fillColor = '[-1. -1. -1.] (rgb)'
10.6000 	EXP 	polygon_2: fillColor = '[-1. -1. -1.] (rgb)'
10.6164 	EXP 	polygon: fillColor = '[1.33226763e-15 1.33226763e-15 1.33226763e-15] (rgb)'
10.6164 	EXP 	polygon_2: fillColor = '[0.73205081 0.73205081 0.73205081] (rgb)'
10.6334 	EXP 	polygon: fillColor = '[0.73205081 0.73205081 0.73205081] (rgb)'
10.6334 	EXP 	polygon_2: fillColor = '[-2.73205081 -2.73205081 -2.73205081] (rgb)'
10.6506 	EXP 	polygon: fillColor = '[1. 1. 1.] (rgb)'
10.6506 	EXP 	polygon_2: fillColor = '[-1. -1. -1.] (rgb)'
10.6667 	EXP 	polygon: fillColor = '[0.73205081 0.73205081 0.73205081] (rgb)'
10.6667 	EXP 	polygon_2: fillColor = '[0.73205081 0.73205081 0.73205081] (rgb)'
10.6835 	EXP 	polygon: fillColor = '[2.88657986e-15 2.88657986e-15 2.88657986e-15] (rgb)'
10.6835 	EXP 	polygon_2: fillColor = '[-2.73205081 -2.73205081 -2.73205081] (rgb)'
10.7001 	EXP 	polygon: fillColor = '[-1. -1. -1.] (rgb)'
10.7001 	EXP 	polygon_2: fillColor = '[-1. -1. -1.] (rgb)'
10.7167 	EXP 	polygon: fillColor = '[-2. -2. -2.] (rgb)'
10.7167 	EXP 	polygon_2: fillColor = '[0.73205081 0.73205081 0.73205081] (rgb)'
10.7340 	EXP 	polygon: fillColor = '[-2.73205081 -2.73205081 -2.73205081] (rgb)'
10.7340 	EXP 	polygon_2: fillColor = '[-2.73205081 -2.73205081 -2.73205081] (rgb)'
10.7509 	EXP 	polygon: fillColor = '[-3. -3. -3.] (rgb)'
10.7509 	EXP 	polygon_2: fillColor = '[-1. -1. -1.] (rgb)'
10.7669 	EXP 	polygon: fillColor = '[-2.73205081 -2.73205081 -2.73205081] (rgb)'
10.7669 	EXP 	polygon_2: fillColor = '[0.73205081 0.73205081 0.73205081] (rgb)'
10.7842 	EXP 	polygon: fillColor = '[-2. -2. -2.] (rgb)'
10.7842 	EXP 	polygon_2: fillColor = '[-2.73205081 -2.73205081 -2.73205081] (rgb)'
10.8008 	EXP 	polygon: fillColor = '[-1. -1. -1.] (rgb)'
10.8008 	EXP 	polygon_2: fillColor = '[-1. -1. -1.] (rgb)'
10.8166 	EXP 	polygon: fillColor = '[8.8817842e-16 8.8817842e-16 8.8817842e-16] (rgb)'
10.8166 	EXP 	polygon_2: fillColor = '[0.73205081 0.73205081 0.73205081] (rgb)'
10.8332 	EXP 	polygon: fillColor = '[0.73205081 0.73205081 0.73205081] (rgb)'
10.8332 	EXP 	polygon_2: fillColor = '[-2.73205081 -2.73205081 -2.73205081] (rgb)'
10.8509 	EXP 	polygon: fillColor = '[1. 1. 1.] (rgb)'
10.8509 	EXP 	polygon_2: fillColor = '[-1. -1. -1.] (rgb)'
10.8666 	EXP 	polygon: fillColor = '[0.73205081 0.73205081 0.73205081] (rgb)'
10.8666 	EXP 	polygon_2: fillColor = '[0.73205081 0.73205081 0.73205081] (rgb)'
10.8833 	EXP 	polygon: fillColor = '[3.33066907e-15 3.33066907e-15 3.33066907e-15] (rgb)'
10.8833 	EXP 	polygon_2: fillColor = '[-2.73205081 -2.73205081 -2.73205081] (rgb)'
10.9015 	EXP 	polygon: fillColor = '[-1. -1. -1.] (rgb)'
10.9015 	EXP 	polygon_2: fillColor = '[-1. -1. -1.] (rgb)'
10.9166 	EXP 	polygon: fillColor = '[-2. -2. -2.] (rgb)'
10.9166 	EXP 	polygon_2: fillColor = '[0.73205081 0.73205081 0.73205081] (rgb)'
10.9331 	EXP 	polygon: fillColor = '[-2.73205081 -2.73205081 -2.73205081] (rgb)'
10.9331 	EXP 	polygon_2: fillColor = '[-2.73205081 -2.73205081 -2.73205081] (rgb)'
10.9502 	EXP 	polygon: fillColor = '[-3. -3. -3.] (rgb)'
10.9502 	EXP 	polygon_2: fillColor = '[-1. -1. -1.] (rgb)'
10.9673 	EXP 	polygon: fillColor = '[-2.73205081 -2.73205081 -2.73205081] (rgb)'
10.9673 	EXP 	polygon_2: fillColor = '[0.73205081 0.73205081 0.73205081] (rgb)'
10.9843 	EXP 	polygon: fillColor = '[-2. -2. -2.] (rgb)'
10.9843 	EXP 	polygon_2: fillColor = '[-2.73205081 -2.73205081 -2.73205081] (rgb)'
10.9995 	EXP 	polygon: fillColor = '[-1. -1. -1.] (rgb)'
10.9995 	EXP 	polygon_2: fillColor = '[-1. -1. -1.] (rgb)'
11.0164 	EXP 	polygon: fillColor = '[-1.18793864e-14 -1.18793864e-14 -1.18793864e-14] (rgb)'
11.0164 	EXP 	polygon_2: fillColor = '[0.73205081 0.73205081 0.73205081] (rgb)'
11.0333 	EXP 	polygon: fillColor = '[0.73205081 0.73205081 0.73205081] (rgb)'
11.0333 	EXP 	polygon_2: fillColor = '[-2.73205081 -2.73205081 -2.73205081] (rgb)'
11.0500 	EXP 	polygon: fillColor = '[1. 1. 1.] (rgb)'
11.0500 	EXP 	polygon_2: fillColor = '[-1. -1. -1.] (rgb)'
11.0666 	EXP 	polygon: fillColor = '[0.73205081 0.73205081 0.73205081] (rgb)'
11.0666 	EXP 	polygon_2: fillColor = '[0.73205081 0.73205081 0.73205081] (rgb)'
11.0832 	EXP 	polygon: fillColor = '[1.62092562e-14 1.62092562e-14 1.62092562e-14] (rgb)'
11.0832 	EXP 	polygon_2: fillColor = '[-2.73205081 -2.73205081 -2.73205081] (rgb)'
11.0998 	EXP 	polygon: fillColor = '[-1. -1. -1.] (rgb)'
11.0998 	EXP 	polygon_2: fillColor = '[-1. -1. -1.] (rgb)'
11.1177 	EXP 	polygon: fillColor = '[-2. -2. -2.] (rgb)'
11.1177 	EXP 	polygon_2: fillColor = '[0.73205081 0.73205081 0.73205081] (rgb)'
11.1333 	EXP 	polygon: fillColor = '[-2.73205081 -2.73205081 -2.73205081] (rgb)'
11.1333 	EXP 	polygon_2: fillColor = '[-2.73205081 -2.73205081 -2.73205081] (rgb)'
11.1502 	EXP 	polygon: fillColor = '[-3. -3. -3.] (rgb)'
11.1502 	EXP 	polygon_2: fillColor = '[-1. -1. -1.] (rgb)'
11.1666 	EXP 	polygon: fillColor = '[-2.73205081 -2.73205081 -2.73205081] (rgb)'
11.1666 	EXP 	polygon_2: fillColor = '[0.73205081 0.73205081 0.73205081] (rgb)'
11.1831 	EXP 	polygon: fillColor = '[-2. -2. -2.] (rgb)'
11.1831 	EXP 	polygon_2: fillColor = '[-2.73205081 -2.73205081 -2.73205081] (rgb)'
11.2008 	EXP 	polygon: fillColor = '[-1. -1. -1.] (rgb)'
11.2008 	EXP 	polygon_2: fillColor = '[-1. -1. -1.] (rgb)'
11.2162 	EXP 	polygon: fillColor = '[0. 0. 0.] (rgb)'
11.2162 	EXP 	polygon_2: fillColor = '[0.73205081 0.73205081 0.73205081] (rgb)'
11.2333 	EXP 	polygon: fillColor = '[0.73205081 0.73205081 0.73205081] (rgb)'
11.2333 	EXP 	polygon_2: fillColor = '[-2.73205081 -2.73205081 -2.73205081] (rgb)'
11.2508 	EXP 	polygon: fillColor = '[1. 1. 1.] (rgb)'
11.2508 	EXP 	polygon_2: fillColor = '[-1. -1. -1.] (rgb)'
11.2678 	EXP 	polygon: fillColor = '[0.73205081 0.73205081 0.73205081] (rgb)'
11.2678 	EXP 	polygon_2: fillColor = '[0.73205081 0.73205081 0.73205081] (rgb)'
11.2830 	EXP 	polygon: fillColor = '[4.21884749e-15 4.21884749e-15 4.21884749e-15] (rgb)'
11.2830 	EXP 	polygon_2: fillColor = '[-2.73205081 -2.73205081 -2.73205081] (rgb)'
11.2996 	EXP 	polygon: fillColor = '[-1. -1. -1.] (rgb)'
11.2996 	EXP 	polygon_2: fillColor = '[-1. -1. -1.] (rgb)'
11.3163 	EXP 	polygon: fillColor = '[-2. -2. -2.] (rgb)'
11.3163 	EXP 	polygon_2: fillColor = '[0.73205081 0.73205081 0.73205081] (rgb)'
11.3341 	EXP 	polygon: fillColor = '[-2.73205081 -2.73205081 -2.73205081] (rgb)'
11.3341 	EXP 	polygon_2: fillColor = '[-2.73205081 -2.73205081 -2.73205081] (rgb)'
11.3497 	EXP 	polygon: fillColor = '[-3. -3. -3.] (rgb)'
11.3497 	EXP 	polygon_2: fillColor = '[-1. -1. -1.] (rgb)'
11.3663 	EXP 	polygon: fillColor = '[-2.73205081 -2.73205081 -2.73205081] (rgb)'
11.3663 	EXP 	polygon_2: fillColor = '[0.73205081 0.73205081 0.73205081] (rgb)'
11.3828 	EXP 	polygon: fillColor = '[-2. -2. -2.] (rgb)'
11.3828 	EXP 	polygon_2: fillColor = '[-2.73205081 -2.73205081 -2.73205081] (rgb)'
11.3996 	EXP 	polygon: fillColor = '[-1. -1. -1.] (rgb)'
11.3996 	EXP 	polygon_2: fillColor = '[-1. -1. -1.] (rgb)'
11.4164 	EXP 	polygon: fillColor = '[1.19904087e-14 1.19904087e-14 1.19904087e-14] (rgb)'
11.4164 	EXP 	polygon_2: fillColor = '[0.73205081 0.73205081 0.73205081] (rgb)'
11.4329 	EXP 	polygon: fillColor = '[0.73205081 0.73205081 0.73205081] (rgb)'
11.4329 	EXP 	polygon_2: fillColor = '[-2.73205081 -2.73205081 -2.73205081] (rgb)'
11.4497 	EXP 	polygon: fillColor = '[1. 1. 1.] (rgb)'
11.4497 	EXP 	polygon_2: fillColor = '[-1. -1. -1.] (rgb)'
11.4660 	EXP 	polygon: fillColor = '[0.73205081 0.73205081 0.73205081] (rgb)'
11.4660 	EXP 	polygon_2: fillColor = '[0.73205081 0.73205081 0.73205081] (rgb)'
11.4838 	EXP 	polygon: fillColor = '[1.687539e-14 1.687539e-14 1.687539e-14] (rgb)'
11.4838 	EXP 	polygon_2: fillColor = '[-2.73205081 -2.73205081 -2.73205081] (rgb)'
11.4995 	EXP 	polygon: fillColor = '[-1. -1. -1.] (rgb)'
11.4995 	EXP 	polygon_2: fillColor = '[-1. -1. -1.] (rgb)'
11.5163 	EXP 	polygon: fillColor = '[-2. -2. -2.] (rgb)'
11.5163 	EXP 	polygon_2: fillColor = '[0.73205081 0.73205081 0.73205081] (rgb)'
11.5330 	EXP 	polygon: fillColor = '[-2.73205081 -2.73205081 -2.73205081] (rgb)'
11.5330 	EXP 	polygon_2: fillColor = '[-2.73205081 -2.73205081 -2.73205081] (rgb)'
11.5498 	EXP 	polygon: fillColor = '[-3. -3. -3.] (rgb)'
11.5498 	EXP 	polygon_2: fillColor = '[-1. -1. -1.] (rgb)'
11.5661 	EXP 	polygon: fillColor = '[-2.73205081 -2.73205081 -2.73205081] (rgb)'
11.5661 	EXP 	polygon_2: fillColor = '[0.73205081 0.73205081 0.73205081] (rgb)'
11.5851 	EXP 	polygon: fillColor = '[-2. -2. -2.] (rgb)'
11.5851 	EXP 	polygon_2: fillColor = '[-2.73205081 -2.73205081 -2.73205081] (rgb)'
11.5996 	EXP 	polygon: fillColor = '[-1. -1. -1.] (rgb)'
11.5996 	EXP 	polygon_2: fillColor = '[-1. -1. -1.] (rgb)'
11.6162 	EXP 	polygon: fillColor = '[-8.8817842e-16 -8.8817842e-16 -8.8817842e-16] (rgb)'
11.6162 	EXP 	polygon_2: fillColor = '[0.73205081 0.73205081 0.73205081] (rgb)'
11.6327 	EXP 	polygon: fillColor = '[0.73205081 0.73205081 0.73205081] (rgb)'
11.6327 	EXP 	polygon_2: fillColor = '[-2.73205081 -2.73205081 -2.73205081] (rgb)'
11.6494 	EXP 	polygon: fillColor = '[1. 1. 1.] (rgb)'
11.6494 	EXP 	polygon_2: fillColor = '[-1. -1. -1.] (rgb)'
11.6670 	EXP 	polygon: fillColor = '[0.73205081 0.73205081 0.73205081] (rgb)'
11.6670 	EXP 	polygon_2: fillColor = '[0.73205081 0.73205081 0.73205081] (rgb)'
11.6828 	EXP 	polygon: fillColor = '[5.10702591e-15 5.10702591e-15 5.10702591e-15] (rgb)'
11.6828 	EXP 	polygon_2: fillColor = '[-2.73205081 -2.73205081 -2.73205081] (rgb)'
11.6993 	EXP 	polygon: fillColor = '[-1. -1. -1.] (rgb)'
11.6993 	EXP 	polygon_2: fillColor = '[-1. -1. -1.] (rgb)'
11.7160 	EXP 	polygon: fillColor = '[-2. -2. -2.] (rgb)'
11.7160 	EXP 	polygon_2: fillColor = '[0.73205081 0.73205081 0.73205081] (rgb)'
11.7329 	EXP 	polygon: fillColor = '[-2.73205081 -2.73205081 -2.73205081] (rgb)'
11.7329 	EXP 	polygon_2: fillColor = '[-2.73205081 -2.73205081 -2.73205081] (rgb)'
11.7505 	EXP 	polygon: fillColor = '[-3. -3. -3.] (rgb)'
11.7505 	EXP 	polygon_2: fillColor = '[-1. -1. -1.] (rgb)'
11.7661 	EXP 	polygon: fillColor = '[-2.73205081 -2.73205081 -2.73205081] (rgb)'
11.7661 	EXP 	polygon_2: fillColor = '[0.73205081 0.73205081 0.73205081] (rgb)'
11.7824 	EXP 	polygon: fillColor = '[-2. -2. -2.] (rgb)'
11.7824 	EXP 	polygon_2: fillColor = '[-2.73205081 -2.73205081 -2.73205081] (rgb)'
11.7993 	EXP 	polygon: autoDraw = False
11.7993 	EXP 	polygon_2: autoDraw = False
11.8192 	EXP 	window1: mouseVisible = True
