1.7671 	WARNING 	Import Error: No module named 'psychtoolbox'. Using event module for keyboard component.
5.3486 	EXP 	Created window1 = Window(allowGUI=False, allowStencil=False, args=UNKNOWN, autoLog=True, bitsMode=UNKNOWN, blendMode='avg', color=array([-1., -1., -1.]), colorSpace='rgb', fullscr=<method-wrapper '__getattribute__' of attributeSetter object at 0x0000021C32071F48>, gamma=None, gammaErrorPolicy='raise', kwargs=UNKNOWN, lms=UNKNOWN, monitor=<psychopy.monitors.calibTools.Monitor object at 0x0000021C320E3EC8>, multiSample=False, name='window1', numSamples=2, pos=[0.0, 0.0], screen=0, size=array([1920, 1080]), stereo=False, units='height', useFBO=True, useRetina=False, viewOri=0.0, viewPos=None, viewScale=None, waitBlanking=True, winType='pyglet')
5.3487 	EXP 	window1: recordFrameIntervals = False
5.5148 	EXP 	window1: recordFrameIntervals = True
5.6984 	EXP 	window1: recordFrameIntervals = False
5.7562 	EXP 	Created text = TextStim(__class__=<class 'psychopy.visual.text.TextStim'>, alignHoriz='center', alignVert='center', antialias=True, autoLog=True, bold=False, color='white', colorSpace='named', contrast=1.0, depth=0.0, flipHoriz=False, flipVert=False, font='Arial', fontFiles=[], height=0.05, italic=False, languageStyle='LTR', name='text', opacity=1.0, ori=0, pos=array([0., 0.]), rgb=array([255., 255., 255.]), text='脑机接口\n\n视觉刺激实验\n\n按"空格"继续', units='height', win=Window(...), wrapWidth=1)
5.7579 	EXP 	Created polygon = Rect(__class__=<class 'psychopy.visual.rect.Rect'>, autoDraw=False, autoLog=True, closeShape=True, color=method-wrapper(...), colorSpace=None, contrast=1.0, depth=0.0, fillColor=array([1., 1., 1.]), fillColorSpace='rgb', fillRGB=array([1., 1., 1.]), interpolate=True, lineColor=array([1., 1., 1.]), lineColorSpace='rgb', lineRGB=array([1., 1., 1.]), lineWidth=1, name='polygon', opacity=1.0, ori=array(0.), pos=array([-0.3,  0. ]), size=array([1., 1.]), units='height', vertices=ndarray(...), win=Window(...))
5.7591 	EXP 	Created polygon_2 = Rect(__class__=<class 'psychopy.visual.rect.Rect'>, autoDraw=False, autoLog=True, closeShape=True, color=method-wrapper(...), colorSpace=None, contrast=1.0, depth=-1.0, fillColor=array([1., 1., 1.]), fillColorSpace='rgb', fillRGB=array([1., 1., 1.]), interpolate=True, lineColor=array([1., 1., 1.]), lineColorSpace='rgb', lineRGB=array([1., 1., 1.]), lineWidth=1, name='polygon_2', opacity=1.0, ori=array(0.), pos=array([0.3, 0. ]), size=array([1., 1.]), units='height', vertices=ndarray(...), win=Window(...))
5.7645 	EXP 	text: autoDraw = True
6.9810 	DATA 	Keypress: space
6.9976 	EXP 	text: autoDraw = False
6.9976 	EXP 	polygon: autoDraw = True
6.9976 	EXP 	polygon_2: autoDraw = True
6.9976 	EXP 	polygon: fillColor = '[-1. -1. -1.] (rgb)'
6.9976 	EXP 	polygon_2: fillColor = '[-1. -1. -1.] (rgb)'
7.0136 	EXP 	polygon: fillColor = '[-1.11022302e-16 -1.11022302e-16 -1.11022302e-16] (rgb)'
7.0136 	EXP 	polygon_2: fillColor = '[0.73205081 0.73205081 0.73205081] (rgb)'
7.0305 	EXP 	polygon: fillColor = '[0.73205081 0.73205081 0.73205081] (rgb)'
7.0305 	EXP 	polygon_2: fillColor = '[-2.73205081 -2.73205081 -2.73205081] (rgb)'
7.0483 	EXP 	polygon: fillColor = '[1. 1. 1.] (rgb)'
7.0483 	EXP 	polygon_2: fillColor = '[-1. -1. -1.] (rgb)'
7.0636 	EXP 	polygon: fillColor = '[0.73205081 0.73205081 0.73205081] (rgb)'
7.0636 	EXP 	polygon_2: fillColor = '[0.73205081 0.73205081 0.73205081] (rgb)'
7.0803 	EXP 	polygon: fillColor = '[-1.11022302e-16 -1.11022302e-16 -1.11022302e-16] (rgb)'
7.0803 	EXP 	polygon_2: fillColor = '[-2.73205081 -2.73205081 -2.73205081] (rgb)'
7.0973 	EXP 	polygon: fillColor = '[-1. -1. -1.] (rgb)'
7.0973 	EXP 	polygon_2: fillColor = '[-1. -1. -1.] (rgb)'
7.1135 	EXP 	polygon: fillColor = '[-2. -2. -2.] (rgb)'
7.1135 	EXP 	polygon_2: fillColor = '[0.73205081 0.73205081 0.73205081] (rgb)'
7.1304 	EXP 	polygon: fillColor = '[-2.73205081 -2.73205081 -2.73205081] (rgb)'
7.1304 	EXP 	polygon_2: fillColor = '[-2.73205081 -2.73205081 -2.73205081] (rgb)'
7.1470 	EXP 	polygon: fillColor = '[-3. -3. -3.] (rgb)'
7.1470 	EXP 	polygon_2: fillColor = '[-1. -1. -1.] (rgb)'
7.1636 	EXP 	polygon: fillColor = '[-2.73205081 -2.73205081 -2.73205081] (rgb)'
7.1636 	EXP 	polygon_2: fillColor = '[0.73205081 0.73205081 0.73205081] (rgb)'
7.1802 	EXP 	polygon: fillColor = '[-2. -2. -2.] (rgb)'
7.1802 	EXP 	polygon_2: fillColor = '[-2.73205081 -2.73205081 -2.73205081] (rgb)'
7.1967 	EXP 	polygon: fillColor = '[-1. -1. -1.] (rgb)'
7.1967 	EXP 	polygon_2: fillColor = '[-1. -1. -1.] (rgb)'
7.2137 	EXP 	polygon: fillColor = '[-1.44328993e-15 -1.44328993e-15 -1.44328993e-15] (rgb)'
7.2137 	EXP 	polygon_2: fillColor = '[0.73205081 0.73205081 0.73205081] (rgb)'
7.2302 	EXP 	polygon: fillColor = '[0.73205081 0.73205081 0.73205081] (rgb)'
7.2302 	EXP 	polygon_2: fillColor = '[-2.73205081 -2.73205081 -2.73205081] (rgb)'
7.2467 	EXP 	polygon: fillColor = '[1. 1. 1.] (rgb)'
7.2467 	EXP 	polygon_2: fillColor = '[-1. -1. -1.] (rgb)'
7.2634 	EXP 	polygon: fillColor = '[0.73205081 0.73205081 0.73205081] (rgb)'
7.2634 	EXP 	polygon_2: fillColor = '[0.73205081 0.73205081 0.73205081] (rgb)'
7.2801 	EXP 	polygon: fillColor = '[-4.4408921e-16 -4.4408921e-16 -4.4408921e-16] (rgb)'
7.2801 	EXP 	polygon_2: fillColor = '[-2.73205081 -2.73205081 -2.73205081] (rgb)'
7.2977 	EXP 	polygon: fillColor = '[-1. -1. -1.] (rgb)'
7.2977 	EXP 	polygon_2: fillColor = '[-1. -1. -1.] (rgb)'
7.3135 	EXP 	polygon: fillColor = '[-2. -2. -2.] (rgb)'
7.3135 	EXP 	polygon_2: fillColor = '[0.73205081 0.73205081 0.73205081] (rgb)'
7.3303 	EXP 	polygon: fillColor = '[-2.73205081 -2.73205081 -2.73205081] (rgb)'
7.3303 	EXP 	polygon_2: fillColor = '[-2.73205081 -2.73205081 -2.73205081] (rgb)'
7.3473 	EXP 	polygon: fillColor = '[-3. -3. -3.] (rgb)'
7.3473 	EXP 	polygon_2: fillColor = '[-1. -1. -1.] (rgb)'
7.3637 	EXP 	polygon: fillColor = '[-2.73205081 -2.73205081 -2.73205081] (rgb)'
7.3637 	EXP 	polygon_2: fillColor = '[0.73205081 0.73205081 0.73205081] (rgb)'
7.3801 	EXP 	polygon: fillColor = '[-2. -2. -2.] (rgb)'
7.3801 	EXP 	polygon_2: fillColor = '[-2.73205081 -2.73205081 -2.73205081] (rgb)'
7.3973 	EXP 	polygon: fillColor = '[-1. -1. -1.] (rgb)'
7.3973 	EXP 	polygon_2: fillColor = '[-1. -1. -1.] (rgb)'
7.4134 	EXP 	polygon: fillColor = '[-1.88737914e-15 -1.88737914e-15 -1.88737914e-15] (rgb)'
7.4134 	EXP 	polygon_2: fillColor = '[0.73205081 0.73205081 0.73205081] (rgb)'
7.4299 	EXP 	polygon: fillColor = '[0.73205081 0.73205081 0.73205081] (rgb)'
7.4299 	EXP 	polygon_2: fillColor = '[-2.73205081 -2.73205081 -2.73205081] (rgb)'
7.4466 	EXP 	polygon: fillColor = '[1. 1. 1.] (rgb)'
7.4466 	EXP 	polygon_2: fillColor = '[-1. -1. -1.] (rgb)'
7.4633 	EXP 	polygon: fillColor = '[0.73205081 0.73205081 0.73205081] (rgb)'
7.4633 	EXP 	polygon_2: fillColor = '[0.73205081 0.73205081 0.73205081] (rgb)'
7.4800 	EXP 	polygon: fillColor = '[3.10862447e-15 3.10862447e-15 3.10862447e-15] (rgb)'
7.4800 	EXP 	polygon_2: fillColor = '[-2.73205081 -2.73205081 -2.73205081] (rgb)'
7.4968 	EXP 	polygon: fillColor = '[-1. -1. -1.] (rgb)'
7.4968 	EXP 	polygon_2: fillColor = '[-1. -1. -1.] (rgb)'
7.5133 	EXP 	polygon: fillColor = '[-2. -2. -2.] (rgb)'
7.5133 	EXP 	polygon_2: fillColor = '[0.73205081 0.73205081 0.73205081] (rgb)'
7.5301 	EXP 	polygon: fillColor = '[-2.73205081 -2.73205081 -2.73205081] (rgb)'
7.5301 	EXP 	polygon_2: fillColor = '[-2.73205081 -2.73205081 -2.73205081] (rgb)'
7.5467 	EXP 	polygon: fillColor = '[-3. -3. -3.] (rgb)'
7.5467 	EXP 	polygon_2: fillColor = '[-1. -1. -1.] (rgb)'
7.5634 	EXP 	polygon: fillColor = '[-2.73205081 -2.73205081 -2.73205081] (rgb)'
7.5634 	EXP 	polygon_2: fillColor = '[0.73205081 0.73205081 0.73205081] (rgb)'
7.5800 	EXP 	polygon: fillColor = '[-2. -2. -2.] (rgb)'
7.5800 	EXP 	polygon_2: fillColor = '[-2.73205081 -2.73205081 -2.73205081] (rgb)'
7.5980 	EXP 	polygon: fillColor = '[-1. -1. -1.] (rgb)'
7.5980 	EXP 	polygon_2: fillColor = '[-1. -1. -1.] (rgb)'
7.6141 	EXP 	polygon: fillColor = '[-2.33146835e-15 -2.33146835e-15 -2.33146835e-15] (rgb)'
7.6141 	EXP 	polygon_2: fillColor = '[0.73205081 0.73205081 0.73205081] (rgb)'
7.6297 	EXP 	polygon: fillColor = '[0.73205081 0.73205081 0.73205081] (rgb)'
7.6297 	EXP 	polygon_2: fillColor = '[-2.73205081 -2.73205081 -2.73205081] (rgb)'
7.6499 	EXP 	polygon: fillColor = '[1. 1. 1.] (rgb)'
7.6499 	EXP 	polygon_2: fillColor = '[-1. -1. -1.] (rgb)'
7.6632 	EXP 	polygon: fillColor = '[0.73205081 0.73205081 0.73205081] (rgb)'
7.6632 	EXP 	polygon_2: fillColor = '[0.73205081 0.73205081 0.73205081] (rgb)'
7.6800 	EXP 	polygon: fillColor = '[4.4408921e-16 4.4408921e-16 4.4408921e-16] (rgb)'
7.6800 	EXP 	polygon_2: fillColor = '[-2.73205081 -2.73205081 -2.73205081] (rgb)'
7.6966 	EXP 	polygon: fillColor = '[-1. -1. -1.] (rgb)'
7.6966 	EXP 	polygon_2: fillColor = '[-1. -1. -1.] (rgb)'
7.7132 	EXP 	polygon: fillColor = '[-2. -2. -2.] (rgb)'
7.7132 	EXP 	polygon_2: fillColor = '[0.73205081 0.73205081 0.73205081] (rgb)'
7.7299 	EXP 	polygon: fillColor = '[-2.73205081 -2.73205081 -2.73205081] (rgb)'
7.7299 	EXP 	polygon_2: fillColor = '[-2.73205081 -2.73205081 -2.73205081] (rgb)'
7.7467 	EXP 	polygon: fillColor = '[-3. -3. -3.] (rgb)'
7.7467 	EXP 	polygon_2: fillColor = '[-1. -1. -1.] (rgb)'
7.7631 	EXP 	polygon: fillColor = '[-2.73205081 -2.73205081 -2.73205081] (rgb)'
7.7631 	EXP 	polygon_2: fillColor = '[0.73205081 0.73205081 0.73205081] (rgb)'
7.7798 	EXP 	polygon: fillColor = '[-2. -2. -2.] (rgb)'
7.7798 	EXP 	polygon_2: fillColor = '[-2.73205081 -2.73205081 -2.73205081] (rgb)'
7.7979 	EXP 	polygon: fillColor = '[-1. -1. -1.] (rgb)'
7.7979 	EXP 	polygon_2: fillColor = '[-1. -1. -1.] (rgb)'
7.8131 	EXP 	polygon: fillColor = '[-2.77555756e-15 -2.77555756e-15 -2.77555756e-15] (rgb)'
7.8131 	EXP 	polygon_2: fillColor = '[0.73205081 0.73205081 0.73205081] (rgb)'
7.8298 	EXP 	polygon: fillColor = '[0.73205081 0.73205081 0.73205081] (rgb)'
7.8298 	EXP 	polygon_2: fillColor = '[-2.73205081 -2.73205081 -2.73205081] (rgb)'
7.8470 	EXP 	polygon: fillColor = '[1. 1. 1.] (rgb)'
7.8470 	EXP 	polygon_2: fillColor = '[-1. -1. -1.] (rgb)'
7.8630 	EXP 	polygon: fillColor = '[0.73205081 0.73205081 0.73205081] (rgb)'
7.8630 	EXP 	polygon_2: fillColor = '[0.73205081 0.73205081 0.73205081] (rgb)'
7.8806 	EXP 	polygon: fillColor = '[8.8817842e-16 8.8817842e-16 8.8817842e-16] (rgb)'
7.8806 	EXP 	polygon_2: fillColor = '[-2.73205081 -2.73205081 -2.73205081] (rgb)'
7.8963 	EXP 	polygon: fillColor = '[-1. -1. -1.] (rgb)'
7.8963 	EXP 	polygon_2: fillColor = '[-1. -1. -1.] (rgb)'
7.9129 	EXP 	polygon: fillColor = '[-2. -2. -2.] (rgb)'
7.9129 	EXP 	polygon_2: fillColor = '[0.73205081 0.73205081 0.73205081] (rgb)'
7.9301 	EXP 	polygon: fillColor = '[-2.73205081 -2.73205081 -2.73205081] (rgb)'
7.9301 	EXP 	polygon_2: fillColor = '[-2.73205081 -2.73205081 -2.73205081] (rgb)'
7.9464 	EXP 	polygon: fillColor = '[-3. -3. -3.] (rgb)'
7.9464 	EXP 	polygon_2: fillColor = '[-1. -1. -1.] (rgb)'
7.9632 	EXP 	polygon: fillColor = '[-2.73205081 -2.73205081 -2.73205081] (rgb)'
7.9632 	EXP 	polygon_2: fillColor = '[0.73205081 0.73205081 0.73205081] (rgb)'
7.9797 	EXP 	polygon: fillColor = '[-2. -2. -2.] (rgb)'
7.9797 	EXP 	polygon_2: fillColor = '[-2.73205081 -2.73205081 -2.73205081] (rgb)'
7.9963 	EXP 	polygon: fillColor = '[-1. -1. -1.] (rgb)'
7.9963 	EXP 	polygon_2: fillColor = '[-1. -1. -1.] (rgb)'
8.0131 	EXP 	polygon: fillColor = '[2.88657986e-15 2.88657986e-15 2.88657986e-15] (rgb)'
8.0131 	EXP 	polygon_2: fillColor = '[0.73205081 0.73205081 0.73205081] (rgb)'
8.0298 	EXP 	polygon: fillColor = '[0.73205081 0.73205081 0.73205081] (rgb)'
8.0298 	EXP 	polygon_2: fillColor = '[-2.73205081 -2.73205081 -2.73205081] (rgb)'
8.0476 	EXP 	polygon: fillColor = '[1. 1. 1.] (rgb)'
8.0476 	EXP 	polygon_2: fillColor = '[-1. -1. -1.] (rgb)'
8.0631 	EXP 	polygon: fillColor = '[0.73205081 0.73205081 0.73205081] (rgb)'
8.0631 	EXP 	polygon_2: fillColor = '[0.73205081 0.73205081 0.73205081] (rgb)'
8.0798 	EXP 	polygon: fillColor = '[1.33226763e-15 1.33226763e-15 1.33226763e-15] (rgb)'
8.0798 	EXP 	polygon_2: fillColor = '[-2.73205081 -2.73205081 -2.73205081] (rgb)'
8.0962 	EXP 	polygon: fillColor = '[-1. -1. -1.] (rgb)'
8.0962 	EXP 	polygon_2: fillColor = '[-1. -1. -1.] (rgb)'
8.1131 	EXP 	polygon: fillColor = '[-2. -2. -2.] (rgb)'
8.1131 	EXP 	polygon_2: fillColor = '[0.73205081 0.73205081 0.73205081] (rgb)'
8.1296 	EXP 	polygon: fillColor = '[-2.73205081 -2.73205081 -2.73205081] (rgb)'
8.1296 	EXP 	polygon_2: fillColor = '[-2.73205081 -2.73205081 -2.73205081] (rgb)'
8.1464 	EXP 	polygon: fillColor = '[-3. -3. -3.] (rgb)'
8.1464 	EXP 	polygon_2: fillColor = '[-1. -1. -1.] (rgb)'
8.1630 	EXP 	polygon: fillColor = '[-2.73205081 -2.73205081 -2.73205081] (rgb)'
8.1630 	EXP 	polygon_2: fillColor = '[0.73205081 0.73205081 0.73205081] (rgb)'
8.1801 	EXP 	polygon: fillColor = '[-2. -2. -2.] (rgb)'
8.1801 	EXP 	polygon_2: fillColor = '[-2.73205081 -2.73205081 -2.73205081] (rgb)'
8.1962 	EXP 	polygon: fillColor = '[-1. -1. -1.] (rgb)'
8.1962 	EXP 	polygon_2: fillColor = '[-1. -1. -1.] (rgb)'
8.2128 	EXP 	polygon: fillColor = '[2.44249065e-15 2.44249065e-15 2.44249065e-15] (rgb)'
8.2128 	EXP 	polygon_2: fillColor = '[0.73205081 0.73205081 0.73205081] (rgb)'
8.2296 	EXP 	polygon: fillColor = '[0.73205081 0.73205081 0.73205081] (rgb)'
8.2296 	EXP 	polygon_2: fillColor = '[-2.73205081 -2.73205081 -2.73205081] (rgb)'
8.2462 	EXP 	polygon: fillColor = '[1. 1. 1.] (rgb)'
8.2462 	EXP 	polygon_2: fillColor = '[-1. -1. -1.] (rgb)'
8.2628 	EXP 	polygon: fillColor = '[0.73205081 0.73205081 0.73205081] (rgb)'
8.2628 	EXP 	polygon_2: fillColor = '[0.73205081 0.73205081 0.73205081] (rgb)'
8.2795 	EXP 	polygon: fillColor = '[1.77635684e-15 1.77635684e-15 1.77635684e-15] (rgb)'
8.2795 	EXP 	polygon_2: fillColor = '[-2.73205081 -2.73205081 -2.73205081] (rgb)'
8.2963 	EXP 	polygon: fillColor = '[-1. -1. -1.] (rgb)'
8.2963 	EXP 	polygon_2: fillColor = '[-1. -1. -1.] (rgb)'
8.3129 	EXP 	polygon: fillColor = '[-2. -2. -2.] (rgb)'
8.3129 	EXP 	polygon_2: fillColor = '[0.73205081 0.73205081 0.73205081] (rgb)'
8.3306 	EXP 	polygon: fillColor = '[-2.73205081 -2.73205081 -2.73205081] (rgb)'
8.3306 	EXP 	polygon_2: fillColor = '[-2.73205081 -2.73205081 -2.73205081] (rgb)'
8.3461 	EXP 	polygon: fillColor = '[-3. -3. -3.] (rgb)'
8.3461 	EXP 	polygon_2: fillColor = '[-1. -1. -1.] (rgb)'
8.3638 	EXP 	polygon: fillColor = '[-2.73205081 -2.73205081 -2.73205081] (rgb)'
8.3638 	EXP 	polygon_2: fillColor = '[0.73205081 0.73205081 0.73205081] (rgb)'
8.3796 	EXP 	polygon: fillColor = '[-2. -2. -2.] (rgb)'
8.3796 	EXP 	polygon_2: fillColor = '[-2.73205081 -2.73205081 -2.73205081] (rgb)'
8.3964 	EXP 	polygon: fillColor = '[-1. -1. -1.] (rgb)'
8.3964 	EXP 	polygon_2: fillColor = '[-1. -1. -1.] (rgb)'
8.4130 	EXP 	polygon: fillColor = '[-1.02140518e-14 -1.02140518e-14 -1.02140518e-14] (rgb)'
8.4130 	EXP 	polygon_2: fillColor = '[0.73205081 0.73205081 0.73205081] (rgb)'
8.4295 	EXP 	polygon: fillColor = '[0.73205081 0.73205081 0.73205081] (rgb)'
8.4295 	EXP 	polygon_2: fillColor = '[-2.73205081 -2.73205081 -2.73205081] (rgb)'
8.4463 	EXP 	polygon: fillColor = '[1. 1. 1.] (rgb)'
8.4463 	EXP 	polygon_2: fillColor = '[-1. -1. -1.] (rgb)'
8.4636 	EXP 	polygon: fillColor = '[0.73205081 0.73205081 0.73205081] (rgb)'
8.4636 	EXP 	polygon_2: fillColor = '[0.73205081 0.73205081 0.73205081] (rgb)'
8.4793 	EXP 	polygon: fillColor = '[2.22044605e-15 2.22044605e-15 2.22044605e-15] (rgb)'
8.4793 	EXP 	polygon_2: fillColor = '[-2.73205081 -2.73205081 -2.73205081] (rgb)'
8.4958 	EXP 	polygon: fillColor = '[-1. -1. -1.] (rgb)'
8.4958 	EXP 	polygon_2: fillColor = '[-1. -1. -1.] (rgb)'
8.5130 	EXP 	polygon: fillColor = '[-2. -2. -2.] (rgb)'
8.5130 	EXP 	polygon_2: fillColor = '[0.73205081 0.73205081 0.73205081] (rgb)'
8.5294 	EXP 	polygon: fillColor = '[-2.73205081 -2.73205081 -2.73205081] (rgb)'
8.5294 	EXP 	polygon_2: fillColor = '[-2.73205081 -2.73205081 -2.73205081] (rgb)'
8.5461 	EXP 	polygon: fillColor = '[-3. -3. -3.] (rgb)'
8.5461 	EXP 	polygon_2: fillColor = '[-1. -1. -1.] (rgb)'
8.5629 	EXP 	polygon: fillColor = '[-2.73205081 -2.73205081 -2.73205081] (rgb)'
8.5629 	EXP 	polygon_2: fillColor = '[0.73205081 0.73205081 0.73205081] (rgb)'
8.5794 	EXP 	polygon: fillColor = '[-2. -2. -2.] (rgb)'
8.5794 	EXP 	polygon_2: fillColor = '[-2.73205081 -2.73205081 -2.73205081] (rgb)'
8.5962 	EXP 	polygon: fillColor = '[-1. -1. -1.] (rgb)'
8.5962 	EXP 	polygon_2: fillColor = '[-1. -1. -1.] (rgb)'
8.6129 	EXP 	polygon: fillColor = '[-1.0658141e-14 -1.0658141e-14 -1.0658141e-14] (rgb)'
8.6129 	EXP 	polygon_2: fillColor = '[0.73205081 0.73205081 0.73205081] (rgb)'
8.6295 	EXP 	polygon: fillColor = '[0.73205081 0.73205081 0.73205081] (rgb)'
8.6295 	EXP 	polygon_2: fillColor = '[-2.73205081 -2.73205081 -2.73205081] (rgb)'
8.6462 	EXP 	polygon: fillColor = '[1. 1. 1.] (rgb)'
8.6462 	EXP 	polygon_2: fillColor = '[-1. -1. -1.] (rgb)'
8.6631 	EXP 	polygon: fillColor = '[0.73205081 0.73205081 0.73205081] (rgb)'
8.6631 	EXP 	polygon_2: fillColor = '[0.73205081 0.73205081 0.73205081] (rgb)'
8.6800 	EXP 	polygon: fillColor = '[2.44249065e-15 2.44249065e-15 2.44249065e-15] (rgb)'
8.6800 	EXP 	polygon_2: fillColor = '[-2.73205081 -2.73205081 -2.73205081] (rgb)'
8.6958 	EXP 	polygon: fillColor = '[-1. -1. -1.] (rgb)'
8.6958 	EXP 	polygon_2: fillColor = '[-1. -1. -1.] (rgb)'
8.7130 	EXP 	polygon: fillColor = '[-2. -2. -2.] (rgb)'
8.7130 	EXP 	polygon_2: fillColor = '[0.73205081 0.73205081 0.73205081] (rgb)'
8.7293 	EXP 	polygon: fillColor = '[-2.73205081 -2.73205081 -2.73205081] (rgb)'
8.7293 	EXP 	polygon_2: fillColor = '[-2.73205081 -2.73205081 -2.73205081] (rgb)'
8.7457 	EXP 	polygon: fillColor = '[-3. -3. -3.] (rgb)'
8.7457 	EXP 	polygon_2: fillColor = '[-1. -1. -1.] (rgb)'
8.7627 	EXP 	polygon: fillColor = '[-2.73205081 -2.73205081 -2.73205081] (rgb)'
8.7627 	EXP 	polygon_2: fillColor = '[0.73205081 0.73205081 0.73205081] (rgb)'
8.7936 	EXP 	polygon: fillColor = '[-2. -2. -2.] (rgb)'
8.7936 	EXP 	polygon_2: fillColor = '[-2.73205081 -2.73205081 -2.73205081] (rgb)'
8.8136 	EXP 	polygon: fillColor = '[-1. -1. -1.] (rgb)'
8.8136 	EXP 	polygon_2: fillColor = '[-1. -1. -1.] (rgb)'
8.8293 	EXP 	polygon: fillColor = '[1.33226763e-15 1.33226763e-15 1.33226763e-15] (rgb)'
8.8293 	EXP 	polygon_2: fillColor = '[0.73205081 0.73205081 0.73205081] (rgb)'
8.8469 	EXP 	polygon: fillColor = '[0.73205081 0.73205081 0.73205081] (rgb)'
8.8469 	EXP 	polygon_2: fillColor = '[-2.73205081 -2.73205081 -2.73205081] (rgb)'
8.8627 	EXP 	polygon: fillColor = '[1. 1. 1.] (rgb)'
8.8627 	EXP 	polygon_2: fillColor = '[-1. -1. -1.] (rgb)'
8.8793 	EXP 	polygon: fillColor = '[0.73205081 0.73205081 0.73205081] (rgb)'
8.8793 	EXP 	polygon_2: fillColor = '[0.73205081 0.73205081 0.73205081] (rgb)'
8.8961 	EXP 	polygon: fillColor = '[2.88657986e-15 2.88657986e-15 2.88657986e-15] (rgb)'
8.8961 	EXP 	polygon_2: fillColor = '[-2.73205081 -2.73205081 -2.73205081] (rgb)'
8.9137 	EXP 	polygon: fillColor = '[-1. -1. -1.] (rgb)'
8.9137 	EXP 	polygon_2: fillColor = '[-1. -1. -1.] (rgb)'
8.9292 	EXP 	polygon: fillColor = '[-2. -2. -2.] (rgb)'
8.9292 	EXP 	polygon_2: fillColor = '[0.73205081 0.73205081 0.73205081] (rgb)'
8.9461 	EXP 	polygon: fillColor = '[-2.73205081 -2.73205081 -2.73205081] (rgb)'
8.9461 	EXP 	polygon_2: fillColor = '[-2.73205081 -2.73205081 -2.73205081] (rgb)'
8.9626 	EXP 	polygon: fillColor = '[-3. -3. -3.] (rgb)'
8.9626 	EXP 	polygon_2: fillColor = '[-1. -1. -1.] (rgb)'
8.9793 	EXP 	polygon: fillColor = '[-2.73205081 -2.73205081 -2.73205081] (rgb)'
8.9793 	EXP 	polygon_2: fillColor = '[0.73205081 0.73205081 0.73205081] (rgb)'
8.9958 	EXP 	polygon: fillColor = '[-2. -2. -2.] (rgb)'
8.9958 	EXP 	polygon_2: fillColor = '[-2.73205081 -2.73205081 -2.73205081] (rgb)'
9.0125 	EXP 	polygon: fillColor = '[-1. -1. -1.] (rgb)'
9.0125 	EXP 	polygon_2: fillColor = '[-1. -1. -1.] (rgb)'
9.0293 	EXP 	polygon: fillColor = '[8.8817842e-16 8.8817842e-16 8.8817842e-16] (rgb)'
9.0293 	EXP 	polygon_2: fillColor = '[0.73205081 0.73205081 0.73205081] (rgb)'
9.0463 	EXP 	polygon: fillColor = '[0.73205081 0.73205081 0.73205081] (rgb)'
9.0463 	EXP 	polygon_2: fillColor = '[-2.73205081 -2.73205081 -2.73205081] (rgb)'
9.0625 	EXP 	polygon: fillColor = '[1. 1. 1.] (rgb)'
9.0625 	EXP 	polygon_2: fillColor = '[-1. -1. -1.] (rgb)'
9.0793 	EXP 	polygon: fillColor = '[0.73205081 0.73205081 0.73205081] (rgb)'
9.0793 	EXP 	polygon_2: fillColor = '[0.73205081 0.73205081 0.73205081] (rgb)'
9.0958 	EXP 	polygon: fillColor = '[3.33066907e-15 3.33066907e-15 3.33066907e-15] (rgb)'
9.0958 	EXP 	polygon_2: fillColor = '[-2.73205081 -2.73205081 -2.73205081] (rgb)'
9.1124 	EXP 	polygon: fillColor = '[-1. -1. -1.] (rgb)'
9.1124 	EXP 	polygon_2: fillColor = '[-1. -1. -1.] (rgb)'
9.1290 	EXP 	polygon: fillColor = '[-2. -2. -2.] (rgb)'
9.1290 	EXP 	polygon_2: fillColor = '[0.73205081 0.73205081 0.73205081] (rgb)'
9.1463 	EXP 	polygon: fillColor = '[-2.73205081 -2.73205081 -2.73205081] (rgb)'
9.1463 	EXP 	polygon_2: fillColor = '[-2.73205081 -2.73205081 -2.73205081] (rgb)'
9.1625 	EXP 	polygon: fillColor = '[-3. -3. -3.] (rgb)'
9.1625 	EXP 	polygon_2: fillColor = '[-1. -1. -1.] (rgb)'
9.1792 	EXP 	polygon: fillColor = '[-2.73205081 -2.73205081 -2.73205081] (rgb)'
9.1792 	EXP 	polygon_2: fillColor = '[0.73205081 0.73205081 0.73205081] (rgb)'
9.1960 	EXP 	polygon: fillColor = '[-2. -2. -2.] (rgb)'
9.1960 	EXP 	polygon_2: fillColor = '[-2.73205081 -2.73205081 -2.73205081] (rgb)'
9.2122 	EXP 	polygon: fillColor = '[-1. -1. -1.] (rgb)'
9.2122 	EXP 	polygon_2: fillColor = '[-1. -1. -1.] (rgb)'
9.2290 	EXP 	polygon: fillColor = '[-1.18793864e-14 -1.18793864e-14 -1.18793864e-14] (rgb)'
9.2290 	EXP 	polygon_2: fillColor = '[0.73205081 0.73205081 0.73205081] (rgb)'
9.2456 	EXP 	polygon: fillColor = '[0.73205081 0.73205081 0.73205081] (rgb)'
9.2456 	EXP 	polygon_2: fillColor = '[-2.73205081 -2.73205081 -2.73205081] (rgb)'
9.2623 	EXP 	polygon: fillColor = '[1. 1. 1.] (rgb)'
9.2623 	EXP 	polygon_2: fillColor = '[-1. -1. -1.] (rgb)'
9.2790 	EXP 	polygon: fillColor = '[0.73205081 0.73205081 0.73205081] (rgb)'
9.2790 	EXP 	polygon_2: fillColor = '[0.73205081 0.73205081 0.73205081] (rgb)'
9.2959 	EXP 	polygon: fillColor = '[1.62092562e-14 1.62092562e-14 1.62092562e-14] (rgb)'
9.2959 	EXP 	polygon_2: fillColor = '[-2.73205081 -2.73205081 -2.73205081] (rgb)'
9.3124 	EXP 	polygon: fillColor = '[-1. -1. -1.] (rgb)'
9.3124 	EXP 	polygon_2: fillColor = '[-1. -1. -1.] (rgb)'
9.3291 	EXP 	polygon: fillColor = '[-2. -2. -2.] (rgb)'
9.3291 	EXP 	polygon_2: fillColor = '[0.73205081 0.73205081 0.73205081] (rgb)'
9.3457 	EXP 	polygon: fillColor = '[-2.73205081 -2.73205081 -2.73205081] (rgb)'
9.3457 	EXP 	polygon_2: fillColor = '[-2.73205081 -2.73205081 -2.73205081] (rgb)'
9.3637 	EXP 	polygon: fillColor = '[-3. -3. -3.] (rgb)'
9.3637 	EXP 	polygon_2: fillColor = '[-1. -1. -1.] (rgb)'
9.3789 	EXP 	polygon: fillColor = '[-2.73205081 -2.73205081 -2.73205081] (rgb)'
9.3789 	EXP 	polygon_2: fillColor = '[0.73205081 0.73205081 0.73205081] (rgb)'
9.3957 	EXP 	polygon: fillColor = '[-2. -2. -2.] (rgb)'
9.3957 	EXP 	polygon_2: fillColor = '[-2.73205081 -2.73205081 -2.73205081] (rgb)'
9.4131 	EXP 	polygon: fillColor = '[-1. -1. -1.] (rgb)'
9.4131 	EXP 	polygon_2: fillColor = '[-1. -1. -1.] (rgb)'
9.4290 	EXP 	polygon: fillColor = '[0. 0. 0.] (rgb)'
9.4290 	EXP 	polygon_2: fillColor = '[0.73205081 0.73205081 0.73205081] (rgb)'
9.4455 	EXP 	polygon: fillColor = '[0.73205081 0.73205081 0.73205081] (rgb)'
9.4455 	EXP 	polygon_2: fillColor = '[-2.73205081 -2.73205081 -2.73205081] (rgb)'
9.4623 	EXP 	polygon: fillColor = '[1. 1. 1.] (rgb)'
9.4623 	EXP 	polygon_2: fillColor = '[-1. -1. -1.] (rgb)'
9.4790 	EXP 	polygon: fillColor = '[0.73205081 0.73205081 0.73205081] (rgb)'
9.4790 	EXP 	polygon_2: fillColor = '[0.73205081 0.73205081 0.73205081] (rgb)'
9.4955 	EXP 	polygon: fillColor = '[4.21884749e-15 4.21884749e-15 4.21884749e-15] (rgb)'
9.4955 	EXP 	polygon_2: fillColor = '[-2.73205081 -2.73205081 -2.73205081] (rgb)'
9.5121 	EXP 	polygon: fillColor = '[-1. -1. -1.] (rgb)'
9.5121 	EXP 	polygon_2: fillColor = '[-1. -1. -1.] (rgb)'
9.5287 	EXP 	polygon: fillColor = '[-2. -2. -2.] (rgb)'
9.5287 	EXP 	polygon_2: fillColor = '[0.73205081 0.73205081 0.73205081] (rgb)'
9.5456 	EXP 	polygon: fillColor = '[-2.73205081 -2.73205081 -2.73205081] (rgb)'
9.5456 	EXP 	polygon_2: fillColor = '[-2.73205081 -2.73205081 -2.73205081] (rgb)'
9.5623 	EXP 	polygon: fillColor = '[-3. -3. -3.] (rgb)'
9.5623 	EXP 	polygon_2: fillColor = '[-1. -1. -1.] (rgb)'
9.5789 	EXP 	polygon: fillColor = '[-2.73205081 -2.73205081 -2.73205081] (rgb)'
9.5789 	EXP 	polygon_2: fillColor = '[0.73205081 0.73205081 0.73205081] (rgb)'
9.5955 	EXP 	polygon: fillColor = '[-2. -2. -2.] (rgb)'
9.5955 	EXP 	polygon_2: fillColor = '[-2.73205081 -2.73205081 -2.73205081] (rgb)'
9.6129 	EXP 	polygon: fillColor = '[-1. -1. -1.] (rgb)'
9.6129 	EXP 	polygon_2: fillColor = '[-1. -1. -1.] (rgb)'
9.6288 	EXP 	polygon: fillColor = '[1.19904087e-14 1.19904087e-14 1.19904087e-14] (rgb)'
9.6288 	EXP 	polygon_2: fillColor = '[0.73205081 0.73205081 0.73205081] (rgb)'
9.6455 	EXP 	polygon: fillColor = '[0.73205081 0.73205081 0.73205081] (rgb)'
9.6455 	EXP 	polygon_2: fillColor = '[-2.73205081 -2.73205081 -2.73205081] (rgb)'
9.6621 	EXP 	polygon: fillColor = '[1. 1. 1.] (rgb)'
9.6621 	EXP 	polygon_2: fillColor = '[-1. -1. -1.] (rgb)'
9.6787 	EXP 	polygon: fillColor = '[0.73205081 0.73205081 0.73205081] (rgb)'
9.6787 	EXP 	polygon_2: fillColor = '[0.73205081 0.73205081 0.73205081] (rgb)'
9.6962 	EXP 	polygon: fillColor = '[1.687539e-14 1.687539e-14 1.687539e-14] (rgb)'
9.6962 	EXP 	polygon_2: fillColor = '[-2.73205081 -2.73205081 -2.73205081] (rgb)'
9.7120 	EXP 	polygon: fillColor = '[-1. -1. -1.] (rgb)'
9.7120 	EXP 	polygon_2: fillColor = '[-1. -1. -1.] (rgb)'
9.7292 	EXP 	polygon: fillColor = '[-2. -2. -2.] (rgb)'
9.7292 	EXP 	polygon_2: fillColor = '[0.73205081 0.73205081 0.73205081] (rgb)'
9.7459 	EXP 	polygon: fillColor = '[-2.73205081 -2.73205081 -2.73205081] (rgb)'
9.7459 	EXP 	polygon_2: fillColor = '[-2.73205081 -2.73205081 -2.73205081] (rgb)'
9.7619 	EXP 	polygon: fillColor = '[-3. -3. -3.] (rgb)'
9.7619 	EXP 	polygon_2: fillColor = '[-1. -1. -1.] (rgb)'
9.7790 	EXP 	polygon: fillColor = '[-2.73205081 -2.73205081 -2.73205081] (rgb)'
9.7790 	EXP 	polygon_2: fillColor = '[0.73205081 0.73205081 0.73205081] (rgb)'
9.7952 	EXP 	polygon: fillColor = '[-2. -2. -2.] (rgb)'
9.7952 	EXP 	polygon_2: fillColor = '[-2.73205081 -2.73205081 -2.73205081] (rgb)'
9.8119 	EXP 	polygon: fillColor = '[-1. -1. -1.] (rgb)'
9.8119 	EXP 	polygon_2: fillColor = '[-1. -1. -1.] (rgb)'
9.8287 	EXP 	polygon: fillColor = '[-8.8817842e-16 -8.8817842e-16 -8.8817842e-16] (rgb)'
9.8287 	EXP 	polygon_2: fillColor = '[0.73205081 0.73205081 0.73205081] (rgb)'
9.8454 	EXP 	polygon: fillColor = '[0.73205081 0.73205081 0.73205081] (rgb)'
9.8454 	EXP 	polygon_2: fillColor = '[-2.73205081 -2.73205081 -2.73205081] (rgb)'
9.8621 	EXP 	polygon: fillColor = '[1. 1. 1.] (rgb)'
9.8621 	EXP 	polygon_2: fillColor = '[-1. -1. -1.] (rgb)'
9.8787 	EXP 	polygon: fillColor = '[0.73205081 0.73205081 0.73205081] (rgb)'
9.8787 	EXP 	polygon_2: fillColor = '[0.73205081 0.73205081 0.73205081] (rgb)'
9.8956 	EXP 	polygon: fillColor = '[5.10702591e-15 5.10702591e-15 5.10702591e-15] (rgb)'
9.8956 	EXP 	polygon_2: fillColor = '[-2.73205081 -2.73205081 -2.73205081] (rgb)'
9.9118 	EXP 	polygon: fillColor = '[-1. -1. -1.] (rgb)'
9.9118 	EXP 	polygon_2: fillColor = '[-1. -1. -1.] (rgb)'
9.9285 	EXP 	polygon: fillColor = '[-2. -2. -2.] (rgb)'
9.9285 	EXP 	polygon_2: fillColor = '[0.73205081 0.73205081 0.73205081] (rgb)'
9.9462 	EXP 	polygon: fillColor = '[-2.73205081 -2.73205081 -2.73205081] (rgb)'
9.9462 	EXP 	polygon_2: fillColor = '[-2.73205081 -2.73205081 -2.73205081] (rgb)'
9.9619 	EXP 	polygon: fillColor = '[-3. -3. -3.] (rgb)'
9.9619 	EXP 	polygon_2: fillColor = '[-1. -1. -1.] (rgb)'
9.9787 	EXP 	polygon: fillColor = '[-2.73205081 -2.73205081 -2.73205081] (rgb)'
9.9787 	EXP 	polygon_2: fillColor = '[0.73205081 0.73205081 0.73205081] (rgb)'
9.9951 	EXP 	polygon: fillColor = '[-2. -2. -2.] (rgb)'
9.9951 	EXP 	polygon_2: fillColor = '[-2.73205081 -2.73205081 -2.73205081] (rgb)'
10.0119 	EXP 	polygon: autoDraw = False
10.0119 	EXP 	polygon_2: autoDraw = False
10.0341 	EXP 	window1: mouseVisible = True
